#
# A fatal error has been detected by the Java Runtime Environment:
#
#  EXCEPTION_ACCESS_VIOLATION (0xc0000005) at pc=0x00007ffa9dc2ecfd, pid=244, tid=10024
#
# JRE version: OpenJDK Runtime Environment (11.0.2+9) (build 11.0.2+9)
# Java VM: OpenJDK 64-Bit Server VM (11.0.2+9, mixed mode, tiered, compressed oops, g1 gc, windows-amd64)
# Problematic frame:
# C  [lwjgl_opengl.dll+0xecfd]
#
# No core dump will be written. Minidumps are not enabled by default on client versions of Windows
#
# If you would like to submit a bug report, please visit:
#   http://bugreport.java.com/bugreport/crash.jsp
# The crash happened outside the Java Virtual Machine in native code.
# See problematic frame for where to report the bug.
#

---------------  S U M M A R Y ------------

Command Line: -Dfoo=bar playn.sample.hello.java.HelloGameJava

Host: Intel(R) Core(TM) i5-4570 CPU @ 3.20GHz, 4 cores, 19G,  Windows 10 , 64 bit Build 19041 (10.0.19041.662)
Time: Fri Apr 30 22:56:45 2021 RTZ 2 (зима) elapsed time: 45 seconds (0d 0h 0m 45s)

---------------  T H R E A D  ---------------

Current thread (0x00000209b5e28000):  JavaThread "Finalizer" daemon [_thread_in_native, id=10024, stack(0x0000004284400000,0x0000004284500000)]

Stack: [0x0000004284400000,0x0000004284500000],  sp=0x00000042844ff2a8,  free space=1020k
Native frames: (J=compiled Java code, j=interpreted, Vv=VM code, C=native code)
C  [lwjgl_opengl.dll+0xecfd]

Java frames: (J=compiled Java code, j=interpreted, Vv=VM code)
J 1771  org.lwjgl.opengl.GL11.nglDeleteTextures(IJ)V (0 bytes) @ 0x000002099f684794 [0x000002099f684740+0x0000000000000054]
J 2484 c2 java.lang.ref.Finalizer.runFinalizer(Ljdk/internal/misc/JavaLangAccess;)V java.base@11.0.2 (117 bytes) @ 0x000002099f6d46f0 [0x000002099f6d4220+0x00000000000004d0]
J 2685% c2 java.lang.ref.Finalizer$FinalizerThread.run()V java.base@11.0.2 (56 bytes) @ 0x000002099f6fc6a0 [0x000002099f6fc5e0+0x00000000000000c0]
v  ~StubRoutines::call_stub

siginfo: EXCEPTION_ACCESS_VIOLATION (0xc0000005), reading address 0x00000000000009d8


Register to memory mapping:

RIP=0x00007ffa9dc2ecfd lwjgl_opengl.dll
RAX=0x00007ffa6efa1ca0 jvm.dll
RBX={method} {0x00000209b6bc7220} 'nglDeleteTextures' '(IJ)V' in 'org/lwjgl/opengl/GL11'
RCX=0x0000000000000001 is an unknown value
RDX=0x00000209b6928ad0 points into unknown readable memory: 08 00 00 00 02 00 00 00
RSP=0x00000042844ff2a8 is pointing into the stack for thread: 0x00000209b5e28000
RBP=0x00000042844ff310 is pointing into the stack for thread: 0x00000209b5e28000
RSI=0x000000080002fe38 is a pointer to class: 
java.lang.System$2 {0x000000080002fe40}
RDI=0x00000008000066d0 is a pointer to class: 
java.lang.ref.Finalizer {0x00000008000066d8}
R8 =0x0000000000000001 is an unknown value
R9 =0x00000209b6928ad0 points into unknown readable memory: 08 00 00 00 02 00 00 00
R10=0x0 is NULL
R11=3625755127 is a compressed pointer to object: playn.java.LWJGLGL20$1 
{0x00000006c0e50fb8} - klass: 'playn/java/LWJGLGL20$1'
R12=0x0 is NULL
R13=3661743701 is a compressed pointer to object: java.lang.ref.Finalizer 
{0x00000006d20e32a8} - klass: 'java/lang/ref/Finalizer'
R14=0x00000042844ff300 is pointing into the stack for thread: 0x00000209b5e28000
R15=0x00000209b5e28000 is a thread


Registers:
RAX=0x00007ffa6efa1ca0, RBX=0x00000209b6bc7218, RCX=0x0000000000000001, RDX=0x00000209b6928ad0
RSP=0x00000042844ff2a8, RBP=0x00000042844ff310, RSI=0x000000080002fe38, RDI=0x00000008000066d0
R8 =0x0000000000000001, R9 =0x00000209b6928ad0, R10=0x0000000000000000, R11=0x00000000d81ca1f7
R12=0x0000000000000000, R13=0x00000000da41c655, R14=0x00000042844ff300, R15=0x00000209b5e28000
RIP=0x00007ffa9dc2ecfd, EFLAGS=0x0000000000010246

Top of Stack: (sp=0x00000042844ff2a8)
0x00000042844ff2a8:   000002099f684834 0000000000000000
0x00000042844ff2b8:   00000209b6928ad0 00000008000066d0
0x00000042844ff2c8:   000000080002fe38 00000042844ff310
0x00000042844ff2d8:   00000042844ff300 00000209b6bc7218
0x00000042844ff2e8:   0000000000000001 00000000d81ca1fb
0x00000042844ff2f8:   000002099f684768 00000006c2012228
0x00000042844ff308:   0000000000000202 00000006d20e3280
0x00000042844ff318:   000002099f6d46f0 0000000000000001
0x00000042844ff328:   00000006c0e37b88 00000008000066d0
0x00000042844ff338:   000000080002fe38 00000006d20e3280
0x00000042844ff348:   00000006c16a1cd0 d81ca1f700000001
0x00000042844ff358:   00000006c0e50fa0 00000209a7ad01bd
0x00000042844ff368:   000002099f6d4240 0000000000000001
0x00000042844ff378:   0000000000000246 00000006c0e34dc8
0x00000042844ff388:   000002099f6fc6a0 00000209b56b2010
0x00000042844ff398:   0000020900000000 00000006c0e37b18 

Instructions: (pc=0x00007ffa9dc2ecfd)
0x00007ffa9dc2ecdd:   49 ff a2 00 0f 00 00 cc cc cc cc cc cc cc cc cc
0x00007ffa9dc2eced:   cc cc cc 48 8b 01 49 8b d1 41 8b c8 4c 8b 50 18
0x00007ffa9dc2ecfd:   49 ff a2 d8 09 00 00 cc cc cc cc cc cc cc cc cc
0x00007ffa9dc2ed0d:   cc cc cc 48 8b 01 49 8b d1 41 8b c8 4c 8b 50 18 


Stack slot to memory mapping:
stack at sp + 0 slots: 0x000002099f684834 is at entry_point+244 in (nmethod*)0x000002099f684590
stack at sp + 1 slots: 0x0 is NULL
stack at sp + 2 slots: 0x00000209b6928ad0 points into unknown readable memory: 08 00 00 00 02 00 00 00
stack at sp + 3 slots: 0x00000008000066d0 is a pointer to class: 
java.lang.ref.Finalizer {0x00000008000066d8}
stack at sp + 4 slots: 0x000000080002fe38 is a pointer to class: 
java.lang.System$2 {0x000000080002fe40}
stack at sp + 5 slots: 0x00000042844ff310 is pointing into the stack for thread: 0x00000209b5e28000
stack at sp + 6 slots: 0x00000042844ff300 is pointing into the stack for thread: 0x00000209b5e28000
stack at sp + 7 slots: {method} {0x00000209b6bc7220} 'nglDeleteTextures' '(IJ)V' in 'org/lwjgl/opengl/GL11'


---------------  P R O C E S S  ---------------

Threads class SMR info:
_java_thread_list=0x00000209b8145db0, length=30, elements={
0x000002098f780800, 0x00000209b5e1f000, 0x00000209b5e28000, 0x00000209b5e79800,
0x00000209b5e7b000, 0x00000209b5e80000, 0x00000209b5e8b000, 0x00000209b5e93000,
0x00000209b5fee000, 0x00000209b600f800, 0x00000209b8137800, 0x00000209b817c000,
0x00000209b8351800, 0x00000209b8352800, 0x00000209b8353800, 0x00000209b8289000,
0x00000209b828b000, 0x00000209b850e000, 0x00000209b84f4000, 0x00000209b83d6000,
0x00000209b88f1800, 0x00000209b88f5800, 0x00000209b88f6000, 0x00000209b88f0800,
0x00000209b88f2000, 0x00000209b88f7000, 0x00000209b88f4800, 0x00000209b88f3000,
0x00000209b88f3800, 0x00000209b67eb000
}

Java Threads: ( => current thread )
  0x000002098f780800 JavaThread "main" [_thread_in_native, id=5868, stack(0x0000004283c00000,0x0000004283d00000)]
  0x00000209b5e1f000 JavaThread "Reference Handler" daemon [_thread_blocked, id=14004, stack(0x0000004284300000,0x0000004284400000)]
=>0x00000209b5e28000 JavaThread "Finalizer" daemon [_thread_in_native, id=10024, stack(0x0000004284400000,0x0000004284500000)]
  0x00000209b5e79800 JavaThread "Signal Dispatcher" daemon [_thread_blocked, id=12444, stack(0x0000004284500000,0x0000004284600000)]
  0x00000209b5e7b000 JavaThread "Attach Listener" daemon [_thread_blocked, id=13364, stack(0x0000004284600000,0x0000004284700000)]
  0x00000209b5e80000 JavaThread "C2 CompilerThread0" daemon [_thread_blocked, id=8832, stack(0x0000004284700000,0x0000004284800000)]
  0x00000209b5e8b000 JavaThread "C1 CompilerThread0" daemon [_thread_blocked, id=7872, stack(0x0000004284800000,0x0000004284900000)]
  0x00000209b5e93000 JavaThread "Sweeper thread" daemon [_thread_blocked, id=13336, stack(0x0000004284900000,0x0000004284a00000)]
  0x00000209b5fee000 JavaThread "Service Thread" daemon [_thread_blocked, id=12524, stack(0x0000004284a00000,0x0000004284b00000)]
  0x00000209b600f800 JavaThread "Common-Cleaner" daemon [_thread_blocked, id=12900, stack(0x0000004284c00000,0x0000004284d00000)]
  0x00000209b8137800 JavaThread "Java2D Disposer" daemon [_thread_blocked, id=12548, stack(0x0000004285600000,0x0000004285700000)]
  0x00000209b817c000 JavaThread "pool-1-thread-1" [_thread_blocked, id=8880, stack(0x0000004285700000,0x0000004285800000)]
  0x00000209b8351800 JavaThread "pool-1-thread-2" [_thread_blocked, id=5556, stack(0x0000004285800000,0x0000004285900000)]
  0x00000209b8352800 JavaThread "pool-1-thread-3" [_thread_blocked, id=12536, stack(0x0000004285900000,0x0000004285a00000)]
  0x00000209b8353800 JavaThread "pool-1-thread-4" [_thread_blocked, id=13196, stack(0x0000004285a00000,0x0000004285b00000)]
  0x00000209b8289000 JavaThread "Java Sound Event Dispatcher" daemon [_thread_blocked, id=13112, stack(0x0000004285e00000,0x0000004285f00000)]
  0x00000209b828b000 JavaThread "Direct Clip" daemon [_thread_blocked, id=14236, stack(0x0000004286100000,0x0000004286200000)]
  0x00000209b850e000 JavaThread "Direct Clip" daemon [_thread_blocked, id=6776, stack(0x0000004286200000,0x0000004286300000)]
  0x00000209b84f4000 JavaThread "Direct Clip" daemon [_thread_blocked, id=13460, stack(0x0000004286300000,0x0000004286400000)]
  0x00000209b83d6000 JavaThread "Direct Clip" daemon [_thread_blocked, id=5964, stack(0x0000004286400000,0x0000004286500000)]
  0x00000209b88f1800 JavaThread "Direct Clip" daemon [_thread_blocked, id=13780, stack(0x0000004286500000,0x0000004286600000)]
  0x00000209b88f5800 JavaThread "Direct Clip" daemon [_thread_blocked, id=976, stack(0x0000004286600000,0x0000004286700000)]
  0x00000209b88f6000 JavaThread "Direct Clip" daemon [_thread_blocked, id=7788, stack(0x0000004286700000,0x0000004286800000)]
  0x00000209b88f0800 JavaThread "Direct Clip" daemon [_thread_blocked, id=4608, stack(0x0000004286800000,0x0000004286900000)]
  0x00000209b88f2000 JavaThread "Direct Clip" daemon [_thread_blocked, id=13936, stack(0x0000004286900000,0x0000004286a00000)]
  0x00000209b88f7000 JavaThread "Direct Clip" daemon [_thread_blocked, id=13512, stack(0x0000004286a00000,0x0000004286b00000)]
  0x00000209b88f4800 JavaThread "Direct Clip" daemon [_thread_blocked, id=5192, stack(0x0000004286b00000,0x0000004286c00000)]
  0x00000209b88f3000 JavaThread "Direct Clip" daemon [_thread_blocked, id=14248, stack(0x0000004286c00000,0x0000004286d00000)]
  0x00000209b88f3800 JavaThread "Direct Clip" daemon [_thread_blocked, id=9840, stack(0x0000004286d00000,0x0000004286e00000)]
  0x00000209b67eb000 JavaThread "Thread-0" daemon [_thread_blocked, id=5716, stack(0x0000004285b00000,0x0000004285c00000)]

Other Threads:
  0x00000209b5dfc000 VMThread "VM Thread" [stack: 0x0000004284200000,0x0000004284300000] [id=1840]
  0x00000209b600d800 WatcherThread [stack: 0x0000004284b00000,0x0000004284c00000] [id=8992]
  0x000002098f799000 GCTaskThread "GC Thread#0" [stack: 0x0000004283d00000,0x0000004283e00000] [id=13228]
  0x00000209b80d8800 GCTaskThread "GC Thread#1" [stack: 0x0000004285300000,0x0000004285400000] [id=5704]
  0x00000209b80d9000 GCTaskThread "GC Thread#2" [stack: 0x0000004285400000,0x0000004285500000] [id=13540]
  0x00000209b80da000 GCTaskThread "GC Thread#3" [stack: 0x0000004285500000,0x0000004285600000] [id=10288]
  0x000002098f80b000 ConcurrentGCThread "G1 Main Marker" [stack: 0x0000004283e00000,0x0000004283f00000] [id=12120]
  0x000002098f80d800 ConcurrentGCThread "G1 Conc#0" [stack: 0x0000004283f00000,0x0000004284000000] [id=1476]
  0x00000209b5458800 ConcurrentGCThread "G1 Refine#0" [stack: 0x0000004284000000,0x0000004284100000] [id=7508]
  0x00000209b5459000 ConcurrentGCThread "G1 Young RemSet Sampling" [stack: 0x0000004284100000,0x0000004284200000] [id=14128]

Threads with active compile tasks:

VM state:not at safepoint (normal execution)

VM Mutex/Monitor currently owned by a thread: None

Heap address: 0x00000006c0e00000, size: 5106 MB, Compressed Oops mode: Zero based, Oop shift amount: 3
Narrow klass base: 0x0000000800000000, Narrow klass shift: 0
Compressed class space size: 1073741824 Address: 0x0000000800000000

Heap:
 garbage-first heap   total 327680K, used 85644K [0x00000006c0e00000, 0x0000000800000000)
  region size 1024K, 7 young (7168K), 6 survivors (6144K)
 Metaspace       used 19916K, capacity 20239K, committed 20352K, reserved 1067008K
  class space    used 1723K, capacity 1835K, committed 1920K, reserved 1048576K
Heap Regions: E=young(eden), S=young(survivor), O=old, HS=humongous(starts), HC=humongous(continues), CS=collection set, F=free, A=archive, TAMS=top-at-mark-start (previous, next)
|   0|0x00000006c0e00000, 0x00000006c0f00000, 0x00000006c0f00000|100%| O|  |TAMS 0x00000006c0e36400, 0x00000006c0e00000| Untracked 
|   1|0x00000006c0f00000, 0x00000006c1000000, 0x00000006c1000000|100%|HS|  |TAMS 0x00000006c1000000, 0x00000006c0f00000| Complete 
|   2|0x00000006c1000000, 0x00000006c1100000, 0x00000006c1100000|100%|HC|  |TAMS 0x00000006c1100000, 0x00000006c1000000| Complete 
|   3|0x00000006c1100000, 0x00000006c1200000, 0x00000006c1200000|100%|HS|  |TAMS 0x00000006c1200000, 0x00000006c1100000| Complete 
|   4|0x00000006c1200000, 0x00000006c1300000, 0x00000006c1300000|100%|HC|  |TAMS 0x00000006c1300000, 0x00000006c1200000| Complete 
|   5|0x00000006c1300000, 0x00000006c1400000, 0x00000006c1400000|100%| O|  |TAMS 0x00000006c1300000, 0x00000006c1300000| Untracked 
|   6|0x00000006c1400000, 0x00000006c1500000, 0x00000006c1500000|100%|HS|  |TAMS 0x00000006c1500000, 0x00000006c1400000| Complete 
|   7|0x00000006c1500000, 0x00000006c1600000, 0x00000006c1600000|100%| O|  |TAMS 0x00000006c1500000, 0x00000006c1500000| Untracked 
|   8|0x00000006c1600000, 0x00000006c1700000, 0x00000006c1700000|100%| O|  |TAMS 0x00000006c1600000, 0x00000006c1600000| Untracked 
|   9|0x00000006c1700000, 0x00000006c1800000, 0x00000006c1800000|100%| O|  |TAMS 0x00000006c1700000, 0x00000006c1700000| Untracked 
|  10|0x00000006c1800000, 0x00000006c1900000, 0x00000006c1900000|100%| O|  |TAMS 0x00000006c1800000, 0x00000006c1800000| Untracked 
|  11|0x00000006c1900000, 0x00000006c1a00000, 0x00000006c1a00000|100%| O|  |TAMS 0x00000006c1900000, 0x00000006c1900000| Untracked 
|  12|0x00000006c1a00000, 0x00000006c1b00000, 0x00000006c1b00000|100%| O|  |TAMS 0x00000006c1a00000, 0x00000006c1a00000| Untracked 
|  13|0x00000006c1b00000, 0x00000006c1c00000, 0x00000006c1c00000|100%| O|  |TAMS 0x00000006c1b00000, 0x00000006c1b00000| Untracked 
|  14|0x00000006c1c00000, 0x00000006c1d00000, 0x00000006c1d00000|100%| O|  |TAMS 0x00000006c1c00000, 0x00000006c1c00000| Untracked 
|  15|0x00000006c1d00000, 0x00000006c1e00000, 0x00000006c1e00000|100%| O|  |TAMS 0x00000006c1d00000, 0x00000006c1d00000| Untracked 
|  16|0x00000006c1e00000, 0x00000006c1f00000, 0x00000006c1f00000|100%| O|  |TAMS 0x00000006c1e00000, 0x00000006c1e00000| Untracked 
|  17|0x00000006c1f00000, 0x00000006c2000000, 0x00000006c2000000|100%| O|  |TAMS 0x00000006c1f00000, 0x00000006c1f00000| Untracked 
|  18|0x00000006c2000000, 0x00000006c2100000, 0x00000006c2100000|100%| O|  |TAMS 0x00000006c2000000, 0x00000006c2000000| Untracked 
|  19|0x00000006c2100000, 0x00000006c2200000, 0x00000006c2200000|100%| O|  |TAMS 0x00000006c2100000, 0x00000006c2100000| Untracked 
|  20|0x00000006c2200000, 0x00000006c2300000, 0x00000006c2300000|100%| O|  |TAMS 0x00000006c2200000, 0x00000006c2200000| Untracked 
|  21|0x00000006c2300000, 0x00000006c2400000, 0x00000006c2400000|100%| O|  |TAMS 0x00000006c2300000, 0x00000006c2300000| Untracked 
|  22|0x00000006c2400000, 0x00000006c2500000, 0x00000006c2500000|100%| O|  |TAMS 0x00000006c2400000, 0x00000006c2400000| Untracked 
|  23|0x00000006c2500000, 0x00000006c2600000, 0x00000006c2600000|100%|HS|  |TAMS 0x00000006c2600000, 0x00000006c2500000| Complete 
|  24|0x00000006c2600000, 0x00000006c2700000, 0x00000006c2700000|100%| O|  |TAMS 0x00000006c2600000, 0x00000006c2600000| Untracked 
|  25|0x00000006c2700000, 0x00000006c2800000, 0x00000006c2800000|100%| O|  |TAMS 0x00000006c2700000, 0x00000006c2700000| Untracked 
|  26|0x00000006c2800000, 0x00000006c2900000, 0x00000006c2900000|100%| O|  |TAMS 0x00000006c2800000, 0x00000006c2800000| Untracked 
|  27|0x00000006c2900000, 0x00000006c2a00000, 0x00000006c2a00000|100%| O|  |TAMS 0x00000006c2900000, 0x00000006c2900000| Untracked 
|  28|0x00000006c2a00000, 0x00000006c2b00000, 0x00000006c2b00000|100%| O|  |TAMS 0x00000006c2a00000, 0x00000006c2a00000| Untracked 
|  29|0x00000006c2b00000, 0x00000006c2c00000, 0x00000006c2c00000|100%| O|  |TAMS 0x00000006c2b00000, 0x00000006c2b00000| Untracked 
|  30|0x00000006c2c00000, 0x00000006c2d00000, 0x00000006c2d00000|100%| O|  |TAMS 0x00000006c2c00000, 0x00000006c2c00000| Untracked 
|  31|0x00000006c2d00000, 0x00000006c2e00000, 0x00000006c2e00000|100%|HS|  |TAMS 0x00000006c2e00000, 0x00000006c2d00000| Complete 
|  32|0x00000006c2e00000, 0x00000006c2f00000, 0x00000006c2f00000|100%| O|  |TAMS 0x00000006c2e00000, 0x00000006c2e00000| Untracked 
|  33|0x00000006c2f00000, 0x00000006c3000000, 0x00000006c3000000|100%| O|  |TAMS 0x00000006c2f00000, 0x00000006c2f00000| Untracked 
|  34|0x00000006c3000000, 0x00000006c3100000, 0x00000006c3100000|100%| O|  |TAMS 0x00000006c3000000, 0x00000006c3000000| Untracked 
|  35|0x00000006c3100000, 0x00000006c3200000, 0x00000006c3200000|100%| O|  |TAMS 0x00000006c3100000, 0x00000006c3100000| Untracked 
|  36|0x00000006c3200000, 0x00000006c3300000, 0x00000006c3300000|100%| O|  |TAMS 0x00000006c3200000, 0x00000006c3200000| Untracked 
|  37|0x00000006c3300000, 0x00000006c3400000, 0x00000006c3400000|100%| O|  |TAMS 0x00000006c3300000, 0x00000006c3300000| Untracked 
|  38|0x00000006c3400000, 0x00000006c3500000, 0x00000006c3500000|100%| O|  |TAMS 0x00000006c3400000, 0x00000006c3400000| Untracked 
|  39|0x00000006c3500000, 0x00000006c3600000, 0x00000006c3600000|100%|HS|  |TAMS 0x00000006c3600000, 0x00000006c3500000| Complete 
|  40|0x00000006c3600000, 0x00000006c36a3200, 0x00000006c3700000| 63%| O|  |TAMS 0x00000006c3600000, 0x00000006c3600000| Untracked 
|  41|0x00000006c3700000, 0x00000006c3700000, 0x00000006c3800000|  0%| F|  |TAMS 0x00000006c3700000, 0x00000006c3700000| Untracked 
|  42|0x00000006c3800000, 0x00000006c3800000, 0x00000006c3900000|  0%| F|  |TAMS 0x00000006c3800000, 0x00000006c3800000| Untracked 
|  43|0x00000006c3900000, 0x00000006c3900000, 0x00000006c3a00000|  0%| F|  |TAMS 0x00000006c3900000, 0x00000006c3900000| Untracked 
|  44|0x00000006c3a00000, 0x00000006c3a00000, 0x00000006c3b00000|  0%| F|  |TAMS 0x00000006c3a00000, 0x00000006c3a00000| Untracked 
|  45|0x00000006c3b00000, 0x00000006c3b00000, 0x00000006c3c00000|  0%| F|  |TAMS 0x00000006c3b00000, 0x00000006c3b00000| Untracked 
|  46|0x00000006c3c00000, 0x00000006c3c00000, 0x00000006c3d00000|  0%| F|  |TAMS 0x00000006c3c00000, 0x00000006c3c00000| Untracked 
|  47|0x00000006c3d00000, 0x00000006c3d00000, 0x00000006c3e00000|  0%| F|  |TAMS 0x00000006c3d00000, 0x00000006c3d00000| Untracked 
|  48|0x00000006c3e00000, 0x00000006c3e00000, 0x00000006c3f00000|  0%| F|  |TAMS 0x00000006c3e00000, 0x00000006c3e00000| Untracked 
|  49|0x00000006c3f00000, 0x00000006c4000000, 0x00000006c4000000|100%|HS|  |TAMS 0x00000006c4000000, 0x00000006c3f00000| Complete 
|  50|0x00000006c4000000, 0x00000006c4000000, 0x00000006c4100000|  0%| F|  |TAMS 0x00000006c4000000, 0x00000006c4000000| Untracked 
|  51|0x00000006c4100000, 0x00000006c4100000, 0x00000006c4200000|  0%| F|  |TAMS 0x00000006c4100000, 0x00000006c4100000| Untracked 
|  52|0x00000006c4200000, 0x00000006c4200000, 0x00000006c4300000|  0%| F|  |TAMS 0x00000006c4200000, 0x00000006c4200000| Untracked 
|  53|0x00000006c4300000, 0x00000006c4300000, 0x00000006c4400000|  0%| F|  |TAMS 0x00000006c4300000, 0x00000006c4300000| Untracked 
|  54|0x00000006c4400000, 0x00000006c4400000, 0x00000006c4500000|  0%| F|  |TAMS 0x00000006c4400000, 0x00000006c4400000| Untracked 
|  55|0x00000006c4500000, 0x00000006c4600000, 0x00000006c4600000|100%|HS|  |TAMS 0x00000006c4600000, 0x00000006c4500000| Complete 
|  56|0x00000006c4600000, 0x00000006c4700000, 0x00000006c4700000|100%|HS|  |TAMS 0x00000006c4600000, 0x00000006c4600000| Complete 
|  57|0x00000006c4700000, 0x00000006c4800000, 0x00000006c4800000|100%|HC|  |TAMS 0x00000006c4700000, 0x00000006c4700000| Complete 
|  58|0x00000006c4800000, 0x00000006c4900000, 0x00000006c4900000|100%|HC|  |TAMS 0x00000006c4800000, 0x00000006c4800000| Complete 
|  59|0x00000006c4900000, 0x00000006c4a00000, 0x00000006c4a00000|100%|HC|  |TAMS 0x00000006c4900000, 0x00000006c4900000| Complete 
|  60|0x00000006c4a00000, 0x00000006c4b00000, 0x00000006c4b00000|100%|HC|  |TAMS 0x00000006c4a00000, 0x00000006c4a00000| Complete 
|  61|0x00000006c4b00000, 0x00000006c4c00000, 0x00000006c4c00000|100%|HC|  |TAMS 0x00000006c4b00000, 0x00000006c4b00000| Complete 
|  62|0x00000006c4c00000, 0x00000006c4d00000, 0x00000006c4d00000|100%|HC|  |TAMS 0x00000006c4c00000, 0x00000006c4c00000| Complete 
|  63|0x00000006c4d00000, 0x00000006c4e00000, 0x00000006c4e00000|100%|HC|  |TAMS 0x00000006c4d00000, 0x00000006c4d00000| Complete 
|  64|0x00000006c4e00000, 0x00000006c4f00000, 0x00000006c4f00000|100%|HC|  |TAMS 0x00000006c4e00000, 0x00000006c4e00000| Complete 
|  65|0x00000006c4f00000, 0x00000006c5000000, 0x00000006c5000000|100%|HC|  |TAMS 0x00000006c4f00000, 0x00000006c4f00000| Complete 
|  66|0x00000006c5000000, 0x00000006c5100000, 0x00000006c5100000|100%|HC|  |TAMS 0x00000006c5000000, 0x00000006c5000000| Complete 
|  67|0x00000006c5100000, 0x00000006c5200000, 0x00000006c5200000|100%|HC|  |TAMS 0x00000006c5100000, 0x00000006c5100000| Complete 
|  68|0x00000006c5200000, 0x00000006c5300000, 0x00000006c5300000|100%|HC|  |TAMS 0x00000006c5200000, 0x00000006c5200000| Complete 
|  69|0x00000006c5300000, 0x00000006c5400000, 0x00000006c5400000|100%|HC|  |TAMS 0x00000006c5300000, 0x00000006c5300000| Complete 
|  70|0x00000006c5400000, 0x00000006c5500000, 0x00000006c5500000|100%|HC|  |TAMS 0x00000006c5400000, 0x00000006c5400000| Complete 
|  71|0x00000006c5500000, 0x00000006c5600000, 0x00000006c5600000|100%|HC|  |TAMS 0x00000006c5500000, 0x00000006c5500000| Complete 
|  72|0x00000006c5600000, 0x00000006c5700000, 0x00000006c5700000|100%|HC|  |TAMS 0x00000006c5600000, 0x00000006c5600000| Complete 
|  73|0x00000006c5700000, 0x00000006c5800000, 0x00000006c5800000|100%|HC|  |TAMS 0x00000006c5700000, 0x00000006c5700000| Complete 
|  74|0x00000006c5800000, 0x00000006c5900000, 0x00000006c5900000|100%|HC|  |TAMS 0x00000006c5800000, 0x00000006c5800000| Complete 
|  75|0x00000006c5900000, 0x00000006c5a00000, 0x00000006c5a00000|100%|HC|  |TAMS 0x00000006c5900000, 0x00000006c5900000| Complete 
|  76|0x00000006c5a00000, 0x00000006c5b00000, 0x00000006c5b00000|100%|HC|  |TAMS 0x00000006c5a00000, 0x00000006c5a00000| Complete 
|  77|0x00000006c5b00000, 0x00000006c5c00000, 0x00000006c5c00000|100%|HC|  |TAMS 0x00000006c5b00000, 0x00000006c5b00000| Complete 
|  78|0x00000006c5c00000, 0x00000006c5d00000, 0x00000006c5d00000|100%|HC|  |TAMS 0x00000006c5c00000, 0x00000006c5c00000| Complete 
|  79|0x00000006c5d00000, 0x00000006c5e00000, 0x00000006c5e00000|100%|HC|  |TAMS 0x00000006c5d00000, 0x00000006c5d00000| Complete 
|  80|0x00000006c5e00000, 0x00000006c5f00000, 0x00000006c5f00000|100%|HC|  |TAMS 0x00000006c5e00000, 0x00000006c5e00000| Complete 
|  81|0x00000006c5f00000, 0x00000006c6000000, 0x00000006c6000000|100%|HC|  |TAMS 0x00000006c5f00000, 0x00000006c5f00000| Complete 
|  82|0x00000006c6000000, 0x00000006c6100000, 0x00000006c6100000|100%|HC|  |TAMS 0x00000006c6000000, 0x00000006c6000000| Complete 
|  83|0x00000006c6100000, 0x00000006c6200000, 0x00000006c6200000|100%|HC|  |TAMS 0x00000006c6100000, 0x00000006c6100000| Complete 
|  84|0x00000006c6200000, 0x00000006c6300000, 0x00000006c6300000|100%|HC|  |TAMS 0x00000006c6200000, 0x00000006c6200000| Complete 
|  85|0x00000006c6300000, 0x00000006c6400000, 0x00000006c6400000|100%|HC|  |TAMS 0x00000006c6300000, 0x00000006c6300000| Complete 
|  86|0x00000006c6400000, 0x00000006c6500000, 0x00000006c6500000|100%|HC|  |TAMS 0x00000006c6400000, 0x00000006c6400000| Complete 
|  87|0x00000006c6500000, 0x00000006c6600000, 0x00000006c6600000|100%|HC|  |TAMS 0x00000006c6500000, 0x00000006c6500000| Complete 
|  88|0x00000006c6600000, 0x00000006c6700000, 0x00000006c6700000|100%|HC|  |TAMS 0x00000006c6600000, 0x00000006c6600000| Complete 
|  89|0x00000006c6700000, 0x00000006c6800000, 0x00000006c6800000|100%|HC|  |TAMS 0x00000006c6700000, 0x00000006c6700000| Complete 
|  90|0x00000006c6800000, 0x00000006c6900000, 0x00000006c6900000|100%|HC|  |TAMS 0x00000006c6800000, 0x00000006c6800000| Complete 
|  91|0x00000006c6900000, 0x00000006c6900000, 0x00000006c6a00000|  0%| F|  |TAMS 0x00000006c6900000, 0x00000006c6900000| Untracked 
|  92|0x00000006c6a00000, 0x00000006c6a00000, 0x00000006c6b00000|  0%| F|  |TAMS 0x00000006c6a00000, 0x00000006c6a00000| Untracked 
|  93|0x00000006c6b00000, 0x00000006c6b00000, 0x00000006c6c00000|  0%| F|  |TAMS 0x00000006c6b00000, 0x00000006c6b00000| Untracked 
|  94|0x00000006c6c00000, 0x00000006c6c00000, 0x00000006c6d00000|  0%| F|  |TAMS 0x00000006c6c00000, 0x00000006c6c00000| Untracked 
|  95|0x00000006c6d00000, 0x00000006c6d00000, 0x00000006c6e00000|  0%| F|  |TAMS 0x00000006c6d00000, 0x00000006c6d00000| Untracked 
|  96|0x00000006c6e00000, 0x00000006c6e00000, 0x00000006c6f00000|  0%| F|  |TAMS 0x00000006c6e00000, 0x00000006c6e00000| Untracked 
|  97|0x00000006c6f00000, 0x00000006c6f00000, 0x00000006c7000000|  0%| F|  |TAMS 0x00000006c6f00000, 0x00000006c6f00000| Untracked 
|  98|0x00000006c7000000, 0x00000006c7000000, 0x00000006c7100000|  0%| F|  |TAMS 0x00000006c7000000, 0x00000006c7000000| Untracked 
|  99|0x00000006c7100000, 0x00000006c7100000, 0x00000006c7200000|  0%| F|  |TAMS 0x00000006c7100000, 0x00000006c7100000| Untracked 
| 100|0x00000006c7200000, 0x00000006c7200000, 0x00000006c7300000|  0%| F|  |TAMS 0x00000006c7200000, 0x00000006c7200000| Untracked 
| 101|0x00000006c7300000, 0x00000006c7300000, 0x00000006c7400000|  0%| F|  |TAMS 0x00000006c7300000, 0x00000006c7300000| Untracked 
| 102|0x00000006c7400000, 0x00000006c7400000, 0x00000006c7500000|  0%| F|  |TAMS 0x00000006c7400000, 0x00000006c7400000| Untracked 
| 103|0x00000006c7500000, 0x00000006c7500000, 0x00000006c7600000|  0%| F|  |TAMS 0x00000006c7500000, 0x00000006c7500000| Untracked 
| 104|0x00000006c7600000, 0x00000006c7600000, 0x00000006c7700000|  0%| F|  |TAMS 0x00000006c7600000, 0x00000006c7600000| Untracked 
| 105|0x00000006c7700000, 0x00000006c7700000, 0x00000006c7800000|  0%| F|  |TAMS 0x00000006c7700000, 0x00000006c7700000| Untracked 
| 106|0x00000006c7800000, 0x00000006c7800000, 0x00000006c7900000|  0%| F|  |TAMS 0x00000006c7800000, 0x00000006c7800000| Untracked 
| 107|0x00000006c7900000, 0x00000006c7900000, 0x00000006c7a00000|  0%| F|  |TAMS 0x00000006c7900000, 0x00000006c7900000| Untracked 
| 108|0x00000006c7a00000, 0x00000006c7a00000, 0x00000006c7b00000|  0%| F|  |TAMS 0x00000006c7a00000, 0x00000006c7a00000| Untracked 
| 109|0x00000006c7b00000, 0x00000006c7b00000, 0x00000006c7c00000|  0%| F|  |TAMS 0x00000006c7b00000, 0x00000006c7b00000| Untracked 
| 110|0x00000006c7c00000, 0x00000006c7c00000, 0x00000006c7d00000|  0%| F|  |TAMS 0x00000006c7c00000, 0x00000006c7c00000| Untracked 
| 111|0x00000006c7d00000, 0x00000006c7d00000, 0x00000006c7e00000|  0%| F|  |TAMS 0x00000006c7d00000, 0x00000006c7d00000| Untracked 
| 112|0x00000006c7e00000, 0x00000006c7e00000, 0x00000006c7f00000|  0%| F|  |TAMS 0x00000006c7e00000, 0x00000006c7e00000| Untracked 
| 113|0x00000006c7f00000, 0x00000006c7f00000, 0x00000006c8000000|  0%| F|  |TAMS 0x00000006c7f00000, 0x00000006c7f00000| Untracked 
| 114|0x00000006c8000000, 0x00000006c8000000, 0x00000006c8100000|  0%| F|  |TAMS 0x00000006c8000000, 0x00000006c8000000| Untracked 
| 115|0x00000006c8100000, 0x00000006c8100000, 0x00000006c8200000|  0%| F|  |TAMS 0x00000006c8100000, 0x00000006c8100000| Untracked 
| 116|0x00000006c8200000, 0x00000006c8200000, 0x00000006c8300000|  0%| F|  |TAMS 0x00000006c8200000, 0x00000006c8200000| Untracked 
| 117|0x00000006c8300000, 0x00000006c8300000, 0x00000006c8400000|  0%| F|  |TAMS 0x00000006c8300000, 0x00000006c8300000| Untracked 
| 118|0x00000006c8400000, 0x00000006c8400000, 0x00000006c8500000|  0%| F|  |TAMS 0x00000006c8400000, 0x00000006c8400000| Untracked 
| 119|0x00000006c8500000, 0x00000006c8500000, 0x00000006c8600000|  0%| F|  |TAMS 0x00000006c8500000, 0x00000006c8500000| Untracked 
| 120|0x00000006c8600000, 0x00000006c8600000, 0x00000006c8700000|  0%| F|  |TAMS 0x00000006c8600000, 0x00000006c8600000| Untracked 
| 121|0x00000006c8700000, 0x00000006c8700000, 0x00000006c8800000|  0%| F|  |TAMS 0x00000006c8700000, 0x00000006c8700000| Untracked 
| 122|0x00000006c8800000, 0x00000006c8800000, 0x00000006c8900000|  0%| F|  |TAMS 0x00000006c8800000, 0x00000006c8800000| Untracked 
| 123|0x00000006c8900000, 0x00000006c8900000, 0x00000006c8a00000|  0%| F|  |TAMS 0x00000006c8900000, 0x00000006c8900000| Untracked 
| 124|0x00000006c8a00000, 0x00000006c8a00000, 0x00000006c8b00000|  0%| F|  |TAMS 0x00000006c8a00000, 0x00000006c8a00000| Untracked 
| 125|0x00000006c8b00000, 0x00000006c8b00000, 0x00000006c8c00000|  0%| F|  |TAMS 0x00000006c8b00000, 0x00000006c8b00000| Untracked 
| 126|0x00000006c8c00000, 0x00000006c8c00000, 0x00000006c8d00000|  0%| F|  |TAMS 0x00000006c8c00000, 0x00000006c8c00000| Untracked 
| 127|0x00000006c8d00000, 0x00000006c8d00000, 0x00000006c8e00000|  0%| F|  |TAMS 0x00000006c8d00000, 0x00000006c8d00000| Untracked 
| 128|0x00000006c8e00000, 0x00000006c8e00000, 0x00000006c8f00000|  0%| F|  |TAMS 0x00000006c8e00000, 0x00000006c8e00000| Untracked 
| 129|0x00000006c8f00000, 0x00000006c8f00000, 0x00000006c9000000|  0%| F|  |TAMS 0x00000006c8f00000, 0x00000006c8f00000| Untracked 
| 130|0x00000006c9000000, 0x00000006c9000000, 0x00000006c9100000|  0%| F|  |TAMS 0x00000006c9000000, 0x00000006c9000000| Untracked 
| 131|0x00000006c9100000, 0x00000006c9100000, 0x00000006c9200000|  0%| F|  |TAMS 0x00000006c9100000, 0x00000006c9100000| Untracked 
| 132|0x00000006c9200000, 0x00000006c9200000, 0x00000006c9300000|  0%| F|  |TAMS 0x00000006c9200000, 0x00000006c9200000| Untracked 
| 133|0x00000006c9300000, 0x00000006c9300000, 0x00000006c9400000|  0%| F|  |TAMS 0x00000006c9300000, 0x00000006c9300000| Untracked 
| 134|0x00000006c9400000, 0x00000006c9400000, 0x00000006c9500000|  0%| F|  |TAMS 0x00000006c9400000, 0x00000006c9400000| Untracked 
| 135|0x00000006c9500000, 0x00000006c9500000, 0x00000006c9600000|  0%| F|  |TAMS 0x00000006c9500000, 0x00000006c9500000| Untracked 
| 136|0x00000006c9600000, 0x00000006c9600000, 0x00000006c9700000|  0%| F|  |TAMS 0x00000006c9600000, 0x00000006c9600000| Untracked 
| 137|0x00000006c9700000, 0x00000006c9700000, 0x00000006c9800000|  0%| F|  |TAMS 0x00000006c9700000, 0x00000006c9700000| Untracked 
| 138|0x00000006c9800000, 0x00000006c9800000, 0x00000006c9900000|  0%| F|  |TAMS 0x00000006c9800000, 0x00000006c9800000| Untracked 
| 139|0x00000006c9900000, 0x00000006c9900000, 0x00000006c9a00000|  0%| F|  |TAMS 0x00000006c9900000, 0x00000006c9900000| Untracked 
| 140|0x00000006c9a00000, 0x00000006c9a00000, 0x00000006c9b00000|  0%| F|  |TAMS 0x00000006c9a00000, 0x00000006c9a00000| Untracked 
| 141|0x00000006c9b00000, 0x00000006c9b00000, 0x00000006c9c00000|  0%| F|  |TAMS 0x00000006c9b00000, 0x00000006c9b00000| Untracked 
| 142|0x00000006c9c00000, 0x00000006c9c00000, 0x00000006c9d00000|  0%| F|  |TAMS 0x00000006c9c00000, 0x00000006c9c00000| Untracked 
| 143|0x00000006c9d00000, 0x00000006c9d00000, 0x00000006c9e00000|  0%| F|  |TAMS 0x00000006c9d00000, 0x00000006c9d00000| Untracked 
| 144|0x00000006c9e00000, 0x00000006c9e00000, 0x00000006c9f00000|  0%| F|  |TAMS 0x00000006c9e00000, 0x00000006c9e00000| Untracked 
| 145|0x00000006c9f00000, 0x00000006c9f00000, 0x00000006ca000000|  0%| F|  |TAMS 0x00000006c9f00000, 0x00000006c9f00000| Untracked 
| 146|0x00000006ca000000, 0x00000006ca000000, 0x00000006ca100000|  0%| F|  |TAMS 0x00000006ca000000, 0x00000006ca000000| Untracked 
| 147|0x00000006ca100000, 0x00000006ca100000, 0x00000006ca200000|  0%| F|  |TAMS 0x00000006ca100000, 0x00000006ca100000| Untracked 
| 148|0x00000006ca200000, 0x00000006ca200000, 0x00000006ca300000|  0%| F|  |TAMS 0x00000006ca200000, 0x00000006ca200000| Untracked 
| 149|0x00000006ca300000, 0x00000006ca300000, 0x00000006ca400000|  0%| F|  |TAMS 0x00000006ca300000, 0x00000006ca300000| Untracked 
| 150|0x00000006ca400000, 0x00000006ca400000, 0x00000006ca500000|  0%| F|  |TAMS 0x00000006ca400000, 0x00000006ca400000| Untracked 
| 151|0x00000006ca500000, 0x00000006ca500000, 0x00000006ca600000|  0%| F|  |TAMS 0x00000006ca500000, 0x00000006ca500000| Untracked 
| 152|0x00000006ca600000, 0x00000006ca600000, 0x00000006ca700000|  0%| F|  |TAMS 0x00000006ca600000, 0x00000006ca600000| Untracked 
| 153|0x00000006ca700000, 0x00000006ca700000, 0x00000006ca800000|  0%| F|  |TAMS 0x00000006ca700000, 0x00000006ca700000| Untracked 
| 154|0x00000006ca800000, 0x00000006ca800000, 0x00000006ca900000|  0%| F|  |TAMS 0x00000006ca800000, 0x00000006ca800000| Untracked 
| 155|0x00000006ca900000, 0x00000006ca900000, 0x00000006caa00000|  0%| F|  |TAMS 0x00000006ca900000, 0x00000006ca900000| Untracked 
| 156|0x00000006caa00000, 0x00000006caa00000, 0x00000006cab00000|  0%| F|  |TAMS 0x00000006caa00000, 0x00000006caa00000| Untracked 
| 157|0x00000006cab00000, 0x00000006cab00000, 0x00000006cac00000|  0%| F|  |TAMS 0x00000006cab00000, 0x00000006cab00000| Untracked 
| 158|0x00000006cac00000, 0x00000006cac00000, 0x00000006cad00000|  0%| F|  |TAMS 0x00000006cac00000, 0x00000006cac00000| Untracked 
| 159|0x00000006cad00000, 0x00000006cad00000, 0x00000006cae00000|  0%| F|  |TAMS 0x00000006cad00000, 0x00000006cad00000| Untracked 
| 160|0x00000006cae00000, 0x00000006cae00000, 0x00000006caf00000|  0%| F|  |TAMS 0x00000006cae00000, 0x00000006cae00000| Untracked 
| 161|0x00000006caf00000, 0x00000006caf00000, 0x00000006cb000000|  0%| F|  |TAMS 0x00000006caf00000, 0x00000006caf00000| Untracked 
| 162|0x00000006cb000000, 0x00000006cb000000, 0x00000006cb100000|  0%| F|  |TAMS 0x00000006cb000000, 0x00000006cb000000| Untracked 
| 163|0x00000006cb100000, 0x00000006cb100000, 0x00000006cb200000|  0%| F|  |TAMS 0x00000006cb100000, 0x00000006cb100000| Untracked 
| 164|0x00000006cb200000, 0x00000006cb200000, 0x00000006cb300000|  0%| F|  |TAMS 0x00000006cb200000, 0x00000006cb200000| Untracked 
| 165|0x00000006cb300000, 0x00000006cb300000, 0x00000006cb400000|  0%| F|  |TAMS 0x00000006cb300000, 0x00000006cb300000| Untracked 
| 166|0x00000006cb400000, 0x00000006cb400000, 0x00000006cb500000|  0%| F|  |TAMS 0x00000006cb400000, 0x00000006cb400000| Untracked 
| 167|0x00000006cb500000, 0x00000006cb500000, 0x00000006cb600000|  0%| F|  |TAMS 0x00000006cb500000, 0x00000006cb500000| Untracked 
| 168|0x00000006cb600000, 0x00000006cb600000, 0x00000006cb700000|  0%| F|  |TAMS 0x00000006cb600000, 0x00000006cb600000| Untracked 
| 169|0x00000006cb700000, 0x00000006cb700000, 0x00000006cb800000|  0%| F|  |TAMS 0x00000006cb700000, 0x00000006cb700000| Untracked 
| 170|0x00000006cb800000, 0x00000006cb800000, 0x00000006cb900000|  0%| F|  |TAMS 0x00000006cb800000, 0x00000006cb800000| Untracked 
| 171|0x00000006cb900000, 0x00000006cb900000, 0x00000006cba00000|  0%| F|  |TAMS 0x00000006cb900000, 0x00000006cb900000| Untracked 
| 172|0x00000006cba00000, 0x00000006cba00000, 0x00000006cbb00000|  0%| F|  |TAMS 0x00000006cba00000, 0x00000006cba00000| Untracked 
| 173|0x00000006cbb00000, 0x00000006cbb00000, 0x00000006cbc00000|  0%| F|  |TAMS 0x00000006cbb00000, 0x00000006cbb00000| Untracked 
| 174|0x00000006cbc00000, 0x00000006cbc00000, 0x00000006cbd00000|  0%| F|  |TAMS 0x00000006cbc00000, 0x00000006cbc00000| Untracked 
| 175|0x00000006cbd00000, 0x00000006cbd00000, 0x00000006cbe00000|  0%| F|  |TAMS 0x00000006cbd00000, 0x00000006cbd00000| Untracked 
| 176|0x00000006cbe00000, 0x00000006cbe00000, 0x00000006cbf00000|  0%| F|  |TAMS 0x00000006cbe00000, 0x00000006cbe00000| Untracked 
| 177|0x00000006cbf00000, 0x00000006cbf00000, 0x00000006cc000000|  0%| F|  |TAMS 0x00000006cbf00000, 0x00000006cbf00000| Untracked 
| 178|0x00000006cc000000, 0x00000006cc000000, 0x00000006cc100000|  0%| F|  |TAMS 0x00000006cc000000, 0x00000006cc000000| Untracked 
| 179|0x00000006cc100000, 0x00000006cc100000, 0x00000006cc200000|  0%| F|  |TAMS 0x00000006cc100000, 0x00000006cc100000| Untracked 
| 180|0x00000006cc200000, 0x00000006cc200000, 0x00000006cc300000|  0%| F|  |TAMS 0x00000006cc200000, 0x00000006cc200000| Untracked 
| 181|0x00000006cc300000, 0x00000006cc300000, 0x00000006cc400000|  0%| F|  |TAMS 0x00000006cc300000, 0x00000006cc300000| Untracked 
| 182|0x00000006cc400000, 0x00000006cc400000, 0x00000006cc500000|  0%| F|  |TAMS 0x00000006cc400000, 0x00000006cc400000| Untracked 
| 183|0x00000006cc500000, 0x00000006cc500000, 0x00000006cc600000|  0%| F|  |TAMS 0x00000006cc500000, 0x00000006cc500000| Untracked 
| 184|0x00000006cc600000, 0x00000006cc600000, 0x00000006cc700000|  0%| F|  |TAMS 0x00000006cc600000, 0x00000006cc600000| Untracked 
| 185|0x00000006cc700000, 0x00000006cc700000, 0x00000006cc800000|  0%| F|  |TAMS 0x00000006cc700000, 0x00000006cc700000| Untracked 
| 186|0x00000006cc800000, 0x00000006cc800000, 0x00000006cc900000|  0%| F|  |TAMS 0x00000006cc800000, 0x00000006cc800000| Untracked 
| 187|0x00000006cc900000, 0x00000006cc900000, 0x00000006cca00000|  0%| F|  |TAMS 0x00000006cc900000, 0x00000006cc900000| Untracked 
| 188|0x00000006cca00000, 0x00000006cca00000, 0x00000006ccb00000|  0%| F|  |TAMS 0x00000006cca00000, 0x00000006cca00000| Untracked 
| 189|0x00000006ccb00000, 0x00000006ccb00000, 0x00000006ccc00000|  0%| F|  |TAMS 0x00000006ccb00000, 0x00000006ccb00000| Untracked 
| 190|0x00000006ccc00000, 0x00000006ccc00000, 0x00000006ccd00000|  0%| F|  |TAMS 0x00000006ccc00000, 0x00000006ccc00000| Untracked 
| 191|0x00000006ccd00000, 0x00000006ccd00000, 0x00000006cce00000|  0%| F|  |TAMS 0x00000006ccd00000, 0x00000006ccd00000| Untracked 
| 192|0x00000006cce00000, 0x00000006cce00000, 0x00000006ccf00000|  0%| F|  |TAMS 0x00000006cce00000, 0x00000006cce00000| Untracked 
| 193|0x00000006ccf00000, 0x00000006ccf00000, 0x00000006cd000000|  0%| F|  |TAMS 0x00000006ccf00000, 0x00000006ccf00000| Untracked 
| 194|0x00000006cd000000, 0x00000006cd000000, 0x00000006cd100000|  0%| F|  |TAMS 0x00000006cd000000, 0x00000006cd000000| Untracked 
| 195|0x00000006cd100000, 0x00000006cd100000, 0x00000006cd200000|  0%| F|  |TAMS 0x00000006cd100000, 0x00000006cd100000| Untracked 
| 196|0x00000006cd200000, 0x00000006cd200000, 0x00000006cd300000|  0%| F|  |TAMS 0x00000006cd200000, 0x00000006cd200000| Untracked 
| 197|0x00000006cd300000, 0x00000006cd300000, 0x00000006cd400000|  0%| F|  |TAMS 0x00000006cd300000, 0x00000006cd300000| Untracked 
| 198|0x00000006cd400000, 0x00000006cd400000, 0x00000006cd500000|  0%| F|  |TAMS 0x00000006cd400000, 0x00000006cd400000| Untracked 
| 199|0x00000006cd500000, 0x00000006cd500000, 0x00000006cd600000|  0%| F|  |TAMS 0x00000006cd500000, 0x00000006cd500000| Untracked 
| 200|0x00000006cd600000, 0x00000006cd600000, 0x00000006cd700000|  0%| F|  |TAMS 0x00000006cd600000, 0x00000006cd600000| Untracked 
| 201|0x00000006cd700000, 0x00000006cd700000, 0x00000006cd800000|  0%| F|  |TAMS 0x00000006cd700000, 0x00000006cd700000| Untracked 
| 202|0x00000006cd800000, 0x00000006cd800000, 0x00000006cd900000|  0%| F|  |TAMS 0x00000006cd800000, 0x00000006cd800000| Untracked 
| 203|0x00000006cd900000, 0x00000006cd900000, 0x00000006cda00000|  0%| F|  |TAMS 0x00000006cd900000, 0x00000006cd900000| Untracked 
| 204|0x00000006cda00000, 0x00000006cda00000, 0x00000006cdb00000|  0%| F|  |TAMS 0x00000006cda00000, 0x00000006cda00000| Untracked 
| 205|0x00000006cdb00000, 0x00000006cdb00000, 0x00000006cdc00000|  0%| F|  |TAMS 0x00000006cdb00000, 0x00000006cdb00000| Untracked 
| 206|0x00000006cdc00000, 0x00000006cdc00000, 0x00000006cdd00000|  0%| F|  |TAMS 0x00000006cdc00000, 0x00000006cdc00000| Untracked 
| 207|0x00000006cdd00000, 0x00000006cdd00000, 0x00000006cde00000|  0%| F|  |TAMS 0x00000006cdd00000, 0x00000006cdd00000| Untracked 
| 208|0x00000006cde00000, 0x00000006cde00000, 0x00000006cdf00000|  0%| F|  |TAMS 0x00000006cde00000, 0x00000006cde00000| Untracked 
| 209|0x00000006cdf00000, 0x00000006cdf00000, 0x00000006ce000000|  0%| F|  |TAMS 0x00000006cdf00000, 0x00000006cdf00000| Untracked 
| 210|0x00000006ce000000, 0x00000006ce000000, 0x00000006ce100000|  0%| F|  |TAMS 0x00000006ce000000, 0x00000006ce000000| Untracked 
| 211|0x00000006ce100000, 0x00000006ce100000, 0x00000006ce200000|  0%| F|  |TAMS 0x00000006ce100000, 0x00000006ce100000| Untracked 
| 212|0x00000006ce200000, 0x00000006ce200000, 0x00000006ce300000|  0%| F|  |TAMS 0x00000006ce200000, 0x00000006ce200000| Untracked 
| 213|0x00000006ce300000, 0x00000006ce300000, 0x00000006ce400000|  0%| F|  |TAMS 0x00000006ce300000, 0x00000006ce300000| Untracked 
| 214|0x00000006ce400000, 0x00000006ce400000, 0x00000006ce500000|  0%| F|  |TAMS 0x00000006ce400000, 0x00000006ce400000| Untracked 
| 215|0x00000006ce500000, 0x00000006ce500000, 0x00000006ce600000|  0%| F|  |TAMS 0x00000006ce500000, 0x00000006ce500000| Untracked 
| 216|0x00000006ce600000, 0x00000006ce600000, 0x00000006ce700000|  0%| F|  |TAMS 0x00000006ce600000, 0x00000006ce600000| Untracked 
| 217|0x00000006ce700000, 0x00000006ce700000, 0x00000006ce800000|  0%| F|  |TAMS 0x00000006ce700000, 0x00000006ce700000| Untracked 
| 218|0x00000006ce800000, 0x00000006ce800000, 0x00000006ce900000|  0%| F|  |TAMS 0x00000006ce800000, 0x00000006ce800000| Untracked 
| 219|0x00000006ce900000, 0x00000006ce900000, 0x00000006cea00000|  0%| F|  |TAMS 0x00000006ce900000, 0x00000006ce900000| Untracked 
| 220|0x00000006cea00000, 0x00000006cea00000, 0x00000006ceb00000|  0%| F|  |TAMS 0x00000006cea00000, 0x00000006cea00000| Untracked 
| 221|0x00000006ceb00000, 0x00000006ceb00000, 0x00000006cec00000|  0%| F|  |TAMS 0x00000006ceb00000, 0x00000006ceb00000| Untracked 
| 222|0x00000006cec00000, 0x00000006cec00000, 0x00000006ced00000|  0%| F|  |TAMS 0x00000006cec00000, 0x00000006cec00000| Untracked 
| 223|0x00000006ced00000, 0x00000006ced00000, 0x00000006cee00000|  0%| F|  |TAMS 0x00000006ced00000, 0x00000006ced00000| Untracked 
| 224|0x00000006cee00000, 0x00000006cee00000, 0x00000006cef00000|  0%| F|  |TAMS 0x00000006cee00000, 0x00000006cee00000| Untracked 
| 225|0x00000006cef00000, 0x00000006cef00000, 0x00000006cf000000|  0%| F|  |TAMS 0x00000006cef00000, 0x00000006cef00000| Untracked 
| 226|0x00000006cf000000, 0x00000006cf000000, 0x00000006cf100000|  0%| F|  |TAMS 0x00000006cf000000, 0x00000006cf000000| Untracked 
| 227|0x00000006cf100000, 0x00000006cf100000, 0x00000006cf200000|  0%| F|  |TAMS 0x00000006cf100000, 0x00000006cf100000| Untracked 
| 228|0x00000006cf200000, 0x00000006cf200000, 0x00000006cf300000|  0%| F|  |TAMS 0x00000006cf200000, 0x00000006cf200000| Untracked 
| 229|0x00000006cf300000, 0x00000006cf300000, 0x00000006cf400000|  0%| F|  |TAMS 0x00000006cf300000, 0x00000006cf300000| Untracked 
| 230|0x00000006cf400000, 0x00000006cf400000, 0x00000006cf500000|  0%| F|  |TAMS 0x00000006cf400000, 0x00000006cf400000| Untracked 
| 231|0x00000006cf500000, 0x00000006cf500000, 0x00000006cf600000|  0%| F|  |TAMS 0x00000006cf500000, 0x00000006cf500000| Untracked 
| 232|0x00000006cf600000, 0x00000006cf600000, 0x00000006cf700000|  0%| F|  |TAMS 0x00000006cf600000, 0x00000006cf600000| Untracked 
| 233|0x00000006cf700000, 0x00000006cf700000, 0x00000006cf800000|  0%| F|  |TAMS 0x00000006cf700000, 0x00000006cf700000| Untracked 
| 234|0x00000006cf800000, 0x00000006cf800000, 0x00000006cf900000|  0%| F|  |TAMS 0x00000006cf800000, 0x00000006cf800000| Untracked 
| 235|0x00000006cf900000, 0x00000006cf900000, 0x00000006cfa00000|  0%| F|  |TAMS 0x00000006cf900000, 0x00000006cf900000| Untracked 
| 236|0x00000006cfa00000, 0x00000006cfa00000, 0x00000006cfb00000|  0%| F|  |TAMS 0x00000006cfa00000, 0x00000006cfa00000| Untracked 
| 237|0x00000006cfb00000, 0x00000006cfb00000, 0x00000006cfc00000|  0%| F|  |TAMS 0x00000006cfb00000, 0x00000006cfb00000| Untracked 
| 238|0x00000006cfc00000, 0x00000006cfc00000, 0x00000006cfd00000|  0%| F|  |TAMS 0x00000006cfc00000, 0x00000006cfc00000| Untracked 
| 239|0x00000006cfd00000, 0x00000006cfd00000, 0x00000006cfe00000|  0%| F|  |TAMS 0x00000006cfd00000, 0x00000006cfd00000| Untracked 
| 240|0x00000006cfe00000, 0x00000006cfe00000, 0x00000006cff00000|  0%| F|  |TAMS 0x00000006cfe00000, 0x00000006cfe00000| Untracked 
| 241|0x00000006cff00000, 0x00000006cff00000, 0x00000006d0000000|  0%| F|  |TAMS 0x00000006cff00000, 0x00000006cff00000| Untracked 
| 242|0x00000006d0000000, 0x00000006d0000000, 0x00000006d0100000|  0%| F|  |TAMS 0x00000006d0000000, 0x00000006d0000000| Untracked 
| 243|0x00000006d0100000, 0x00000006d0100000, 0x00000006d0200000|  0%| F|  |TAMS 0x00000006d0100000, 0x00000006d0100000| Untracked 
| 244|0x00000006d0200000, 0x00000006d0200000, 0x00000006d0300000|  0%| F|  |TAMS 0x00000006d0200000, 0x00000006d0200000| Untracked 
| 245|0x00000006d0300000, 0x00000006d0300000, 0x00000006d0400000|  0%| F|  |TAMS 0x00000006d0300000, 0x00000006d0300000| Untracked 
| 246|0x00000006d0400000, 0x00000006d0400000, 0x00000006d0500000|  0%| F|  |TAMS 0x00000006d0400000, 0x00000006d0400000| Untracked 
| 247|0x00000006d0500000, 0x00000006d0500000, 0x00000006d0600000|  0%| F|  |TAMS 0x00000006d0500000, 0x00000006d0500000| Untracked 
| 248|0x00000006d0600000, 0x00000006d0600000, 0x00000006d0700000|  0%| F|  |TAMS 0x00000006d0600000, 0x00000006d0600000| Untracked 
| 249|0x00000006d0700000, 0x00000006d0700000, 0x00000006d0800000|  0%| F|  |TAMS 0x00000006d0700000, 0x00000006d0700000| Untracked 
| 250|0x00000006d0800000, 0x00000006d0800000, 0x00000006d0900000|  0%| F|  |TAMS 0x00000006d0800000, 0x00000006d0800000| Untracked 
| 251|0x00000006d0900000, 0x00000006d0900000, 0x00000006d0a00000|  0%| F|  |TAMS 0x00000006d0900000, 0x00000006d0900000| Untracked 
| 252|0x00000006d0a00000, 0x00000006d0a00000, 0x00000006d0b00000|  0%| F|  |TAMS 0x00000006d0a00000, 0x00000006d0a00000| Untracked 
| 253|0x00000006d0b00000, 0x00000006d0b00000, 0x00000006d0c00000|  0%| F|  |TAMS 0x00000006d0b00000, 0x00000006d0b00000| Untracked 
| 254|0x00000006d0c00000, 0x00000006d0c00000, 0x00000006d0d00000|  0%| F|  |TAMS 0x00000006d0c00000, 0x00000006d0c00000| Untracked 
| 255|0x00000006d0d00000, 0x00000006d0d00000, 0x00000006d0e00000|  0%| F|  |TAMS 0x00000006d0d00000, 0x00000006d0d00000| Untracked 
| 256|0x00000006d0e00000, 0x00000006d0e00000, 0x00000006d0f00000|  0%| F|  |TAMS 0x00000006d0e00000, 0x00000006d0e00000| Untracked 
| 257|0x00000006d0f00000, 0x00000006d0f00000, 0x00000006d1000000|  0%| F|  |TAMS 0x00000006d0f00000, 0x00000006d0f00000| Untracked 
| 258|0x00000006d1000000, 0x00000006d1000000, 0x00000006d1100000|  0%| F|  |TAMS 0x00000006d1000000, 0x00000006d1000000| Untracked 
| 259|0x00000006d1100000, 0x00000006d1100000, 0x00000006d1200000|  0%| F|  |TAMS 0x00000006d1100000, 0x00000006d1100000| Untracked 
| 260|0x00000006d1200000, 0x00000006d1200000, 0x00000006d1300000|  0%| F|  |TAMS 0x00000006d1200000, 0x00000006d1200000| Untracked 
| 261|0x00000006d1300000, 0x00000006d1300000, 0x00000006d1400000|  0%| F|  |TAMS 0x00000006d1300000, 0x00000006d1300000| Untracked 
| 262|0x00000006d1400000, 0x00000006d1400000, 0x00000006d1500000|  0%| F|  |TAMS 0x00000006d1400000, 0x00000006d1400000| Untracked 
| 263|0x00000006d1500000, 0x00000006d1500000, 0x00000006d1600000|  0%| F|  |TAMS 0x00000006d1500000, 0x00000006d1500000| Untracked 
| 264|0x00000006d1600000, 0x00000006d1600000, 0x00000006d1700000|  0%| F|  |TAMS 0x00000006d1600000, 0x00000006d1600000| Untracked 
| 265|0x00000006d1700000, 0x00000006d1700000, 0x00000006d1800000|  0%| F|  |TAMS 0x00000006d1700000, 0x00000006d1700000| Untracked 
| 266|0x00000006d1800000, 0x00000006d1800000, 0x00000006d1900000|  0%| F|  |TAMS 0x00000006d1800000, 0x00000006d1800000| Untracked 
| 267|0x00000006d1900000, 0x00000006d1900000, 0x00000006d1a00000|  0%| F|  |TAMS 0x00000006d1900000, 0x00000006d1900000| Untracked 
| 268|0x00000006d1a00000, 0x00000006d1a00000, 0x00000006d1b00000|  0%| F|  |TAMS 0x00000006d1a00000, 0x00000006d1a00000| Untracked 
| 269|0x00000006d1b00000, 0x00000006d1c00000, 0x00000006d1c00000|100%| S|CS|TAMS 0x00000006d1b00000, 0x00000006d1b00000| Complete 
| 270|0x00000006d1c00000, 0x00000006d1d00000, 0x00000006d1d00000|100%| S|CS|TAMS 0x00000006d1c00000, 0x00000006d1c00000| Complete 
| 271|0x00000006d1d00000, 0x00000006d1e00000, 0x00000006d1e00000|100%| S|CS|TAMS 0x00000006d1d00000, 0x00000006d1d00000| Complete 
| 272|0x00000006d1e00000, 0x00000006d1f00000, 0x00000006d1f00000|100%| S|CS|TAMS 0x00000006d1e00000, 0x00000006d1e00000| Complete 
| 273|0x00000006d1f00000, 0x00000006d2000000, 0x00000006d2000000|100%| S|CS|TAMS 0x00000006d1f00000, 0x00000006d1f00000| Complete 
| 274|0x00000006d2000000, 0x00000006d2100000, 0x00000006d2100000|100%| S|CS|TAMS 0x00000006d2000000, 0x00000006d2000000| Complete 
| 275|0x00000006d2100000, 0x00000006d2100000, 0x00000006d2200000|  0%| F|  |TAMS 0x00000006d2100000, 0x00000006d2100000| Untracked 
| 276|0x00000006d2200000, 0x00000006d2200000, 0x00000006d2300000|  0%| F|  |TAMS 0x00000006d2200000, 0x00000006d2200000| Untracked 
| 277|0x00000006d2300000, 0x00000006d2300000, 0x00000006d2400000|  0%| F|  |TAMS 0x00000006d2300000, 0x00000006d2300000| Untracked 
| 278|0x00000006d2400000, 0x00000006d2400000, 0x00000006d2500000|  0%| F|  |TAMS 0x00000006d2400000, 0x00000006d2400000| Untracked 
| 279|0x00000006d2500000, 0x00000006d2500000, 0x00000006d2600000|  0%| F|  |TAMS 0x00000006d2500000, 0x00000006d2500000| Untracked 
| 280|0x00000006d2600000, 0x00000006d2600000, 0x00000006d2700000|  0%| F|  |TAMS 0x00000006d2600000, 0x00000006d2600000| Untracked 
| 281|0x00000006d2700000, 0x00000006d2700000, 0x00000006d2800000|  0%| F|  |TAMS 0x00000006d2700000, 0x00000006d2700000| Untracked 
| 282|0x00000006d2800000, 0x00000006d2800000, 0x00000006d2900000|  0%| F|  |TAMS 0x00000006d2800000, 0x00000006d2800000| Untracked 
| 283|0x00000006d2900000, 0x00000006d2900000, 0x00000006d2a00000|  0%| F|  |TAMS 0x00000006d2900000, 0x00000006d2900000| Untracked 
| 284|0x00000006d2a00000, 0x00000006d2a00000, 0x00000006d2b00000|  0%| F|  |TAMS 0x00000006d2a00000, 0x00000006d2a00000| Untracked 
| 285|0x00000006d2b00000, 0x00000006d2b00000, 0x00000006d2c00000|  0%| F|  |TAMS 0x00000006d2b00000, 0x00000006d2b00000| Untracked 
| 286|0x00000006d2c00000, 0x00000006d2c00000, 0x00000006d2d00000|  0%| F|  |TAMS 0x00000006d2c00000, 0x00000006d2c00000| Untracked 
| 287|0x00000006d2d00000, 0x00000006d2d00000, 0x00000006d2e00000|  0%| F|  |TAMS 0x00000006d2d00000, 0x00000006d2d00000| Untracked 
| 288|0x00000006d2e00000, 0x00000006d2e00000, 0x00000006d2f00000|  0%| F|  |TAMS 0x00000006d2e00000, 0x00000006d2e00000| Untracked 
| 289|0x00000006d2f00000, 0x00000006d2f00000, 0x00000006d3000000|  0%| F|  |TAMS 0x00000006d2f00000, 0x00000006d2f00000| Untracked 
| 290|0x00000006d3000000, 0x00000006d3000000, 0x00000006d3100000|  0%| F|  |TAMS 0x00000006d3000000, 0x00000006d3000000| Untracked 
| 291|0x00000006d3100000, 0x00000006d3100000, 0x00000006d3200000|  0%| F|  |TAMS 0x00000006d3100000, 0x00000006d3100000| Untracked 
| 292|0x00000006d3200000, 0x00000006d3200000, 0x00000006d3300000|  0%| F|  |TAMS 0x00000006d3200000, 0x00000006d3200000| Untracked 
| 293|0x00000006d3300000, 0x00000006d3300000, 0x00000006d3400000|  0%| F|  |TAMS 0x00000006d3300000, 0x00000006d3300000| Untracked 
| 294|0x00000006d3400000, 0x00000006d3400000, 0x00000006d3500000|  0%| F|  |TAMS 0x00000006d3400000, 0x00000006d3400000| Untracked 
| 295|0x00000006d3500000, 0x00000006d3500000, 0x00000006d3600000|  0%| F|  |TAMS 0x00000006d3500000, 0x00000006d3500000| Untracked 
| 296|0x00000006d3600000, 0x00000006d3600000, 0x00000006d3700000|  0%| F|  |TAMS 0x00000006d3600000, 0x00000006d3600000| Untracked 
| 297|0x00000006d3700000, 0x00000006d3700000, 0x00000006d3800000|  0%| F|  |TAMS 0x00000006d3700000, 0x00000006d3700000| Untracked 
| 298|0x00000006d3800000, 0x00000006d3800000, 0x00000006d3900000|  0%| F|  |TAMS 0x00000006d3800000, 0x00000006d3800000| Untracked 
| 299|0x00000006d3900000, 0x00000006d3900000, 0x00000006d3a00000|  0%| F|  |TAMS 0x00000006d3900000, 0x00000006d3900000| Untracked 
| 300|0x00000006d3a00000, 0x00000006d3a00000, 0x00000006d3b00000|  0%| F|  |TAMS 0x00000006d3a00000, 0x00000006d3a00000| Untracked 
| 301|0x00000006d3b00000, 0x00000006d3b00000, 0x00000006d3c00000|  0%| F|  |TAMS 0x00000006d3b00000, 0x00000006d3b00000| Untracked 
| 302|0x00000006d3c00000, 0x00000006d3c00000, 0x00000006d3d00000|  0%| F|  |TAMS 0x00000006d3c00000, 0x00000006d3c00000| Untracked 
| 303|0x00000006d3d00000, 0x00000006d3d00000, 0x00000006d3e00000|  0%| F|  |TAMS 0x00000006d3d00000, 0x00000006d3d00000| Untracked 
| 304|0x00000006d3e00000, 0x00000006d3e00000, 0x00000006d3f00000|  0%| F|  |TAMS 0x00000006d3e00000, 0x00000006d3e00000| Untracked 
| 305|0x00000006d3f00000, 0x00000006d3f00000, 0x00000006d4000000|  0%| F|  |TAMS 0x00000006d3f00000, 0x00000006d3f00000| Untracked 
| 306|0x00000006d4000000, 0x00000006d4000000, 0x00000006d4100000|  0%| F|  |TAMS 0x00000006d4000000, 0x00000006d4000000| Untracked 
| 307|0x00000006d4100000, 0x00000006d4100000, 0x00000006d4200000|  0%| F|  |TAMS 0x00000006d4100000, 0x00000006d4100000| Untracked 
| 308|0x00000006d4200000, 0x00000006d4200000, 0x00000006d4300000|  0%| F|  |TAMS 0x00000006d4200000, 0x00000006d4200000| Untracked 
| 309|0x00000006d4300000, 0x00000006d4300000, 0x00000006d4400000|  0%| F|  |TAMS 0x00000006d4300000, 0x00000006d4300000| Untracked 
| 310|0x00000006d4400000, 0x00000006d4400000, 0x00000006d4500000|  0%| F|  |TAMS 0x00000006d4400000, 0x00000006d4400000| Untracked 
| 311|0x00000006d4500000, 0x00000006d4500000, 0x00000006d4600000|  0%| F|  |TAMS 0x00000006d4500000, 0x00000006d4500000| Untracked 
| 312|0x00000006d4600000, 0x00000006d4600000, 0x00000006d4700000|  0%| F|  |TAMS 0x00000006d4600000, 0x00000006d4600000| Untracked 
| 313|0x00000006d4700000, 0x00000006d4700000, 0x00000006d4800000|  0%| F|  |TAMS 0x00000006d4700000, 0x00000006d4700000| Untracked 
| 314|0x00000006d4800000, 0x00000006d4800000, 0x00000006d4900000|  0%| F|  |TAMS 0x00000006d4800000, 0x00000006d4800000| Untracked 
| 315|0x00000006d4900000, 0x00000006d4900000, 0x00000006d4a00000|  0%| F|  |TAMS 0x00000006d4900000, 0x00000006d4900000| Untracked 
| 316|0x00000006d4a00000, 0x00000006d4a00000, 0x00000006d4b00000|  0%| F|  |TAMS 0x00000006d4a00000, 0x00000006d4a00000| Untracked 
| 317|0x00000006d4b00000, 0x00000006d4b00000, 0x00000006d4c00000|  0%| F|  |TAMS 0x00000006d4b00000, 0x00000006d4b00000| Untracked 
| 318|0x00000006d4c00000, 0x00000006d4c00000, 0x00000006d4d00000|  0%| F|  |TAMS 0x00000006d4c00000, 0x00000006d4c00000| Untracked 
| 319|0x00000006d4d00000, 0x00000006d4d8ac58, 0x00000006d4e00000| 54%| E|  |TAMS 0x00000006d4d00000, 0x00000006d4d00000| Complete 

Card table byte_map: [0x00000209a7ad0000,0x00000209a84d0000] _byte_map_base: 0x00000209a44c9000

Marking Bits (Prev, Next): (CMBitMap*) 0x000002098f7f6480, (CMBitMap*) 0x000002098f7f6448
 Prev Bits: [0x00000209adea0000, 0x00000209b2e68000)
 Next Bits: [0x00000209a8ed0000, 0x00000209ade98000)

Polling page: 0x000002098f6f0000

Metaspace:

Usage:
  Non-class:     17.97 MB capacity,    17.77 MB ( 99%) used,   171.59 KB ( <1%) free+waste,    38.81 KB ( <1%) overhead. 
      Class:      1.79 MB capacity,     1.68 MB ( 94%) used,    95.27 KB (  5%) free+waste,    16.56 KB ( <1%) overhead. 
       Both:     19.76 MB capacity,    19.45 MB ( 98%) used,   266.85 KB (  1%) free+waste,    55.38 KB ( <1%) overhead. 

Virtual space:
  Non-class space:       18.00 MB reserved,      18.00 MB (100%) committed 
      Class space:        1.00 GB reserved,       1.88 MB ( <1%) committed 
             Both:        1.02 GB reserved,      19.88 MB (  2%) committed 

Chunk freelists:
   Non-Class:  3.50 KB
       Class:  2.63 KB
        Both:  6.13 KB

CodeHeap 'non-profiled nmethods': size=120064Kb used=1586Kb max_used=1586Kb free=118477Kb
 bounds [0x000002099f570000, 0x000002099f7e0000, 0x00000209a6ab0000]
CodeHeap 'profiled nmethods': size=120000Kb used=4987Kb max_used=4987Kb free=115012Kb
 bounds [0x0000020998040000, 0x0000020998530000, 0x000002099f570000]
CodeHeap 'non-nmethods': size=5696Kb used=1564Kb max_used=1590Kb free=4131Kb
 bounds [0x0000020997ab0000, 0x0000020997d20000, 0x0000020998040000]
 total_blobs=4603 nmethods=2571 adapters=1030
 compilation: enabled
              stopped_count=0, restarted_count=0
 full_count=0

Compilation events (10 events):
Event: 45.159 Thread 0x00000209b5e8b000 2680   !   3       java.lang.ref.Reference::processPendingReferences (132 bytes)
Event: 45.159 Thread 0x00000209b5e8b000 nmethod 2680 0x000002099851e510 code [0x000002099851e7c0, 0x000002099851f650]
Event: 45.165 Thread 0x00000209b5e80000 2682 % !   4       java.lang.ref.Reference::processPendingReferences @ 27 (132 bytes)
Event: 45.171 Thread 0x00000209b5e80000 nmethod 2682% 0x000002099f6fa390 code [0x000002099f6fa560, 0x000002099f6faf28]
Event: 45.172 Thread 0x00000209b5e80000 2683   !   4       java.lang.ref.Reference::processPendingReferences (132 bytes)
Event: 45.177 Thread 0x00000209b5e8b000 2684   !   3       java.lang.ref.Finalizer$FinalizerThread::run (56 bytes)
Event: 45.177 Thread 0x00000209b5e8b000 nmethod 2684 0x000002099851fa10 code [0x000002099851fc80, 0x0000020998520810]
Event: 45.181 Thread 0x00000209b5e80000 nmethod 2683 0x000002099f6fb210 code [0x000002099f6fb420, 0x000002099f6fc0a8]
Event: 45.181 Thread 0x00000209b5e80000 2685 % !   4       java.lang.ref.Finalizer$FinalizerThread::run @ 34 (56 bytes)
Event: 45.182 Thread 0x00000209b5e80000 nmethod 2685% 0x000002099f6fc410 code [0x000002099f6fc5e0, 0x000002099f6fc798]

GC Heap History (8 events):
Event: 2.907 GC heap before
{Heap before GC invocations=0 (full 0):
 garbage-first heap   total 327680K, used 15360K [0x00000006c0e00000, 0x0000000800000000)
  region size 1024K, 16 young (16384K), 0 survivors (0K)
 Metaspace       used 13472K, capacity 13694K, committed 14080K, reserved 1062912K
  class space    used 1086K, capacity 1164K, committed 1280K, reserved 1048576K
}
Event: 2.910 GC heap after
{Heap after GC invocations=1 (full 0):
 garbage-first heap   total 327680K, used 2265K [0x00000006c0e00000, 0x0000000800000000)
  region size 1024K, 2 young (2048K), 2 survivors (2048K)
 Metaspace       used 13472K, capacity 13694K, committed 14080K, reserved 1062912K
  class space    used 1086K, capacity 1164K, committed 1280K, reserved 1048576K
}
Event: 4.750 GC heap before
{Heap before GC invocations=1 (full 0):
 garbage-first heap   total 327680K, used 155865K [0x00000006c0e00000, 0x0000000800000000)
  region size 1024K, 41 young (41984K), 2 survivors (2048K)
 Metaspace       used 17850K, capacity 18172K, committed 18432K, reserved 1067008K
  class space    used 1566K, capacity 1682K, committed 1792K, reserved 1048576K
}
Event: 4.755 GC heap after
{Heap after GC invocations=2 (full 0):
 garbage-first heap   total 327680K, used 45357K [0x00000006c0e00000, 0x0000000800000000)
  region size 1024K, 12 young (12288K), 12 survivors (12288K)
 Metaspace       used 17850K, capacity 18172K, committed 18432K, reserved 1067008K
  class space    used 1566K, capacity 1682K, committed 1792K, reserved 1048576K
}
Event: 19.310 GC heap before
{Heap before GC invocations=3 (full 0):
 garbage-first heap   total 327680K, used 151853K [0x00000006c0e00000, 0x0000000800000000)
  region size 1024K, 40 young (40960K), 12 survivors (12288K)
 Metaspace       used 19679K, capacity 20047K, committed 20352K, reserved 1067008K
  class space    used 1722K, capacity 1835K, committed 1920K, reserved 1048576K
}
Event: 19.324 GC heap after
{Heap after GC invocations=4 (full 0):
 garbage-first heap   total 327680K, used 68435K [0x00000006c0e00000, 0x0000000800000000)
  region size 1024K, 5 young (5120K), 5 survivors (5120K)
 Metaspace       used 19679K, capacity 20047K, committed 20352K, reserved 1067008K
  class space    used 1722K, capacity 1835K, committed 1920K, reserved 1048576K
}
Event: 45.134 GC heap before
{Heap before GC invocations=4 (full 0):
 garbage-first heap   total 327680K, used 109395K [0x00000006c0e00000, 0x0000000800000000)
  region size 1024K, 45 young (46080K), 5 survivors (5120K)
 Metaspace       used 19916K, capacity 20239K, committed 20352K, reserved 1067008K
  class space    used 1723K, capacity 1835K, committed 1920K, reserved 1048576K
}
Event: 45.159 GC heap after
{Heap after GC invocations=5 (full 0):
 garbage-first heap   total 327680K, used 85644K [0x00000006c0e00000, 0x0000000800000000)
  region size 1024K, 6 young (6144K), 6 survivors (6144K)
 Metaspace       used 19916K, capacity 20239K, committed 20352K, reserved 1067008K
  class space    used 1723K, capacity 1835K, committed 1920K, reserved 1048576K
}

Deoptimization events (10 events):
Event: 4.246 Thread 0x00000209b8353800 Uncommon trap: reason=unstable_if action=reinterpret pc=0x000002099f63911c method=javazoom.jl.decoder.LayerIIIDecoder.decode()V @ 210 c2
Event: 4.246 Thread 0x00000209b8353800 Uncommon trap: reason=unstable_if action=reinterpret pc=0x000002099f6362ec method=javazoom.jl.decoder.LayerIIIDecoder.stereo(I)V @ 5 c2
Event: 4.270 Thread 0x00000209b8351800 Uncommon trap: reason=unstable_if action=reinterpret pc=0x000002099f63aaa0 method=javazoom.jl.decoder.Obuffer.clip(F)S @ 4 c2
Event: 4.555 Thread 0x00000209b8351800 Uncommon trap: reason=unstable_if action=reinterpret pc=0x000002099f63ee50 method=javazoom.jl.decoder.Obuffer.clip(F)S @ 4 c2
Event: 6.974 Thread 0x000002098f780800 Uncommon trap: reason=unstable_if action=reinterpret pc=0x000002099f5eed1c method=java.util.HashMap.putVal(ILjava/lang/Object;Ljava/lang/Object;ZZ)Ljava/lang/Object; @ 181 c2
Event: 6.991 Thread 0x000002098f780800 Uncommon trap: reason=unstable_if action=reinterpret pc=0x000002099f57beac method=java.lang.CharacterData.of(I)Ljava/lang/CharacterData; @ 4 c2
Event: 6.996 Thread 0x000002098f780800 Uncommon trap: reason=unstable_if action=reinterpret pc=0x000002099f5b1b08 method=java.util.HashMap.putVal(ILjava/lang/Object;Ljava/lang/Object;ZZ)Ljava/lang/Object; @ 181 c2
Event: 7.023 Thread 0x000002098f780800 Uncommon trap: reason=unstable_if action=reinterpret pc=0x000002099f68857c method=java.util.ArrayList.fastRemove([Ljava/lang/Object;I)V @ 19 c2
Event: 9.318 Thread 0x000002098f780800 Uncommon trap: reason=intrinsic_or_type_checked_inlining action=make_not_entrant pc=0x000002099f6b5488 method=java.util.ArrayList.toArray([Ljava/lang/Object;)[Ljava/lang/Object; @ 36 c2
Event: 45.177 Thread 0x00000209b5e1f000 Uncommon trap: reason=unstable_if action=reinterpret pc=0x000002099f6faeec method=java.lang.ref.Reference.processPendingReferences()V @ 28 c2

Classes redefined (0 events):
No events

Internal exceptions (10 events):
Event: 2.930 Thread 0x000002098f780800 Exception <a 'java/lang/NoSuchMethodError'{0x00000006d4c46ec8}: java.lang.invoke.DirectMethodHandle$Holder.invokeStatic(Ljava/lang/Object;Ljava/lang/Object;Ljava/lang/Object;Ljava/lang/Object;Ljava/lang/Object;Ljava/lang/Object;Ljava/lang/Object;Ljava/lan
Event: 2.931 Thread 0x000002098f780800 Exception <a 'java/lang/NoSuchMethodError'{0x00000006d4c54b30}: java.lang.invoke.DirectMethodHandle$Holder.invokeSpecial(Ljava/lang/Object;Ljava/lang/Object;IILjava/lang/Object;Ljava/lang/Object;Ljava/lang/Object;)Ljava/lang/Object;> (0x00000006d4c54b30) 
Event: 2.931 Thread 0x000002098f780800 Exception <a 'java/lang/NoSuchMethodError'{0x00000006d4c580b8}: java.lang.invoke.DelegatingMethodHandle$Holder.reinvoke_L(Ljava/lang/Object;IILjava/lang/Object;Ljava/lang/Object;Ljava/lang/Object;)Ljava/lang/Object;> (0x00000006d4c580b8) thrown at [t:/wor
Event: 2.931 Thread 0x000002098f780800 Exception <a 'java/lang/NoSuchMethodError'{0x00000006d4c5c340}: java.lang.invoke.DirectMethodHandle$Holder.invokeStatic(Ljava/lang/Object;Ljava/lang/Object;Ljava/lang/Object;Ljava/lang/Object;I)Ljava/lang/Object;> (0x00000006d4c5c340) thrown at [t:/worksp
Event: 2.937 Thread 0x000002098f780800 Exception <a 'java/io/FileNotFoundException'{0x00000006d4cbee78}> (0x00000006d4cbee78) thrown at [t:/workspace/open/src/hotspot/share/prims/jni.cpp, line 615]
Event: 6.985 Thread 0x000002098f780800 Exception <a 'java/lang/NoSuchMethodError'{0x00000006d489f7a8}: java.lang.invoke.DirectMethodHandle$Holder.invokeStatic(Ljava/lang/Object;Ljava/lang/Object;Ljava/lang/Object;Ljava/lang/Object;Ljava/lang/Object;Ljava/lang/Object;Ljava/lang/Object;Ljava/lan
Event: 6.986 Thread 0x000002098f780800 Exception <a 'java/lang/NoSuchMethodError'{0x00000006d48bd948}: java.lang.invoke.DirectMethodHandle$Holder.invokeStatic(Ljava/lang/Object;Ljava/lang/Object;Ljava/lang/Object;Ljava/lang/Object;Ljava/lang/Object;Ljava/lang/Object;Ljava/lang/Object;Ljava/lan
Event: 6.988 Thread 0x000002098f780800 Exception <a 'java/lang/NoSuchMethodError'{0x00000006d48dc978}: java.lang.invoke.DirectMethodHandle$Holder.invokeStatic(Ljava/lang/Object;Ljava/lang/Object;Ljava/lang/Object;Ljava/lang/Object;Ljava/lang/Object;Ljava/lang/Object;Ljava/lang/Object;Ljava/lan
Event: 6.989 Thread 0x000002098f780800 Exception <a 'java/lang/NoSuchMethodError'{0x00000006d48fd030}: java.lang.invoke.DirectMethodHandle$Holder.invokeStatic(Ljava/lang/Object;Ljava/lang/Object;Ljava/lang/Object;Ljava/lang/Object;Ljava/lang/Object;Ljava/lang/Object;Ljava/lang/Object;Ljava/lan
Event: 45.177 Thread 0x00000209b5e1f000 Implicit null exception at 0x000002099f6fa769 to 0x000002099f6faeda

Events (10 events):
Event: 28.875 Thread 0x000002098f780800 DEOPT UNPACKING pc=0x0000020997ad8fce sp=0x0000004283cfe3a8 mode 0
Event: 45.134 Executing VM operation: G1CollectForAllocation
Event: 45.159 Executing VM operation: G1CollectForAllocation done
Event: 45.172 Thread 0x00000209b5e1f000 DEOPT PACKING pc=0x00000209984b2436 sp=0x00000042843ff4e0
Event: 45.172 Thread 0x00000209b5e1f000 DEOPT UNPACKING pc=0x0000020997ad8fce sp=0x00000042843fe9b0 mode 0
Event: 45.177 Thread 0x00000209b5e1f000 Uncommon trap: trap_request=0xffffff4d fr.pc=0x000002099f6faeec relative=0x000000000000098c
Event: 45.177 Thread 0x00000209b5e1f000 DEOPT PACKING pc=0x000002099f6faeec sp=0x00000042843ff4f0
Event: 45.177 Thread 0x00000209b5e1f000 DEOPT UNPACKING pc=0x0000020997ad91af sp=0x00000042843ff4b8 mode 2
Event: 45.183 Thread 0x00000209b5e28000 DEOPT PACKING pc=0x00000209981de048 sp=0x00000042844ff350
Event: 45.183 Thread 0x00000209b5e28000 DEOPT UNPACKING pc=0x0000020997ad8fce sp=0x00000042844fe838 mode 0


Dynamic libraries:
0x00007ff68ae00000 - 0x00007ff68ae45000 	G:\jdk-11.0.2\bin\java.exe
0x00007ffac6b50000 - 0x00007ffac6d46000 	C:\Windows\SYSTEM32\ntdll.dll
0x00007ffac5380000 - 0x00007ffac543d000 	C:\Windows\System32\KERNEL32.DLL
0x00007ffac4510000 - 0x00007ffac47d9000 	C:\Windows\System32\KERNELBASE.dll
0x00007ffac64c0000 - 0x00007ffac6660000 	C:\Windows\System32\USER32.dll
0x00007ffac4340000 - 0x00007ffac4362000 	C:\Windows\System32\win32u.dll
0x00007ffac5690000 - 0x00007ffac56ba000 	C:\Windows\System32\GDI32.dll
0x00007ffac4aa0000 - 0x00007ffac4bab000 	C:\Windows\System32\gdi32full.dll
0x00007ffac4470000 - 0x00007ffac450d000 	C:\Windows\System32\msvcp_win.dll
0x00007ffac4370000 - 0x00007ffac4470000 	C:\Windows\System32\ucrtbase.dll
0x00007ffaad420000 - 0x00007ffaad6bb000 	C:\Windows\WinSxS\amd64_microsoft.windows.common-controls_6595b64144ccf1df_6.0.19041.746_none_ca02b4b61b8320a4\COMCTL32.dll
0x00007ffac6a70000 - 0x00007ffac6b0e000 	C:\Windows\System32\msvcrt.dll
0x00007ffac6430000 - 0x00007ffac6460000 	C:\Windows\System32\IMM32.DLL
0x00007ffab7540000 - 0x00007ffab7556000 	G:\jdk-11.0.2\bin\vcruntime140.dll
0x00007ffa98b10000 - 0x00007ffa98bba000 	G:\jdk-11.0.2\bin\msvcp140.dll
0x00007ffa6e5b0000 - 0x00007ffa6f0d3000 	G:\jdk-11.0.2\bin\server\jvm.dll
0x00007ffac4bb0000 - 0x00007ffac4c5c000 	C:\Windows\System32\ADVAPI32.dll
0x00007ffac6660000 - 0x00007ffac66fc000 	C:\Windows\System32\sechost.dll
0x00007ffac6790000 - 0x00007ffac68bb000 	C:\Windows\System32\RPCRT4.dll
0x00007ffac6780000 - 0x00007ffac6788000 	C:\Windows\System32\PSAPI.DLL
0x00007ffabfe10000 - 0x00007ffabfe19000 	C:\Windows\SYSTEM32\WSOCK32.dll
0x00007ffabccf0000 - 0x00007ffabccfa000 	C:\Windows\SYSTEM32\VERSION.dll
0x00007ffac57a0000 - 0x00007ffac580b000 	C:\Windows\System32\WS2_32.dll
0x00007ffaafeb0000 - 0x00007ffaafed7000 	C:\Windows\SYSTEM32\WINMM.dll
0x00007ffac2210000 - 0x00007ffac2222000 	C:\Windows\SYSTEM32\kernel.appcore.dll
0x00007ffab7520000 - 0x00007ffab7531000 	G:\jdk-11.0.2\bin\verify.dll
0x00007ffaa5a90000 - 0x00007ffaa5c74000 	C:\Windows\SYSTEM32\DBGHELP.DLL
0x00007ffabe2b0000 - 0x00007ffabe2dc000 	C:\Windows\SYSTEM32\dbgcore.DLL
0x00007ffac4830000 - 0x00007ffac48b0000 	C:\Windows\System32\bcryptPrimitives.dll
0x00007ffab74f0000 - 0x00007ffab7518000 	G:\jdk-11.0.2\bin\java.dll
0x00007ffab74d0000 - 0x00007ffab74e6000 	G:\jdk-11.0.2\bin\zip.dll
0x00007ffab7c40000 - 0x00007ffab7c4a000 	G:\jdk-11.0.2\bin\jimage.dll
0x00007ffac5ce0000 - 0x00007ffac6423000 	C:\Windows\System32\SHELL32.dll
0x00007ffac2410000 - 0x00007ffac2b9f000 	C:\Windows\SYSTEM32\windows.storage.dll
0x00007ffac4c60000 - 0x00007ffac4fb6000 	C:\Windows\System32\combase.dll
0x00007ffac3c20000 - 0x00007ffac3c4c000 	C:\Windows\SYSTEM32\Wldp.dll
0x00007ffac5230000 - 0x00007ffac52de000 	C:\Windows\System32\SHCORE.dll
0x00007ffac6460000 - 0x00007ffac64b5000 	C:\Windows\System32\shlwapi.dll
0x00007ffac41c0000 - 0x00007ffac41e6000 	C:\Windows\SYSTEM32\profapi.dll
0x00007ffab74b0000 - 0x00007ffab74c9000 	G:\jdk-11.0.2\bin\net.dll
0x00007ffab7980000 - 0x00007ffab7b6d000 	C:\Windows\SYSTEM32\urlmon.dll
0x00007ffabe810000 - 0x00007ffabe910000 	C:\Windows\SYSTEM32\WINHTTP.dll
0x00007ffab8b00000 - 0x00007ffab8db0000 	C:\Windows\SYSTEM32\iertutil.dll
0x00007ffac39a0000 - 0x00007ffac3a0a000 	C:\Windows\system32\mswsock.dll
0x00007ffab7420000 - 0x00007ffab7433000 	G:\jdk-11.0.2\bin\nio.dll
0x00007ffaaf4d0000 - 0x00007ffaaf4d9000 	G:\jdk-11.0.2\bin\prefs.dll
0x00007ffaa4bc0000 - 0x00007ffaa4c17000 	C:\Users\manta\AppData\Local\Temp\lwjglmanta\3.1.2-build-29\lwjgl.dll
0x00007ffaa9f00000 - 0x00007ffaa9f3d000 	C:\Users\manta\AppData\Local\Temp\lwjglmanta\3.1.2-build-29\glfw.dll
0x00007ffac1d30000 - 0x00007ffac1dce000 	C:\Windows\system32\uxtheme.dll
0x00007ffaa8200000 - 0x00007ffaa8245000 	C:\Windows\SYSTEM32\dinput8.dll
0x00007ffaa12d0000 - 0x00007ffaa12e1000 	C:\Windows\SYSTEM32\xinput1_4.dll
0x00007ffac47e0000 - 0x00007ffac482e000 	C:\Windows\System32\cfgmgr32.dll
0x00007ffac3f60000 - 0x00007ffac3f8c000 	C:\Windows\SYSTEM32\DEVOBJ.dll
0x00007ffac1f20000 - 0x00007ffac1f4f000 	C:\Windows\SYSTEM32\dwmapi.dll
0x00007ffabaae0000 - 0x00007ffabac32000 	C:\Windows\SYSTEM32\inputhost.dll
0x00007ffac50b0000 - 0x00007ffac517d000 	C:\Windows\System32\OLEAUT32.dll
0x00007ffac19b0000 - 0x00007ffac1aa2000 	C:\Windows\SYSTEM32\CoreMessaging.dll
0x00007ffabff10000 - 0x00007ffac0007000 	C:\Windows\SYSTEM32\PROPSYS.dll
0x00007ffac14c0000 - 0x00007ffac1614000 	C:\Windows\SYSTEM32\wintypes.dll
0x00007ffac1620000 - 0x00007ffac197e000 	C:\Windows\SYSTEM32\CoreUIComponents.dll
0x00007ffac2fd0000 - 0x00007ffac3003000 	C:\Windows\SYSTEM32\ntmarta.dll
0x00007ffac5570000 - 0x00007ffac5686000 	C:\Windows\System32\MSCTF.dll
0x00007ffac2ba0000 - 0x00007ffac2bad000 	C:\Windows\SYSTEM32\HID.DLL
0x00007ffac5810000 - 0x00007ffac5c77000 	C:\Windows\System32\SETUPAPI.DLL
0x00007ffac4910000 - 0x00007ffac4937000 	C:\Windows\System32\bcrypt.dll
0x00007ffac48b0000 - 0x00007ffac4910000 	C:\Windows\System32\WINTRUST.dll
0x00007ffac4940000 - 0x00007ffac4a96000 	C:\Windows\System32\CRYPT32.dll
0x00007ffac3da0000 - 0x00007ffac3db2000 	C:\Windows\SYSTEM32\MSASN1.dll
0x00007ffa989e0000 - 0x00007ffa98b05000 	C:\Windows\SYSTEM32\opengl32.dll
0x00007ffaaf4a0000 - 0x00007ffaaf4cc000 	C:\Windows\SYSTEM32\GLU32.dll
0x00007ffac5180000 - 0x00007ffac5229000 	C:\Windows\System32\clbcatq.dll
0x00007ffa6bbd0000 - 0x00007ffa6e5ac000 	C:\Windows\System32\DriverStore\FileRepository\nv_dispi.inf_amd64_3784df9edffd3314\nvoglv64.dll
0x00007ffac5440000 - 0x00007ffac556a000 	C:\Windows\System32\ole32.dll
0x00007ffabe9b0000 - 0x00007ffabe9c4000 	C:\Windows\SYSTEM32\WTSAPI32.dll
0x00007ffabd460000 - 0x00007ffabd491000 	C:\Windows\SYSTEM32\cryptnet.dll
0x00007ffac3b70000 - 0x00007ffac3b7c000 	C:\Windows\SYSTEM32\cryptbase.dll
0x00007ffab4c70000 - 0x00007ffab4cab000 	C:\Windows\SYSTEM32\dxcore.dll
0x00007ffa7d800000 - 0x00007ffa7dab9000 	C:\Windows\system32\nvspcap64.dll
0x00007ffac40f0000 - 0x00007ffac413b000 	C:\Windows\SYSTEM32\powrprof.dll
0x00007ffac40d0000 - 0x00007ffac40e2000 	C:\Windows\SYSTEM32\UMPDC.dll
0x00007ffac3fc0000 - 0x00007ffac401a000 	C:\Windows\SYSTEM32\WINSTA.dll
0x00007ffabaec0000 - 0x00007ffabafbb000 	C:\Windows\SYSTEM32\textinputframework.dll
0x00007ffa9dc20000 - 0x00007ffa9dc7c000 	C:\Users\manta\AppData\Local\Temp\lwjglmanta\3.1.2-build-29\lwjgl_opengl.dll
0x00007ffa98470000 - 0x00007ffa9860e000 	G:\jdk-11.0.2\bin\awt.dll
0x00007ffac0070000 - 0x00007ffac0630000 	C:\Windows\SYSTEM32\d2d1.dll
0x00007ffac1bc0000 - 0x00007ffac1c50000 	C:\Windows\SYSTEM32\apphelp.dll
0x00007ffaaf450000 - 0x00007ffaaf462000 	G:\jdk-11.0.2\bin\jsound.dll
0x00007ffaa3760000 - 0x00007ffaa37fc000 	C:\Windows\SYSTEM32\DSOUND.dll
0x00007ffabb2e0000 - 0x00007ffabb306000 	C:\Windows\SYSTEM32\winmmbase.dll
0x00007ffabe050000 - 0x00007ffabe0d5000 	C:\Windows\System32\MMDevApi.dll
0x00007ffaabf30000 - 0x00007ffaabf76000 	C:\Windows\SYSTEM32\wdmaud.drv
0x00007ffabf0a0000 - 0x00007ffabf0a9000 	C:\Windows\SYSTEM32\ksuser.dll
0x00007ffabe5f0000 - 0x00007ffabe5fa000 	C:\Windows\SYSTEM32\AVRT.dll
0x00007ffabe0e0000 - 0x00007ffabe263000 	C:\Windows\SYSTEM32\AUDIOSES.DLL
0x00007ffac0060000 - 0x00007ffac006d000 	C:\Windows\SYSTEM32\msacm32.drv
0x00007ffabfdd0000 - 0x00007ffabfdee000 	C:\Windows\SYSTEM32\MSACM32.dll
0x00007ffac0050000 - 0x00007ffac005b000 	C:\Windows\SYSTEM32\midimap.dll
0x00007ffac1e30000 - 0x00007ffac1e44000 	C:\Windows\SYSTEM32\resourcepolicyclient.dll
0x00007ffabb120000 - 0x00007ffabb261000 	C:\Windows\System32\Windows.UI.dll
0x00007ffabac40000 - 0x00007ffabace1000 	C:\Windows\System32\WindowManagementAPI.dll
0x00007ffabcd00000 - 0x00007ffabcf01000 	C:\Windows\SYSTEM32\twinapi.appcore.dll
0x00007ffa98f20000 - 0x00007ffa98fa0000 	G:\jdk-11.0.2\bin\freetype.dll
0x00007ffa98890000 - 0x00007ffa988ff000 	G:\jdk-11.0.2\bin\fontmanager.dll

dbghelp: loaded successfully - version: 4.0.5 - missing functions: none
symbol engine: initialized successfully - sym options: 0x614 - pdb path: .;G:\jdk-11.0.2\bin;C:\Windows\SYSTEM32;C:\Windows\WinSxS\amd64_microsoft.windows.common-controls_6595b64144ccf1df_6.0.19041.746_none_ca02b4b61b8320a4;G:\jdk-11.0.2\bin\server;C:\Users\manta\AppData\Local\Temp\lwjglmanta\3.1.2-build-29;C:\Windows\System32\DriverStore\FileRepository\nv_dispi.inf_amd64_3784df9edffd3314

VM Arguments:
jvm_args: -Dfoo=bar 
java_command: playn.sample.hello.java.HelloGameJava
java_class_path (initial): C:\Users\manta\OneDrive\Документы\GitHub\warpdeath\playn-samples-master\hello\java\target\classes;C:\Users\manta\OneDrive\Документы\GitHub\warpdeath\playn-samples-master\hello\core\target\classes;C:\Users\manta\.m2\repository\io\playn\playn-scene\2.0\playn-scene-2.0.jar;C:\Users\manta\.m2\repository\io\playn\playn-core\2.0\playn-core-2.0.jar;C:\Users\manta\.m2\repository\com\samskivert\pythagoras\1.4.3\pythagoras-1.4.3.jar;C:\Users\manta\.m2\repository\com\threerings\react\1.5.3\react-1.5.3.jar;C:\Users\manta\OneDrive\Документы\GitHub\warpdeath\playn-samples-master\hello\assets\target\classes;C:\Users\manta\.m2\repository\io\playn\playn-java-lwjgl\2.0\playn-java-lwjgl-2.0.jar;C:\Users\manta\.m2\repository\io\playn\playn-java-base\2.0\playn-java-base-2.0.jar;C:\Users\manta\.m2\repository\com\googlecode\soundlibs\mp3spi\1.9.5-1\mp3spi-1.9.5-1.jar;C:\Users\manta\.m2\repository\com\googlecode\soundlibs\jlayer\1.0.1-1\jlayer-1.0.1-1.jar;C:\Users\manta\.m2\repository\com\googlecode\soundlibs\tritonus-share\0.3.7-1\tritonus-share-0.3.7-1.jar;C:\Users\manta\.m2\repository\org\java-websocket\Java-WebSocket\1.3.0\Java-WebSocket-1.3.0.jar;C:\Users\manta\.m2\repository\org\lwjgl\lwjgl\3.1.2\lwjgl-3.1.2.jar;C:\Users\manta\.m2\repository\org\lwjgl\lwjgl\3.1.2\lwjgl-3.1.2-natives-linux.jar;C:\Users\manta\.m2\repository\org\lwjgl\lwjgl\3.1.2\lwjgl-3.1.2-natives-windows.jar;C:\Users\manta\.m2\repository\org\lwjgl\lwjgl\3.1.2\lwjgl-3.1.2-natives-macos.jar;C:\Users\manta\.m2\repository\org\lwjgl\lwjgl-opengl\3.1.2\lwjgl-opengl-3.1.2.jar;C:\Users\manta\.m2\repository\org\lwjgl\lwjgl-opengl\3.1.2\lwjgl-opengl-3.1.2-natives-linux.jar;C:\Users\manta\.m2\repository\org\lwjgl\lwjgl-opengl\3.1.2\lwjgl-opengl-3.1.2-natives-windows.jar;C:\Users\manta\.m2\repository\org\lwjgl\lwjgl-opengl\3.1.2\lwjgl-opengl-3.1.2-natives-macos.jar;C:\Users\manta\.m2\repository\org\lwjgl\lwjgl-glfw\3.1.2\lwjgl-glfw-3.1.2.jar;C:\Users\manta\.m2\repository\org\lwjgl\lwjgl-glfw\3.1.2\lw
Launcher Type: SUN_STANDARD

[Global flags]
     intx CICompilerCount                          = 3                                         {product} {ergonomic}
     uint ConcGCThreads                            = 1                                         {product} {ergonomic}
     uint G1ConcRefinementThreads                  = 4                                         {product} {ergonomic}
   size_t G1HeapRegionSize                         = 1048576                                   {product} {ergonomic}
    uintx GCDrainStackTargetSize                   = 64                                        {product} {ergonomic}
   size_t InitialHeapSize                          = 335544320                                 {product} {ergonomic}
   size_t MarkStackSize                            = 4194304                                   {product} {ergonomic}
   size_t MaxHeapSize                              = 5354029056                                {product} {ergonomic}
   size_t MaxNewSize                               = 3211788288                                {product} {ergonomic}
   size_t MinHeapDeltaBytes                        = 1048576                                   {product} {ergonomic}
    uintx NonNMethodCodeHeapSize                   = 5830092                                {pd product} {ergonomic}
    uintx NonProfiledCodeHeapSize                  = 122914074                              {pd product} {ergonomic}
    uintx ProfiledCodeHeapSize                     = 122914074                              {pd product} {ergonomic}
    uintx ReservedCodeCacheSize                    = 251658240                              {pd product} {ergonomic}
     bool SegmentedCodeCache                       = true                                      {product} {ergonomic}
     bool UseCompressedClassPointers               = true                                 {lp64_product} {ergonomic}
     bool UseCompressedOops                        = true                                 {lp64_product} {ergonomic}
     bool UseG1GC                                  = true                                      {product} {ergonomic}
     bool UseLargePagesIndividualAllocation        = false                                  {pd product} {ergonomic}

Logging:
Log output configuration:
 #0: stdout all=warning uptime,level,tags
 #1: stderr all=off uptime,level,tags

Environment Variables:
PATH=C:\Windows\system32;C:\Windows;C:\Windows\System32\Wbem;C:\Windows\System32\WindowsPowerShell\v1.0\;C:\Windows\System32\OpenSSH\;C:\Program Files (x86)\NVIDIA Corporation\PhysX\Common;C:\Program Files\NVIDIA Corporation\NVIDIA NvDLISR;C:\Users\manta\AppData\Local\Microsoft\WindowsApps;C:\Users\manta\AppData\Local\atom\bin;C:\Users\manta\AppData\Local\GitHubDesktop\bin;G:\jdk-11.0.2\bin;G:\apache-maven-3.8.1\bin;
USERNAME=manta
OS=Windows_NT
PROCESSOR_IDENTIFIER=Intel64 Family 6 Model 60 Stepping 3, GenuineIntel



---------------  S Y S T E M  ---------------

OS: Windows 10 , 64 bit Build 19041 (10.0.19041.662)

CPU:total 4 (initial active 4) (4 cores per cpu, 1 threads per core) family 6 model 60 stepping 3, cmov, cx8, fxsr, mmx, sse, sse2, sse3, ssse3, sse4.1, sse4.2, popcnt, avx, avx2, aes, clmul, erms, lzcnt, tsc, tscinvbit, bmi1, bmi2, fma

Memory: 4k page, system-wide physical 20419M (10099M free)
TotalPageFile size 23491M (AvailPageFile size 5950M)
current process WorkingSet (physical memory assigned to process): 328M, peak: 365M
current process commit charge ("private bytes"): 490M, peak: 547M

vm_info: OpenJDK 64-Bit Server VM (11.0.2+9) for windows-amd64 JRE (11.0.2+9), built on Jan 18 2019 05:23:22 by "mach5one" with MS VC++ 15.5 (VS2017)

END.
