#
# A fatal error has been detected by the Java Runtime Environment:
#
#  EXCEPTION_ACCESS_VIOLATION (0xc0000005) at pc=0x00007ffcaea9ecfd, pid=16972, tid=9304
#
# JRE version: OpenJDK Runtime Environment (11.0.2+9) (build 11.0.2+9)
# Java VM: OpenJDK 64-Bit Server VM (11.0.2+9, mixed mode, tiered, compressed oops, g1 gc, windows-amd64)
# Problematic frame:
# C  [lwjgl_opengl.dll+0xecfd]
#
# No core dump will be written. Minidumps are not enabled by default on client versions of Windows
#
# If you would like to submit a bug report, please visit:
#   http://bugreport.java.com/bugreport/crash.jsp
# The crash happened outside the Java Virtual Machine in native code.
# See problematic frame for where to report the bug.
#

---------------  S U M M A R Y ------------

Command Line: -Dfoo=bar playn.sample.hello.java.HelloGameJava

Host: Intel(R) Core(TM) i5-4570 CPU @ 3.20GHz, 4 cores, 19G,  Windows 10 , 64 bit Build 19041 (10.0.19041.662)
Time: Sun Jun 13 19:55:45 2021 RTZ 2 (зима) elapsed time: 6 seconds (0d 0h 0m 6s)

---------------  T H R E A D  ---------------

Current thread (0x00000167feb18000):  JavaThread "Finalizer" daemon [_thread_in_native, id=9304, stack(0x00000014ac600000,0x00000014ac700000)]

Stack: [0x00000014ac600000,0x00000014ac700000],  sp=0x00000014ac6feee8,  free space=1019k
Native frames: (J=compiled Java code, j=interpreted, Vv=VM code, C=native code)
C  [lwjgl_opengl.dll+0xecfd]

Java frames: (J=compiled Java code, j=interpreted, Vv=VM code)
J 1799  org.lwjgl.opengl.GL11.nglDeleteTextures(IJ)V (0 bytes) @ 0x00000167ed344494 [0x00000167ed344440+0x0000000000000054]
J 1757 c1 playn.java.LWJGLGL20.glDeleteTextures(ILjava/nio/IntBuffer;)V (5 bytes) @ 0x00000167e60133e4 [0x00000167e6013180+0x0000000000000264]
J 2052 c1 playn.core.GL20.glDeleteTexture(I)V (21 bytes) @ 0x00000167e6093184 [0x00000167e6092c20+0x0000000000000564]
j  playn.core.Texture.close()V+23
J 1737 c2 playn.scene.ImageLayer.setTile(Lplayn/core/Tile;)Lplayn/scene/ImageLayer; (47 bytes) @ 0x00000167ed326a58 [0x00000167ed3269c0+0x0000000000000098]
J 1714 c1 playn.scene.ImageLayer.finalize()V (10 bytes) @ 0x00000167e600b7bc [0x00000167e600b740+0x000000000000007c]
J 1712 c1 java.lang.ref.Finalizer.runFinalizer(Ljdk/internal/misc/JavaLangAccess;)V java.base@11.0.2 (117 bytes) @ 0x00000167e600a974 [0x00000167e600a2c0+0x00000000000006b4]
j  java.lang.ref.Finalizer$FinalizerThread.run()V+46 java.base@11.0.2
v  ~StubRoutines::call_stub

siginfo: EXCEPTION_ACCESS_VIOLATION (0xc0000005), reading address 0x00000000000009d8


Register to memory mapping:

RIP=0x00007ffcaea9ecfd lwjgl_opengl.dll
RAX=0x00007ffc76d31ca0 jvm.dll
RBX={method} {0x00000167ff80ad90} 'glDeleteTextures' '(ILjava/nio/IntBuffer;)V' in 'playn/java/LWJGLGL20'
RCX=0x0000000000000001 is an unknown value
RDX=0x00000167ff55f9c0 points into unknown readable memory: 02 00 00 00 02 00 00 00
RSP=0x00000014ac6feee8 is pointing into the stack for thread: 0x00000167feb18000
RBP=0x00000014ac6fef50 is pointing into the stack for thread: 0x00000167feb18000
RSI=0x000001678d04f448 is pointing into metadata
RDI=0x00000167ff55f9c0 points into unknown readable memory: 02 00 00 00 02 00 00 00
R8 =0x0000000000000001 is an unknown value
R9 =0x00000167ff55f9c0 points into unknown readable memory: 09 00 00 00 02 00 00 00
R10=0x0 is NULL
R11=0x00000006c1a77ed8 is an oop: java.nio.DirectIntBufferU 
{0x00000006c1a77ed8} - klass: 'java/nio/DirectIntBufferU'
R12=0x0 is NULL
R13=0x00000014ac6ff110 is pointing into the stack for thread: 0x00000167feb18000
R14=0x00000014ac6fef40 is pointing into the stack for thread: 0x00000167feb18000
R15=0x00000167feb18000 is a thread


Registers:
RAX=0x00007ffc76d31ca0, RBX=0x00000167ff80ad88, RCX=0x0000000000000001, RDX=0x00000167ff55f9c0
RSP=0x00000014ac6feee8, RBP=0x00000014ac6fef50, RSI=0x000001678d04f448, RDI=0x00000167ff55f9c0
R8 =0x0000000000000001, R9 =0x00000167ff55f9c0, R10=0x0000000000000000, R11=0x00000006c1a77ed8
R12=0x0000000000000000, R13=0x00000014ac6ff110, R14=0x00000014ac6fef40, R15=0x00000167feb18000
RIP=0x00007ffcaea9ecfd, EFLAGS=0x0000000000010246

Top of Stack: (sp=0x00000014ac6feee8)
0x00000014ac6feee8:   00000167ed344534 0000000000000000
0x00000014ac6feef8:   00000167dd408a60 00000167fe3a1fa0
0x00000014ac6fef08:   00000167dd408a60 00000167fe3a1fa0
0x00000014ac6fef18:   00000167dd408a60 00007ffc769f9130
0x00000014ac6fef28:   0000016700000000 0000000000000000
0x00000014ac6fef38:   00000167feb18000 00000006c1edb240
0x00000014ac6fef48:   00007ffc769f9080 00000014ac6ff168
0x00000014ac6fef58:   00000167e60133e4 0000000000000000
0x00000014ac6fef68:   00007ffc76946b91 00007ffc769f9c00
0x00000014ac6fef78:   0000016700000000 00007ffc769f9130
0x00000014ac6fef88:   0000016700000000 00000167dd3fe780
0x00000014ac6fef98:   00007ffc76946855 00000167dd3fe780
0x00000014ac6fefa8:   00000167feb18000 00000167feb18000
0x00000014ac6fefb8:   000001678d049548 00000014ac6ff110
0x00000014ac6fefc8:   0000000000000000 00000006c1a77ed8
0x00000014ac6fefd8:   00000167dd4f1000 00000006c1a77ed8 

Instructions: (pc=0x00007ffcaea9ecfd)
0x00007ffcaea9ecdd:   49 ff a2 00 0f 00 00 cc cc cc cc cc cc cc cc cc
0x00007ffcaea9eced:   cc cc cc 48 8b 01 49 8b d1 41 8b c8 4c 8b 50 18
0x00007ffcaea9ecfd:   49 ff a2 d8 09 00 00 cc cc cc cc cc cc cc cc cc
0x00007ffcaea9ed0d:   cc cc cc 48 8b 01 49 8b d1 41 8b c8 4c 8b 50 18 


Stack slot to memory mapping:
stack at sp + 0 slots: 0x00000167ed344534 is at entry_point+244 in (nmethod*)0x00000167ed344290
stack at sp + 1 slots: 0x0 is NULL
stack at sp + 2 slots: 0x00000167dd408a60 points into unknown readable memory: c8 80 ba 76 fc 7f 00 00
stack at sp + 3 slots: {method} {0x00000167fe3a1fa8} 'run' '()V' in 'java/lang/ref/Finalizer$FinalizerThread'
stack at sp + 4 slots: 0x00000167dd408a60 points into unknown readable memory: c8 80 ba 76 fc 7f 00 00
stack at sp + 5 slots: {method} {0x00000167fe3a1fa8} 'run' '()V' in 'java/lang/ref/Finalizer$FinalizerThread'
stack at sp + 6 slots: 0x00000167dd408a60 points into unknown readable memory: c8 80 ba 76 fc 7f 00 00
stack at sp + 7 slots: 0x00007ffc769f9130 jvm.dll


---------------  P R O C E S S  ---------------

Threads class SMR info:
_java_thread_list=0x00000167864a75d0, length=31, elements={
0x00000167dd3ff000, 0x00000167feb0e800, 0x00000167feb18000, 0x00000167feb6a000,
0x00000167feb6b000, 0x00000167feb6d800, 0x00000167feb7a000, 0x00000167feb7b000,
0x00000167fecfb800, 0x00000167fecec800, 0x0000016786332000, 0x000001678657c800,
0x0000016786371000, 0x00000167864be000, 0x0000016786365000, 0x0000016786c96000,
0x00000167866c9000, 0x0000016786ae9800, 0x00000167865c8000, 0x00000167865ed800,
0x0000016786b1a800, 0x0000016786b1b000, 0x0000016786b1c000, 0x0000016786b1d000,
0x000001678beba000, 0x000001678beba800, 0x000001678beb8000, 0x000001678bebb800,
0x000001678bebd000, 0x000001678bebf000, 0x000001678bebe000
}

Java Threads: ( => current thread )
  0x00000167dd3ff000 JavaThread "main" [_thread_in_native, id=12012, stack(0x00000014abe00000,0x00000014abf00000)]
  0x00000167feb0e800 JavaThread "Reference Handler" daemon [_thread_blocked, id=4572, stack(0x00000014ac500000,0x00000014ac600000)]
=>0x00000167feb18000 JavaThread "Finalizer" daemon [_thread_in_native, id=9304, stack(0x00000014ac600000,0x00000014ac700000)]
  0x00000167feb6a000 JavaThread "Signal Dispatcher" daemon [_thread_blocked, id=16220, stack(0x00000014ac700000,0x00000014ac800000)]
  0x00000167feb6b000 JavaThread "Attach Listener" daemon [_thread_blocked, id=5308, stack(0x00000014ac800000,0x00000014ac900000)]
  0x00000167feb6d800 JavaThread "C2 CompilerThread0" daemon [_thread_blocked, id=5156, stack(0x00000014ac900000,0x00000014aca00000)]
  0x00000167feb7a000 JavaThread "C1 CompilerThread0" daemon [_thread_blocked, id=7012, stack(0x00000014aca00000,0x00000014acb00000)]
  0x00000167feb7b000 JavaThread "Sweeper thread" daemon [_thread_blocked, id=12732, stack(0x00000014acb00000,0x00000014acc00000)]
  0x00000167fecfb800 JavaThread "Service Thread" daemon [_thread_blocked, id=16764, stack(0x00000014acc00000,0x00000014acd00000)]
  0x00000167fecec800 JavaThread "Common-Cleaner" daemon [_thread_blocked, id=10916, stack(0x00000014ace00000,0x00000014acf00000)]
  0x0000016786332000 JavaThread "Java2D Disposer" daemon [_thread_blocked, id=13228, stack(0x00000014ad800000,0x00000014ad900000)]
  0x000001678657c800 JavaThread "pool-1-thread-1" [_thread_blocked, id=5192, stack(0x00000014ad900000,0x00000014ada00000)]
  0x0000016786371000 JavaThread "pool-1-thread-2" [_thread_blocked, id=6064, stack(0x00000014ada00000,0x00000014adb00000)]
  0x00000167864be000 JavaThread "pool-1-thread-3" [_thread_blocked, id=3344, stack(0x00000014adb00000,0x00000014adc00000)]
  0x0000016786365000 JavaThread "pool-1-thread-4" [_thread_blocked, id=5500, stack(0x00000014adc00000,0x00000014add00000)]
  0x0000016786c96000 JavaThread "Java Sound Event Dispatcher" daemon [_thread_blocked, id=14080, stack(0x00000014ae000000,0x00000014ae100000)]
  0x00000167866c9000 JavaThread "Direct Clip" daemon [_thread_blocked, id=6536, stack(0x00000014ae300000,0x00000014ae400000)]
  0x0000016786ae9800 JavaThread "Direct Clip" daemon [_thread_blocked, id=17376, stack(0x00000014ae400000,0x00000014ae500000)]
  0x00000167865c8000 JavaThread "Direct Clip" daemon [_thread_blocked, id=6396, stack(0x00000014ae500000,0x00000014ae600000)]
  0x00000167865ed800 JavaThread "Direct Clip" daemon [_thread_blocked, id=9100, stack(0x00000014ae600000,0x00000014ae700000)]
  0x0000016786b1a800 JavaThread "Direct Clip" daemon [_thread_blocked, id=12088, stack(0x00000014ae700000,0x00000014ae800000)]
  0x0000016786b1b000 JavaThread "Direct Clip" daemon [_thread_blocked, id=14800, stack(0x00000014ae800000,0x00000014ae900000)]
  0x0000016786b1c000 JavaThread "Direct Clip" daemon [_thread_blocked, id=5148, stack(0x00000014ae900000,0x00000014aea00000)]
  0x0000016786b1d000 JavaThread "Direct Clip" daemon [_thread_blocked, id=15208, stack(0x00000014aea00000,0x00000014aeb00000)]
  0x000001678beba000 JavaThread "Direct Clip" daemon [_thread_blocked, id=16596, stack(0x00000014aeb00000,0x00000014aec00000)]
  0x000001678beba800 JavaThread "Direct Clip" daemon [_thread_blocked, id=8776, stack(0x00000014aec00000,0x00000014aed00000)]
  0x000001678beb8000 JavaThread "Direct Clip" daemon [_thread_blocked, id=17036, stack(0x00000014aed00000,0x00000014aee00000)]
  0x000001678bebb800 JavaThread "Direct Clip" daemon [_thread_blocked, id=2436, stack(0x00000014aee00000,0x00000014aef00000)]
  0x000001678bebd000 JavaThread "Direct Clip" daemon [_thread_blocked, id=7428, stack(0x00000014aef00000,0x00000014af000000)]
  0x000001678bebf000 JavaThread "Direct Clip" daemon [_thread_blocked, id=1848, stack(0x00000014af000000,0x00000014af100000)]
  0x000001678bebe000 JavaThread "Thread-0" daemon [_thread_blocked, id=7540, stack(0x00000014add00000,0x00000014ade00000)]

Other Threads:
  0x00000167feaea000 VMThread "VM Thread" [stack: 0x00000014ac400000,0x00000014ac500000] [id=1496]
  0x00000167fecfc800 WatcherThread [stack: 0x00000014acd00000,0x00000014ace00000] [id=14728]
  0x00000167dd418000 GCTaskThread "GC Thread#0" [stack: 0x00000014abf00000,0x00000014ac000000] [id=15288]
  0x0000016786393000 GCTaskThread "GC Thread#1" [stack: 0x00000014ad500000,0x00000014ad600000] [id=16444]
  0x0000016786326800 GCTaskThread "GC Thread#2" [stack: 0x00000014ad600000,0x00000014ad700000] [id=17364]
  0x0000016786327000 GCTaskThread "GC Thread#3" [stack: 0x00000014ad700000,0x00000014ad800000] [id=6332]
  0x00000167dd48a800 ConcurrentGCThread "G1 Main Marker" [stack: 0x00000014ac000000,0x00000014ac100000] [id=14128]
  0x00000167dd48c800 ConcurrentGCThread "G1 Conc#0" [stack: 0x00000014ac100000,0x00000014ac200000] [id=11796]
  0x00000167fe144800 ConcurrentGCThread "G1 Refine#0" [stack: 0x00000014ac200000,0x00000014ac300000] [id=2440]
  0x00000167fe145800 ConcurrentGCThread "G1 Young RemSet Sampling" [stack: 0x00000014ac300000,0x00000014ac400000] [id=11144]

Threads with active compile tasks:

VM state:not at safepoint (normal execution)

VM Mutex/Monitor currently owned by a thread: None

Heap address: 0x00000006c0e00000, size: 5106 MB, Compressed Oops mode: Zero based, Oop shift amount: 3
Narrow klass base: 0x0000000800000000, Narrow klass shift: 0
Compressed class space size: 1073741824 Address: 0x0000000800000000

Heap:
 garbage-first heap   total 327680K, used 60529K [0x00000006c0e00000, 0x0000000800000000)
  region size 1024K, 5 young (5120K), 4 survivors (4096K)
 Metaspace       used 19833K, capacity 20172K, committed 20352K, reserved 1067008K
  class space    used 1722K, capacity 1834K, committed 1920K, reserved 1048576K
Heap Regions: E=young(eden), S=young(survivor), O=old, HS=humongous(starts), HC=humongous(continues), CS=collection set, F=free, A=archive, TAMS=top-at-mark-start (previous, next)
|   0|0x00000006c0e00000, 0x00000006c0f00000, 0x00000006c0f00000|100%| O|  |TAMS 0x00000006c0e36400, 0x00000006c0e00000| Untracked 
|   1|0x00000006c0f00000, 0x00000006c1000000, 0x00000006c1000000|100%|HS|  |TAMS 0x00000006c1000000, 0x00000006c0f00000| Complete 
|   2|0x00000006c1000000, 0x00000006c1100000, 0x00000006c1100000|100%|HC|  |TAMS 0x00000006c1100000, 0x00000006c1000000| Complete 
|   3|0x00000006c1100000, 0x00000006c1100000, 0x00000006c1200000|  0%| F|  |TAMS 0x00000006c1100000, 0x00000006c1100000| Untracked 
|   4|0x00000006c1200000, 0x00000006c1300000, 0x00000006c1300000|100%|HS|  |TAMS 0x00000006c1300000, 0x00000006c1200000| Complete 
|   5|0x00000006c1300000, 0x00000006c1400000, 0x00000006c1400000|100%|HC|  |TAMS 0x00000006c1400000, 0x00000006c1300000| Complete 
|   6|0x00000006c1400000, 0x00000006c1500000, 0x00000006c1500000|100%|HS|  |TAMS 0x00000006c1500000, 0x00000006c1400000| Complete 
|   7|0x00000006c1500000, 0x00000006c1500000, 0x00000006c1600000|  0%| F|  |TAMS 0x00000006c1500000, 0x00000006c1500000| Untracked 
|   8|0x00000006c1600000, 0x00000006c1600000, 0x00000006c1700000|  0%| F|  |TAMS 0x00000006c1600000, 0x00000006c1600000| Untracked 
|   9|0x00000006c1700000, 0x00000006c1700000, 0x00000006c1800000|  0%| F|  |TAMS 0x00000006c1700000, 0x00000006c1700000| Untracked 
|  10|0x00000006c1800000, 0x00000006c1800000, 0x00000006c1900000|  0%| F|  |TAMS 0x00000006c1800000, 0x00000006c1800000| Untracked 
|  11|0x00000006c1900000, 0x00000006c1a00000, 0x00000006c1a00000|100%| O|  |TAMS 0x00000006c1900000, 0x00000006c1900000| Untracked 
|  12|0x00000006c1a00000, 0x00000006c1b00000, 0x00000006c1b00000|100%| O|  |TAMS 0x00000006c1a00000, 0x00000006c1a00000| Untracked 
|  13|0x00000006c1b00000, 0x00000006c1c00000, 0x00000006c1c00000|100%| O|  |TAMS 0x00000006c1b00000, 0x00000006c1b00000| Untracked 
|  14|0x00000006c1c00000, 0x00000006c1d00000, 0x00000006c1d00000|100%| O|  |TAMS 0x00000006c1c00000, 0x00000006c1c00000| Untracked 
|  15|0x00000006c1d00000, 0x00000006c1e00000, 0x00000006c1e00000|100%| O|  |TAMS 0x00000006c1d00000, 0x00000006c1d00000| Untracked 
|  16|0x00000006c1e00000, 0x00000006c1f00000, 0x00000006c1f00000|100%| O|  |TAMS 0x00000006c1e00000, 0x00000006c1e00000| Untracked 
|  17|0x00000006c1f00000, 0x00000006c2000000, 0x00000006c2000000|100%| O|  |TAMS 0x00000006c1f00000, 0x00000006c1f00000| Untracked 
|  18|0x00000006c2000000, 0x00000006c2100000, 0x00000006c2100000|100%| O|  |TAMS 0x00000006c2000000, 0x00000006c2000000| Untracked 
|  19|0x00000006c2100000, 0x00000006c2183800, 0x00000006c2200000| 51%| O|  |TAMS 0x00000006c2100000, 0x00000006c2100000| Untracked 
|  20|0x00000006c2200000, 0x00000006c2200000, 0x00000006c2300000|  0%| F|  |TAMS 0x00000006c2200000, 0x00000006c2200000| Untracked 
|  21|0x00000006c2300000, 0x00000006c2300000, 0x00000006c2400000|  0%| F|  |TAMS 0x00000006c2300000, 0x00000006c2300000| Untracked 
|  22|0x00000006c2400000, 0x00000006c2400000, 0x00000006c2500000|  0%| F|  |TAMS 0x00000006c2400000, 0x00000006c2400000| Untracked 
|  23|0x00000006c2500000, 0x00000006c2600000, 0x00000006c2600000|100%|HS|  |TAMS 0x00000006c2600000, 0x00000006c2500000| Complete 
|  24|0x00000006c2600000, 0x00000006c2600000, 0x00000006c2700000|  0%| F|  |TAMS 0x00000006c2600000, 0x00000006c2600000| Untracked 
|  25|0x00000006c2700000, 0x00000006c2700000, 0x00000006c2800000|  0%| F|  |TAMS 0x00000006c2700000, 0x00000006c2700000| Untracked 
|  26|0x00000006c2800000, 0x00000006c2800000, 0x00000006c2900000|  0%| F|  |TAMS 0x00000006c2800000, 0x00000006c2800000| Untracked 
|  27|0x00000006c2900000, 0x00000006c2900000, 0x00000006c2a00000|  0%| F|  |TAMS 0x00000006c2900000, 0x00000006c2900000| Untracked 
|  28|0x00000006c2a00000, 0x00000006c2a00000, 0x00000006c2b00000|  0%| F|  |TAMS 0x00000006c2a00000, 0x00000006c2a00000| Untracked 
|  29|0x00000006c2b00000, 0x00000006c2b00000, 0x00000006c2c00000|  0%| F|  |TAMS 0x00000006c2b00000, 0x00000006c2b00000| Untracked 
|  30|0x00000006c2c00000, 0x00000006c2c00000, 0x00000006c2d00000|  0%| F|  |TAMS 0x00000006c2c00000, 0x00000006c2c00000| Untracked 
|  31|0x00000006c2d00000, 0x00000006c2d00000, 0x00000006c2e00000|  0%| F|  |TAMS 0x00000006c2d00000, 0x00000006c2d00000| Untracked 
|  32|0x00000006c2e00000, 0x00000006c2e00000, 0x00000006c2f00000|  0%| F|  |TAMS 0x00000006c2e00000, 0x00000006c2e00000| Untracked 
|  33|0x00000006c2f00000, 0x00000006c2f00000, 0x00000006c3000000|  0%| F|  |TAMS 0x00000006c2f00000, 0x00000006c2f00000| Untracked 
|  34|0x00000006c3000000, 0x00000006c3100000, 0x00000006c3100000|100%|HS|  |TAMS 0x00000006c3100000, 0x00000006c3000000| Complete 
|  35|0x00000006c3100000, 0x00000006c3100000, 0x00000006c3200000|  0%| F|  |TAMS 0x00000006c3100000, 0x00000006c3100000| Untracked 
|  36|0x00000006c3200000, 0x00000006c3200000, 0x00000006c3300000|  0%| F|  |TAMS 0x00000006c3200000, 0x00000006c3200000| Untracked 
|  37|0x00000006c3300000, 0x00000006c3300000, 0x00000006c3400000|  0%| F|  |TAMS 0x00000006c3300000, 0x00000006c3300000| Untracked 
|  38|0x00000006c3400000, 0x00000006c3400000, 0x00000006c3500000|  0%| F|  |TAMS 0x00000006c3400000, 0x00000006c3400000| Untracked 
|  39|0x00000006c3500000, 0x00000006c3500000, 0x00000006c3600000|  0%| F|  |TAMS 0x00000006c3500000, 0x00000006c3500000| Untracked 
|  40|0x00000006c3600000, 0x00000006c3600000, 0x00000006c3700000|  0%| F|  |TAMS 0x00000006c3600000, 0x00000006c3600000| Untracked 
|  41|0x00000006c3700000, 0x00000006c3700000, 0x00000006c3800000|  0%| F|  |TAMS 0x00000006c3700000, 0x00000006c3700000| Untracked 
|  42|0x00000006c3800000, 0x00000006c3800000, 0x00000006c3900000|  0%| F|  |TAMS 0x00000006c3800000, 0x00000006c3800000| Untracked 
|  43|0x00000006c3900000, 0x00000006c3900000, 0x00000006c3a00000|  0%| F|  |TAMS 0x00000006c3900000, 0x00000006c3900000| Untracked 
|  44|0x00000006c3a00000, 0x00000006c3b00000, 0x00000006c3b00000|100%|HS|  |TAMS 0x00000006c3b00000, 0x00000006c3a00000| Complete 
|  45|0x00000006c3b00000, 0x00000006c3b00000, 0x00000006c3c00000|  0%| F|  |TAMS 0x00000006c3b00000, 0x00000006c3b00000| Untracked 
|  46|0x00000006c3c00000, 0x00000006c3c00000, 0x00000006c3d00000|  0%| F|  |TAMS 0x00000006c3c00000, 0x00000006c3c00000| Untracked 
|  47|0x00000006c3d00000, 0x00000006c3d00000, 0x00000006c3e00000|  0%| F|  |TAMS 0x00000006c3d00000, 0x00000006c3d00000| Untracked 
|  48|0x00000006c3e00000, 0x00000006c3e00000, 0x00000006c3f00000|  0%| F|  |TAMS 0x00000006c3e00000, 0x00000006c3e00000| Untracked 
|  49|0x00000006c3f00000, 0x00000006c3f00000, 0x00000006c4000000|  0%| F|  |TAMS 0x00000006c3f00000, 0x00000006c3f00000| Untracked 
|  50|0x00000006c4000000, 0x00000006c4100000, 0x00000006c4100000|100%|HS|  |TAMS 0x00000006c4100000, 0x00000006c4000000| Complete 
|  51|0x00000006c4100000, 0x00000006c4100000, 0x00000006c4200000|  0%| F|  |TAMS 0x00000006c4100000, 0x00000006c4100000| Untracked 
|  52|0x00000006c4200000, 0x00000006c4200000, 0x00000006c4300000|  0%| F|  |TAMS 0x00000006c4200000, 0x00000006c4200000| Untracked 
|  53|0x00000006c4300000, 0x00000006c4300000, 0x00000006c4400000|  0%| F|  |TAMS 0x00000006c4300000, 0x00000006c4300000| Untracked 
|  54|0x00000006c4400000, 0x00000006c4400000, 0x00000006c4500000|  0%| F|  |TAMS 0x00000006c4400000, 0x00000006c4400000| Untracked 
|  55|0x00000006c4500000, 0x00000006c4600000, 0x00000006c4600000|100%|HS|  |TAMS 0x00000006c4600000, 0x00000006c4500000| Complete 
|  56|0x00000006c4600000, 0x00000006c4600000, 0x00000006c4700000|  0%| F|  |TAMS 0x00000006c4600000, 0x00000006c4600000| Untracked 
|  57|0x00000006c4700000, 0x00000006c4700000, 0x00000006c4800000|  0%| F|  |TAMS 0x00000006c4700000, 0x00000006c4700000| Untracked 
|  58|0x00000006c4800000, 0x00000006c4800000, 0x00000006c4900000|  0%| F|  |TAMS 0x00000006c4800000, 0x00000006c4800000| Untracked 
|  59|0x00000006c4900000, 0x00000006c4900000, 0x00000006c4a00000|  0%| F|  |TAMS 0x00000006c4900000, 0x00000006c4900000| Untracked 
|  60|0x00000006c4a00000, 0x00000006c4a00000, 0x00000006c4b00000|  0%| F|  |TAMS 0x00000006c4a00000, 0x00000006c4a00000| Untracked 
|  61|0x00000006c4b00000, 0x00000006c4b00000, 0x00000006c4c00000|  0%| F|  |TAMS 0x00000006c4b00000, 0x00000006c4b00000| Untracked 
|  62|0x00000006c4c00000, 0x00000006c4c00000, 0x00000006c4d00000|  0%| F|  |TAMS 0x00000006c4c00000, 0x00000006c4c00000| Untracked 
|  63|0x00000006c4d00000, 0x00000006c4d00000, 0x00000006c4e00000|  0%| F|  |TAMS 0x00000006c4d00000, 0x00000006c4d00000| Untracked 
|  64|0x00000006c4e00000, 0x00000006c4e00000, 0x00000006c4f00000|  0%| F|  |TAMS 0x00000006c4e00000, 0x00000006c4e00000| Untracked 
|  65|0x00000006c4f00000, 0x00000006c4f00000, 0x00000006c5000000|  0%| F|  |TAMS 0x00000006c4f00000, 0x00000006c4f00000| Untracked 
|  66|0x00000006c5000000, 0x00000006c5000000, 0x00000006c5100000|  0%| F|  |TAMS 0x00000006c5000000, 0x00000006c5000000| Untracked 
|  67|0x00000006c5100000, 0x00000006c5100000, 0x00000006c5200000|  0%| F|  |TAMS 0x00000006c5100000, 0x00000006c5100000| Untracked 
|  68|0x00000006c5200000, 0x00000006c5200000, 0x00000006c5300000|  0%| F|  |TAMS 0x00000006c5200000, 0x00000006c5200000| Untracked 
|  69|0x00000006c5300000, 0x00000006c5300000, 0x00000006c5400000|  0%| F|  |TAMS 0x00000006c5300000, 0x00000006c5300000| Untracked 
|  70|0x00000006c5400000, 0x00000006c5400000, 0x00000006c5500000|  0%| F|  |TAMS 0x00000006c5400000, 0x00000006c5400000| Untracked 
|  71|0x00000006c5500000, 0x00000006c5500000, 0x00000006c5600000|  0%| F|  |TAMS 0x00000006c5500000, 0x00000006c5500000| Untracked 
|  72|0x00000006c5600000, 0x00000006c5600000, 0x00000006c5700000|  0%| F|  |TAMS 0x00000006c5600000, 0x00000006c5600000| Untracked 
|  73|0x00000006c5700000, 0x00000006c5700000, 0x00000006c5800000|  0%| F|  |TAMS 0x00000006c5700000, 0x00000006c5700000| Untracked 
|  74|0x00000006c5800000, 0x00000006c5800000, 0x00000006c5900000|  0%| F|  |TAMS 0x00000006c5800000, 0x00000006c5800000| Untracked 
|  75|0x00000006c5900000, 0x00000006c5900000, 0x00000006c5a00000|  0%| F|  |TAMS 0x00000006c5900000, 0x00000006c5900000| Untracked 
|  76|0x00000006c5a00000, 0x00000006c5a00000, 0x00000006c5b00000|  0%| F|  |TAMS 0x00000006c5a00000, 0x00000006c5a00000| Untracked 
|  77|0x00000006c5b00000, 0x00000006c5b00000, 0x00000006c5c00000|  0%| F|  |TAMS 0x00000006c5b00000, 0x00000006c5b00000| Untracked 
|  78|0x00000006c5c00000, 0x00000006c5c00000, 0x00000006c5d00000|  0%| F|  |TAMS 0x00000006c5c00000, 0x00000006c5c00000| Untracked 
|  79|0x00000006c5d00000, 0x00000006c5d00000, 0x00000006c5e00000|  0%| F|  |TAMS 0x00000006c5d00000, 0x00000006c5d00000| Untracked 
|  80|0x00000006c5e00000, 0x00000006c5e00000, 0x00000006c5f00000|  0%| F|  |TAMS 0x00000006c5e00000, 0x00000006c5e00000| Untracked 
|  81|0x00000006c5f00000, 0x00000006c5f00000, 0x00000006c6000000|  0%| F|  |TAMS 0x00000006c5f00000, 0x00000006c5f00000| Untracked 
|  82|0x00000006c6000000, 0x00000006c6000000, 0x00000006c6100000|  0%| F|  |TAMS 0x00000006c6000000, 0x00000006c6000000| Untracked 
|  83|0x00000006c6100000, 0x00000006c6100000, 0x00000006c6200000|  0%| F|  |TAMS 0x00000006c6100000, 0x00000006c6100000| Untracked 
|  84|0x00000006c6200000, 0x00000006c6200000, 0x00000006c6300000|  0%| F|  |TAMS 0x00000006c6200000, 0x00000006c6200000| Untracked 
|  85|0x00000006c6300000, 0x00000006c6300000, 0x00000006c6400000|  0%| F|  |TAMS 0x00000006c6300000, 0x00000006c6300000| Untracked 
|  86|0x00000006c6400000, 0x00000006c6400000, 0x00000006c6500000|  0%| F|  |TAMS 0x00000006c6400000, 0x00000006c6400000| Untracked 
|  87|0x00000006c6500000, 0x00000006c6500000, 0x00000006c6600000|  0%| F|  |TAMS 0x00000006c6500000, 0x00000006c6500000| Untracked 
|  88|0x00000006c6600000, 0x00000006c6600000, 0x00000006c6700000|  0%| F|  |TAMS 0x00000006c6600000, 0x00000006c6600000| Untracked 
|  89|0x00000006c6700000, 0x00000006c6700000, 0x00000006c6800000|  0%| F|  |TAMS 0x00000006c6700000, 0x00000006c6700000| Untracked 
|  90|0x00000006c6800000, 0x00000006c6800000, 0x00000006c6900000|  0%| F|  |TAMS 0x00000006c6800000, 0x00000006c6800000| Untracked 
|  91|0x00000006c6900000, 0x00000006c6900000, 0x00000006c6a00000|  0%| F|  |TAMS 0x00000006c6900000, 0x00000006c6900000| Untracked 
|  92|0x00000006c6a00000, 0x00000006c6a00000, 0x00000006c6b00000|  0%| F|  |TAMS 0x00000006c6a00000, 0x00000006c6a00000| Untracked 
|  93|0x00000006c6b00000, 0x00000006c6b00000, 0x00000006c6c00000|  0%| F|  |TAMS 0x00000006c6b00000, 0x00000006c6b00000| Untracked 
|  94|0x00000006c6c00000, 0x00000006c6c00000, 0x00000006c6d00000|  0%| F|  |TAMS 0x00000006c6c00000, 0x00000006c6c00000| Untracked 
|  95|0x00000006c6d00000, 0x00000006c6d00000, 0x00000006c6e00000|  0%| F|  |TAMS 0x00000006c6d00000, 0x00000006c6d00000| Untracked 
|  96|0x00000006c6e00000, 0x00000006c6f00000, 0x00000006c6f00000|100%|HS|  |TAMS 0x00000006c6f00000, 0x00000006c6e00000| Complete 
|  97|0x00000006c6f00000, 0x00000006c6f00000, 0x00000006c7000000|  0%| F|  |TAMS 0x00000006c6f00000, 0x00000006c6f00000| Untracked 
|  98|0x00000006c7000000, 0x00000006c7000000, 0x00000006c7100000|  0%| F|  |TAMS 0x00000006c7000000, 0x00000006c7000000| Untracked 
|  99|0x00000006c7100000, 0x00000006c7100000, 0x00000006c7200000|  0%| F|  |TAMS 0x00000006c7100000, 0x00000006c7100000| Untracked 
| 100|0x00000006c7200000, 0x00000006c7200000, 0x00000006c7300000|  0%| F|  |TAMS 0x00000006c7200000, 0x00000006c7200000| Untracked 
| 101|0x00000006c7300000, 0x00000006c7300000, 0x00000006c7400000|  0%| F|  |TAMS 0x00000006c7300000, 0x00000006c7300000| Untracked 
| 102|0x00000006c7400000, 0x00000006c7400000, 0x00000006c7500000|  0%| F|  |TAMS 0x00000006c7400000, 0x00000006c7400000| Untracked 
| 103|0x00000006c7500000, 0x00000006c7500000, 0x00000006c7600000|  0%| F|  |TAMS 0x00000006c7500000, 0x00000006c7500000| Untracked 
| 104|0x00000006c7600000, 0x00000006c7600000, 0x00000006c7700000|  0%| F|  |TAMS 0x00000006c7600000, 0x00000006c7600000| Untracked 
| 105|0x00000006c7700000, 0x00000006c7700000, 0x00000006c7800000|  0%| F|  |TAMS 0x00000006c7700000, 0x00000006c7700000| Untracked 
| 106|0x00000006c7800000, 0x00000006c7800000, 0x00000006c7900000|  0%| F|  |TAMS 0x00000006c7800000, 0x00000006c7800000| Untracked 
| 107|0x00000006c7900000, 0x00000006c7900000, 0x00000006c7a00000|  0%| F|  |TAMS 0x00000006c7900000, 0x00000006c7900000| Untracked 
| 108|0x00000006c7a00000, 0x00000006c7a00000, 0x00000006c7b00000|  0%| F|  |TAMS 0x00000006c7a00000, 0x00000006c7a00000| Untracked 
| 109|0x00000006c7b00000, 0x00000006c7b00000, 0x00000006c7c00000|  0%| F|  |TAMS 0x00000006c7b00000, 0x00000006c7b00000| Untracked 
| 110|0x00000006c7c00000, 0x00000006c7c00000, 0x00000006c7d00000|  0%| F|  |TAMS 0x00000006c7c00000, 0x00000006c7c00000| Untracked 
| 111|0x00000006c7d00000, 0x00000006c7d00000, 0x00000006c7e00000|  0%| F|  |TAMS 0x00000006c7d00000, 0x00000006c7d00000| Untracked 
| 112|0x00000006c7e00000, 0x00000006c7e00000, 0x00000006c7f00000|  0%| F|  |TAMS 0x00000006c7e00000, 0x00000006c7e00000| Untracked 
| 113|0x00000006c7f00000, 0x00000006c7f00000, 0x00000006c8000000|  0%| F|  |TAMS 0x00000006c7f00000, 0x00000006c7f00000| Untracked 
| 114|0x00000006c8000000, 0x00000006c8000000, 0x00000006c8100000|  0%| F|  |TAMS 0x00000006c8000000, 0x00000006c8000000| Untracked 
| 115|0x00000006c8100000, 0x00000006c8100000, 0x00000006c8200000|  0%| F|  |TAMS 0x00000006c8100000, 0x00000006c8100000| Untracked 
| 116|0x00000006c8200000, 0x00000006c8200000, 0x00000006c8300000|  0%| F|  |TAMS 0x00000006c8200000, 0x00000006c8200000| Untracked 
| 117|0x00000006c8300000, 0x00000006c8300000, 0x00000006c8400000|  0%| F|  |TAMS 0x00000006c8300000, 0x00000006c8300000| Untracked 
| 118|0x00000006c8400000, 0x00000006c8400000, 0x00000006c8500000|  0%| F|  |TAMS 0x00000006c8400000, 0x00000006c8400000| Untracked 
| 119|0x00000006c8500000, 0x00000006c8600000, 0x00000006c8600000|100%|HS|  |TAMS 0x00000006c8500000, 0x00000006c8500000| Complete 
| 120|0x00000006c8600000, 0x00000006c8700000, 0x00000006c8700000|100%|HC|  |TAMS 0x00000006c8600000, 0x00000006c8600000| Complete 
| 121|0x00000006c8700000, 0x00000006c8800000, 0x00000006c8800000|100%|HC|  |TAMS 0x00000006c8700000, 0x00000006c8700000| Complete 
| 122|0x00000006c8800000, 0x00000006c8900000, 0x00000006c8900000|100%|HC|  |TAMS 0x00000006c8800000, 0x00000006c8800000| Complete 
| 123|0x00000006c8900000, 0x00000006c8a00000, 0x00000006c8a00000|100%|HC|  |TAMS 0x00000006c8900000, 0x00000006c8900000| Complete 
| 124|0x00000006c8a00000, 0x00000006c8b00000, 0x00000006c8b00000|100%|HC|  |TAMS 0x00000006c8a00000, 0x00000006c8a00000| Complete 
| 125|0x00000006c8b00000, 0x00000006c8c00000, 0x00000006c8c00000|100%|HC|  |TAMS 0x00000006c8b00000, 0x00000006c8b00000| Complete 
| 126|0x00000006c8c00000, 0x00000006c8d00000, 0x00000006c8d00000|100%|HC|  |TAMS 0x00000006c8c00000, 0x00000006c8c00000| Complete 
| 127|0x00000006c8d00000, 0x00000006c8e00000, 0x00000006c8e00000|100%|HC|  |TAMS 0x00000006c8d00000, 0x00000006c8d00000| Complete 
| 128|0x00000006c8e00000, 0x00000006c8f00000, 0x00000006c8f00000|100%|HC|  |TAMS 0x00000006c8e00000, 0x00000006c8e00000| Complete 
| 129|0x00000006c8f00000, 0x00000006c9000000, 0x00000006c9000000|100%|HC|  |TAMS 0x00000006c8f00000, 0x00000006c8f00000| Complete 
| 130|0x00000006c9000000, 0x00000006c9100000, 0x00000006c9100000|100%|HC|  |TAMS 0x00000006c9000000, 0x00000006c9000000| Complete 
| 131|0x00000006c9100000, 0x00000006c9200000, 0x00000006c9200000|100%|HC|  |TAMS 0x00000006c9100000, 0x00000006c9100000| Complete 
| 132|0x00000006c9200000, 0x00000006c9300000, 0x00000006c9300000|100%|HC|  |TAMS 0x00000006c9200000, 0x00000006c9200000| Complete 
| 133|0x00000006c9300000, 0x00000006c9400000, 0x00000006c9400000|100%|HC|  |TAMS 0x00000006c9300000, 0x00000006c9300000| Complete 
| 134|0x00000006c9400000, 0x00000006c9500000, 0x00000006c9500000|100%|HC|  |TAMS 0x00000006c9400000, 0x00000006c9400000| Complete 
| 135|0x00000006c9500000, 0x00000006c9600000, 0x00000006c9600000|100%|HC|  |TAMS 0x00000006c9500000, 0x00000006c9500000| Complete 
| 136|0x00000006c9600000, 0x00000006c9700000, 0x00000006c9700000|100%|HC|  |TAMS 0x00000006c9600000, 0x00000006c9600000| Complete 
| 137|0x00000006c9700000, 0x00000006c9800000, 0x00000006c9800000|100%|HC|  |TAMS 0x00000006c9700000, 0x00000006c9700000| Complete 
| 138|0x00000006c9800000, 0x00000006c9900000, 0x00000006c9900000|100%|HC|  |TAMS 0x00000006c9800000, 0x00000006c9800000| Complete 
| 139|0x00000006c9900000, 0x00000006c9a00000, 0x00000006c9a00000|100%|HC|  |TAMS 0x00000006c9900000, 0x00000006c9900000| Complete 
| 140|0x00000006c9a00000, 0x00000006c9b00000, 0x00000006c9b00000|100%|HC|  |TAMS 0x00000006c9a00000, 0x00000006c9a00000| Complete 
| 141|0x00000006c9b00000, 0x00000006c9c00000, 0x00000006c9c00000|100%|HC|  |TAMS 0x00000006c9b00000, 0x00000006c9b00000| Complete 
| 142|0x00000006c9c00000, 0x00000006c9d00000, 0x00000006c9d00000|100%|HC|  |TAMS 0x00000006c9c00000, 0x00000006c9c00000| Complete 
| 143|0x00000006c9d00000, 0x00000006c9e00000, 0x00000006c9e00000|100%|HC|  |TAMS 0x00000006c9d00000, 0x00000006c9d00000| Complete 
| 144|0x00000006c9e00000, 0x00000006c9f00000, 0x00000006c9f00000|100%|HC|  |TAMS 0x00000006c9e00000, 0x00000006c9e00000| Complete 
| 145|0x00000006c9f00000, 0x00000006ca000000, 0x00000006ca000000|100%|HC|  |TAMS 0x00000006c9f00000, 0x00000006c9f00000| Complete 
| 146|0x00000006ca000000, 0x00000006ca100000, 0x00000006ca100000|100%|HC|  |TAMS 0x00000006ca000000, 0x00000006ca000000| Complete 
| 147|0x00000006ca100000, 0x00000006ca200000, 0x00000006ca200000|100%|HC|  |TAMS 0x00000006ca100000, 0x00000006ca100000| Complete 
| 148|0x00000006ca200000, 0x00000006ca300000, 0x00000006ca300000|100%|HC|  |TAMS 0x00000006ca200000, 0x00000006ca200000| Complete 
| 149|0x00000006ca300000, 0x00000006ca400000, 0x00000006ca400000|100%|HC|  |TAMS 0x00000006ca300000, 0x00000006ca300000| Complete 
| 150|0x00000006ca400000, 0x00000006ca500000, 0x00000006ca500000|100%|HC|  |TAMS 0x00000006ca400000, 0x00000006ca400000| Complete 
| 151|0x00000006ca500000, 0x00000006ca600000, 0x00000006ca600000|100%|HC|  |TAMS 0x00000006ca500000, 0x00000006ca500000| Complete 
| 152|0x00000006ca600000, 0x00000006ca700000, 0x00000006ca700000|100%|HC|  |TAMS 0x00000006ca600000, 0x00000006ca600000| Complete 
| 153|0x00000006ca700000, 0x00000006ca800000, 0x00000006ca800000|100%|HC|  |TAMS 0x00000006ca700000, 0x00000006ca700000| Complete 
| 154|0x00000006ca800000, 0x00000006ca800000, 0x00000006ca900000|  0%| F|  |TAMS 0x00000006ca800000, 0x00000006ca800000| Untracked 
| 155|0x00000006ca900000, 0x00000006ca900000, 0x00000006caa00000|  0%| F|  |TAMS 0x00000006ca900000, 0x00000006ca900000| Untracked 
| 156|0x00000006caa00000, 0x00000006caa00000, 0x00000006cab00000|  0%| F|  |TAMS 0x00000006caa00000, 0x00000006caa00000| Untracked 
| 157|0x00000006cab00000, 0x00000006cab00000, 0x00000006cac00000|  0%| F|  |TAMS 0x00000006cab00000, 0x00000006cab00000| Untracked 
| 158|0x00000006cac00000, 0x00000006cac00000, 0x00000006cad00000|  0%| F|  |TAMS 0x00000006cac00000, 0x00000006cac00000| Untracked 
| 159|0x00000006cad00000, 0x00000006cad00000, 0x00000006cae00000|  0%| F|  |TAMS 0x00000006cad00000, 0x00000006cad00000| Untracked 
| 160|0x00000006cae00000, 0x00000006cae00000, 0x00000006caf00000|  0%| F|  |TAMS 0x00000006cae00000, 0x00000006cae00000| Untracked 
| 161|0x00000006caf00000, 0x00000006caf00000, 0x00000006cb000000|  0%| F|  |TAMS 0x00000006caf00000, 0x00000006caf00000| Untracked 
| 162|0x00000006cb000000, 0x00000006cb000000, 0x00000006cb100000|  0%| F|  |TAMS 0x00000006cb000000, 0x00000006cb000000| Untracked 
| 163|0x00000006cb100000, 0x00000006cb100000, 0x00000006cb200000|  0%| F|  |TAMS 0x00000006cb100000, 0x00000006cb100000| Untracked 
| 164|0x00000006cb200000, 0x00000006cb200000, 0x00000006cb300000|  0%| F|  |TAMS 0x00000006cb200000, 0x00000006cb200000| Untracked 
| 165|0x00000006cb300000, 0x00000006cb300000, 0x00000006cb400000|  0%| F|  |TAMS 0x00000006cb300000, 0x00000006cb300000| Untracked 
| 166|0x00000006cb400000, 0x00000006cb400000, 0x00000006cb500000|  0%| F|  |TAMS 0x00000006cb400000, 0x00000006cb400000| Untracked 
| 167|0x00000006cb500000, 0x00000006cb500000, 0x00000006cb600000|  0%| F|  |TAMS 0x00000006cb500000, 0x00000006cb500000| Untracked 
| 168|0x00000006cb600000, 0x00000006cb600000, 0x00000006cb700000|  0%| F|  |TAMS 0x00000006cb600000, 0x00000006cb600000| Untracked 
| 169|0x00000006cb700000, 0x00000006cb700000, 0x00000006cb800000|  0%| F|  |TAMS 0x00000006cb700000, 0x00000006cb700000| Untracked 
| 170|0x00000006cb800000, 0x00000006cb800000, 0x00000006cb900000|  0%| F|  |TAMS 0x00000006cb800000, 0x00000006cb800000| Untracked 
| 171|0x00000006cb900000, 0x00000006cb900000, 0x00000006cba00000|  0%| F|  |TAMS 0x00000006cb900000, 0x00000006cb900000| Untracked 
| 172|0x00000006cba00000, 0x00000006cba00000, 0x00000006cbb00000|  0%| F|  |TAMS 0x00000006cba00000, 0x00000006cba00000| Untracked 
| 173|0x00000006cbb00000, 0x00000006cbb00000, 0x00000006cbc00000|  0%| F|  |TAMS 0x00000006cbb00000, 0x00000006cbb00000| Untracked 
| 174|0x00000006cbc00000, 0x00000006cbc00000, 0x00000006cbd00000|  0%| F|  |TAMS 0x00000006cbc00000, 0x00000006cbc00000| Untracked 
| 175|0x00000006cbd00000, 0x00000006cbd00000, 0x00000006cbe00000|  0%| F|  |TAMS 0x00000006cbd00000, 0x00000006cbd00000| Untracked 
| 176|0x00000006cbe00000, 0x00000006cbe00000, 0x00000006cbf00000|  0%| F|  |TAMS 0x00000006cbe00000, 0x00000006cbe00000| Untracked 
| 177|0x00000006cbf00000, 0x00000006cbf00000, 0x00000006cc000000|  0%| F|  |TAMS 0x00000006cbf00000, 0x00000006cbf00000| Untracked 
| 178|0x00000006cc000000, 0x00000006cc000000, 0x00000006cc100000|  0%| F|  |TAMS 0x00000006cc000000, 0x00000006cc000000| Untracked 
| 179|0x00000006cc100000, 0x00000006cc100000, 0x00000006cc200000|  0%| F|  |TAMS 0x00000006cc100000, 0x00000006cc100000| Untracked 
| 180|0x00000006cc200000, 0x00000006cc200000, 0x00000006cc300000|  0%| F|  |TAMS 0x00000006cc200000, 0x00000006cc200000| Untracked 
| 181|0x00000006cc300000, 0x00000006cc300000, 0x00000006cc400000|  0%| F|  |TAMS 0x00000006cc300000, 0x00000006cc300000| Untracked 
| 182|0x00000006cc400000, 0x00000006cc400000, 0x00000006cc500000|  0%| F|  |TAMS 0x00000006cc400000, 0x00000006cc400000| Untracked 
| 183|0x00000006cc500000, 0x00000006cc500000, 0x00000006cc600000|  0%| F|  |TAMS 0x00000006cc500000, 0x00000006cc500000| Untracked 
| 184|0x00000006cc600000, 0x00000006cc600000, 0x00000006cc700000|  0%| F|  |TAMS 0x00000006cc600000, 0x00000006cc600000| Untracked 
| 185|0x00000006cc700000, 0x00000006cc700000, 0x00000006cc800000|  0%| F|  |TAMS 0x00000006cc700000, 0x00000006cc700000| Untracked 
| 186|0x00000006cc800000, 0x00000006cc800000, 0x00000006cc900000|  0%| F|  |TAMS 0x00000006cc800000, 0x00000006cc800000| Untracked 
| 187|0x00000006cc900000, 0x00000006cc900000, 0x00000006cca00000|  0%| F|  |TAMS 0x00000006cc900000, 0x00000006cc900000| Untracked 
| 188|0x00000006cca00000, 0x00000006cca00000, 0x00000006ccb00000|  0%| F|  |TAMS 0x00000006cca00000, 0x00000006cca00000| Untracked 
| 189|0x00000006ccb00000, 0x00000006ccb00000, 0x00000006ccc00000|  0%| F|  |TAMS 0x00000006ccb00000, 0x00000006ccb00000| Untracked 
| 190|0x00000006ccc00000, 0x00000006ccc00000, 0x00000006ccd00000|  0%| F|  |TAMS 0x00000006ccc00000, 0x00000006ccc00000| Untracked 
| 191|0x00000006ccd00000, 0x00000006ccd00000, 0x00000006cce00000|  0%| F|  |TAMS 0x00000006ccd00000, 0x00000006ccd00000| Untracked 
| 192|0x00000006cce00000, 0x00000006cce00000, 0x00000006ccf00000|  0%| F|  |TAMS 0x00000006cce00000, 0x00000006cce00000| Untracked 
| 193|0x00000006ccf00000, 0x00000006ccf00000, 0x00000006cd000000|  0%| F|  |TAMS 0x00000006ccf00000, 0x00000006ccf00000| Untracked 
| 194|0x00000006cd000000, 0x00000006cd000000, 0x00000006cd100000|  0%| F|  |TAMS 0x00000006cd000000, 0x00000006cd000000| Untracked 
| 195|0x00000006cd100000, 0x00000006cd100000, 0x00000006cd200000|  0%| F|  |TAMS 0x00000006cd100000, 0x00000006cd100000| Untracked 
| 196|0x00000006cd200000, 0x00000006cd200000, 0x00000006cd300000|  0%| F|  |TAMS 0x00000006cd200000, 0x00000006cd200000| Untracked 
| 197|0x00000006cd300000, 0x00000006cd300000, 0x00000006cd400000|  0%| F|  |TAMS 0x00000006cd300000, 0x00000006cd300000| Untracked 
| 198|0x00000006cd400000, 0x00000006cd400000, 0x00000006cd500000|  0%| F|  |TAMS 0x00000006cd400000, 0x00000006cd400000| Untracked 
| 199|0x00000006cd500000, 0x00000006cd500000, 0x00000006cd600000|  0%| F|  |TAMS 0x00000006cd500000, 0x00000006cd500000| Untracked 
| 200|0x00000006cd600000, 0x00000006cd600000, 0x00000006cd700000|  0%| F|  |TAMS 0x00000006cd600000, 0x00000006cd600000| Untracked 
| 201|0x00000006cd700000, 0x00000006cd700000, 0x00000006cd800000|  0%| F|  |TAMS 0x00000006cd700000, 0x00000006cd700000| Untracked 
| 202|0x00000006cd800000, 0x00000006cd800000, 0x00000006cd900000|  0%| F|  |TAMS 0x00000006cd800000, 0x00000006cd800000| Untracked 
| 203|0x00000006cd900000, 0x00000006cd900000, 0x00000006cda00000|  0%| F|  |TAMS 0x00000006cd900000, 0x00000006cd900000| Untracked 
| 204|0x00000006cda00000, 0x00000006cda00000, 0x00000006cdb00000|  0%| F|  |TAMS 0x00000006cda00000, 0x00000006cda00000| Untracked 
| 205|0x00000006cdb00000, 0x00000006cdb00000, 0x00000006cdc00000|  0%| F|  |TAMS 0x00000006cdb00000, 0x00000006cdb00000| Untracked 
| 206|0x00000006cdc00000, 0x00000006cdc00000, 0x00000006cdd00000|  0%| F|  |TAMS 0x00000006cdc00000, 0x00000006cdc00000| Untracked 
| 207|0x00000006cdd00000, 0x00000006cdd00000, 0x00000006cde00000|  0%| F|  |TAMS 0x00000006cdd00000, 0x00000006cdd00000| Untracked 
| 208|0x00000006cde00000, 0x00000006cde00000, 0x00000006cdf00000|  0%| F|  |TAMS 0x00000006cde00000, 0x00000006cde00000| Untracked 
| 209|0x00000006cdf00000, 0x00000006cdf00000, 0x00000006ce000000|  0%| F|  |TAMS 0x00000006cdf00000, 0x00000006cdf00000| Untracked 
| 210|0x00000006ce000000, 0x00000006ce000000, 0x00000006ce100000|  0%| F|  |TAMS 0x00000006ce000000, 0x00000006ce000000| Untracked 
| 211|0x00000006ce100000, 0x00000006ce100000, 0x00000006ce200000|  0%| F|  |TAMS 0x00000006ce100000, 0x00000006ce100000| Untracked 
| 212|0x00000006ce200000, 0x00000006ce200000, 0x00000006ce300000|  0%| F|  |TAMS 0x00000006ce200000, 0x00000006ce200000| Untracked 
| 213|0x00000006ce300000, 0x00000006ce300000, 0x00000006ce400000|  0%| F|  |TAMS 0x00000006ce300000, 0x00000006ce300000| Untracked 
| 214|0x00000006ce400000, 0x00000006ce400000, 0x00000006ce500000|  0%| F|  |TAMS 0x00000006ce400000, 0x00000006ce400000| Untracked 
| 215|0x00000006ce500000, 0x00000006ce500000, 0x00000006ce600000|  0%| F|  |TAMS 0x00000006ce500000, 0x00000006ce500000| Untracked 
| 216|0x00000006ce600000, 0x00000006ce600000, 0x00000006ce700000|  0%| F|  |TAMS 0x00000006ce600000, 0x00000006ce600000| Untracked 
| 217|0x00000006ce700000, 0x00000006ce700000, 0x00000006ce800000|  0%| F|  |TAMS 0x00000006ce700000, 0x00000006ce700000| Untracked 
| 218|0x00000006ce800000, 0x00000006ce800000, 0x00000006ce900000|  0%| F|  |TAMS 0x00000006ce800000, 0x00000006ce800000| Untracked 
| 219|0x00000006ce900000, 0x00000006ce900000, 0x00000006cea00000|  0%| F|  |TAMS 0x00000006ce900000, 0x00000006ce900000| Untracked 
| 220|0x00000006cea00000, 0x00000006cea00000, 0x00000006ceb00000|  0%| F|  |TAMS 0x00000006cea00000, 0x00000006cea00000| Untracked 
| 221|0x00000006ceb00000, 0x00000006ceb00000, 0x00000006cec00000|  0%| F|  |TAMS 0x00000006ceb00000, 0x00000006ceb00000| Untracked 
| 222|0x00000006cec00000, 0x00000006cec00000, 0x00000006ced00000|  0%| F|  |TAMS 0x00000006cec00000, 0x00000006cec00000| Untracked 
| 223|0x00000006ced00000, 0x00000006ced00000, 0x00000006cee00000|  0%| F|  |TAMS 0x00000006ced00000, 0x00000006ced00000| Untracked 
| 224|0x00000006cee00000, 0x00000006cee00000, 0x00000006cef00000|  0%| F|  |TAMS 0x00000006cee00000, 0x00000006cee00000| Untracked 
| 225|0x00000006cef00000, 0x00000006cef00000, 0x00000006cf000000|  0%| F|  |TAMS 0x00000006cef00000, 0x00000006cef00000| Untracked 
| 226|0x00000006cf000000, 0x00000006cf000000, 0x00000006cf100000|  0%| F|  |TAMS 0x00000006cf000000, 0x00000006cf000000| Untracked 
| 227|0x00000006cf100000, 0x00000006cf100000, 0x00000006cf200000|  0%| F|  |TAMS 0x00000006cf100000, 0x00000006cf100000| Untracked 
| 228|0x00000006cf200000, 0x00000006cf200000, 0x00000006cf300000|  0%| F|  |TAMS 0x00000006cf200000, 0x00000006cf200000| Untracked 
| 229|0x00000006cf300000, 0x00000006cf300000, 0x00000006cf400000|  0%| F|  |TAMS 0x00000006cf300000, 0x00000006cf300000| Untracked 
| 230|0x00000006cf400000, 0x00000006cf400000, 0x00000006cf500000|  0%| F|  |TAMS 0x00000006cf400000, 0x00000006cf400000| Untracked 
| 231|0x00000006cf500000, 0x00000006cf500000, 0x00000006cf600000|  0%| F|  |TAMS 0x00000006cf500000, 0x00000006cf500000| Untracked 
| 232|0x00000006cf600000, 0x00000006cf600000, 0x00000006cf700000|  0%| F|  |TAMS 0x00000006cf600000, 0x00000006cf600000| Untracked 
| 233|0x00000006cf700000, 0x00000006cf700000, 0x00000006cf800000|  0%| F|  |TAMS 0x00000006cf700000, 0x00000006cf700000| Untracked 
| 234|0x00000006cf800000, 0x00000006cf800000, 0x00000006cf900000|  0%| F|  |TAMS 0x00000006cf800000, 0x00000006cf800000| Untracked 
| 235|0x00000006cf900000, 0x00000006cf900000, 0x00000006cfa00000|  0%| F|  |TAMS 0x00000006cf900000, 0x00000006cf900000| Untracked 
| 236|0x00000006cfa00000, 0x00000006cfa00000, 0x00000006cfb00000|  0%| F|  |TAMS 0x00000006cfa00000, 0x00000006cfa00000| Untracked 
| 237|0x00000006cfb00000, 0x00000006cfb00000, 0x00000006cfc00000|  0%| F|  |TAMS 0x00000006cfb00000, 0x00000006cfb00000| Untracked 
| 238|0x00000006cfc00000, 0x00000006cfc00000, 0x00000006cfd00000|  0%| F|  |TAMS 0x00000006cfc00000, 0x00000006cfc00000| Untracked 
| 239|0x00000006cfd00000, 0x00000006cfd00000, 0x00000006cfe00000|  0%| F|  |TAMS 0x00000006cfd00000, 0x00000006cfd00000| Untracked 
| 240|0x00000006cfe00000, 0x00000006cfe00000, 0x00000006cff00000|  0%| F|  |TAMS 0x00000006cfe00000, 0x00000006cfe00000| Untracked 
| 241|0x00000006cff00000, 0x00000006cff00000, 0x00000006d0000000|  0%| F|  |TAMS 0x00000006cff00000, 0x00000006cff00000| Untracked 
| 242|0x00000006d0000000, 0x00000006d0000000, 0x00000006d0100000|  0%| F|  |TAMS 0x00000006d0000000, 0x00000006d0000000| Untracked 
| 243|0x00000006d0100000, 0x00000006d0100000, 0x00000006d0200000|  0%| F|  |TAMS 0x00000006d0100000, 0x00000006d0100000| Untracked 
| 244|0x00000006d0200000, 0x00000006d0200000, 0x00000006d0300000|  0%| F|  |TAMS 0x00000006d0200000, 0x00000006d0200000| Untracked 
| 245|0x00000006d0300000, 0x00000006d0300000, 0x00000006d0400000|  0%| F|  |TAMS 0x00000006d0300000, 0x00000006d0300000| Untracked 
| 246|0x00000006d0400000, 0x00000006d0400000, 0x00000006d0500000|  0%| F|  |TAMS 0x00000006d0400000, 0x00000006d0400000| Untracked 
| 247|0x00000006d0500000, 0x00000006d0500000, 0x00000006d0600000|  0%| F|  |TAMS 0x00000006d0500000, 0x00000006d0500000| Untracked 
| 248|0x00000006d0600000, 0x00000006d0600000, 0x00000006d0700000|  0%| F|  |TAMS 0x00000006d0600000, 0x00000006d0600000| Untracked 
| 249|0x00000006d0700000, 0x00000006d0700000, 0x00000006d0800000|  0%| F|  |TAMS 0x00000006d0700000, 0x00000006d0700000| Untracked 
| 250|0x00000006d0800000, 0x00000006d0800000, 0x00000006d0900000|  0%| F|  |TAMS 0x00000006d0800000, 0x00000006d0800000| Untracked 
| 251|0x00000006d0900000, 0x00000006d0900000, 0x00000006d0a00000|  0%| F|  |TAMS 0x00000006d0900000, 0x00000006d0900000| Untracked 
| 252|0x00000006d0a00000, 0x00000006d0a00000, 0x00000006d0b00000|  0%| F|  |TAMS 0x00000006d0a00000, 0x00000006d0a00000| Untracked 
| 253|0x00000006d0b00000, 0x00000006d0b00000, 0x00000006d0c00000|  0%| F|  |TAMS 0x00000006d0b00000, 0x00000006d0b00000| Untracked 
| 254|0x00000006d0c00000, 0x00000006d0c00000, 0x00000006d0d00000|  0%| F|  |TAMS 0x00000006d0c00000, 0x00000006d0c00000| Untracked 
| 255|0x00000006d0d00000, 0x00000006d0d00000, 0x00000006d0e00000|  0%| F|  |TAMS 0x00000006d0d00000, 0x00000006d0d00000| Untracked 
| 256|0x00000006d0e00000, 0x00000006d0e00000, 0x00000006d0f00000|  0%| F|  |TAMS 0x00000006d0e00000, 0x00000006d0e00000| Untracked 
| 257|0x00000006d0f00000, 0x00000006d0f00000, 0x00000006d1000000|  0%| F|  |TAMS 0x00000006d0f00000, 0x00000006d0f00000| Untracked 
| 258|0x00000006d1000000, 0x00000006d1000000, 0x00000006d1100000|  0%| F|  |TAMS 0x00000006d1000000, 0x00000006d1000000| Untracked 
| 259|0x00000006d1100000, 0x00000006d1100000, 0x00000006d1200000|  0%| F|  |TAMS 0x00000006d1100000, 0x00000006d1100000| Untracked 
| 260|0x00000006d1200000, 0x00000006d1200000, 0x00000006d1300000|  0%| F|  |TAMS 0x00000006d1200000, 0x00000006d1200000| Untracked 
| 261|0x00000006d1300000, 0x00000006d1300000, 0x00000006d1400000|  0%| F|  |TAMS 0x00000006d1300000, 0x00000006d1300000| Untracked 
| 262|0x00000006d1400000, 0x00000006d1400000, 0x00000006d1500000|  0%| F|  |TAMS 0x00000006d1400000, 0x00000006d1400000| Untracked 
| 263|0x00000006d1500000, 0x00000006d1500000, 0x00000006d1600000|  0%| F|  |TAMS 0x00000006d1500000, 0x00000006d1500000| Untracked 
| 264|0x00000006d1600000, 0x00000006d1600000, 0x00000006d1700000|  0%| F|  |TAMS 0x00000006d1600000, 0x00000006d1600000| Untracked 
| 265|0x00000006d1700000, 0x00000006d1700000, 0x00000006d1800000|  0%| F|  |TAMS 0x00000006d1700000, 0x00000006d1700000| Untracked 
| 266|0x00000006d1800000, 0x00000006d1800000, 0x00000006d1900000|  0%| F|  |TAMS 0x00000006d1800000, 0x00000006d1800000| Untracked 
| 267|0x00000006d1900000, 0x00000006d1900000, 0x00000006d1a00000|  0%| F|  |TAMS 0x00000006d1900000, 0x00000006d1900000| Untracked 
| 268|0x00000006d1a00000, 0x00000006d1a00000, 0x00000006d1b00000|  0%| F|  |TAMS 0x00000006d1a00000, 0x00000006d1a00000| Untracked 
| 269|0x00000006d1b00000, 0x00000006d1b00000, 0x00000006d1c00000|  0%| F|  |TAMS 0x00000006d1b00000, 0x00000006d1b00000| Untracked 
| 270|0x00000006d1c00000, 0x00000006d1c00000, 0x00000006d1d00000|  0%| F|  |TAMS 0x00000006d1c00000, 0x00000006d1c00000| Untracked 
| 271|0x00000006d1d00000, 0x00000006d1d00000, 0x00000006d1e00000|  0%| F|  |TAMS 0x00000006d1d00000, 0x00000006d1d00000| Untracked 
| 272|0x00000006d1e00000, 0x00000006d1e00000, 0x00000006d1f00000|  0%| F|  |TAMS 0x00000006d1e00000, 0x00000006d1e00000| Untracked 
| 273|0x00000006d1f00000, 0x00000006d1f00000, 0x00000006d2000000|  0%| F|  |TAMS 0x00000006d1f00000, 0x00000006d1f00000| Untracked 
| 274|0x00000006d2000000, 0x00000006d2000000, 0x00000006d2100000|  0%| F|  |TAMS 0x00000006d2000000, 0x00000006d2000000| Untracked 
| 275|0x00000006d2100000, 0x00000006d2100000, 0x00000006d2200000|  0%| F|  |TAMS 0x00000006d2100000, 0x00000006d2100000| Untracked 
| 276|0x00000006d2200000, 0x00000006d2200000, 0x00000006d2300000|  0%| F|  |TAMS 0x00000006d2200000, 0x00000006d2200000| Untracked 
| 277|0x00000006d2300000, 0x00000006d2300000, 0x00000006d2400000|  0%| F|  |TAMS 0x00000006d2300000, 0x00000006d2300000| Untracked 
| 278|0x00000006d2400000, 0x00000006d2400000, 0x00000006d2500000|  0%| F|  |TAMS 0x00000006d2400000, 0x00000006d2400000| Untracked 
| 279|0x00000006d2500000, 0x00000006d2500000, 0x00000006d2600000|  0%| F|  |TAMS 0x00000006d2500000, 0x00000006d2500000| Untracked 
| 280|0x00000006d2600000, 0x00000006d2600000, 0x00000006d2700000|  0%| F|  |TAMS 0x00000006d2600000, 0x00000006d2600000| Untracked 
| 281|0x00000006d2700000, 0x00000006d2700000, 0x00000006d2800000|  0%| F|  |TAMS 0x00000006d2700000, 0x00000006d2700000| Untracked 
| 282|0x00000006d2800000, 0x00000006d2800000, 0x00000006d2900000|  0%| F|  |TAMS 0x00000006d2800000, 0x00000006d2800000| Untracked 
| 283|0x00000006d2900000, 0x00000006d2900000, 0x00000006d2a00000|  0%| F|  |TAMS 0x00000006d2900000, 0x00000006d2900000| Untracked 
| 284|0x00000006d2a00000, 0x00000006d2a00000, 0x00000006d2b00000|  0%| F|  |TAMS 0x00000006d2a00000, 0x00000006d2a00000| Untracked 
| 285|0x00000006d2b00000, 0x00000006d2b00000, 0x00000006d2c00000|  0%| F|  |TAMS 0x00000006d2b00000, 0x00000006d2b00000| Untracked 
| 286|0x00000006d2c00000, 0x00000006d2c00000, 0x00000006d2d00000|  0%| F|  |TAMS 0x00000006d2c00000, 0x00000006d2c00000| Untracked 
| 287|0x00000006d2d00000, 0x00000006d2d98e80, 0x00000006d2e00000| 59%| S|CS|TAMS 0x00000006d2d00000, 0x00000006d2d00000| Complete 
| 288|0x00000006d2e00000, 0x00000006d2f00000, 0x00000006d2f00000|100%| S|CS|TAMS 0x00000006d2e00000, 0x00000006d2e00000| Complete 
| 289|0x00000006d2f00000, 0x00000006d3000000, 0x00000006d3000000|100%| S|CS|TAMS 0x00000006d2f00000, 0x00000006d2f00000| Complete 
| 290|0x00000006d3000000, 0x00000006d3100000, 0x00000006d3100000|100%| S|CS|TAMS 0x00000006d3000000, 0x00000006d3000000| Complete 
| 291|0x00000006d3100000, 0x00000006d3100000, 0x00000006d3200000|  0%| F|  |TAMS 0x00000006d3100000, 0x00000006d3100000| Untracked 
| 292|0x00000006d3200000, 0x00000006d3200000, 0x00000006d3300000|  0%| F|  |TAMS 0x00000006d3200000, 0x00000006d3200000| Untracked 
| 293|0x00000006d3300000, 0x00000006d3300000, 0x00000006d3400000|  0%| F|  |TAMS 0x00000006d3300000, 0x00000006d3300000| Untracked 
| 294|0x00000006d3400000, 0x00000006d3400000, 0x00000006d3500000|  0%| F|  |TAMS 0x00000006d3400000, 0x00000006d3400000| Untracked 
| 295|0x00000006d3500000, 0x00000006d3500000, 0x00000006d3600000|  0%| F|  |TAMS 0x00000006d3500000, 0x00000006d3500000| Untracked 
| 296|0x00000006d3600000, 0x00000006d3600000, 0x00000006d3700000|  0%| F|  |TAMS 0x00000006d3600000, 0x00000006d3600000| Untracked 
| 297|0x00000006d3700000, 0x00000006d3700000, 0x00000006d3800000|  0%| F|  |TAMS 0x00000006d3700000, 0x00000006d3700000| Untracked 
| 298|0x00000006d3800000, 0x00000006d3800000, 0x00000006d3900000|  0%| F|  |TAMS 0x00000006d3800000, 0x00000006d3800000| Untracked 
| 299|0x00000006d3900000, 0x00000006d3900000, 0x00000006d3a00000|  0%| F|  |TAMS 0x00000006d3900000, 0x00000006d3900000| Untracked 
| 300|0x00000006d3a00000, 0x00000006d3a00000, 0x00000006d3b00000|  0%| F|  |TAMS 0x00000006d3a00000, 0x00000006d3a00000| Untracked 
| 301|0x00000006d3b00000, 0x00000006d3b00000, 0x00000006d3c00000|  0%| F|  |TAMS 0x00000006d3b00000, 0x00000006d3b00000| Untracked 
| 302|0x00000006d3c00000, 0x00000006d3c00000, 0x00000006d3d00000|  0%| F|  |TAMS 0x00000006d3c00000, 0x00000006d3c00000| Untracked 
| 303|0x00000006d3d00000, 0x00000006d3d00000, 0x00000006d3e00000|  0%| F|  |TAMS 0x00000006d3d00000, 0x00000006d3d00000| Untracked 
| 304|0x00000006d3e00000, 0x00000006d3e00000, 0x00000006d3f00000|  0%| F|  |TAMS 0x00000006d3e00000, 0x00000006d3e00000| Untracked 
| 305|0x00000006d3f00000, 0x00000006d3f00000, 0x00000006d4000000|  0%| F|  |TAMS 0x00000006d3f00000, 0x00000006d3f00000| Untracked 
| 306|0x00000006d4000000, 0x00000006d4000000, 0x00000006d4100000|  0%| F|  |TAMS 0x00000006d4000000, 0x00000006d4000000| Untracked 
| 307|0x00000006d4100000, 0x00000006d4100000, 0x00000006d4200000|  0%| F|  |TAMS 0x00000006d4100000, 0x00000006d4100000| Untracked 
| 308|0x00000006d4200000, 0x00000006d4200000, 0x00000006d4300000|  0%| F|  |TAMS 0x00000006d4200000, 0x00000006d4200000| Untracked 
| 309|0x00000006d4300000, 0x00000006d4300000, 0x00000006d4400000|  0%| F|  |TAMS 0x00000006d4300000, 0x00000006d4300000| Untracked 
| 310|0x00000006d4400000, 0x00000006d4400000, 0x00000006d4500000|  0%| F|  |TAMS 0x00000006d4400000, 0x00000006d4400000| Untracked 
| 311|0x00000006d4500000, 0x00000006d4500000, 0x00000006d4600000|  0%| F|  |TAMS 0x00000006d4500000, 0x00000006d4500000| Untracked 
| 312|0x00000006d4600000, 0x00000006d4600000, 0x00000006d4700000|  0%| F|  |TAMS 0x00000006d4600000, 0x00000006d4600000| Untracked 
| 313|0x00000006d4700000, 0x00000006d4700000, 0x00000006d4800000|  0%| F|  |TAMS 0x00000006d4700000, 0x00000006d4700000| Untracked 
| 314|0x00000006d4800000, 0x00000006d4800000, 0x00000006d4900000|  0%| F|  |TAMS 0x00000006d4800000, 0x00000006d4800000| Untracked 
| 315|0x00000006d4900000, 0x00000006d4900000, 0x00000006d4a00000|  0%| F|  |TAMS 0x00000006d4900000, 0x00000006d4900000| Untracked 
| 316|0x00000006d4a00000, 0x00000006d4a00000, 0x00000006d4b00000|  0%| F|  |TAMS 0x00000006d4a00000, 0x00000006d4a00000| Untracked 
| 317|0x00000006d4b00000, 0x00000006d4b00000, 0x00000006d4c00000|  0%| F|  |TAMS 0x00000006d4b00000, 0x00000006d4b00000| Untracked 
| 318|0x00000006d4c00000, 0x00000006d4c80800, 0x00000006d4d00000| 50%| E|  |TAMS 0x00000006d4c00000, 0x00000006d4c00000| Complete 
| 319|0x00000006d4d00000, 0x00000006d4e00000, 0x00000006d4e00000|100%| E|CS|TAMS 0x00000006d4d00000, 0x00000006d4d00000| Complete 

Card table byte_map: [0x00000167f5790000,0x00000167f6190000] _byte_map_base: 0x00000167f2189000

Marking Bits (Prev, Next): (CMBitMap*) 0x00000167dd475ad0, (CMBitMap*) 0x00000167dd475a98
 Prev Bits: [0x0000016780000000, 0x0000016784fc8000)
 Next Bits: [0x00000167f6b90000, 0x00000167fbb58000)

Polling page: 0x00000167dd4f0000

Metaspace:

Usage:
  Non-class:     17.91 MB capacity,    17.69 MB ( 99%) used,   188.05 KB (  1%) free+waste,    38.63 KB ( <1%) overhead. 
      Class:      1.79 MB capacity,     1.68 MB ( 94%) used,    94.88 KB (  5%) free+waste,    16.50 KB ( <1%) overhead. 
       Both:     19.70 MB capacity,    19.37 MB ( 98%) used,   282.93 KB (  1%) free+waste,    55.13 KB ( <1%) overhead. 

Virtual space:
  Non-class space:       18.00 MB reserved,      18.00 MB (100%) committed 
      Class space:        1.00 GB reserved,       1.88 MB ( <1%) committed 
             Both:        1.02 GB reserved,      19.88 MB (  2%) committed 

Chunk freelists:
   Non-Class:  3.75 KB
       Class:  2.75 KB
        Both:  6.50 KB

CodeHeap 'non-profiled nmethods': size=120064Kb used=1442Kb max_used=1442Kb free=118621Kb
 bounds [0x00000167ed220000, 0x00000167ed490000, 0x00000167f4760000]
CodeHeap 'profiled nmethods': size=120000Kb used=4818Kb max_used=4869Kb free=115181Kb
 bounds [0x00000167e5cf0000, 0x00000167e61c0000, 0x00000167ed220000]
CodeHeap 'non-nmethods': size=5696Kb used=1564Kb max_used=1593Kb free=4131Kb
 bounds [0x00000167e5760000, 0x00000167e59d0000, 0x00000167e5cf0000]
 total_blobs=4387 nmethods=2430 adapters=1031
 compilation: enabled
              stopped_count=0, restarted_count=0
 full_count=0

Compilation events (10 events):
Event: 6.434 Thread 0x00000167feb7a000 nmethod 2539 0x00000167e61b2710 code [0x00000167e61b28c0, 0x00000167e61b2a50]
Event: 6.434 Thread 0x00000167feb7a000 2541       3       playn.core.Texture::finalize (16 bytes)
Event: 6.434 Thread 0x00000167feb7a000 nmethod 2541 0x00000167e61b2b10 code [0x00000167e61b2d00, 0x00000167e61b3260]
Event: 6.434 Thread 0x00000167feb6d800 2542   !   4       java.lang.ref.ReferenceQueue::enqueue (119 bytes)
Event: 6.438 Thread 0x00000167feb6d800 nmethod 2542 0x00000167ed385010 code [0x00000167ed3851e0, 0x00000167ed3858e8]
Event: 6.438 Thread 0x00000167feb6d800 2543       4       java.lang.ref.ReferenceQueue::reallyPoll (65 bytes)
Event: 6.440 Thread 0x00000167feb6d800 nmethod 2543 0x00000167ed385e90 code [0x00000167ed386020, 0x00000167ed386398]
Event: 6.440 Thread 0x00000167feb6d800 2544   !   4       java.lang.ref.ReferenceQueue::remove (125 bytes)
Event: 6.443 Thread 0x00000167feb7a000 2548       3       java.lang.AbstractStringBuilder::inflate (42 bytes)
Event: 6.443 Thread 0x00000167feb7a000 nmethod 2548 0x00000167e61b3490 code [0x00000167e61b3680, 0x00000167e61b3a80]

GC Heap History (6 events):
Event: 1.586 GC heap before
{Heap before GC invocations=0 (full 0):
 garbage-first heap   total 327680K, used 15360K [0x00000006c0e00000, 0x0000000800000000)
  region size 1024K, 16 young (16384K), 0 survivors (0K)
 Metaspace       used 13452K, capacity 13698K, committed 14080K, reserved 1062912K
  class space    used 1087K, capacity 1166K, committed 1280K, reserved 1048576K
}
Event: 1.589 GC heap after
{Heap after GC invocations=1 (full 0):
 garbage-first heap   total 327680K, used 2265K [0x00000006c0e00000, 0x0000000800000000)
  region size 1024K, 2 young (2048K), 2 survivors (2048K)
 Metaspace       used 13452K, capacity 13698K, committed 14080K, reserved 1062912K
  class space    used 1087K, capacity 1166K, committed 1280K, reserved 1048576K
}
Event: 3.215 GC heap before
{Heap before GC invocations=1 (full 0):
 garbage-first heap   total 327680K, used 163033K [0x00000006c0e00000, 0x0000000800000000)
  region size 1024K, 43 young (44032K), 2 survivors (2048K)
 Metaspace       used 17945K, capacity 18245K, committed 18432K, reserved 1067008K
  class space    used 1575K, capacity 1683K, committed 1792K, reserved 1048576K
}
Event: 3.221 GC heap after
{Heap after GC invocations=2 (full 0):
 garbage-first heap   total 327680K, used 46297K [0x00000006c0e00000, 0x0000000800000000)
  region size 1024K, 11 young (11264K), 11 survivors (11264K)
 Metaspace       used 17945K, capacity 18245K, committed 18432K, reserved 1067008K
  class space    used 1575K, capacity 1683K, committed 1792K, reserved 1048576K
}
Event: 6.427 GC heap before
{Heap before GC invocations=3 (full 0):
 garbage-first heap   total 327680K, used 153817K [0x00000006c0e00000, 0x0000000800000000)
  region size 1024K, 40 young (40960K), 11 survivors (11264K)
 Metaspace       used 19827K, capacity 20172K, committed 20352K, reserved 1067008K
  class space    used 1722K, capacity 1834K, committed 1920K, reserved 1048576K
}
Event: 6.433 GC heap after
{Heap after GC invocations=4 (full 0):
 garbage-first heap   total 327680K, used 60529K [0x00000006c0e00000, 0x0000000800000000)
  region size 1024K, 4 young (4096K), 4 survivors (4096K)
 Metaspace       used 19827K, capacity 20172K, committed 20352K, reserved 1067008K
  class space    used 1722K, capacity 1834K, committed 1920K, reserved 1048576K
}

Deoptimization events (10 events):
Event: 2.756 Thread 0x0000016786371000 Uncommon trap: reason=unstable_if action=reinterpret pc=0x00000167ed2dcca8 method=javazoom.jl.decoder.LayerIIIDecoder.decode()V @ 210 c2
Event: 2.770 Thread 0x000001678657c800 Uncommon trap: reason=unstable_if action=reinterpret pc=0x00000167ed2f5b90 method=javazoom.jl.decoder.Obuffer.clip(F)S @ 4 c2
Event: 2.770 Thread 0x000001678657c800 Uncommon trap: reason=unstable_if action=reinterpret pc=0x00000167ed2fa748 method=javazoom.jl.decoder.Obuffer.clip(F)S @ 4 c2
Event: 4.512 Thread 0x00000167dd3ff000 Uncommon trap: reason=unstable_if action=reinterpret pc=0x00000167ed262f84 method=java.util.HashMap.putVal(ILjava/lang/Object;Ljava/lang/Object;ZZ)Ljava/lang/Object; @ 181 c2
Event: 4.529 Thread 0x00000167dd3ff000 Uncommon trap: reason=unstable_if action=reinterpret pc=0x00000167ed22b164 method=java.lang.CharacterData.of(I)Ljava/lang/CharacterData; @ 4 c2
Event: 4.538 Thread 0x00000167dd3ff000 Uncommon trap: reason=unstable_if action=reinterpret pc=0x00000167ed340b7c method=java.util.ArrayList.fastRemove([Ljava/lang/Object;I)V @ 19 c2
Event: 4.586 Thread 0x00000167dd3ff000 Uncommon trap: reason=bimorphic_or_optimized_type_check action=maybe_recompile pc=0x00000167ed26c4e4 method=java.util.concurrent.ConcurrentHashMap.get(Ljava/lang/Object;)Ljava/lang/Object; @ 149 c2
Event: 4.604 Thread 0x00000167dd3ff000 Uncommon trap: reason=bimorphic_or_optimized_type_check action=maybe_recompile pc=0x00000167ed26c4e4 method=java.util.concurrent.ConcurrentHashMap.get(Ljava/lang/Object;)Ljava/lang/Object; @ 149 c2
Event: 4.615 Thread 0x00000167dd3ff000 Uncommon trap: reason=bimorphic_or_optimized_type_check action=maybe_recompile pc=0x00000167ed26c4e4 method=java.util.concurrent.ConcurrentHashMap.get(Ljava/lang/Object;)Ljava/lang/Object; @ 149 c2
Event: 4.663 Thread 0x00000167dd3ff000 Uncommon trap: reason=bimorphic_or_optimized_type_check action=maybe_recompile pc=0x00000167ed26c4e4 method=java.util.concurrent.ConcurrentHashMap.get(Ljava/lang/Object;)Ljava/lang/Object; @ 149 c2

Classes redefined (0 events):
No events

Internal exceptions (10 events):
Event: 1.607 Thread 0x00000167dd3ff000 Exception <a 'java/lang/NoSuchMethodError'{0x00000006d4c34590}: java.lang.invoke.DirectMethodHandle$Holder.invokeStatic(Ljava/lang/Object;Ljava/lang/Object;Ljava/lang/Object;Ljava/lang/Object;Ljava/lang/Object;Ljava/lang/Object;Ljava/lang/Object;Ljava/lan
Event: 1.608 Thread 0x00000167dd3ff000 Exception <a 'java/lang/NoSuchMethodError'{0x00000006d4c42140}: java.lang.invoke.DirectMethodHandle$Holder.invokeStatic(Ljava/lang/Object;Ljava/lang/Object;Ljava/lang/Object;Ljava/lang/Object;Ljava/lang/Object;Ljava/lang/Object;Ljava/lang/Object;Ljava/lan
Event: 1.609 Thread 0x00000167dd3ff000 Exception <a 'java/lang/NoSuchMethodError'{0x00000006d4c50168}: java.lang.invoke.DirectMethodHandle$Holder.invokeSpecial(Ljava/lang/Object;Ljava/lang/Object;IILjava/lang/Object;Ljava/lang/Object;Ljava/lang/Object;)Ljava/lang/Object;> (0x00000006d4c50168) 
Event: 1.609 Thread 0x00000167dd3ff000 Exception <a 'java/lang/NoSuchMethodError'{0x00000006d4c536f0}: java.lang.invoke.DelegatingMethodHandle$Holder.reinvoke_L(Ljava/lang/Object;IILjava/lang/Object;Ljava/lang/Object;Ljava/lang/Object;)Ljava/lang/Object;> (0x00000006d4c536f0) thrown at [t:/wor
Event: 1.609 Thread 0x00000167dd3ff000 Exception <a 'java/lang/NoSuchMethodError'{0x00000006d4c57978}: java.lang.invoke.DirectMethodHandle$Holder.invokeStatic(Ljava/lang/Object;Ljava/lang/Object;Ljava/lang/Object;Ljava/lang/Object;I)Ljava/lang/Object;> (0x00000006d4c57978) thrown at [t:/worksp
Event: 1.615 Thread 0x00000167dd3ff000 Exception <a 'java/io/FileNotFoundException'{0x00000006d4cbac00}> (0x00000006d4cbac00) thrown at [t:/workspace/open/src/hotspot/share/prims/jni.cpp, line 615]
Event: 4.523 Thread 0x00000167dd3ff000 Exception <a 'java/lang/NoSuchMethodError'{0x00000006d49a28d8}: java.lang.invoke.DirectMethodHandle$Holder.invokeStatic(Ljava/lang/Object;Ljava/lang/Object;Ljava/lang/Object;Ljava/lang/Object;Ljava/lang/Object;Ljava/lang/Object;Ljava/lang/Object;Ljava/lan
Event: 4.525 Thread 0x00000167dd3ff000 Exception <a 'java/lang/NoSuchMethodError'{0x00000006d49c0a78}: java.lang.invoke.DirectMethodHandle$Holder.invokeStatic(Ljava/lang/Object;Ljava/lang/Object;Ljava/lang/Object;Ljava/lang/Object;Ljava/lang/Object;Ljava/lang/Object;Ljava/lang/Object;Ljava/lan
Event: 4.526 Thread 0x00000167dd3ff000 Exception <a 'java/lang/NoSuchMethodError'{0x00000006d49dfaa8}: java.lang.invoke.DirectMethodHandle$Holder.invokeStatic(Ljava/lang/Object;Ljava/lang/Object;Ljava/lang/Object;Ljava/lang/Object;Ljava/lang/Object;Ljava/lang/Object;Ljava/lang/Object;Ljava/lan
Event: 4.527 Thread 0x00000167dd3ff000 Exception <a 'java/lang/NoSuchMethodError'{0x00000006d48003c0}: java.lang.invoke.DirectMethodHandle$Holder.invokeStatic(Ljava/lang/Object;Ljava/lang/Object;Ljava/lang/Object;Ljava/lang/Object;Ljava/lang/Object;Ljava/lang/Object;Ljava/lang/Object;Ljava/lan

Events (10 events):
Event: 6.442 Executing VM operation: RevokeBias
Event: 6.442 Executing VM operation: RevokeBias done
Event: 6.442 Executing VM operation: RevokeBias
Event: 6.442 Executing VM operation: RevokeBias done
Event: 6.442 Executing VM operation: RevokeBias
Event: 6.442 Executing VM operation: RevokeBias done
Event: 6.442 Executing VM operation: RevokeBias
Event: 6.442 Executing VM operation: RevokeBias done
Event: 6.442 Executing VM operation: BulkRevokeBias
Event: 6.442 Executing VM operation: BulkRevokeBias done


Dynamic libraries:
0x00007ff6d25e0000 - 0x00007ff6d2625000 	G:\jdk-11.0.2\bin\java.exe
0x00007ffcd90d0000 - 0x00007ffcd92c6000 	C:\Windows\SYSTEM32\ntdll.dll
0x00007ffcd8790000 - 0x00007ffcd884d000 	C:\Windows\System32\KERNEL32.DLL
0x00007ffcd69c0000 - 0x00007ffcd6c89000 	C:\Windows\System32\KERNELBASE.dll
0x00007ffcd7a70000 - 0x00007ffcd7c10000 	C:\Windows\System32\USER32.dll
0x00007ffcd7100000 - 0x00007ffcd7122000 	C:\Windows\System32\win32u.dll
0x00007ffcd8a20000 - 0x00007ffcd8a4a000 	C:\Windows\System32\GDI32.dll
0x00007ffcd6c90000 - 0x00007ffcd6d9b000 	C:\Windows\System32\gdi32full.dll
0x00007ffcd6f30000 - 0x00007ffcd6fcd000 	C:\Windows\System32\msvcp_win.dll
0x00007ffcd6da0000 - 0x00007ffcd6ea0000 	C:\Windows\System32\ucrtbase.dll
0x00007ffcbfcb0000 - 0x00007ffcbff4b000 	C:\Windows\WinSxS\amd64_microsoft.windows.common-controls_6595b64144ccf1df_6.0.19041.746_none_ca02b4b61b8320a4\COMCTL32.dll
0x00007ffcd8a50000 - 0x00007ffcd8aee000 	C:\Windows\System32\msvcrt.dll
0x00007ffcd7190000 - 0x00007ffcd71c0000 	C:\Windows\System32\IMM32.DLL
0x00007ffccdcb0000 - 0x00007ffccdcc6000 	G:\jdk-11.0.2\bin\vcruntime140.dll
0x00007ffcb06e0000 - 0x00007ffcb078a000 	G:\jdk-11.0.2\bin\msvcp140.dll
0x00007ffc76340000 - 0x00007ffc76e63000 	G:\jdk-11.0.2\bin\server\jvm.dll
0x00007ffcd8970000 - 0x00007ffcd8a1c000 	C:\Windows\System32\ADVAPI32.dll
0x00007ffcd84e0000 - 0x00007ffcd857c000 	C:\Windows\System32\sechost.dll
0x00007ffcd7280000 - 0x00007ffcd73ab000 	C:\Windows\System32\RPCRT4.dll
0x00007ffcd71c0000 - 0x00007ffcd71c8000 	C:\Windows\System32\PSAPI.DLL
0x00007ffcd4100000 - 0x00007ffcd4109000 	C:\Windows\SYSTEM32\WSOCK32.dll
0x00007ffcc6060000 - 0x00007ffcc6087000 	C:\Windows\SYSTEM32\WINMM.dll
0x00007ffcd78f0000 - 0x00007ffcd795b000 	C:\Windows\System32\WS2_32.dll
0x00007ffccf7a0000 - 0x00007ffccf7aa000 	C:\Windows\SYSTEM32\VERSION.dll
0x00007ffcd4790000 - 0x00007ffcd47a2000 	C:\Windows\SYSTEM32\kernel.appcore.dll
0x00007ffcca430000 - 0x00007ffcca441000 	G:\jdk-11.0.2\bin\verify.dll
0x00007ffcb9450000 - 0x00007ffcb9634000 	C:\Windows\SYSTEM32\DBGHELP.DLL
0x00007ffccea50000 - 0x00007ffccea7c000 	C:\Windows\SYSTEM32\dbgcore.DLL
0x00007ffcd6fd0000 - 0x00007ffcd7050000 	C:\Windows\System32\bcryptPrimitives.dll
0x00007ffcc6c10000 - 0x00007ffcc6c38000 	G:\jdk-11.0.2\bin\java.dll
0x00007ffcc6bd0000 - 0x00007ffcc6be6000 	G:\jdk-11.0.2\bin\zip.dll
0x00007ffcd23e0000 - 0x00007ffcd23ea000 	G:\jdk-11.0.2\bin\jimage.dll
0x00007ffcd7ce0000 - 0x00007ffcd8423000 	C:\Windows\System32\SHELL32.dll
0x00007ffcd4990000 - 0x00007ffcd511f000 	C:\Windows\SYSTEM32\windows.storage.dll
0x00007ffcd7510000 - 0x00007ffcd7866000 	C:\Windows\System32\combase.dll
0x00007ffcd61a0000 - 0x00007ffcd61cc000 	C:\Windows\SYSTEM32\Wldp.dll
0x00007ffcd8430000 - 0x00007ffcd84de000 	C:\Windows\System32\SHCORE.dll
0x00007ffcd73b0000 - 0x00007ffcd7405000 	C:\Windows\System32\shlwapi.dll
0x00007ffcd6740000 - 0x00007ffcd6766000 	C:\Windows\SYSTEM32\profapi.dll
0x00007ffcbcc70000 - 0x00007ffcbcc89000 	G:\jdk-11.0.2\bin\net.dll
0x00007ffcc90f0000 - 0x00007ffcc92dd000 	C:\Windows\SYSTEM32\urlmon.dll
0x00007ffccedb0000 - 0x00007ffcceeb0000 	C:\Windows\SYSTEM32\WINHTTP.dll
0x00007ffccaa60000 - 0x00007ffccad10000 	C:\Windows\SYSTEM32\iertutil.dll
0x00007ffcd5f20000 - 0x00007ffcd5f8a000 	C:\Windows\system32\mswsock.dll
0x00007ffcbcc50000 - 0x00007ffcbcc63000 	G:\jdk-11.0.2\bin\nio.dll
0x00007ffcd05f0000 - 0x00007ffcd05f9000 	G:\jdk-11.0.2\bin\prefs.dll
0x00007ffcb1ea0000 - 0x00007ffcb1ef7000 	C:\Users\manta\AppData\Local\Temp\lwjglmanta\3.1.2-build-29\lwjgl.dll
0x00007ffcba930000 - 0x00007ffcba96d000 	C:\Users\manta\AppData\Local\Temp\lwjglmanta\3.1.2-build-29\glfw.dll
0x00007ffcd42d0000 - 0x00007ffcd436e000 	C:\Windows\system32\uxtheme.dll
0x00007ffcaf210000 - 0x00007ffcaf255000 	C:\Windows\SYSTEM32\dinput8.dll
0x00007ffc8f320000 - 0x00007ffc8f331000 	C:\Windows\SYSTEM32\xinput1_4.dll
0x00007ffcd6970000 - 0x00007ffcd69be000 	C:\Windows\System32\cfgmgr32.dll
0x00007ffcd64e0000 - 0x00007ffcd650c000 	C:\Windows\SYSTEM32\DEVOBJ.dll
0x00007ffcd45b0000 - 0x00007ffcd45df000 	C:\Windows\SYSTEM32\dwmapi.dll
0x00007ffccd1e0000 - 0x00007ffccd332000 	C:\Windows\SYSTEM32\inputhost.dll
0x00007ffcd7c10000 - 0x00007ffcd7cdd000 	C:\Windows\System32\OLEAUT32.dll
0x00007ffcd3fa0000 - 0x00007ffcd4092000 	C:\Windows\SYSTEM32\CoreMessaging.dll
0x00007ffcd2490000 - 0x00007ffcd2587000 	C:\Windows\SYSTEM32\PROPSYS.dll
0x00007ffcd3a70000 - 0x00007ffcd3bc4000 	C:\Windows\SYSTEM32\wintypes.dll
0x00007ffcd3c40000 - 0x00007ffcd3f9e000 	C:\Windows\SYSTEM32\CoreUIComponents.dll
0x00007ffcd5550000 - 0x00007ffcd5583000 	C:\Windows\SYSTEM32\ntmarta.dll
0x00007ffcd8850000 - 0x00007ffcd8966000 	C:\Windows\System32\MSCTF.dll
0x00007ffcd5120000 - 0x00007ffcd512d000 	C:\Windows\SYSTEM32\HID.DLL
0x00007ffcd8c20000 - 0x00007ffcd9087000 	C:\Windows\System32\SETUPAPI.DLL
0x00007ffcd6f00000 - 0x00007ffcd6f27000 	C:\Windows\System32\bcrypt.dll
0x00007ffcd6ea0000 - 0x00007ffcd6f00000 	C:\Windows\System32\WINTRUST.dll
0x00007ffcd6810000 - 0x00007ffcd6966000 	C:\Windows\System32\CRYPT32.dll
0x00007ffcd6320000 - 0x00007ffcd6332000 	C:\Windows\SYSTEM32\MSASN1.dll
0x00007ffc8ddb0000 - 0x00007ffc8ded5000 	C:\Windows\SYSTEM32\opengl32.dll
0x00007ffcba180000 - 0x00007ffcba1ac000 	C:\Windows\SYSTEM32\GLU32.dll
0x00007ffcd71d0000 - 0x00007ffcd7279000 	C:\Windows\System32\clbcatq.dll
0x00007ffc70be0000 - 0x00007ffc735bc000 	C:\Windows\System32\DriverStore\FileRepository\nv_dispi.inf_amd64_3784df9edffd3314\nvoglv64.dll
0x00007ffcd8af0000 - 0x00007ffcd8c1a000 	C:\Windows\System32\ole32.dll
0x00007ffcd0e10000 - 0x00007ffcd0e24000 	C:\Windows\SYSTEM32\WTSAPI32.dll
0x00007ffccf720000 - 0x00007ffccf751000 	C:\Windows\SYSTEM32\cryptnet.dll
0x00007ffcd60f0000 - 0x00007ffcd60fc000 	C:\Windows\SYSTEM32\cryptbase.dll
0x00007ffcc6590000 - 0x00007ffcc65cb000 	C:\Windows\SYSTEM32\dxcore.dll
0x00007ffc973f0000 - 0x00007ffc976a9000 	C:\Windows\system32\nvspcap64.dll
0x00007ffcd6670000 - 0x00007ffcd66bb000 	C:\Windows\SYSTEM32\powrprof.dll
0x00007ffcd6650000 - 0x00007ffcd6662000 	C:\Windows\SYSTEM32\UMPDC.dll
0x00007ffcd6540000 - 0x00007ffcd659a000 	C:\Windows\SYSTEM32\WINSTA.dll
0x00007ffccd3f0000 - 0x00007ffccd4eb000 	C:\Windows\SYSTEM32\textinputframework.dll
0x00007ffcaea90000 - 0x00007ffcaeaec000 	C:\Users\manta\AppData\Local\Temp\lwjglmanta\3.1.2-build-29\lwjgl_opengl.dll
0x00007ffc7ac30000 - 0x00007ffc7adce000 	G:\jdk-11.0.2\bin\awt.dll
0x00007ffcd2b90000 - 0x00007ffcd3150000 	C:\Windows\SYSTEM32\d2d1.dll
0x00007ffcd41d0000 - 0x00007ffcd4260000 	C:\Windows\SYSTEM32\apphelp.dll
0x00007ffcba4c0000 - 0x00007ffcba4d2000 	G:\jdk-11.0.2\bin\jsound.dll
0x00007ffc8e5d0000 - 0x00007ffc8e66c000 	C:\Windows\SYSTEM32\DSOUND.dll
0x00007ffcb1380000 - 0x00007ffcb13a6000 	C:\Windows\SYSTEM32\winmmbase.dll
0x00007ffcd0bc0000 - 0x00007ffcd0c45000 	C:\Windows\System32\MMDevApi.dll
0x00007ffcbd880000 - 0x00007ffcbd8c6000 	C:\Windows\SYSTEM32\wdmaud.drv
0x00007ffcd1b90000 - 0x00007ffcd1b99000 	C:\Windows\SYSTEM32\ksuser.dll
0x00007ffcd09b0000 - 0x00007ffcd09ba000 	C:\Windows\SYSTEM32\AVRT.dll
0x00007ffcd0ea0000 - 0x00007ffcd1023000 	C:\Windows\SYSTEM32\AUDIOSES.DLL
0x00007ffcbd870000 - 0x00007ffcbd87d000 	C:\Windows\SYSTEM32\msacm32.drv
0x00007ffcbc060000 - 0x00007ffcbc07e000 	C:\Windows\SYSTEM32\MSACM32.dll
0x00007ffcbb590000 - 0x00007ffcbb59b000 	C:\Windows\SYSTEM32\midimap.dll
0x00007ffcd43b0000 - 0x00007ffcd43c4000 	C:\Windows\SYSTEM32\resourcepolicyclient.dll
0x00007ffccd4f0000 - 0x00007ffccd631000 	C:\Windows\System32\Windows.UI.dll
0x00007ffccd340000 - 0x00007ffccd3e1000 	C:\Windows\System32\WindowManagementAPI.dll
0x00007ffccf7b0000 - 0x00007ffccf9b1000 	C:\Windows\System32\twinapi.appcore.dll
0x00007ffcab6f0000 - 0x00007ffcab770000 	G:\jdk-11.0.2\bin\freetype.dll
0x00007ffcaaca0000 - 0x00007ffcaad0f000 	G:\jdk-11.0.2\bin\fontmanager.dll

dbghelp: loaded successfully - version: 4.0.5 - missing functions: none
symbol engine: initialized successfully - sym options: 0x614 - pdb path: .;G:\jdk-11.0.2\bin;C:\Windows\SYSTEM32;C:\Windows\WinSxS\amd64_microsoft.windows.common-controls_6595b64144ccf1df_6.0.19041.746_none_ca02b4b61b8320a4;G:\jdk-11.0.2\bin\server;C:\Users\manta\AppData\Local\Temp\lwjglmanta\3.1.2-build-29;C:\Windows\System32\DriverStore\FileRepository\nv_dispi.inf_amd64_3784df9edffd3314

VM Arguments:
jvm_args: -Dfoo=bar 
java_command: playn.sample.hello.java.HelloGameJava
java_class_path (initial): C:\Users\manta\OneDrive\Документы\GitHub\warpdeath\playn-samples-master\hello\java\target\classes;C:\Users\manta\OneDrive\Документы\GitHub\warpdeath\playn-samples-master\hello\core\target\classes;C:\Users\manta\.m2\repository\io\playn\playn-scene\2.0\playn-scene-2.0.jar;C:\Users\manta\.m2\repository\io\playn\playn-core\2.0\playn-core-2.0.jar;C:\Users\manta\.m2\repository\com\samskivert\pythagoras\1.4.3\pythagoras-1.4.3.jar;C:\Users\manta\.m2\repository\com\threerings\react\1.5.3\react-1.5.3.jar;C:\Users\manta\OneDrive\Документы\GitHub\warpdeath\playn-samples-master\hello\assets\target\classes;C:\Users\manta\.m2\repository\io\playn\playn-java-lwjgl\2.0\playn-java-lwjgl-2.0.jar;C:\Users\manta\.m2\repository\io\playn\playn-java-base\2.0\playn-java-base-2.0.jar;C:\Users\manta\.m2\repository\com\googlecode\soundlibs\mp3spi\1.9.5-1\mp3spi-1.9.5-1.jar;C:\Users\manta\.m2\repository\com\googlecode\soundlibs\jlayer\1.0.1-1\jlayer-1.0.1-1.jar;C:\Users\manta\.m2\repository\com\googlecode\soundlibs\tritonus-share\0.3.7-1\tritonus-share-0.3.7-1.jar;C:\Users\manta\.m2\repository\org\java-websocket\Java-WebSocket\1.3.0\Java-WebSocket-1.3.0.jar;C:\Users\manta\.m2\repository\org\lwjgl\lwjgl\3.1.2\lwjgl-3.1.2.jar;C:\Users\manta\.m2\repository\org\lwjgl\lwjgl\3.1.2\lwjgl-3.1.2-natives-linux.jar;C:\Users\manta\.m2\repository\org\lwjgl\lwjgl\3.1.2\lwjgl-3.1.2-natives-windows.jar;C:\Users\manta\.m2\repository\org\lwjgl\lwjgl\3.1.2\lwjgl-3.1.2-natives-macos.jar;C:\Users\manta\.m2\repository\org\lwjgl\lwjgl-opengl\3.1.2\lwjgl-opengl-3.1.2.jar;C:\Users\manta\.m2\repository\org\lwjgl\lwjgl-opengl\3.1.2\lwjgl-opengl-3.1.2-natives-linux.jar;C:\Users\manta\.m2\repository\org\lwjgl\lwjgl-opengl\3.1.2\lwjgl-opengl-3.1.2-natives-windows.jar;C:\Users\manta\.m2\repository\org\lwjgl\lwjgl-opengl\3.1.2\lwjgl-opengl-3.1.2-natives-macos.jar;C:\Users\manta\.m2\repository\org\lwjgl\lwjgl-glfw\3.1.2\lwjgl-glfw-3.1.2.jar;C:\Users\manta\.m2\repository\org\lwjgl\lwjgl-glfw\3.1.2\lw
Launcher Type: SUN_STANDARD

[Global flags]
     intx CICompilerCount                          = 3                                         {product} {ergonomic}
     uint ConcGCThreads                            = 1                                         {product} {ergonomic}
     uint G1ConcRefinementThreads                  = 4                                         {product} {ergonomic}
   size_t G1HeapRegionSize                         = 1048576                                   {product} {ergonomic}
    uintx GCDrainStackTargetSize                   = 64                                        {product} {ergonomic}
   size_t InitialHeapSize                          = 335544320                                 {product} {ergonomic}
   size_t MarkStackSize                            = 4194304                                   {product} {ergonomic}
   size_t MaxHeapSize                              = 5354029056                                {product} {ergonomic}
   size_t MaxNewSize                               = 3211788288                                {product} {ergonomic}
   size_t MinHeapDeltaBytes                        = 1048576                                   {product} {ergonomic}
    uintx NonNMethodCodeHeapSize                   = 5830092                                {pd product} {ergonomic}
    uintx NonProfiledCodeHeapSize                  = 122914074                              {pd product} {ergonomic}
    uintx ProfiledCodeHeapSize                     = 122914074                              {pd product} {ergonomic}
    uintx ReservedCodeCacheSize                    = 251658240                              {pd product} {ergonomic}
     bool SegmentedCodeCache                       = true                                      {product} {ergonomic}
     bool UseCompressedClassPointers               = true                                 {lp64_product} {ergonomic}
     bool UseCompressedOops                        = true                                 {lp64_product} {ergonomic}
     bool UseG1GC                                  = true                                      {product} {ergonomic}
     bool UseLargePagesIndividualAllocation        = false                                  {pd product} {ergonomic}

Logging:
Log output configuration:
 #0: stdout all=warning uptime,level,tags
 #1: stderr all=off uptime,level,tags

Environment Variables:
PATH=C:\Windows\system32;C:\Windows;C:\Windows\System32\Wbem;C:\Windows\System32\WindowsPowerShell\v1.0\;C:\Windows\System32\OpenSSH\;C:\Program Files (x86)\NVIDIA Corporation\PhysX\Common;C:\Program Files\NVIDIA Corporation\NVIDIA NvDLISR;C:\Program Files\Polyspace\R2020b\bin;C:\Users\manta\AppData\Local\Microsoft\WindowsApps;C:\Users\manta\AppData\Local\atom\bin;C:\Users\manta\AppData\Local\GitHubDesktop\bin;G:\jdk-11.0.2\bin;G:\apache-maven-3.8.1\bin;
USERNAME=manta
OS=Windows_NT
PROCESSOR_IDENTIFIER=Intel64 Family 6 Model 60 Stepping 3, GenuineIntel



---------------  S Y S T E M  ---------------

OS: Windows 10 , 64 bit Build 19041 (10.0.19041.662)

CPU:total 4 (initial active 4) (4 cores per cpu, 1 threads per core) family 6 model 60 stepping 3, cmov, cx8, fxsr, mmx, sse, sse2, sse3, ssse3, sse4.1, sse4.2, popcnt, avx, avx2, aes, clmul, erms, lzcnt, tsc, tscinvbit, bmi1, bmi2, fma

Memory: 4k page, system-wide physical 20419M (8990M free)
TotalPageFile size 27649M (AvailPageFile size 3943M)
current process WorkingSet (physical memory assigned to process): 333M, peak: 363M
current process commit charge ("private bytes"): 503M, peak: 540M

vm_info: OpenJDK 64-Bit Server VM (11.0.2+9) for windows-amd64 JRE (11.0.2+9), built on Jan 18 2019 05:23:22 by "mach5one" with MS VC++ 15.5 (VS2017)

END.
