#
# A fatal error has been detected by the Java Runtime Environment:
#
#  EXCEPTION_ACCESS_VIOLATION (0xc0000005) at pc=0x00007ffc1be9ecfd, pid=30564, tid=0x0000000000005eb8
#
# JRE version: OpenJDK Runtime Environment (8.0_282-b08) (build 1.8.0_282-b08)
# Java VM: OpenJDK 64-Bit Server VM (25.282-b08 mixed mode windows-amd64 compressed oops)
# Problematic frame:
# C  [lwjgl_opengl.dll+0xecfd]
#
# Failed to write core dump. Minidumps are not enabled by default on client versions of Windows
#
# If you would like to submit a bug report, please visit:
#   https://github.com/AdoptOpenJDK/openjdk-support/issues
# The crash happened outside the Java Virtual Machine in native code.
# See problematic frame for where to report the bug.
#

---------------  T H R E A D  ---------------

Current thread (0x00000231f327e000):  JavaThread "Finalizer" daemon [_thread_in_native, id=24248, stack(0x0000009584600000,0x0000009584700000)]

siginfo: ExceptionCode=0xc0000005, reading address 0x00000000000009d8

Registers:
RAX=0x00000000766f9660, RBX=0x000000000000410e, RCX=0x0000000000000001, RDX=0x00000231f4991220
RSP=0x00000095846ff058, RBP=0x00000095846ff0c0, RSI=0x00000231fcab7d88, RDI=0x00000231f4991220
R8 =0x0000000000000001, R9 =0x00000231f4991220, R10=0x0000000000000000, R11=0x0000000000000001
R12=0x0000000000000000, R13=0x00000095846ff3c0, R14=0x00000095846ff0b0, R15=0x00000231f327e000
RIP=0x00007ffc1be9ecfd, EFLAGS=0x0000000000010246

Top of Stack: (sp=0x00000095846ff058)
0x00000095846ff058:   00000231d8037621 00000231d61f0da0
0x00000095846ff068:   00000095846ff090 0000023100000003
0x00000095846ff078:   0000000076001fc1 0000000000000700
0x00000095846ff088:   00000000000007a0 0000000076144170
0x00000095846ff098:   0000000000000000 0000000000000000
0x00000095846ff0a8:   0000000076144d60 000000075b813040
0x00000095846ff0b8:   00000231f327e000 00000095846ff410
0x00000095846ff0c8:   00000231d8036714 00000231fc7ba630
0x00000095846ff0d8:   00000231d7c0fa1b 3ff5555555555555
0x00000095846ff0e8:   000000007616529d 0000000000000000
0x00000095846ff0f8:   00000231f29ab8f8 0000000000000000
0x00000095846ff108:   0000000000000000 00000231d61d8320
0x00000095846ff118:   0000000076164ec5 00000231f327e000
0x00000095846ff128:   0000000000000000 0000000000000000
0x00000095846ff138:   0000000000000000 0000000000000021
0x00000095846ff148:   0000000076164fe5 00000231f2a794e8 

Instructions: (pc=0x00007ffc1be9ecfd)
0x00007ffc1be9ecdd:   49 ff a2 00 0f 00 00 cc cc cc cc cc cc cc cc cc
0x00007ffc1be9eced:   cc cc cc 48 8b 01 49 8b d1 41 8b c8 4c 8b 50 18
0x00007ffc1be9ecfd:   49 ff a2 d8 09 00 00 cc cc cc cc cc cc cc cc cc
0x00007ffc1be9ed0d:   cc cc cc 48 8b 01 49 8b d1 41 8b c8 4c 8b 50 18 


Register to memory mapping:

RAX=0x00000000766f9660 is an unknown value
RBX=0x000000000000410e is an unknown value
RCX=0x0000000000000001 is an unknown value
RDX=0x00000231f4991220 is an unknown value
RSP=0x00000095846ff058 is pointing into the stack for thread: 0x00000231f327e000
RBP=0x00000095846ff0c0 is pointing into the stack for thread: 0x00000231f327e000
RSI=0x00000231fcab7d88 is pointing into metadata
RDI=0x00000231f4991220 is an unknown value
R8 =0x0000000000000001 is an unknown value
R9 =0x00000231f4991220 is an unknown value
R10=0x0000000000000000 is an unknown value
R11=0x0000000000000001 is an unknown value
R12=0x0000000000000000 is an unknown value
R13=0x00000095846ff3c0 is pointing into the stack for thread: 0x00000231f327e000
R14=0x00000095846ff0b0 is pointing into the stack for thread: 0x00000231f327e000
R15=0x00000231f327e000 is a thread


Stack: [0x0000009584600000,0x0000009584700000],  sp=0x00000095846ff058,  free space=1020k
Native frames: (J=compiled Java code, j=interpreted, Vv=VM code, C=native code)
C  [lwjgl_opengl.dll+0xecfd]

Java frames: (J=compiled Java code, j=interpreted, Vv=VM code)
J 1477  org.lwjgl.opengl.GL11.nglDeleteTextures(IJ)V (0 bytes) @ 0x00000231d8037584 [0x00000231d8037540+0x44]
J 1475 C1 playn.java.LWJGLGL20.glDeleteTextures(ILjava/nio/IntBuffer;)V (5 bytes) @ 0x00000231d8036714 [0x00000231d8036360+0x3b4]
J 1389 C1 playn.core.Texture.release()V (52 bytes) @ 0x00000231d7fe4724 [0x00000231d7fe40c0+0x664]
J 1280 C1 playn.scene.ImageLayer.setTile(Lplayn/core/Tile;)Lplayn/scene/ImageLayer; (47 bytes) @ 0x00000231d7fa4844 [0x00000231d7fa4680+0x1c4]
J 1701 C1 playn.scene.ImageLayer.finalize()V (10 bytes) @ 0x00000231d7c13484 [0x00000231d7c13400+0x84]
J 1541 C1 java.lang.ref.Finalizer.runFinalizer(Lsun/misc/JavaLangAccess;)V (62 bytes) @ 0x00000231d8080494 [0x00000231d807ff00+0x594]
J 1537 C1 java.lang.ref.Finalizer.access$100(Ljava/lang/ref/Finalizer;Lsun/misc/JavaLangAccess;)V (6 bytes) @ 0x00000231d80718dc [0x00000231d8071880+0x5c]
j  java.lang.ref.Finalizer$FinalizerThread.run()V+45
v  ~StubRoutines::call_stub

---------------  P R O C E S S  ---------------

Java Threads: ( => current thread )
  0x00000231fb38e000 JavaThread "pool-1-thread-4" [_thread_in_Java, id=15256, stack(0x0000009585800000,0x0000009585900000)]
  0x00000231fb38d000 JavaThread "pool-1-thread-3" [_thread_blocked, id=29148, stack(0x0000009585700000,0x0000009585800000)]
  0x00000231fb38b800 JavaThread "pool-1-thread-2" [_thread_blocked, id=31620, stack(0x0000009585600000,0x0000009585700000)]
  0x00000231fb38f000 JavaThread "pool-1-thread-1" [_thread_blocked, id=29328, stack(0x0000009585500000,0x0000009585600000)]
  0x00000231fb832800 JavaThread "Java2D Disposer" daemon [_thread_blocked, id=32928, stack(0x0000009585400000,0x0000009585500000)]
  0x00000231f3a5a000 JavaThread "Service Thread" daemon [_thread_blocked, id=8500, stack(0x0000009584c00000,0x0000009584d00000)]
  0x00000231f39e3000 JavaThread "C1 CompilerThread2" daemon [_thread_blocked, id=26456, stack(0x0000009584b00000,0x0000009584c00000)]
  0x00000231f39df800 JavaThread "C2 CompilerThread1" daemon [_thread_blocked, id=30576, stack(0x0000009584a00000,0x0000009584b00000)]
  0x00000231f39db000 JavaThread "C2 CompilerThread0" daemon [_thread_blocked, id=16900, stack(0x0000009584900000,0x0000009584a00000)]
  0x00000231f39d4000 JavaThread "Attach Listener" daemon [_thread_blocked, id=29904, stack(0x0000009584800000,0x0000009584900000)]
  0x00000231f39c7800 JavaThread "Signal Dispatcher" daemon [_thread_blocked, id=21628, stack(0x0000009584700000,0x0000009584800000)]
=>0x00000231f327e000 JavaThread "Finalizer" daemon [_thread_in_native, id=24248, stack(0x0000009584600000,0x0000009584700000)]
  0x00000231f39a6000 JavaThread "Reference Handler" daemon [_thread_blocked, id=10744, stack(0x0000009584500000,0x0000009584600000)]
  0x00000231d61db800 JavaThread "main" [_thread_in_native, id=10932, stack(0x0000009583f00000,0x0000009584000000)]

Other Threads:
  0x00000231f3982800 VMThread [stack: 0x0000009584400000,0x0000009584500000] [id=18616]
  0x00000231f3a6e000 WatcherThread [stack: 0x0000009584d00000,0x0000009584e00000] [id=19848]

VM state:not at safepoint (normal execution)

VM Mutex/Monitor currently owned by a thread: None

heap address: 0x0000000680e00000, size: 5106 MB, Compressed Oops mode: Zero based, Oop shift amount: 3
Narrow klass base: 0x0000000000000000, Narrow klass shift: 3
Compressed class space size: 1073741824 Address: 0x00000007c0000000

Heap:
 PSYoungGen      total 95744K, used 15485K [0x0000000755a00000, 0x000000075c480000, 0x00000007c0000000)
  eden space 82432K, 12% used [0x0000000755a00000,0x00000007564059a0,0x000000075aa80000)
  from space 13312K, 39% used [0x000000075b780000,0x000000075bc99e58,0x000000075c480000)
  to   space 13312K, 0% used [0x000000075aa80000,0x000000075aa80000,0x000000075b780000)
 ParOldGen       total 218624K, used 51K [0x0000000680e00000, 0x000000068e380000, 0x0000000755a00000)
  object space 218624K, 0% used [0x0000000680e00000,0x0000000680e0cc30,0x000000068e380000)
 Metaspace       used 14135K, capacity 14397K, committed 14592K, reserved 1062912K
  class space    used 1341K, capacity 1423K, committed 1536K, reserved 1048576K

Card table byte_map: [0x00000231e6ed0000,0x00000231e78d0000] byte_map_base: 0x00000231e3ac9000

Marking Bits: (ParMarkBitMap*) 0x000000007676b810
 Begin Bits: [0x00000231e7f80000, 0x00000231ecf48000)
 End Bits:   [0x00000231ecf48000, 0x00000231f1f10000)

Polling page: 0x00000231d62f0000

CodeCache: size=245760Kb used=6016Kb max_used=6042Kb free=239743Kb
 bounds [0x00000231d7b10000, 0x00000231d8100000, 0x00000231e6b10000]
 total_blobs=2723 nmethods=1692 adapters=943
 compilation: enabled

Compilation events (10 events):
Event: 14.990 Thread 0x00000231f39db000 1698   !   4       java.lang.ref.Reference::tryHandlePending (115 bytes)
Event: 14.990 Thread 0x00000231f39df800 1699   !   4       java.lang.ref.ReferenceQueue::enqueue (119 bytes)
Event: 14.993 Thread 0x00000231f39df800 nmethod 1699 0x00000231d80ed010 code [0x00000231d80ed160, 0x00000231d80ed648]
Event: 14.994 Thread 0x00000231f39e3000 1700       3       playn.core.Texture::finalize (16 bytes)
Event: 14.995 Thread 0x00000231f39e3000 nmethod 1700 0x00000231d7c13ed0 code [0x00000231d7c14060, 0x00000231d7c145a0]
Event: 14.995 Thread 0x00000231f39e3000 1702       3       java.util.zip.Inflater::finalize (5 bytes)
Event: 14.995 Thread 0x00000231f39e3000 nmethod 1702 0x00000231d7c12310 code [0x00000231d7c12480, 0x00000231d7c12610]
Event: 14.995 Thread 0x00000231f39e3000 1701       3       playn.scene.ImageLayer::finalize (10 bytes)
Event: 14.995 Thread 0x00000231f39df800 1703       4       java.net.URLStreamHandler::setURL (73 bytes)
Event: 14.995 Thread 0x00000231f39e3000 nmethod 1701 0x00000231d7c13290 code [0x00000231d7c13400, 0x00000231d7c13590]

GC Heap History (4 events):
Event: 12.479 GC heap before
{Heap before GC invocations=1 (full 0):
 PSYoungGen      total 95744K, used 82432K [0x0000000755a00000, 0x000000075c480000, 0x00000007c0000000)
  eden space 82432K, 100% used [0x0000000755a00000,0x000000075aa80000,0x000000075aa80000)
  from space 13312K, 0% used [0x000000075b780000,0x000000075b780000,0x000000075c480000)
  to   space 13312K, 0% used [0x000000075aa80000,0x000000075aa80000,0x000000075b780000)
 ParOldGen       total 218624K, used 0K [0x0000000680e00000, 0x000000068e380000, 0x0000000755a00000)
  object space 218624K, 0% used [0x0000000680e00000,0x0000000680e00000,0x000000068e380000)
 Metaspace       used 14095K, capacity 14269K, committed 14592K, reserved 1062912K
  class space    used 1339K, capacity 1423K, committed 1536K, reserved 1048576K
Event: 12.486 GC heap after
Heap after GC invocations=1 (full 0):
 PSYoungGen      total 95744K, used 7887K [0x0000000755a00000, 0x000000075c480000, 0x00000007c0000000)
  eden space 82432K, 0% used [0x0000000755a00000,0x0000000755a00000,0x000000075aa80000)
  from space 13312K, 59% used [0x000000075aa80000,0x000000075b233cf0,0x000000075b780000)
  to   space 13312K, 0% used [0x000000075b780000,0x000000075b780000,0x000000075c480000)
 ParOldGen       total 218624K, used 43K [0x0000000680e00000, 0x000000068e380000, 0x0000000755a00000)
  object space 218624K, 0% used [0x0000000680e00000,0x0000000680e0ac30,0x000000068e380000)
 Metaspace       used 14095K, capacity 14269K, committed 14592K, reserved 1062912K
  class space    used 1339K, capacity 1423K, committed 1536K, reserved 1048576K
}
Event: 14.982 GC heap before
{Heap before GC invocations=2 (full 0):
 PSYoungGen      total 95744K, used 90319K [0x0000000755a00000, 0x000000075c480000, 0x00000007c0000000)
  eden space 82432K, 100% used [0x0000000755a00000,0x000000075aa80000,0x000000075aa80000)
  from space 13312K, 59% used [0x000000075aa80000,0x000000075b233cf0,0x000000075b780000)
  to   space 13312K, 0% used [0x000000075b780000,0x000000075b780000,0x000000075c480000)
 ParOldGen       total 218624K, used 43K [0x0000000680e00000, 0x000000068e380000, 0x0000000755a00000)
  object space 218624K, 0% used [0x0000000680e00000,0x0000000680e0ac30,0x000000068e380000)
 Metaspace       used 14128K, capacity 14397K, committed 14592K, reserved 1062912K
  class space    used 1339K, capacity 1423K, committed 1536K, reserved 1048576K
Event: 14.987 GC heap after
Heap after GC invocations=2 (full 0):
 PSYoungGen      total 95744K, used 5223K [0x0000000755a00000, 0x000000075c480000, 0x00000007c0000000)
  eden space 82432K, 0% used [0x0000000755a00000,0x0000000755a00000,0x000000075aa80000)
  from space 13312K, 39% used [0x000000075b780000,0x000000075bc99e58,0x000000075c480000)
  to   space 13312K, 0% used [0x000000075aa80000,0x000000075aa80000,0x000000075b780000)
 ParOldGen       total 218624K, used 51K [0x0000000680e00000, 0x000000068e380000, 0x0000000755a00000)
  object space 218624K, 0% used [0x0000000680e00000,0x0000000680e0cc30,0x000000068e380000)
 Metaspace       used 14128K, capacity 14397K, committed 14592K, reserved 1062912K
  class space    used 1339K, capacity 1423K, committed 1536K, reserved 1048576K
}

Deoptimization events (10 events):
Event: 0.171 Thread 0x00000231d61db800 Uncommon trap: reason=unstable_if action=reinterpret pc=0x00000231d7c8bfd0 method=java.lang.String.indexOf([CII[CIII)I @ 123
Event: 0.171 Thread 0x00000231d61db800 Uncommon trap: reason=unstable_if action=reinterpret pc=0x00000231d7c59a7c method=java.lang.String.indexOf([CII[CIII)I @ 123
Event: 0.322 Thread 0x00000231d61db800 Uncommon trap: reason=unstable_if action=reinterpret pc=0x00000231d7cefb30 method=java.lang.String.indexOf([CII[CIII)I @ 3
Event: 7.126 Thread 0x00000231d61db800 Uncommon trap: reason=unstable_if action=reinterpret pc=0x00000231d7c81500 method=java.lang.CharacterData.of(I)Ljava/lang/CharacterData; @ 4
Event: 7.208 Thread 0x00000231d61db800 Uncommon trap: reason=class_check action=maybe_recompile pc=0x00000231d7f5787c method=java.util.HashMap.putVal(ILjava/lang/Object;Ljava/lang/Object;ZZ)Ljava/lang/Object; @ 91
Event: 7.237 Thread 0x00000231d61db800 Uncommon trap: reason=class_check action=maybe_recompile pc=0x00000231d7f3dc80 method=java.io.DataInputStream.readFully([BII)V @ 34
Event: 7.237 Thread 0x00000231d61db800 Uncommon trap: reason=class_check action=maybe_recompile pc=0x00000231d7f3dc80 method=java.io.DataInputStream.readFully([BII)V @ 34
Event: 7.237 Thread 0x00000231d61db800 Uncommon trap: reason=class_check action=maybe_recompile pc=0x00000231d7f3dc80 method=java.io.DataInputStream.readFully([BII)V @ 34
Event: 8.154 Thread 0x00000231d61db800 Uncommon trap: reason=unstable_if action=reinterpret pc=0x00000231d7ed2fa8 method=playn.scene.ImageLayer.paintImpl(Lplayn/core/Surface;)V @ 4
Event: 8.154 Thread 0x00000231d61db800 Uncommon trap: reason=unstable_if action=reinterpret pc=0x00000231d7ece280 method=playn.scene.ImageLayer.height()F @ 33

Classes redefined (0 events):
No events

Internal exceptions (10 events):
Event: 0.201 Thread 0x00000231d61db800 Exception <a 'java/lang/NoSuchMethodError': java.lang.Object.lambda$static$0(Ljava/lang/String;)Ljava/lang/Boolean;> (0x0000000755ece930) thrown at [J:\jenkins\tmp\workspace\build\src\hotspot\src\share\vm\interpreter\linkResolver.cpp, line 620]
Event: 0.211 Thread 0x00000231d61db800 Exception <a 'java/lang/NoSuchFieldError': method resolution failed> (0x0000000755f466d8) thrown at [J:\jenkins\tmp\workspace\build\src\hotspot\src\share\vm\prims\methodHandles.cpp, line 1169]
Event: 0.213 Thread 0x00000231d61db800 Exception <a 'java/lang/NoSuchFieldError': method resolution failed> (0x0000000755f53b08) thrown at [J:\jenkins\tmp\workspace\build\src\hotspot\src\share\vm\prims\methodHandles.cpp, line 1169]
Event: 1.155 Thread 0x00000231d61db800 Exception <a 'sun/nio/fs/WindowsException'> (0x000000075643b200) thrown at [J:\jenkins\tmp\workspace\build\src\hotspot\src\share\vm\prims\jni.cpp, line 711]
Event: 1.156 Thread 0x00000231d61db800 Exception <a 'sun/nio/fs/WindowsException'> (0x000000075643ba38) thrown at [J:\jenkins\tmp\workspace\build\src\hotspot\src\share\vm\prims\jni.cpp, line 711]
Event: 1.586 Thread 0x00000231d61db800 Exception <a 'java/io/FileNotFoundException'> (0x0000000756d724c8) thrown at [J:\jenkins\tmp\workspace\build\src\hotspot\src\share\vm\prims\jni.cpp, line 711]
Event: 1.601 Thread 0x00000231d61db800 Exception <a 'java/lang/ClassNotFoundException': sun/dc/DuctusRenderingEngine> (0x0000000756dc6120) thrown at [J:\jenkins\tmp\workspace\build\src\hotspot\src\share\vm\classfile\systemDictionary.cpp, line 217]
Event: 1.614 Thread 0x00000231d61db800 Exception <a 'java/io/FileNotFoundException'> (0x0000000756dd98e8) thrown at [J:\jenkins\tmp\workspace\build\src\hotspot\src\share\vm\prims\jni.cpp, line 711]
Event: 8.154 Thread 0x00000231d61db800 Implicit null exception at 0x00000231d7ed1bb4 to 0x00000231d7ed2f89
Event: 8.154 Thread 0x00000231d61db800 Implicit null exception at 0x00000231d7ece1c5 to 0x00000231d7ece271

Events (10 events):
Event: 14.995 loading class playn/core/Graphics$2
Event: 14.995 loading class playn/core/Graphics$2 done
Event: 14.995 Thread 0x00000231f39e3000 flushing nmethod 0x00000231d7c595d0
Event: 14.995 Thread 0x00000231f39e3000 flushing nmethod 0x00000231d7c8add0
Event: 14.995 Thread 0x00000231f39e3000 flushing nmethod 0x00000231d7c8b990
Event: 14.995 Thread 0x00000231f39e3000 flushing nmethod 0x00000231d7ca0510
Event: 14.995 loading class react/UnitSlot$2
Event: 14.995 loading class react/UnitSlot$2 done
Event: 14.995 loading class react/UnitSlot$1
Event: 14.995 loading class react/UnitSlot$1 done


Dynamic libraries:
0x00007ff73fa90000 - 0x00007ff73faca000 	G:\adopt\jre\bin\java.exe
0x00007ffc4ebb0000 - 0x00007ffc4ed91000 	C:\WINDOWS\SYSTEM32\ntdll.dll
0x00007ffc4c7a0000 - 0x00007ffc4c851000 	C:\WINDOWS\System32\KERNEL32.DLL
0x00007ffc4b130000 - 0x00007ffc4b3a3000 	C:\WINDOWS\System32\KERNELBASE.dll
0x00007ffc4c100000 - 0x00007ffc4c1a1000 	C:\WINDOWS\System32\ADVAPI32.dll
0x00007ffc4ea30000 - 0x00007ffc4eace000 	C:\WINDOWS\System32\msvcrt.dll
0x00007ffc4e5b0000 - 0x00007ffc4e60b000 	C:\WINDOWS\System32\sechost.dll
0x00007ffc4c220000 - 0x00007ffc4c344000 	C:\WINDOWS\System32\RPCRT4.dll
0x00007ffc4e890000 - 0x00007ffc4ea21000 	C:\WINDOWS\System32\USER32.dll
0x00007ffc4b500000 - 0x00007ffc4b520000 	C:\WINDOWS\System32\win32u.dll
0x00007ffc4e860000 - 0x00007ffc4e888000 	C:\WINDOWS\System32\GDI32.dll
0x00007ffc4b710000 - 0x00007ffc4b8a3000 	C:\WINDOWS\System32\gdi32full.dll
0x00007ffc4b460000 - 0x00007ffc4b4ff000 	C:\WINDOWS\System32\msvcp_win.dll
0x00007ffc4af50000 - 0x00007ffc4b048000 	C:\WINDOWS\System32\ucrtbase.dll
0x00007ffc38a60000 - 0x00007ffc38cc9000 	C:\WINDOWS\WinSxS\amd64_microsoft.windows.common-controls_6595b64144ccf1df_6.0.17134.1902_none_d3fc12d37c93a894\COMCTL32.dll
0x00007ffc4dee0000 - 0x00007ffc4e201000 	C:\WINDOWS\System32\combase.dll
0x00007ffc4b0b0000 - 0x00007ffc4b129000 	C:\WINDOWS\System32\bcryptPrimitives.dll
0x00007ffc4e360000 - 0x00007ffc4e38d000 	C:\WINDOWS\System32\IMM32.DLL
0x00007ffc1d350000 - 0x00007ffc1d43f000 	G:\adopt\jre\bin\msvcr120.dll
0x00007ffc1e790000 - 0x00007ffc1e836000 	G:\adopt\jre\bin\msvcp120.dll
0x0000000075f80000 - 0x00000000767ea000 	G:\adopt\jre\bin\server\jvm.dll
0x00007ffc4e850000 - 0x00007ffc4e858000 	C:\WINDOWS\System32\PSAPI.DLL
0x00007ffc46a10000 - 0x00007ffc46a1a000 	C:\WINDOWS\SYSTEM32\VERSION.dll
0x00007ffc49150000 - 0x00007ffc49173000 	C:\WINDOWS\SYSTEM32\WINMM.dll
0x00007ffc3c100000 - 0x00007ffc3c109000 	C:\WINDOWS\SYSTEM32\WSOCK32.dll
0x00007ffc4c1b0000 - 0x00007ffc4c21c000 	C:\WINDOWS\System32\WS2_32.dll
0x00007ffc49120000 - 0x00007ffc4914a000 	C:\WINDOWS\SYSTEM32\winmmbase.dll
0x00007ffc4bfd0000 - 0x00007ffc4c019000 	C:\WINDOWS\System32\cfgmgr32.dll
0x00007ffc3bc90000 - 0x00007ffc3bc9f000 	G:\adopt\jre\bin\verify.dll
0x00007ffc3bbf0000 - 0x00007ffc3bc19000 	G:\adopt\jre\bin\java.dll
0x00007ffc3aad0000 - 0x00007ffc3aae6000 	G:\adopt\jre\bin\zip.dll
0x00007ffc4c860000 - 0x00007ffc4dca5000 	C:\WINDOWS\System32\SHELL32.dll
0x00007ffc4ead0000 - 0x00007ffc4eb79000 	C:\WINDOWS\System32\shcore.dll
0x00007ffc4b8b0000 - 0x00007ffc4bfc5000 	C:\WINDOWS\System32\windows.storage.dll
0x00007ffc4de50000 - 0x00007ffc4dea1000 	C:\WINDOWS\System32\shlwapi.dll
0x00007ffc4aeb0000 - 0x00007ffc4aec1000 	C:\WINDOWS\System32\kernel.appcore.dll
0x00007ffc4ae90000 - 0x00007ffc4aeaf000 	C:\WINDOWS\System32\profapi.dll
0x00007ffc4af00000 - 0x00007ffc4af4c000 	C:\WINDOWS\System32\powrprof.dll
0x00007ffc4aed0000 - 0x00007ffc4aeda000 	C:\WINDOWS\System32\FLTLIB.DLL
0x00007ffc3a580000 - 0x00007ffc3a59a000 	G:\adopt\jre\bin\net.dll
0x00007ffc4a6b0000 - 0x00007ffc4a716000 	C:\WINDOWS\system32\mswsock.dll
0x00007ffc38d60000 - 0x00007ffc38d72000 	G:\adopt\jre\bin\nio.dll
0x00007ffc1c730000 - 0x00007ffc1c787000 	C:\Users\VovanJapan\AppData\Local\Temp\lwjglVovanJapan\3.1.2-build-29\lwjgl.dll
0x00007ffc38d20000 - 0x00007ffc38d5d000 	C:\Users\VOVANJ~1\AppData\Local\Temp\lwjglVovanJapan\3.1.2-build-29\glfw.dll
0x00007ffc492f0000 - 0x00007ffc49388000 	C:\WINDOWS\system32\uxtheme.dll
0x00007ffc1bef0000 - 0x00007ffc1bf33000 	C:\WINDOWS\SYSTEM32\dinput8.dll
0x00007ffc3a710000 - 0x00007ffc3a720000 	C:\WINDOWS\SYSTEM32\xinput1_4.dll
0x00007ffc4aab0000 - 0x00007ffc4aad7000 	C:\WINDOWS\SYSTEM32\DEVOBJ.dll
0x00007ffc3cb00000 - 0x00007ffc3cb79000 	C:\WINDOWS\SYSTEM32\inputhost.dll
0x00007ffc46860000 - 0x00007ffc469ad000 	C:\WINDOWS\SYSTEM32\wintypes.dll
0x00007ffc48fd0000 - 0x00007ffc490aa000 	C:\WINDOWS\SYSTEM32\CoreMessaging.dll
0x00007ffc46350000 - 0x00007ffc4666e000 	C:\WINDOWS\SYSTEM32\CoreUIComponents.dll
0x00007ffc49f80000 - 0x00007ffc49fb1000 	C:\WINDOWS\SYSTEM32\ntmarta.dll
0x00007ffc49540000 - 0x00007ffc49569000 	C:\WINDOWS\SYSTEM32\dwmapi.dll
0x00007ffc4e430000 - 0x00007ffc4e5a4000 	C:\WINDOWS\System32\MSCTF.dll
0x00007ffc4e610000 - 0x00007ffc4e6d2000 	C:\WINDOWS\System32\OLEAUT32.dll
0x00007ffc49ad0000 - 0x00007ffc49adc000 	C:\WINDOWS\SYSTEM32\HID.DLL
0x00007ffc4c350000 - 0x00007ffc4c79b000 	C:\WINDOWS\System32\SETUPAPI.DLL
0x00007ffc4b050000 - 0x00007ffc4b0a7000 	C:\WINDOWS\System32\WINTRUST.dll
0x00007ffc4aee0000 - 0x00007ffc4aef2000 	C:\WINDOWS\System32\MSASN1.dll
0x00007ffc4b520000 - 0x00007ffc4b702000 	C:\WINDOWS\System32\CRYPT32.dll
0x00007ffc1ae60000 - 0x00007ffc1af80000 	C:\WINDOWS\SYSTEM32\opengl32.dll
0x00007ffc362d0000 - 0x00007ffc362fc000 	C:\WINDOWS\SYSTEM32\GLU32.dll
0x00007ffbf4bd0000 - 0x00007ffbf7558000 	C:\WINDOWS\System32\DriverStore\FileRepository\nv_dispi.inf_amd64_e44a509137af5639\nvoglv64.dll
0x00007ffc4e6e0000 - 0x00007ffc4e832000 	C:\WINDOWS\System32\ole32.dll
0x00007ffc47ab0000 - 0x00007ffc47ac3000 	C:\WINDOWS\SYSTEM32\WTSAPI32.dll
0x00007ffc46690000 - 0x00007ffc466be000 	C:\WINDOWS\SYSTEM32\cryptnet.dll
0x00007ffc4a860000 - 0x00007ffc4a86b000 	C:\WINDOWS\SYSTEM32\cryptbase.dll
0x00007ffc04090000 - 0x00007ffc04349000 	C:\WINDOWS\system32\nvspcap64.dll
0x00007ffc4ac90000 - 0x00007ffc4ace6000 	C:\WINDOWS\SYSTEM32\WINSTA.dll
0x00007ffc3cbb0000 - 0x00007ffc3cc46000 	C:\WINDOWS\System32\TextInputFramework.dll
0x00007ffc1be90000 - 0x00007ffc1beec000 	C:\Users\VovanJapan\AppData\Local\Temp\lwjglVovanJapan\3.1.2-build-29\lwjgl_opengl.dll
0x00007ffc1acc0000 - 0x00007ffc1ae55000 	G:\adopt\jre\bin\awt.dll
0x00007ffc49180000 - 0x00007ffc4920b000 	C:\WINDOWS\SYSTEM32\apphelp.dll
0x00007ffc1ac20000 - 0x00007ffc1acb3000 	G:\adopt\jre\bin\freetype.dll
0x00007ffc17080000 - 0x00007ffc1713d000 	G:\adopt\jre\bin\fontmanager.dll
0x00007ffc306c0000 - 0x00007ffc30889000 	C:\WINDOWS\SYSTEM32\dbghelp.dll

VM Arguments:
jvm_args: -Dfoo=bar 
java_command: playn.sample.hello.java.HelloGameJava
java_class_path (initial): G:\GitHub\warpdeath\playn-samples-master\hello\java\target\classes;G:\GitHub\warpdeath\playn-samples-master\hello\core\target\classes;C:\Users\VovanJapan\.m2\repository\io\playn\playn-scene\2.0\playn-scene-2.0.jar;C:\Users\VovanJapan\.m2\repository\io\playn\playn-core\2.0\playn-core-2.0.jar;C:\Users\VovanJapan\.m2\repository\com\samskivert\pythagoras\1.4.3\pythagoras-1.4.3.jar;C:\Users\VovanJapan\.m2\repository\com\threerings\react\1.5.3\react-1.5.3.jar;G:\GitHub\warpdeath\playn-samples-master\hello\assets\target\classes;C:\Users\VovanJapan\.m2\repository\io\playn\playn-java-lwjgl\2.0\playn-java-lwjgl-2.0.jar;C:\Users\VovanJapan\.m2\repository\io\playn\playn-java-base\2.0\playn-java-base-2.0.jar;C:\Users\VovanJapan\.m2\repository\com\googlecode\soundlibs\mp3spi\1.9.5-1\mp3spi-1.9.5-1.jar;C:\Users\VovanJapan\.m2\repository\com\googlecode\soundlibs\jlayer\1.0.1-1\jlayer-1.0.1-1.jar;C:\Users\VovanJapan\.m2\repository\com\googlecode\soundlibs\tritonus-share\0.3.7-1\tritonus-share-0.3.7-1.jar;C:\Users\VovanJapan\.m2\repository\org\java-websocket\Java-WebSocket\1.3.0\Java-WebSocket-1.3.0.jar;C:\Users\VovanJapan\.m2\repository\org\lwjgl\lwjgl\3.1.2\lwjgl-3.1.2.jar;C:\Users\VovanJapan\.m2\repository\org\lwjgl\lwjgl\3.1.2\lwjgl-3.1.2-natives-linux.jar;C:\Users\VovanJapan\.m2\repository\org\lwjgl\lwjgl\3.1.2\lwjgl-3.1.2-natives-windows.jar;C:\Users\VovanJapan\.m2\repository\org\lwjgl\lwjgl\3.1.2\lwjgl-3.1.2-natives-macos.jar;C:\Users\VovanJapan\.m2\repository\org\lwjgl\lwjgl-opengl\3.1.2\lwjgl-opengl-3.1.2.jar;C:\Users\VovanJapan\.m2\repository\org\lwjgl\lwjgl-opengl\3.1.2\lwjgl-opengl-3.1.2-natives-linux.jar;C:\Users\VovanJapan\.m2\repository\org\lwjgl\lwjgl-opengl\3.1.2\lwjgl-opengl-3.1.2-natives-windows.jar;C:\Users\VovanJapan\.m2\repository\org\lwjgl\lwjgl-opengl\3.1.2\lwjgl-opengl-3.1.2-natives-macos.jar;C:\Users\VovanJapan\.m2\repository\org\lwjgl\lwjgl-glfw\3.1.2\lwjgl-glfw-3.1.2.jar;C:\Users\VovanJapan\.m2\repository\org\lwjgl\lwjgl-glfw\3
Launcher Type: SUN_STANDARD

Environment Variables:
PATH=G:\adopt\bin;C:\Program Files (x86)\Common Files\Oracle\Java\javapath;C:\Windows\system32;C:\Windows;C:\Windows\System32\Wbem;C:\Windows\System32\WindowsPowerShell\v1.0\;C:\Program Files\NVIDIA Corporation\NVIDIA NvDLISR;C:\Program Files (x86)\NVIDIA Corporation\PhysX\Common;C:\WINDOWS\system32;C:\WINDOWS;C:\WINDOWS\System32\Wbem;C:\WINDOWS\System32\WindowsPowerShell\v1.0\;C:\WINDOWS\System32\OpenSSH\;C:\Program Files\TortoiseSVN\bin;G:\gtksharp\bin;C:\Users\VovanJapan\AppData\Local\Microsoft\WindowsApps;C:\Users\VovanJapan\AppData\Local\atom\bin;E:\code\bin;C:\mingw-w64\mingw64\bin;G:\IntelliJ\IntelliJ IDEA Community Edition 2020.2.3\bin;;G:\javatest\apache-maven-3.6.3\bin;C:\Users\VovanJapan\AppData\Local\GitHubDesktop\bin
USERNAME=VovanJapan
OS=Windows_NT
PROCESSOR_IDENTIFIER=Intel64 Family 6 Model 60 Stepping 3, GenuineIntel



---------------  S Y S T E M  ---------------

OS: Windows 10.0 , 64 bit Build 17134 (10.0.17134.1425)

CPU:total 4 (initial active 4) (4 cores per cpu, 1 threads per core) family 6 model 60 stepping 3, cmov, cx8, fxsr, mmx, sse, sse2, sse3, ssse3, sse4.1, sse4.2, popcnt, avx, avx2, aes, clmul, erms, lzcnt, tsc, tscinvbit, bmi1, bmi2

Memory: 4k page, physical 20909416k(9378404k free), swap 33648660k(7613936k free)

vm_info: OpenJDK 64-Bit Server VM (25.282-b08) for windows-amd64 JRE (1.8.0_282-b08), built on Jan 20 2021 11:42:17 by "jenkins" with MS VC++ 12.0 (VS2013)

time: Mon Mar 29 01:21:12 2021
timezone: RTZ 2 (ceia)
elapsed time: 15.077532 seconds (0d 0h 0m 15s)

