#
# A fatal error has been detected by the Java Runtime Environment:
#
#  EXCEPTION_ACCESS_VIOLATION (0xc0000005) at pc=0x00007ffc1b89ecfd, pid=30880, tid=0x0000000000004438
#
# JRE version: OpenJDK Runtime Environment (8.0_282-b08) (build 1.8.0_282-b08)
# Java VM: OpenJDK 64-Bit Server VM (25.282-b08 mixed mode windows-amd64 compressed oops)
# Problematic frame:
# C  [lwjgl_opengl.dll+0xecfd]
#
# Failed to write core dump. Minidumps are not enabled by default on client versions of Windows
#
# If you would like to submit a bug report, please visit:
#   https://github.com/AdoptOpenJDK/openjdk-support/issues
# The crash happened outside the Java Virtual Machine in native code.
# See problematic frame for where to report the bug.
#

---------------  T H R E A D  ---------------

Current thread (0x0000018ebd15d000):  JavaThread "Finalizer" daemon [_thread_in_native, id=17464, stack(0x0000008124800000,0x0000008124900000)]

siginfo: ExceptionCode=0xc0000005, reading address 0x00000000000009d8

Registers:
RAX=0x00000000766f9660, RBX=0x0000000000003d85, RCX=0x0000000000000001, RDX=0x0000018ebee46f80
RSP=0x00000081248feb48, RBP=0x00000081248febb0, RSI=0x0000018ec693abd8, RDI=0x0000018ebee46f80
R8 =0x0000000000000001, R9 =0x0000018ebee46f80, R10=0x0000000000000000, R11=0x0000000000000001
R12=0x0000000000000000, R13=0x00000081248fedb8, R14=0x00000081248feba0, R15=0x0000018ebd15d000
RIP=0x00007ffc1b89ecfd, EFLAGS=0x0000000000010246

Top of Stack: (sp=0x00000081248feb48)
0x00000081248feb48:   0000018ea1fb8821 00000081248febd0
0x00000081248feb58:   00000000761445bc 00000081248febe0
0x00000081248feb68:   00000000761445bc 00000081248fecb8
0x00000081248feb78:   0000000076001fc1 0000000000000000
0x00000081248feb88:   0000000000000000 0000000000000000
0x00000081248feb98:   0000000000000000 0000000680e00000
0x00000081248feba8:   00000000761445bc 00000081248fee08
0x00000081248febb8:   0000018ea1fb9754 00000081248fec40
0x00000081248febc8:   00000000761445bc 0000000000000000
0x00000081248febd8:   0000000000000000 00000081248fec90
0x00000081248febe8:   0000000076144e4d 00000081248fed38
0x00000081248febf8:   0000018e9ffbe4c0 0000000076567b50
0x00000081248fec08:   000000007618749f 00000081248fecf8
0x00000081248fec18:   00000081248fec60 0000018ebc88b8f8
0x00000081248fec28:   0000018ebd15d000 0000018e9ffbe4c0
0x00000081248fec38:   00000081248fed28 0000000076567b50 

Instructions: (pc=0x00007ffc1b89ecfd)
0x00007ffc1b89ecdd:   49 ff a2 00 0f 00 00 cc cc cc cc cc cc cc cc cc
0x00007ffc1b89eced:   cc cc cc 48 8b 01 49 8b d1 41 8b c8 4c 8b 50 18
0x00007ffc1b89ecfd:   49 ff a2 d8 09 00 00 cc cc cc cc cc cc cc cc cc
0x00007ffc1b89ed0d:   cc cc cc 48 8b 01 49 8b d1 41 8b c8 4c 8b 50 18 


Register to memory mapping:

RAX=0x00000000766f9660 is an unknown value
RBX=0x0000000000003d85 is an unknown value
RCX=0x0000000000000001 is an unknown value
RDX=0x0000018ebee46f80 is an unknown value
RSP=0x00000081248feb48 is pointing into the stack for thread: 0x0000018ebd15d000
RBP=0x00000081248febb0 is pointing into the stack for thread: 0x0000018ebd15d000
RSI=0x0000018ec693abd8 is pointing into metadata
RDI=0x0000018ebee46f80 is an unknown value
R8 =0x0000000000000001 is an unknown value
R9 =0x0000018ebee46f80 is an unknown value
R10=0x0000000000000000 is an unknown value
R11=0x0000000000000001 is an unknown value
R12=0x0000000000000000 is an unknown value
R13=0x00000081248fedb8 is pointing into the stack for thread: 0x0000018ebd15d000
R14=0x00000081248feba0 is pointing into the stack for thread: 0x0000018ebd15d000
R15=0x0000018ebd15d000 is a thread


Stack: [0x0000008124800000,0x0000008124900000],  sp=0x00000081248feb48,  free space=1018k
Native frames: (J=compiled Java code, j=interpreted, Vv=VM code, C=native code)
C  [lwjgl_opengl.dll+0xecfd]

Java frames: (J=compiled Java code, j=interpreted, Vv=VM code)
J 1556  org.lwjgl.opengl.GL11.nglDeleteTextures(IJ)V (0 bytes) @ 0x0000018ea1fb8784 [0x0000018ea1fb8740+0x44]
J 1554 C1 playn.java.LWJGLGL20.glDeleteTextures(ILjava/nio/IntBuffer;)V (5 bytes) @ 0x0000018ea1fb9754 [0x0000018ea1fb93a0+0x3b4]
J 1513 C1 playn.core.Texture.release()V (52 bytes) @ 0x0000018ea1f7c964 [0x0000018ea1f7c300+0x664]
J 1280 C1 playn.scene.ImageLayer.setTile(Lplayn/core/Tile;)Lplayn/scene/ImageLayer; (47 bytes) @ 0x0000018ea1f06fc4 [0x0000018ea1f06e00+0x1c4]
j  playn.scene.ImageLayer.finalize()V+5
j  java.lang.System$2.invokeFinalize(Ljava/lang/Object;)V+1
j  java.lang.ref.Finalizer.runFinalizer(Lsun/misc/JavaLangAccess;)V+46
j  java.lang.ref.Finalizer.access$100(Ljava/lang/ref/Finalizer;Lsun/misc/JavaLangAccess;)V+2
j  java.lang.ref.Finalizer$FinalizerThread.run()V+45
v  ~StubRoutines::call_stub

---------------  P R O C E S S  ---------------

Java Threads: ( => current thread )
  0x0000018ec5317000 JavaThread "pool-1-thread-4" [_thread_blocked, id=22228, stack(0x0000008125a00000,0x0000008125b00000)]
  0x0000018ec5316800 JavaThread "pool-1-thread-3" [_thread_blocked, id=10492, stack(0x0000008125900000,0x0000008125a00000)]
  0x0000018ec53c3000 JavaThread "pool-1-thread-2" [_thread_blocked, id=32632, stack(0x0000008125800000,0x0000008125900000)]
  0x0000018ec53c2800 JavaThread "pool-1-thread-1" [_thread_blocked, id=13756, stack(0x0000008125700000,0x0000008125800000)]
  0x0000018ec562b800 JavaThread "Java2D Disposer" daemon [_thread_blocked, id=31644, stack(0x0000008125600000,0x0000008125700000)]
  0x0000018ebd967800 JavaThread "Service Thread" daemon [_thread_blocked, id=32104, stack(0x0000008124e00000,0x0000008124f00000)]
  0x0000018ebd8ea800 JavaThread "C1 CompilerThread2" daemon [_thread_blocked, id=20032, stack(0x0000008124d00000,0x0000008124e00000)]
  0x0000018ebd8e9000 JavaThread "C2 CompilerThread1" daemon [_thread_in_native, id=32428, stack(0x0000008124c00000,0x0000008124d00000)]
  0x0000018ebd8e1000 JavaThread "C2 CompilerThread0" daemon [_thread_blocked, id=30900, stack(0x0000008124b00000,0x0000008124c00000)]
  0x0000018ebd8cf800 JavaThread "Attach Listener" daemon [_thread_blocked, id=32472, stack(0x0000008124a00000,0x0000008124b00000)]
  0x0000018ebd8ca800 JavaThread "Signal Dispatcher" daemon [_thread_blocked, id=28980, stack(0x0000008124900000,0x0000008124a00000)]
=>0x0000018ebd15d000 JavaThread "Finalizer" daemon [_thread_in_native, id=17464, stack(0x0000008124800000,0x0000008124900000)]
  0x0000018ebd8a6800 JavaThread "Reference Handler" daemon [_thread_blocked, id=26588, stack(0x0000008124700000,0x0000008124800000)]
  0x0000018e9ffa8800 JavaThread "main" [_thread_in_vm, id=23656, stack(0x0000008124100000,0x0000008124200000)]

Other Threads:
  0x0000018ebd882800 VMThread [stack: 0x0000008124600000,0x0000008124700000] [id=28944]
  0x0000018ebd903800 WatcherThread [stack: 0x0000008124f00000,0x0000008125000000] [id=29804]

VM state:not at safepoint (normal execution)

VM Mutex/Monitor currently owned by a thread: None

heap address: 0x0000000680e00000, size: 5106 MB, Compressed Oops mode: Zero based, Oop shift amount: 3
Narrow klass base: 0x0000000000000000, Narrow klass shift: 3
Compressed class space size: 1073741824 Address: 0x00000007c0000000

Heap:
 PSYoungGen      total 95744K, used 19441K [0x0000000755a00000, 0x000000075c480000, 0x00000007c0000000)
  eden space 82432K, 14% used [0x0000000755a00000,0x00000007565973b8,0x000000075aa80000)
  from space 13312K, 56% used [0x000000075aa80000,0x000000075b1e5078,0x000000075b780000)
  to   space 13312K, 0% used [0x000000075b780000,0x000000075b780000,0x000000075c480000)
 ParOldGen       total 218624K, used 39K [0x0000000680e00000, 0x000000068e380000, 0x0000000755a00000)
  object space 218624K, 0% used [0x0000000680e00000,0x0000000680e09c40,0x000000068e380000)
 Metaspace       used 14115K, capacity 14357K, committed 14592K, reserved 1062912K
  class space    used 1343K, capacity 1455K, committed 1536K, reserved 1048576K

Card table byte_map: [0x0000018eb0e20000,0x0000018eb1820000] byte_map_base: 0x0000018eada19000

Marking Bits: (ParMarkBitMap*) 0x000000007676b810
 Begin Bits: [0x0000018eb1ed0000, 0x0000018eb6e98000)
 End Bits:   [0x0000018eb6e98000, 0x0000018ebbe60000)

Polling page: 0x0000018ea0190000

CodeCache: size=245760Kb used=5602Kb max_used=5615Kb free=240157Kb
 bounds [0x0000018ea1a60000, 0x0000018ea1ff0000, 0x0000018eb0a60000]
 total_blobs=2615 nmethods=1585 adapters=942
 compilation: enabled

Compilation events (10 events):
Event: 7.801 Thread 0x0000018ebd8e9000 1560       4       java.lang.Integer::valueOf (32 bytes)
Event: 7.809 Thread 0x0000018ebd8ea800 1561       3       playn.java.LWJGLPlatform::graphics (5 bytes)
Event: 7.809 Thread 0x0000018ebd8ea800 nmethod 1561 0x0000018ea1fb3750 code [0x0000018ea1fb38a0, 0x0000018ea1fb3a18]
Event: 7.809 Thread 0x0000018ebd8e1000 nmethod 1558% 0x0000018ea1fc44d0 code [0x0000018ea1fc46c0, 0x0000018ea1fc5830]
Event: 7.809 Thread 0x0000018ebd8e9000 nmethod 1560 0x0000018ea1fc2c90 code [0x0000018ea1fc2de0, 0x0000018ea1fc2ed8]
Event: 7.811 Thread 0x0000018ebd8ea800 1562   !   3       java.lang.ref.Reference::tryHandlePending (115 bytes)
Event: 7.812 Thread 0x0000018ebd8ea800 nmethod 1562 0x0000018ea1fc30d0 code [0x0000018ea1fc3300, 0x0000018ea1fc3fd0]
Event: 7.812 Thread 0x0000018ebd8ea800 1564   !   3       java.lang.ref.ReferenceQueue::enqueue (119 bytes)
Event: 7.812 Thread 0x0000018ebd8ea800 nmethod 1564 0x0000018ea1fc1dd0 code [0x0000018ea1fc1f60, 0x0000018ea1fc26f0]
Event: 7.813 Thread 0x0000018ebd8ea800 1565   !   3       com.sun.imageio.plugins.png.PNGImageReader::readMetadata (787 bytes)

GC Heap History (2 events):
Event: 7.801 GC heap before
{Heap before GC invocations=1 (full 0):
 PSYoungGen      total 95744K, used 82432K [0x0000000755a00000, 0x000000075c480000, 0x00000007c0000000)
  eden space 82432K, 100% used [0x0000000755a00000,0x000000075aa80000,0x000000075aa80000)
  from space 13312K, 0% used [0x000000075b780000,0x000000075b780000,0x000000075c480000)
  to   space 13312K, 0% used [0x000000075aa80000,0x000000075aa80000,0x000000075b780000)
 ParOldGen       total 218624K, used 0K [0x0000000680e00000, 0x000000068e380000, 0x0000000755a00000)
  object space 218624K, 0% used [0x0000000680e00000,0x0000000680e00000,0x000000068e380000)
 Metaspace       used 14083K, capacity 14261K, committed 14592K, reserved 1062912K
  class space    used 1339K, capacity 1423K, committed 1536K, reserved 1048576K
Event: 7.808 GC heap after
Heap after GC invocations=1 (full 0):
 PSYoungGen      total 95744K, used 7572K [0x0000000755a00000, 0x000000075c480000, 0x00000007c0000000)
  eden space 82432K, 0% used [0x0000000755a00000,0x0000000755a00000,0x000000075aa80000)
  from space 13312K, 56% used [0x000000075aa80000,0x000000075b1e5078,0x000000075b780000)
  to   space 13312K, 0% used [0x000000075b780000,0x000000075b780000,0x000000075c480000)
 ParOldGen       total 218624K, used 39K [0x0000000680e00000, 0x000000068e380000, 0x0000000755a00000)
  object space 218624K, 0% used [0x0000000680e00000,0x0000000680e09c40,0x000000068e380000)
 Metaspace       used 14083K, capacity 14261K, committed 14592K, reserved 1062912K
  class space    used 1339K, capacity 1423K, committed 1536K, reserved 1048576K
}

Deoptimization events (10 events):
Event: 0.175 Thread 0x0000018e9ffa8800 Uncommon trap: reason=unstable_if action=reinterpret pc=0x0000018ea1bd9c44 method=java.lang.String.indexOf([CII[CIII)I @ 123
Event: 0.328 Thread 0x0000018e9ffa8800 Uncommon trap: reason=unstable_if action=reinterpret pc=0x0000018ea1c39cac method=java.lang.String.indexOf([CII[CIII)I @ 3
Event: 4.116 Thread 0x0000018e9ffa8800 Uncommon trap: reason=unstable_if action=reinterpret pc=0x0000018ea1bd1280 method=java.lang.CharacterData.of(I)Ljava/lang/CharacterData; @ 4
Event: 4.208 Thread 0x0000018e9ffa8800 Uncommon trap: reason=class_check action=maybe_recompile pc=0x0000018ea1e8ccac method=java.io.DataInputStream.readFully([BII)V @ 34
Event: 4.208 Thread 0x0000018e9ffa8800 Uncommon trap: reason=class_check action=maybe_recompile pc=0x0000018ea1e8ccac method=java.io.DataInputStream.readFully([BII)V @ 34
Event: 4.208 Thread 0x0000018e9ffa8800 Uncommon trap: reason=class_check action=maybe_recompile pc=0x0000018ea1e8ccac method=java.io.DataInputStream.readFully([BII)V @ 34
Event: 4.228 Thread 0x0000018e9ffa8800 Uncommon trap: reason=unstable_if action=reinterpret pc=0x0000018ea1e46ab8 method=java.nio.Bits.copyFromArray(Ljava/lang/Object;JJJJ)V @ 18
Event: 4.231 Thread 0x0000018e9ffa8800 Uncommon trap: reason=unstable_if action=reinterpret pc=0x0000018ea1e491b8 method=playn.scene.ImageLayer.width()F @ 33
Event: 4.231 Thread 0x0000018e9ffa8800 Uncommon trap: reason=unstable_if action=reinterpret pc=0x0000018ea1e50cd0 method=playn.scene.ImageLayer.paintImpl(Lplayn/core/Surface;)V @ 4
Event: 4.231 Thread 0x0000018e9ffa8800 Uncommon trap: reason=unstable_if action=reinterpret pc=0x0000018ea1e4a2f8 method=playn.scene.ImageLayer.width()F @ 33

Classes redefined (0 events):
No events

Internal exceptions (10 events):
Event: 0.221 Thread 0x0000018e9ffa8800 Exception <a 'java/lang/NoSuchFieldError': method resolution failed> (0x0000000755f466d8) thrown at [J:\jenkins\tmp\workspace\build\src\hotspot\src\share\vm\prims\methodHandles.cpp, line 1169]
Event: 0.222 Thread 0x0000018e9ffa8800 Exception <a 'java/lang/NoSuchFieldError': method resolution failed> (0x0000000755f53b08) thrown at [J:\jenkins\tmp\workspace\build\src\hotspot\src\share\vm\prims\methodHandles.cpp, line 1169]
Event: 1.144 Thread 0x0000018e9ffa8800 Exception <a 'sun/nio/fs/WindowsException'> (0x000000075643b1b0) thrown at [J:\jenkins\tmp\workspace\build\src\hotspot\src\share\vm\prims\jni.cpp, line 711]
Event: 1.144 Thread 0x0000018e9ffa8800 Exception <a 'sun/nio/fs/WindowsException'> (0x000000075643b9e8) thrown at [J:\jenkins\tmp\workspace\build\src\hotspot\src\share\vm\prims\jni.cpp, line 711]
Event: 1.532 Thread 0x0000018e9ffa8800 Exception <a 'java/io/FileNotFoundException'> (0x0000000756d72400) thrown at [J:\jenkins\tmp\workspace\build\src\hotspot\src\share\vm\prims\jni.cpp, line 711]
Event: 1.547 Thread 0x0000018e9ffa8800 Exception <a 'java/lang/ClassNotFoundException': sun/dc/DuctusRenderingEngine> (0x0000000756dc6058) thrown at [J:\jenkins\tmp\workspace\build\src\hotspot\src\share\vm\classfile\systemDictionary.cpp, line 217]
Event: 1.562 Thread 0x0000018e9ffa8800 Exception <a 'java/io/FileNotFoundException'> (0x0000000756dd9820) thrown at [J:\jenkins\tmp\workspace\build\src\hotspot\src\share\vm\prims\jni.cpp, line 711]
Event: 4.231 Thread 0x0000018e9ffa8800 Implicit null exception at 0x0000018ea1e48e42 to 0x0000018ea1e49199
Event: 4.231 Thread 0x0000018e9ffa8800 Implicit null exception at 0x0000018ea1e4fd72 to 0x0000018ea1e50cb9
Event: 4.231 Thread 0x0000018e9ffa8800 Implicit null exception at 0x0000018ea1e4a1ed to 0x0000018ea1e4a2e9

Events (10 events):
Event: 7.817 Executing VM operation: RevokeBias
Event: 7.817 Executing VM operation: RevokeBias done
Event: 7.817 Executing VM operation: BulkRevokeBias
Event: 7.817 Executing VM operation: BulkRevokeBias done
Event: 7.818 loading class playn/core/Graphics$2
Event: 7.818 loading class playn/core/Graphics$2 done
Event: 7.819 loading class react/UnitSlot$2
Event: 7.819 loading class react/UnitSlot$2 done
Event: 7.819 loading class react/UnitSlot$1
Event: 7.819 loading class react/UnitSlot$1 done


Dynamic libraries:
0x00007ff73fa90000 - 0x00007ff73faca000 	G:\adopt\jre\bin\java.exe
0x00007ffc4ebb0000 - 0x00007ffc4ed91000 	C:\WINDOWS\SYSTEM32\ntdll.dll
0x00007ffc4c7a0000 - 0x00007ffc4c851000 	C:\WINDOWS\System32\KERNEL32.DLL
0x00007ffc4b130000 - 0x00007ffc4b3a3000 	C:\WINDOWS\System32\KERNELBASE.dll
0x00007ffc4c100000 - 0x00007ffc4c1a1000 	C:\WINDOWS\System32\ADVAPI32.dll
0x00007ffc4ea30000 - 0x00007ffc4eace000 	C:\WINDOWS\System32\msvcrt.dll
0x00007ffc4e5b0000 - 0x00007ffc4e60b000 	C:\WINDOWS\System32\sechost.dll
0x00007ffc4c220000 - 0x00007ffc4c344000 	C:\WINDOWS\System32\RPCRT4.dll
0x00007ffc4e890000 - 0x00007ffc4ea21000 	C:\WINDOWS\System32\USER32.dll
0x00007ffc4b500000 - 0x00007ffc4b520000 	C:\WINDOWS\System32\win32u.dll
0x00007ffc4e860000 - 0x00007ffc4e888000 	C:\WINDOWS\System32\GDI32.dll
0x00007ffc4b710000 - 0x00007ffc4b8a3000 	C:\WINDOWS\System32\gdi32full.dll
0x00007ffc4b460000 - 0x00007ffc4b4ff000 	C:\WINDOWS\System32\msvcp_win.dll
0x00007ffc4af50000 - 0x00007ffc4b048000 	C:\WINDOWS\System32\ucrtbase.dll
0x00007ffc38a60000 - 0x00007ffc38cc9000 	C:\WINDOWS\WinSxS\amd64_microsoft.windows.common-controls_6595b64144ccf1df_6.0.17134.1902_none_d3fc12d37c93a894\COMCTL32.dll
0x00007ffc4dee0000 - 0x00007ffc4e201000 	C:\WINDOWS\System32\combase.dll
0x00007ffc4b0b0000 - 0x00007ffc4b129000 	C:\WINDOWS\System32\bcryptPrimitives.dll
0x00007ffc4e360000 - 0x00007ffc4e38d000 	C:\WINDOWS\System32\IMM32.DLL
0x00007ffc1d390000 - 0x00007ffc1d47f000 	G:\adopt\jre\bin\msvcr120.dll
0x00007ffc1be90000 - 0x00007ffc1bf36000 	G:\adopt\jre\bin\msvcp120.dll
0x0000000075f80000 - 0x00000000767ea000 	G:\adopt\jre\bin\server\jvm.dll
0x00007ffc4e850000 - 0x00007ffc4e858000 	C:\WINDOWS\System32\PSAPI.DLL
0x00007ffc3c100000 - 0x00007ffc3c109000 	C:\WINDOWS\SYSTEM32\WSOCK32.dll
0x00007ffc49150000 - 0x00007ffc49173000 	C:\WINDOWS\SYSTEM32\WINMM.dll
0x00007ffc4c1b0000 - 0x00007ffc4c21c000 	C:\WINDOWS\System32\WS2_32.dll
0x00007ffc46a10000 - 0x00007ffc46a1a000 	C:\WINDOWS\SYSTEM32\VERSION.dll
0x00007ffc49120000 - 0x00007ffc4914a000 	C:\WINDOWS\SYSTEM32\WINMMBASE.dll
0x00007ffc4bfd0000 - 0x00007ffc4c019000 	C:\WINDOWS\System32\cfgmgr32.dll
0x00007ffc3bc80000 - 0x00007ffc3bc8f000 	G:\adopt\jre\bin\verify.dll
0x00007ffc3bbf0000 - 0x00007ffc3bc19000 	G:\adopt\jre\bin\java.dll
0x00007ffc3aad0000 - 0x00007ffc3aae6000 	G:\adopt\jre\bin\zip.dll
0x00007ffc4c860000 - 0x00007ffc4dca5000 	C:\WINDOWS\System32\SHELL32.dll
0x00007ffc4ead0000 - 0x00007ffc4eb79000 	C:\WINDOWS\System32\shcore.dll
0x00007ffc4b8b0000 - 0x00007ffc4bfc5000 	C:\WINDOWS\System32\windows.storage.dll
0x00007ffc4de50000 - 0x00007ffc4dea1000 	C:\WINDOWS\System32\shlwapi.dll
0x00007ffc4aeb0000 - 0x00007ffc4aec1000 	C:\WINDOWS\System32\kernel.appcore.dll
0x00007ffc4ae90000 - 0x00007ffc4aeaf000 	C:\WINDOWS\System32\profapi.dll
0x00007ffc4af00000 - 0x00007ffc4af4c000 	C:\WINDOWS\System32\powrprof.dll
0x00007ffc4aed0000 - 0x00007ffc4aeda000 	C:\WINDOWS\System32\FLTLIB.DLL
0x00007ffc3a580000 - 0x00007ffc3a59a000 	G:\adopt\jre\bin\net.dll
0x00007ffc4a6b0000 - 0x00007ffc4a716000 	C:\WINDOWS\system32\mswsock.dll
0x00007ffc38d60000 - 0x00007ffc38d72000 	G:\adopt\jre\bin\nio.dll
0x00007ffc1c730000 - 0x00007ffc1c787000 	C:\Users\VovanJapan\AppData\Local\Temp\lwjglVovanJapan\3.1.2-build-29\lwjgl.dll
0x00007ffc38d20000 - 0x00007ffc38d5d000 	C:\Users\VOVANJ~1\AppData\Local\Temp\lwjglVovanJapan\3.1.2-build-29\glfw.dll
0x00007ffc492f0000 - 0x00007ffc49388000 	C:\WINDOWS\system32\uxtheme.dll
0x00007ffc1e790000 - 0x00007ffc1e7d3000 	C:\WINDOWS\SYSTEM32\dinput8.dll
0x00007ffc3a710000 - 0x00007ffc3a720000 	C:\WINDOWS\SYSTEM32\xinput1_4.dll
0x00007ffc4aab0000 - 0x00007ffc4aad7000 	C:\WINDOWS\SYSTEM32\DEVOBJ.dll
0x00007ffc49540000 - 0x00007ffc49569000 	C:\WINDOWS\SYSTEM32\dwmapi.dll
0x00007ffc3cb00000 - 0x00007ffc3cb79000 	C:\WINDOWS\SYSTEM32\inputhost.dll
0x00007ffc48fd0000 - 0x00007ffc490aa000 	C:\WINDOWS\SYSTEM32\CoreMessaging.dll
0x00007ffc46860000 - 0x00007ffc469ad000 	C:\WINDOWS\SYSTEM32\wintypes.dll
0x00007ffc46350000 - 0x00007ffc4666e000 	C:\WINDOWS\SYSTEM32\CoreUIComponents.dll
0x00007ffc49f80000 - 0x00007ffc49fb1000 	C:\WINDOWS\SYSTEM32\ntmarta.dll
0x00007ffc4e430000 - 0x00007ffc4e5a4000 	C:\WINDOWS\System32\MSCTF.dll
0x00007ffc4e610000 - 0x00007ffc4e6d2000 	C:\WINDOWS\System32\OLEAUT32.dll
0x00007ffc49ad0000 - 0x00007ffc49adc000 	C:\WINDOWS\SYSTEM32\HID.DLL
0x00007ffc4c350000 - 0x00007ffc4c79b000 	C:\WINDOWS\System32\SETUPAPI.DLL
0x00007ffc4b050000 - 0x00007ffc4b0a7000 	C:\WINDOWS\System32\WINTRUST.dll
0x00007ffc4aee0000 - 0x00007ffc4aef2000 	C:\WINDOWS\System32\MSASN1.dll
0x00007ffc4b520000 - 0x00007ffc4b702000 	C:\WINDOWS\System32\CRYPT32.dll
0x00007ffc1ac20000 - 0x00007ffc1ad40000 	C:\WINDOWS\SYSTEM32\opengl32.dll
0x00007ffc362d0000 - 0x00007ffc362fc000 	C:\WINDOWS\SYSTEM32\GLU32.dll
0x00007ffbf4bd0000 - 0x00007ffbf7558000 	C:\WINDOWS\System32\DriverStore\FileRepository\nv_dispi.inf_amd64_e44a509137af5639\nvoglv64.dll
0x00007ffc4e6e0000 - 0x00007ffc4e832000 	C:\WINDOWS\System32\ole32.dll
0x00007ffc47ab0000 - 0x00007ffc47ac3000 	C:\WINDOWS\SYSTEM32\WTSAPI32.dll
0x00007ffc46690000 - 0x00007ffc466be000 	C:\WINDOWS\SYSTEM32\cryptnet.dll
0x00007ffc4a860000 - 0x00007ffc4a86b000 	C:\WINDOWS\SYSTEM32\cryptbase.dll
0x00007ffc04090000 - 0x00007ffc04349000 	C:\WINDOWS\system32\nvspcap64.dll
0x00007ffc4ac90000 - 0x00007ffc4ace6000 	C:\WINDOWS\SYSTEM32\WINSTA.dll
0x00007ffc3cbb0000 - 0x00007ffc3cc46000 	C:\WINDOWS\System32\TextInputFramework.dll
0x00007ffc1b890000 - 0x00007ffc1b8ec000 	C:\Users\VovanJapan\AppData\Local\Temp\lwjglVovanJapan\3.1.2-build-29\lwjgl_opengl.dll
0x00007ffc168b0000 - 0x00007ffc16a45000 	G:\adopt\jre\bin\awt.dll
0x00007ffc49180000 - 0x00007ffc4920b000 	C:\WINDOWS\SYSTEM32\apphelp.dll
0x00007ffc170a0000 - 0x00007ffc17133000 	G:\adopt\jre\bin\freetype.dll
0x00007ffc16fe0000 - 0x00007ffc1709d000 	G:\adopt\jre\bin\fontmanager.dll
0x00007ffc306c0000 - 0x00007ffc30889000 	C:\WINDOWS\SYSTEM32\dbghelp.dll

VM Arguments:
jvm_args: -Dfoo=bar 
java_command: playn.sample.hello.java.HelloGameJava
java_class_path (initial): G:\GitHub\warpdeath\playn-samples-master\hello\java\target\classes;G:\GitHub\warpdeath\playn-samples-master\hello\core\target\classes;C:\Users\VovanJapan\.m2\repository\io\playn\playn-scene\2.0\playn-scene-2.0.jar;C:\Users\VovanJapan\.m2\repository\io\playn\playn-core\2.0\playn-core-2.0.jar;C:\Users\VovanJapan\.m2\repository\com\samskivert\pythagoras\1.4.3\pythagoras-1.4.3.jar;C:\Users\VovanJapan\.m2\repository\com\threerings\react\1.5.3\react-1.5.3.jar;G:\GitHub\warpdeath\playn-samples-master\hello\assets\target\classes;C:\Users\VovanJapan\.m2\repository\io\playn\playn-java-lwjgl\2.0\playn-java-lwjgl-2.0.jar;C:\Users\VovanJapan\.m2\repository\io\playn\playn-java-base\2.0\playn-java-base-2.0.jar;C:\Users\VovanJapan\.m2\repository\com\googlecode\soundlibs\mp3spi\1.9.5-1\mp3spi-1.9.5-1.jar;C:\Users\VovanJapan\.m2\repository\com\googlecode\soundlibs\jlayer\1.0.1-1\jlayer-1.0.1-1.jar;C:\Users\VovanJapan\.m2\repository\com\googlecode\soundlibs\tritonus-share\0.3.7-1\tritonus-share-0.3.7-1.jar;C:\Users\VovanJapan\.m2\repository\org\java-websocket\Java-WebSocket\1.3.0\Java-WebSocket-1.3.0.jar;C:\Users\VovanJapan\.m2\repository\org\lwjgl\lwjgl\3.1.2\lwjgl-3.1.2.jar;C:\Users\VovanJapan\.m2\repository\org\lwjgl\lwjgl\3.1.2\lwjgl-3.1.2-natives-linux.jar;C:\Users\VovanJapan\.m2\repository\org\lwjgl\lwjgl\3.1.2\lwjgl-3.1.2-natives-windows.jar;C:\Users\VovanJapan\.m2\repository\org\lwjgl\lwjgl\3.1.2\lwjgl-3.1.2-natives-macos.jar;C:\Users\VovanJapan\.m2\repository\org\lwjgl\lwjgl-opengl\3.1.2\lwjgl-opengl-3.1.2.jar;C:\Users\VovanJapan\.m2\repository\org\lwjgl\lwjgl-opengl\3.1.2\lwjgl-opengl-3.1.2-natives-linux.jar;C:\Users\VovanJapan\.m2\repository\org\lwjgl\lwjgl-opengl\3.1.2\lwjgl-opengl-3.1.2-natives-windows.jar;C:\Users\VovanJapan\.m2\repository\org\lwjgl\lwjgl-opengl\3.1.2\lwjgl-opengl-3.1.2-natives-macos.jar;C:\Users\VovanJapan\.m2\repository\org\lwjgl\lwjgl-glfw\3.1.2\lwjgl-glfw-3.1.2.jar;C:\Users\VovanJapan\.m2\repository\org\lwjgl\lwjgl-glfw\3
Launcher Type: SUN_STANDARD

Environment Variables:
PATH=G:\adopt\bin;C:\Program Files (x86)\Common Files\Oracle\Java\javapath;C:\Windows\system32;C:\Windows;C:\Windows\System32\Wbem;C:\Windows\System32\WindowsPowerShell\v1.0\;C:\Program Files\NVIDIA Corporation\NVIDIA NvDLISR;C:\Program Files (x86)\NVIDIA Corporation\PhysX\Common;C:\WINDOWS\system32;C:\WINDOWS;C:\WINDOWS\System32\Wbem;C:\WINDOWS\System32\WindowsPowerShell\v1.0\;C:\WINDOWS\System32\OpenSSH\;C:\Program Files\TortoiseSVN\bin;G:\gtksharp\bin;C:\Users\VovanJapan\AppData\Local\Microsoft\WindowsApps;C:\Users\VovanJapan\AppData\Local\atom\bin;E:\code\bin;C:\mingw-w64\mingw64\bin;G:\IntelliJ\IntelliJ IDEA Community Edition 2020.2.3\bin;;G:\javatest\apache-maven-3.6.3\bin;C:\Users\VovanJapan\AppData\Local\GitHubDesktop\bin
USERNAME=VovanJapan
OS=Windows_NT
PROCESSOR_IDENTIFIER=Intel64 Family 6 Model 60 Stepping 3, GenuineIntel



---------------  S Y S T E M  ---------------

OS: Windows 10.0 , 64 bit Build 17134 (10.0.17134.1425)

CPU:total 4 (initial active 4) (4 cores per cpu, 1 threads per core) family 6 model 60 stepping 3, cmov, cx8, fxsr, mmx, sse, sse2, sse3, ssse3, sse4.1, sse4.2, popcnt, avx, avx2, aes, clmul, erms, lzcnt, tsc, tscinvbit, bmi1, bmi2

Memory: 4k page, physical 20909416k(9218872k free), swap 33661408k(7705128k free)

vm_info: OpenJDK 64-Bit Server VM (25.282-b08) for windows-amd64 JRE (1.8.0_282-b08), built on Jan 20 2021 11:42:17 by "jenkins" with MS VC++ 12.0 (VS2013)

time: Mon Mar 29 00:57:53 2021
timezone: RTZ 2 (ceia)
elapsed time: 7.887325 seconds (0d 0h 0m 7s)

