#
# A fatal error has been detected by the Java Runtime Environment:
#
#  EXCEPTION_ACCESS_VIOLATION (0xc0000005) at pc=0x00007ffc1be9ecfd, pid=35700, tid=0x0000000000003c38
#
# JRE version: OpenJDK Runtime Environment (8.0_282-b08) (build 1.8.0_282-b08)
# Java VM: OpenJDK 64-Bit Server VM (25.282-b08 mixed mode windows-amd64 compressed oops)
# Problematic frame:
# C  [lwjgl_opengl.dll+0xecfd]
#
# Failed to write core dump. Minidumps are not enabled by default on client versions of Windows
#
# If you would like to submit a bug report, please visit:
#   https://github.com/AdoptOpenJDK/openjdk-support/issues
# The crash happened outside the Java Virtual Machine in native code.
# See problematic frame for where to report the bug.
#

---------------  T H R E A D  ---------------

Current thread (0x00000185d3bd9800):  JavaThread "Finalizer" daemon [_thread_in_native, id=15416, stack(0x0000004bbf200000,0x0000004bbf300000)]

siginfo: ExceptionCode=0xc0000005, reading address 0x00000000000009d8

Registers:
RAX=0x00000000766f9660, RBX=0x00000000000034df, RCX=0x0000000000000001, RDX=0x00000185d52dbd60
RSP=0x0000004bbf2ff1b8, RBP=0x0000004bbf2ff220, RSI=0x00000185dedac310, RDI=0x00000185d52dbd60
R8 =0x0000000000000001, R9 =0x00000185d52dbd60, R10=0x0000000000000000, R11=0x0000000000000001
R12=0x0000000000000000, R13=0x0000004bbf2ff428, R14=0x0000004bbf2ff210, R15=0x00000185d3bd9800
RIP=0x00007ffc1be9ecfd, EFLAGS=0x0000000000010246

Top of Stack: (sp=0x0000004bbf2ff1b8)
0x0000004bbf2ff1b8:   00000185b897ffa1 0000000000000000
0x0000004bbf2ff1c8:   0000000000000000 0000000000000000
0x0000004bbf2ff1d8:   0000000000000000 0000000000000000
0x0000004bbf2ff1e8:   0000000000000000 0000000000000000
0x0000004bbf2ff1f8:   0000000000000000 0000000000000000
0x0000004bbf2ff208:   0000000000000000 000000075ae06928
0x0000004bbf2ff218:   0000000000000000 0000004bbf2ff478
0x0000004bbf2ff228:   00000185b8967f14 0000000000000000
0x0000004bbf2ff238:   0000000000000000 0000000000000000
0x0000004bbf2ff248:   0000000000000000 0000000000000000
0x0000004bbf2ff258:   0000000000000000 00000185d3bd9800
0x0000004bbf2ff268:   00000185dedbeaa8 0000004bbf2ff428
0x0000004bbf2ff278:   0000000000000000 0000000000000001
0x0000004bbf2ff288:   000000075ac29f48 000000075ac29f48
0x0000004bbf2ff298:   0000000000000001 0000000000002418
0x0000004bbf2ff2a8:   000000075ac29f10 0000004bbf2ff2f0 

Instructions: (pc=0x00007ffc1be9ecfd)
0x00007ffc1be9ecdd:   49 ff a2 00 0f 00 00 cc cc cc cc cc cc cc cc cc
0x00007ffc1be9eced:   cc cc cc 48 8b 01 49 8b d1 41 8b c8 4c 8b 50 18
0x00007ffc1be9ecfd:   49 ff a2 d8 09 00 00 cc cc cc cc cc cc cc cc cc
0x00007ffc1be9ed0d:   cc cc cc 48 8b 01 49 8b d1 41 8b c8 4c 8b 50 18 


Register to memory mapping:

RAX=0x00000000766f9660 is an unknown value
RBX=0x00000000000034df is an unknown value
RCX=0x0000000000000001 is an unknown value
RDX=0x00000185d52dbd60 is an unknown value
RSP=0x0000004bbf2ff1b8 is pointing into the stack for thread: 0x00000185d3bd9800
RBP=0x0000004bbf2ff220 is pointing into the stack for thread: 0x00000185d3bd9800
RSI=0x00000185dedac310 is pointing into metadata
RDI=0x00000185d52dbd60 is an unknown value
R8 =0x0000000000000001 is an unknown value
R9 =0x00000185d52dbd60 is an unknown value
R10=0x0000000000000000 is an unknown value
R11=0x0000000000000001 is an unknown value
R12=0x0000000000000000 is an unknown value
R13=0x0000004bbf2ff428 is pointing into the stack for thread: 0x00000185d3bd9800
R14=0x0000004bbf2ff210 is pointing into the stack for thread: 0x00000185d3bd9800
R15=0x00000185d3bd9800 is a thread


Stack: [0x0000004bbf200000,0x0000004bbf300000],  sp=0x0000004bbf2ff1b8,  free space=1020k
Native frames: (J=compiled Java code, j=interpreted, Vv=VM code, C=native code)
C  [lwjgl_opengl.dll+0xecfd]

Java frames: (J=compiled Java code, j=interpreted, Vv=VM code)
J 1279  org.lwjgl.opengl.GL11.nglDeleteTextures(IJ)V (0 bytes) @ 0x00000185b897ff04 [0x00000185b897fec0+0x44]
J 1244 C1 playn.java.LWJGLGL20.glDeleteTextures(ILjava/nio/IntBuffer;)V (5 bytes) @ 0x00000185b8967f14 [0x00000185b8967b60+0x3b4]
J 951 C1 playn.core.Texture.release()V (52 bytes) @ 0x00000185b88315a4 [0x00000185b8830f40+0x664]
J 1559 C1 playn.scene.ImageLayer.setTile(Lplayn/core/Tile;)Lplayn/scene/ImageLayer; (47 bytes) @ 0x00000185b8a27b6c [0x00000185b8a279c0+0x1ac]
j  playn.scene.ImageLayer.finalize()V+5
j  java.lang.System$2.invokeFinalize(Ljava/lang/Object;)V+1
j  java.lang.ref.Finalizer.runFinalizer(Lsun/misc/JavaLangAccess;)V+46
j  java.lang.ref.Finalizer.access$100(Ljava/lang/ref/Finalizer;Lsun/misc/JavaLangAccess;)V+2
j  java.lang.ref.Finalizer$FinalizerThread.run()V+45
v  ~StubRoutines::call_stub

---------------  P R O C E S S  ---------------

Java Threads: ( => current thread )
  0x00000185dd785000 JavaThread "Direct Clip" daemon [_thread_blocked, id=28568, stack(0x0000004bc0f00000,0x0000004bc1000000)]
  0x00000185dd789800 JavaThread "Direct Clip" daemon [_thread_blocked, id=23912, stack(0x0000004bc0e00000,0x0000004bc0f00000)]
  0x00000185ddd97800 JavaThread "Direct Clip" daemon [_thread_blocked, id=34560, stack(0x0000004bc0d00000,0x0000004bc0e00000)]
  0x00000185ddd76000 JavaThread "Direct Clip" daemon [_thread_blocked, id=30492, stack(0x0000004bc0c00000,0x0000004bc0d00000)]
  0x00000185dd7ee800 JavaThread "Direct Clip" daemon [_thread_blocked, id=6440, stack(0x0000004bc0b00000,0x0000004bc0c00000)]
  0x00000185dd900000 JavaThread "Direct Clip" daemon [_thread_blocked, id=7508, stack(0x0000004bc0a00000,0x0000004bc0b00000)]
  0x00000185ddd2e000 JavaThread "Java Sound Event Dispatcher" daemon [_thread_blocked, id=27892, stack(0x0000004bc0700000,0x0000004bc0800000)]
  0x00000185dd513800 JavaThread "pool-1-thread-4" [_thread_blocked, id=4460, stack(0x0000004bc0400000,0x0000004bc0500000)]
  0x00000185dd512800 JavaThread "pool-1-thread-3" [_thread_blocked, id=27956, stack(0x0000004bc0300000,0x0000004bc0400000)]
  0x00000185dd460000 JavaThread "pool-1-thread-2" [_thread_blocked, id=28844, stack(0x0000004bc0200000,0x0000004bc0300000)]
  0x00000185dd45f000 JavaThread "pool-1-thread-1" [_thread_blocked, id=30812, stack(0x0000004bc0100000,0x0000004bc0200000)]
  0x00000185dd5fe000 JavaThread "Java2D Disposer" daemon [_thread_blocked, id=33800, stack(0x0000004bc0000000,0x0000004bc0100000)]
  0x00000185d43c4000 JavaThread "Service Thread" daemon [_thread_blocked, id=9912, stack(0x0000004bbf800000,0x0000004bbf900000)]
  0x00000185d4352800 JavaThread "C1 CompilerThread2" daemon [_thread_blocked, id=35480, stack(0x0000004bbf700000,0x0000004bbf800000)]
  0x00000185d4349800 JavaThread "C2 CompilerThread1" daemon [_thread_blocked, id=32744, stack(0x0000004bbf600000,0x0000004bbf700000)]
  0x00000185d4345000 JavaThread "C2 CompilerThread0" daemon [_thread_blocked, id=9176, stack(0x0000004bbf500000,0x0000004bbf600000)]
  0x00000185d433d800 JavaThread "Attach Listener" daemon [_thread_blocked, id=20524, stack(0x0000004bbf400000,0x0000004bbf500000)]
  0x00000185d433a800 JavaThread "Signal Dispatcher" daemon [_thread_blocked, id=27664, stack(0x0000004bbf300000,0x0000004bbf400000)]
=>0x00000185d3bd9800 JavaThread "Finalizer" daemon [_thread_in_native, id=15416, stack(0x0000004bbf200000,0x0000004bbf300000)]
  0x00000185d4316800 JavaThread "Reference Handler" daemon [_thread_blocked, id=32596, stack(0x0000004bbf100000,0x0000004bbf200000)]
  0x00000185b6ba9800 JavaThread "main" [_thread_in_native, id=12844, stack(0x0000004bbeb00000,0x0000004bbec00000)]

Other Threads:
  0x00000185d42f2800 VMThread [stack: 0x0000004bbf000000,0x0000004bbf100000] [id=19044]
  0x00000185d43d7000 WatcherThread [stack: 0x0000004bbf900000,0x0000004bbfa00000] [id=23704]

VM state:not at safepoint (normal execution)

VM Mutex/Monitor currently owned by a thread: None

heap address: 0x0000000680e00000, size: 5106 MB, Compressed Oops mode: Zero based, Oop shift amount: 3
Narrow klass base: 0x0000000000000000, Narrow klass shift: 3
Compressed class space size: 1073741824 Address: 0x00000007c0000000

Heap:
 PSYoungGen      total 95744K, used 16948K [0x0000000755a00000, 0x000000075c480000, 0x00000007c0000000)
  eden space 82432K, 4% used [0x0000000755a00000,0x0000000755d914d0,0x000000075aa80000)
  from space 13312K, 99% used [0x000000075aa80000,0x000000075b77bf08,0x000000075b780000)
  to   space 13312K, 0% used [0x000000075b780000,0x000000075b780000,0x000000075c480000)
 ParOldGen       total 218624K, used 6652K [0x0000000680e00000, 0x000000068e380000, 0x0000000755a00000)
  object space 218624K, 3% used [0x0000000680e00000,0x000000068147f168,0x000000068e380000)
 Metaspace       used 14945K, capacity 15191K, committed 15488K, reserved 1062912K
  class space    used 1456K, capacity 1558K, committed 1664K, reserved 1048576K

Card table byte_map: [0x00000185c7830000,0x00000185c8230000] byte_map_base: 0x00000185c4429000

Marking Bits: (ParMarkBitMap*) 0x000000007676b810
 Begin Bits: [0x00000185c88e0000, 0x00000185cd8a8000)
 End Bits:   [0x00000185cd8a8000, 0x00000185d2870000)

Polling page: 0x00000185b6e00000

CodeCache: size=245760Kb used=5910Kb max_used=5910Kb free=239849Kb
 bounds [0x00000185b8470000, 0x00000185b8a40000, 0x00000185c7470000]
 total_blobs=2636 nmethods=1593 adapters=955
 compilation: enabled

Compilation events (10 events):
Event: 12.303 Thread 0x00000185d4352800 nmethod 1557 0x00000185b8a29690 code [0x00000185b8a29820, 0x00000185b8a29fb0]
Event: 12.303 Thread 0x00000185d4352800 1560       3       java.lang.ref.Reference::clear (6 bytes)
Event: 12.303 Thread 0x00000185d4352800 nmethod 1560 0x00000185b8a2a190 code [0x00000185b8a2a2e0, 0x00000185b8a2a458]
Event: 12.303 Thread 0x00000185d4352800 1561       3       java.lang.ref.ReferenceQueue::remove (6 bytes)
Event: 12.303 Thread 0x00000185d4352800 nmethod 1561 0x00000185b8a2a4d0 code [0x00000185b8a2a640, 0x00000185b8a2a850]
Event: 12.303 Thread 0x00000185d4352800 1563       3       java.lang.ref.ReferenceQueue::reallyPoll (65 bytes)
Event: 12.303 Thread 0x00000185d4352800 nmethod 1563 0x00000185b8a2a8d0 code [0x00000185b8a2aa40, 0x00000185b8a2aed8]
Event: 12.303 Thread 0x00000185d4352800 1575       1       java.lang.ref.Reference::clear (6 bytes)
Event: 12.303 Thread 0x00000185d4352800 nmethod 1575 0x00000185b8a2afd0 code [0x00000185b8a2b120, 0x00000185b8a2b258]
Event: 12.303 Thread 0x00000185d4352800 1562   !   3       java.lang.ref.ReferenceQueue::remove (125 bytes)

GC Heap History (2 events):
Event: 12.278 GC heap before
{Heap before GC invocations=1 (full 0):
 PSYoungGen      total 95744K, used 82432K [0x0000000755a00000, 0x000000075c480000, 0x00000007c0000000)
  eden space 82432K, 100% used [0x0000000755a00000,0x000000075aa80000,0x000000075aa80000)
  from space 13312K, 0% used [0x000000075b780000,0x000000075b780000,0x000000075c480000)
  to   space 13312K, 0% used [0x000000075aa80000,0x000000075aa80000,0x000000075b780000)
 ParOldGen       total 218624K, used 0K [0x0000000680e00000, 0x000000068e380000, 0x0000000755a00000)
  object space 218624K, 0% used [0x0000000680e00000,0x0000000680e00000,0x000000068e380000)
 Metaspace       used 14919K, capacity 15127K, committed 15488K, reserved 1062912K
  class space    used 1456K, capacity 1558K, committed 1664K, reserved 1048576K
Event: 12.301 GC heap after
Heap after GC invocations=1 (full 0):
 PSYoungGen      total 95744K, used 13295K [0x0000000755a00000, 0x000000075c480000, 0x00000007c0000000)
  eden space 82432K, 0% used [0x0000000755a00000,0x0000000755a00000,0x000000075aa80000)
  from space 13312K, 99% used [0x000000075aa80000,0x000000075b77bf08,0x000000075b780000)
  to   space 13312K, 0% used [0x000000075b780000,0x000000075b780000,0x000000075c480000)
 ParOldGen       total 218624K, used 6652K [0x0000000680e00000, 0x000000068e380000, 0x0000000755a00000)
  object space 218624K, 3% used [0x0000000680e00000,0x000000068147f168,0x000000068e380000)
 Metaspace       used 14919K, capacity 15127K, committed 15488K, reserved 1062912K
  class space    used 1456K, capacity 1558K, committed 1664K, reserved 1048576K
}

Deoptimization events (10 events):
Event: 0.169 Thread 0x00000185b6ba9800 Uncommon trap: reason=unstable_if action=reinterpret pc=0x00000185b85ec350 method=java.lang.String.indexOf([CII[CIII)I @ 123
Event: 0.169 Thread 0x00000185b6ba9800 Uncommon trap: reason=unstable_if action=reinterpret pc=0x00000185b85b91fc method=java.lang.String.indexOf([CII[CIII)I @ 123
Event: 0.330 Thread 0x00000185b6ba9800 Uncommon trap: reason=unstable_if action=reinterpret pc=0x00000185b8648370 method=java.lang.String.indexOf([CII[CIII)I @ 3
Event: 1.783 Thread 0x00000185dd460000 Uncommon trap: reason=unstable_if action=reinterpret pc=0x00000185b88652a0 method=javazoom.jl.decoder.huffcodetab.huffman_decoder(Ljavazoom/jl/decoder/huffcodetab;[I[I[I[ILjavazoom/jl/decoder/BitReserve;)I @ 370
Event: 1.795 Thread 0x00000185dd460000 Uncommon trap: reason=unstable_if action=reinterpret pc=0x00000185b8849248 method=javazoom.jl.decoder.BitReserve.hgetbits(I)I @ 22
Event: 1.870 Thread 0x00000185dd513800 Uncommon trap: reason=predicate action=maybe_recompile pc=0x00000185b88e224c method=javazoom.jl.decoder.LayerIIIDecoder.decode()V @ 153
Event: 12.043 Thread 0x00000185b6ba9800 Uncommon trap: reason=unstable_if action=reinterpret pc=0x00000185b894f5bc method=playn.sample.hello.core.HelloGame$Floor.<init>(Lplayn/sample/hello/core/HelloGame;Lplayn/scene/GroupLayer;FFZ)V @ 17
Event: 12.043 Thread 0x00000185b6ba9800 Uncommon trap: reason=unstable_if action=reinterpret pc=0x00000185b894b46c method=playn.core.Image.texture()Lplayn/core/Texture; @ 4
Event: 12.062 Thread 0x00000185b6ba9800 Uncommon trap: reason=unstable_if action=reinterpret pc=0x00000185b85e11c0 method=java.lang.CharacterData.of(I)Ljava/lang/CharacterData; @ 4
Event: 12.301 Thread 0x00000185d3bd9800 Uncommon trap: reason=unstable_if action=reinterpret pc=0x00000185b892ae68 method=playn.scene.ImageLayer.setTile(Lplayn/core/Tile;)Lplayn/scene/ImageLayer; @ 5

Classes redefined (0 events):
No events

Internal exceptions (10 events):
Event: 0.172 Thread 0x00000185b6ba9800 Exception <a 'java/security/PrivilegedActionException'> (0x0000000755e2fa50) thrown at [J:\jenkins\tmp\workspace\build\src\hotspot\src\share\vm\prims\jvm.cpp, line 1523]
Event: 0.199 Thread 0x00000185b6ba9800 Exception <a 'java/lang/NoSuchMethodError': java.lang.Object.lambda$static$0(Ljava/lang/String;)Ljava/lang/Boolean;> (0x0000000755ece970) thrown at [J:\jenkins\tmp\workspace\build\src\hotspot\src\share\vm\interpreter\linkResolver.cpp, line 620]
Event: 0.210 Thread 0x00000185b6ba9800 Exception <a 'java/lang/NoSuchFieldError': method resolution failed> (0x0000000755f46710) thrown at [J:\jenkins\tmp\workspace\build\src\hotspot\src\share\vm\prims\methodHandles.cpp, line 1169]
Event: 0.211 Thread 0x00000185b6ba9800 Exception <a 'java/lang/NoSuchFieldError': method resolution failed> (0x0000000755f53b40) thrown at [J:\jenkins\tmp\workspace\build\src\hotspot\src\share\vm\prims\methodHandles.cpp, line 1169]
Event: 0.968 Thread 0x00000185b6ba9800 Exception <a 'sun/nio/fs/WindowsException'> (0x000000075643b228) thrown at [J:\jenkins\tmp\workspace\build\src\hotspot\src\share\vm\prims\jni.cpp, line 711]
Event: 0.968 Thread 0x00000185b6ba9800 Exception <a 'sun/nio/fs/WindowsException'> (0x000000075643ba60) thrown at [J:\jenkins\tmp\workspace\build\src\hotspot\src\share\vm\prims\jni.cpp, line 711]
Event: 1.362 Thread 0x00000185b6ba9800 Exception <a 'java/io/FileNotFoundException'> (0x0000000756d72f58) thrown at [J:\jenkins\tmp\workspace\build\src\hotspot\src\share\vm\prims\jni.cpp, line 711]
Event: 1.377 Thread 0x00000185b6ba9800 Exception <a 'java/lang/ClassNotFoundException': sun/dc/DuctusRenderingEngine> (0x0000000756dc6bb0) thrown at [J:\jenkins\tmp\workspace\build\src\hotspot\src\share\vm\classfile\systemDictionary.cpp, line 217]
Event: 1.390 Thread 0x00000185b6ba9800 Exception <a 'java/io/FileNotFoundException'> (0x0000000756dda378) thrown at [J:\jenkins\tmp\workspace\build\src\hotspot\src\share\vm\prims\jni.cpp, line 711]
Event: 12.043 Thread 0x00000185b6ba9800 Implicit null exception at 0x00000185b894b270 to 0x00000185b894b459

Events (10 events):
Event: 12.154 loading class pythagoras/f/RectangularShape done
Event: 12.155 loading class pythagoras/f/PathIterator
Event: 12.155 loading class pythagoras/f/PathIterator done
Event: 12.160 loading class sun/java2d/loops/FontInfo
Event: 12.161 loading class sun/java2d/loops/FontInfo done
Event: 12.278 Executing VM operation: ParallelGCFailedAllocation
Event: 12.301 Executing VM operation: ParallelGCFailedAllocation done
Event: 12.301 Thread 0x00000185d3bd9800 Uncommon trap: trap_request=0xffffff65 fr.pc=0x00000185b892ae68
Event: 12.301 Thread 0x00000185d3bd9800 DEOPT PACKING pc=0x00000185b892ae68 sp=0x0000004bbf2ff3e0
Event: 12.301 Thread 0x00000185d3bd9800 DEOPT UNPACKING pc=0x00000185b84b5583 sp=0x0000004bbf2ff390 mode 2


Dynamic libraries:
0x00007ff73fa90000 - 0x00007ff73faca000 	G:\adopt\jre\bin\java.exe
0x00007ffc4ebb0000 - 0x00007ffc4ed91000 	C:\WINDOWS\SYSTEM32\ntdll.dll
0x00007ffc4c7a0000 - 0x00007ffc4c851000 	C:\WINDOWS\System32\KERNEL32.DLL
0x00007ffc4b130000 - 0x00007ffc4b3a3000 	C:\WINDOWS\System32\KERNELBASE.dll
0x00007ffc4c100000 - 0x00007ffc4c1a1000 	C:\WINDOWS\System32\ADVAPI32.dll
0x00007ffc4ea30000 - 0x00007ffc4eace000 	C:\WINDOWS\System32\msvcrt.dll
0x00007ffc4e5b0000 - 0x00007ffc4e60b000 	C:\WINDOWS\System32\sechost.dll
0x00007ffc4c220000 - 0x00007ffc4c344000 	C:\WINDOWS\System32\RPCRT4.dll
0x00007ffc4e890000 - 0x00007ffc4ea21000 	C:\WINDOWS\System32\USER32.dll
0x00007ffc4b500000 - 0x00007ffc4b520000 	C:\WINDOWS\System32\win32u.dll
0x00007ffc4e860000 - 0x00007ffc4e888000 	C:\WINDOWS\System32\GDI32.dll
0x00007ffc4b710000 - 0x00007ffc4b8a3000 	C:\WINDOWS\System32\gdi32full.dll
0x00007ffc4b460000 - 0x00007ffc4b4ff000 	C:\WINDOWS\System32\msvcp_win.dll
0x00007ffc4af50000 - 0x00007ffc4b048000 	C:\WINDOWS\System32\ucrtbase.dll
0x00007ffc38a60000 - 0x00007ffc38cc9000 	C:\WINDOWS\WinSxS\amd64_microsoft.windows.common-controls_6595b64144ccf1df_6.0.17134.1902_none_d3fc12d37c93a894\COMCTL32.dll
0x00007ffc4dee0000 - 0x00007ffc4e201000 	C:\WINDOWS\System32\combase.dll
0x00007ffc4b0b0000 - 0x00007ffc4b129000 	C:\WINDOWS\System32\bcryptPrimitives.dll
0x00007ffc4e360000 - 0x00007ffc4e38d000 	C:\WINDOWS\System32\IMM32.DLL
0x00007ffc1e750000 - 0x00007ffc1e83f000 	G:\adopt\jre\bin\msvcr120.dll
0x00007ffc1d380000 - 0x00007ffc1d426000 	G:\adopt\jre\bin\msvcp120.dll
0x0000000075f80000 - 0x00000000767ea000 	G:\adopt\jre\bin\server\jvm.dll
0x00007ffc4e850000 - 0x00007ffc4e858000 	C:\WINDOWS\System32\PSAPI.DLL
0x00007ffc46a10000 - 0x00007ffc46a1a000 	C:\WINDOWS\SYSTEM32\VERSION.dll
0x00007ffc49150000 - 0x00007ffc49173000 	C:\WINDOWS\SYSTEM32\WINMM.dll
0x00007ffc3c100000 - 0x00007ffc3c109000 	C:\WINDOWS\SYSTEM32\WSOCK32.dll
0x00007ffc4c1b0000 - 0x00007ffc4c21c000 	C:\WINDOWS\System32\WS2_32.dll
0x00007ffc49120000 - 0x00007ffc4914a000 	C:\WINDOWS\SYSTEM32\winmmbase.dll
0x00007ffc4bfd0000 - 0x00007ffc4c019000 	C:\WINDOWS\System32\cfgmgr32.dll
0x00007ffc3bc90000 - 0x00007ffc3bc9f000 	G:\adopt\jre\bin\verify.dll
0x00007ffc38d50000 - 0x00007ffc38d79000 	G:\adopt\jre\bin\java.dll
0x00007ffc3bbf0000 - 0x00007ffc3bc06000 	G:\adopt\jre\bin\zip.dll
0x00007ffc4c860000 - 0x00007ffc4dca5000 	C:\WINDOWS\System32\SHELL32.dll
0x00007ffc4ead0000 - 0x00007ffc4eb79000 	C:\WINDOWS\System32\shcore.dll
0x00007ffc4b8b0000 - 0x00007ffc4bfc5000 	C:\WINDOWS\System32\windows.storage.dll
0x00007ffc4de50000 - 0x00007ffc4dea1000 	C:\WINDOWS\System32\shlwapi.dll
0x00007ffc4aeb0000 - 0x00007ffc4aec1000 	C:\WINDOWS\System32\kernel.appcore.dll
0x00007ffc4ae90000 - 0x00007ffc4aeaf000 	C:\WINDOWS\System32\profapi.dll
0x00007ffc4af00000 - 0x00007ffc4af4c000 	C:\WINDOWS\System32\powrprof.dll
0x00007ffc4aed0000 - 0x00007ffc4aeda000 	C:\WINDOWS\System32\FLTLIB.DLL
0x00007ffc3aad0000 - 0x00007ffc3aaea000 	G:\adopt\jre\bin\net.dll
0x00007ffc4a6b0000 - 0x00007ffc4a716000 	C:\WINDOWS\system32\mswsock.dll
0x00007ffc3a580000 - 0x00007ffc3a592000 	G:\adopt\jre\bin\nio.dll
0x00007ffc1c730000 - 0x00007ffc1c787000 	C:\Users\VovanJapan\AppData\Local\Temp\lwjglVovanJapan\3.1.2-build-29\lwjgl.dll
0x00007ffc38d10000 - 0x00007ffc38d4d000 	C:\Users\VOVANJ~1\AppData\Local\Temp\lwjglVovanJapan\3.1.2-build-29\glfw.dll
0x00007ffc492f0000 - 0x00007ffc49388000 	C:\WINDOWS\system32\uxtheme.dll
0x00007ffc1bef0000 - 0x00007ffc1bf33000 	C:\WINDOWS\SYSTEM32\dinput8.dll
0x00007ffc3a710000 - 0x00007ffc3a720000 	C:\WINDOWS\SYSTEM32\xinput1_4.dll
0x00007ffc4aab0000 - 0x00007ffc4aad7000 	C:\WINDOWS\SYSTEM32\DEVOBJ.dll
0x00007ffc3cb00000 - 0x00007ffc3cb79000 	C:\WINDOWS\SYSTEM32\inputhost.dll
0x00007ffc48fd0000 - 0x00007ffc490aa000 	C:\WINDOWS\SYSTEM32\CoreMessaging.dll
0x00007ffc46860000 - 0x00007ffc469ad000 	C:\WINDOWS\SYSTEM32\wintypes.dll
0x00007ffc46350000 - 0x00007ffc4666e000 	C:\WINDOWS\SYSTEM32\CoreUIComponents.dll
0x00007ffc49f80000 - 0x00007ffc49fb1000 	C:\WINDOWS\SYSTEM32\ntmarta.dll
0x00007ffc49540000 - 0x00007ffc49569000 	C:\WINDOWS\SYSTEM32\dwmapi.dll
0x00007ffc4e430000 - 0x00007ffc4e5a4000 	C:\WINDOWS\System32\MSCTF.dll
0x00007ffc4e610000 - 0x00007ffc4e6d2000 	C:\WINDOWS\System32\OLEAUT32.dll
0x00007ffc49ad0000 - 0x00007ffc49adc000 	C:\WINDOWS\SYSTEM32\HID.DLL
0x00007ffc4c350000 - 0x00007ffc4c79b000 	C:\WINDOWS\System32\SETUPAPI.DLL
0x00007ffc4b050000 - 0x00007ffc4b0a7000 	C:\WINDOWS\System32\WINTRUST.dll
0x00007ffc4aee0000 - 0x00007ffc4aef2000 	C:\WINDOWS\System32\MSASN1.dll
0x00007ffc4b520000 - 0x00007ffc4b702000 	C:\WINDOWS\System32\CRYPT32.dll
0x00007ffc1b7d0000 - 0x00007ffc1b8f0000 	C:\WINDOWS\SYSTEM32\opengl32.dll
0x00007ffc26520000 - 0x00007ffc2654c000 	C:\WINDOWS\SYSTEM32\GLU32.dll
0x00007ffbf4bd0000 - 0x00007ffbf7558000 	C:\WINDOWS\System32\DriverStore\FileRepository\nv_dispi.inf_amd64_e44a509137af5639\nvoglv64.dll
0x00007ffc4e6e0000 - 0x00007ffc4e832000 	C:\WINDOWS\System32\ole32.dll
0x00007ffc47ab0000 - 0x00007ffc47ac3000 	C:\WINDOWS\SYSTEM32\WTSAPI32.dll
0x00007ffc46690000 - 0x00007ffc466be000 	C:\WINDOWS\SYSTEM32\cryptnet.dll
0x00007ffc4a860000 - 0x00007ffc4a86b000 	C:\WINDOWS\SYSTEM32\cryptbase.dll
0x00007ffc04090000 - 0x00007ffc04349000 	C:\WINDOWS\system32\nvspcap64.dll
0x00007ffc4ac90000 - 0x00007ffc4ace6000 	C:\WINDOWS\SYSTEM32\WINSTA.dll
0x00007ffc3cbb0000 - 0x00007ffc3cc46000 	C:\WINDOWS\System32\TextInputFramework.dll
0x00007ffc1be90000 - 0x00007ffc1beec000 	C:\Users\VovanJapan\AppData\Local\Temp\lwjglVovanJapan\3.1.2-build-29\lwjgl_opengl.dll
0x00007ffc15e70000 - 0x00007ffc16005000 	G:\adopt\jre\bin\awt.dll
0x00007ffc49180000 - 0x00007ffc4920b000 	C:\WINDOWS\SYSTEM32\apphelp.dll
0x00007ffc3ac10000 - 0x00007ffc3ac1c000 	G:\adopt\jre\bin\jsound.dll
0x00007ffc38dd0000 - 0x00007ffc38ddb000 	G:\adopt\jre\bin\jsoundds.dll
0x00007ffc18a90000 - 0x00007ffc18b1f000 	C:\WINDOWS\SYSTEM32\DSOUND.dll
0x00007ffc44110000 - 0x00007ffc44186000 	C:\WINDOWS\SYSTEM32\MMDevAPI.DLL
0x00007ffc47880000 - 0x00007ffc47a35000 	C:\WINDOWS\SYSTEM32\PROPSYS.dll
0x00007ffc3a6a0000 - 0x00007ffc3a6e4000 	C:\WINDOWS\SYSTEM32\wdmaud.drv
0x00007ffc37ca0000 - 0x00007ffc37ca9000 	C:\WINDOWS\SYSTEM32\ksuser.dll
0x00007ffc469b0000 - 0x00007ffc469ba000 	C:\WINDOWS\SYSTEM32\AVRT.dll
0x00007ffc29710000 - 0x00007ffc2983c000 	C:\WINDOWS\SYSTEM32\AUDIOSES.DLL
0x00007ffc3a690000 - 0x00007ffc3a69d000 	C:\WINDOWS\SYSTEM32\msacm32.drv
0x00007ffc278d0000 - 0x00007ffc278ec000 	C:\WINDOWS\SYSTEM32\MSACM32.dll
0x00007ffc3a680000 - 0x00007ffc3a68a000 	C:\WINDOWS\SYSTEM32\midimap.dll
0x00007ffc4e390000 - 0x00007ffc4e430000 	C:\WINDOWS\System32\clbcatq.dll
0x00007ffc3cc50000 - 0x00007ffc3cd64000 	C:\Windows\System32\Windows.UI.dll
0x00007ffc170a0000 - 0x00007ffc17133000 	G:\adopt\jre\bin\freetype.dll
0x00007ffc16fe0000 - 0x00007ffc1709d000 	G:\adopt\jre\bin\fontmanager.dll
0x00007ffc306c0000 - 0x00007ffc30889000 	C:\WINDOWS\SYSTEM32\dbghelp.dll

VM Arguments:
jvm_args: -Dfoo=bar 
java_command: playn.sample.hello.java.HelloGameJava
java_class_path (initial): G:\GitHub\warpdeath\playn-samples-master\hello\java\target\classes;G:\GitHub\warpdeath\playn-samples-master\hello\core\target\classes;C:\Users\VovanJapan\.m2\repository\io\playn\playn-scene\2.0\playn-scene-2.0.jar;C:\Users\VovanJapan\.m2\repository\io\playn\playn-core\2.0\playn-core-2.0.jar;C:\Users\VovanJapan\.m2\repository\com\samskivert\pythagoras\1.4.3\pythagoras-1.4.3.jar;C:\Users\VovanJapan\.m2\repository\com\threerings\react\1.5.3\react-1.5.3.jar;G:\GitHub\warpdeath\playn-samples-master\hello\assets\target\classes;C:\Users\VovanJapan\.m2\repository\io\playn\playn-java-lwjgl\2.0\playn-java-lwjgl-2.0.jar;C:\Users\VovanJapan\.m2\repository\io\playn\playn-java-base\2.0\playn-java-base-2.0.jar;C:\Users\VovanJapan\.m2\repository\com\googlecode\soundlibs\mp3spi\1.9.5-1\mp3spi-1.9.5-1.jar;C:\Users\VovanJapan\.m2\repository\com\googlecode\soundlibs\jlayer\1.0.1-1\jlayer-1.0.1-1.jar;C:\Users\VovanJapan\.m2\repository\com\googlecode\soundlibs\tritonus-share\0.3.7-1\tritonus-share-0.3.7-1.jar;C:\Users\VovanJapan\.m2\repository\org\java-websocket\Java-WebSocket\1.3.0\Java-WebSocket-1.3.0.jar;C:\Users\VovanJapan\.m2\repository\org\lwjgl\lwjgl\3.1.2\lwjgl-3.1.2.jar;C:\Users\VovanJapan\.m2\repository\org\lwjgl\lwjgl\3.1.2\lwjgl-3.1.2-natives-linux.jar;C:\Users\VovanJapan\.m2\repository\org\lwjgl\lwjgl\3.1.2\lwjgl-3.1.2-natives-windows.jar;C:\Users\VovanJapan\.m2\repository\org\lwjgl\lwjgl\3.1.2\lwjgl-3.1.2-natives-macos.jar;C:\Users\VovanJapan\.m2\repository\org\lwjgl\lwjgl-opengl\3.1.2\lwjgl-opengl-3.1.2.jar;C:\Users\VovanJapan\.m2\repository\org\lwjgl\lwjgl-opengl\3.1.2\lwjgl-opengl-3.1.2-natives-linux.jar;C:\Users\VovanJapan\.m2\repository\org\lwjgl\lwjgl-opengl\3.1.2\lwjgl-opengl-3.1.2-natives-windows.jar;C:\Users\VovanJapan\.m2\repository\org\lwjgl\lwjgl-opengl\3.1.2\lwjgl-opengl-3.1.2-natives-macos.jar;C:\Users\VovanJapan\.m2\repository\org\lwjgl\lwjgl-glfw\3.1.2\lwjgl-glfw-3.1.2.jar;C:\Users\VovanJapan\.m2\repository\org\lwjgl\lwjgl-glfw\3
Launcher Type: SUN_STANDARD

Environment Variables:
PATH=G:\adopt\bin;C:\Program Files (x86)\Common Files\Oracle\Java\javapath;C:\Windows\system32;C:\Windows;C:\Windows\System32\Wbem;C:\Windows\System32\WindowsPowerShell\v1.0\;C:\Program Files\NVIDIA Corporation\NVIDIA NvDLISR;C:\Program Files (x86)\NVIDIA Corporation\PhysX\Common;C:\WINDOWS\system32;C:\WINDOWS;C:\WINDOWS\System32\Wbem;C:\WINDOWS\System32\WindowsPowerShell\v1.0\;C:\WINDOWS\System32\OpenSSH\;C:\Program Files\TortoiseSVN\bin;G:\gtksharp\bin;C:\Users\VovanJapan\AppData\Local\Microsoft\WindowsApps;C:\Users\VovanJapan\AppData\Local\atom\bin;E:\code\bin;C:\mingw-w64\mingw64\bin;G:\IntelliJ\IntelliJ IDEA Community Edition 2020.2.3\bin;;G:\javatest\apache-maven-3.6.3\bin;C:\Users\VovanJapan\AppData\Local\GitHubDesktop\bin
USERNAME=VovanJapan
OS=Windows_NT
PROCESSOR_IDENTIFIER=Intel64 Family 6 Model 60 Stepping 3, GenuineIntel



---------------  S Y S T E M  ---------------

OS: Windows 10.0 , 64 bit Build 17134 (10.0.17134.1425)

CPU:total 4 (initial active 4) (4 cores per cpu, 1 threads per core) family 6 model 60 stepping 3, cmov, cx8, fxsr, mmx, sse, sse2, sse3, ssse3, sse4.1, sse4.2, popcnt, avx, avx2, aes, clmul, erms, lzcnt, tsc, tscinvbit, bmi1, bmi2

Memory: 4k page, physical 20909416k(10153220k free), swap 33648660k(10979868k free)

vm_info: OpenJDK 64-Bit Server VM (25.282-b08) for windows-amd64 JRE (1.8.0_282-b08), built on Jan 20 2021 11:42:17 by "jenkins" with MS VC++ 12.0 (VS2013)

time: Mon Mar 29 19:29:54 2021
timezone: RTZ 2 (ceia)
elapsed time: 12.359648 seconds (0d 0h 0m 12s)

