#
# A fatal error has been detected by the Java Runtime Environment:
#
#  EXCEPTION_ACCESS_VIOLATION (0xc0000005) at pc=0x00007ff963c5ecfd, pid=712, tid=12736
#
# JRE version: OpenJDK Runtime Environment (11.0.2+9) (build 11.0.2+9)
# Java VM: OpenJDK 64-Bit Server VM (11.0.2+9, mixed mode, tiered, compressed oops, g1 gc, windows-amd64)
# Problematic frame:
# C  [lwjgl_opengl.dll+0xecfd]
#
# No core dump will be written. Minidumps are not enabled by default on client versions of Windows
#
# If you would like to submit a bug report, please visit:
#   http://bugreport.java.com/bugreport/crash.jsp
# The crash happened outside the Java Virtual Machine in native code.
# See problematic frame for where to report the bug.
#

---------------  S U M M A R Y ------------

Command Line: -Dfoo=bar playn.sample.hello.java.HelloGameJava

Host: Intel(R) Core(TM) i5-4570 CPU @ 3.20GHz, 4 cores, 19G,  Windows 10 , 64 bit Build 19041 (10.0.19041.662)
Time: Tue Jun 15 16:04:35 2021 RTZ 2 (зима) elapsed time: 11 seconds (0d 0h 0m 11s)

---------------  T H R E A D  ---------------

Current thread (0x000002e551efb800):  JavaThread "Finalizer" daemon [_thread_in_native, id=12736, stack(0x000000ec76900000,0x000000ec76a00000)]

Stack: [0x000000ec76900000,0x000000ec76a00000],  sp=0x000000ec769fec68,  free space=1019k
Native frames: (J=compiled Java code, j=interpreted, Vv=VM code, C=native code)
C  [lwjgl_opengl.dll+0xecfd]

Java frames: (J=compiled Java code, j=interpreted, Vv=VM code)
J 2073  org.lwjgl.opengl.GL11.nglDeleteTextures(IJ)V (0 bytes) @ 0x000002e53b7a5314 [0x000002e53b7a52c0+0x0000000000000054]
J 2571 c2 java.lang.ref.Finalizer.runFinalizer(Ljdk/internal/misc/JavaLangAccess;)V java.base@11.0.2 (117 bytes) @ 0x000002e53b7d3bdc [0x000002e53b7d3720+0x00000000000004bc]
j  java.lang.ref.Finalizer$FinalizerThread.run()V+46 java.base@11.0.2
v  ~StubRoutines::call_stub

siginfo: EXCEPTION_ACCESS_VIOLATION (0xc0000005), reading address 0x00000000000009d8


Register to memory mapping:

RIP=0x00007ff963c5ecfd lwjgl_opengl.dll
RAX=0x00007ff938e51ca0 jvm.dll
RBX={method} {0x000002e552cc7220} 'nglDeleteTextures' '(IJ)V' in 'org/lwjgl/opengl/GL11'
RCX=0x0000000000000001 is an unknown value
RDX=0x000002e552983c20 points into unknown readable memory: 02 00 00 00 02 00 00 00
RSP=0x000000ec769fec68 is pointing into the stack for thread: 0x000002e551efb800
RBP=0x000000ec769fecd0 is pointing into the stack for thread: 0x000002e551efb800
RSI=0x00000006d1bc2768 is an oop: java.lang.ref.Finalizer 
{0x00000006d1bc2768} - klass: 'java/lang/ref/Finalizer'
RDI=0x00000006c0e36ba0 is an oop: java.lang.ref.ReferenceQueue$Lock 
{0x00000006c0e36ba0} - klass: 'java/lang/ref/ReferenceQueue$Lock'
R8 =0x0000000000000001 is an unknown value
R9 =0x000002e552983c20 points into unknown readable memory: 08 00 00 00 02 00 00 00
R10=0x0 is NULL
R11=3627195648 is a compressed pointer to object: playn.java.LWJGLGL20$1 
{0x00000006c194e800} - klass: 'playn/java/LWJGLGL20$1'
R12=0x0 is NULL
R13=0x00000006d183d3a0 is an oop: playn.scene.ImageLayer 
{0x00000006d183d3a0} - klass: 'playn/scene/ImageLayer'
R14=0x000000ec769fecc0 is pointing into the stack for thread: 0x000002e551efb800
R15=0x000002e551efb800 is a thread


Registers:
RAX=0x00007ff938e51ca0, RBX=0x000002e552cc7218, RCX=0x0000000000000001, RDX=0x000002e552983c20
RSP=0x000000ec769fec68, RBP=0x000000ec769fecd0, RSI=0x00000006d1bc2768, RDI=0x00000006c0e36ba0
R8 =0x0000000000000001, R9 =0x000002e552983c20, R10=0x0000000000000000, R11=0x00000000d8329d00
R12=0x0000000000000000, R13=0x00000006d183d3a0, R14=0x000000ec769fecc0, R15=0x000002e551efb800
RIP=0x00007ff963c5ecfd, EFLAGS=0x0000000000010246

Top of Stack: (sp=0x000000ec769fec68)
0x000000ec769fec68:   000002e53b7a53b4 0000000000000000
0x000000ec769fec78:   000002e552983c20 00000006c0e36ba0
0x000000ec769fec88:   00000006d1bc2768 000000ec769fecd0
0x000000ec769fec98:   000000ec769fecc0 000002e552cc7218
0x000000ec769feca8:   0000000000000001 00000000d8329d04
0x000000ec769fecb8:   000002e53b7a52e8 00000006c1fe2838
0x000000ec769fecc8:   0000000000000202 00000006d1b24ec8
0x000000ec769fecd8:   000002e53b7d3bdc 000002e551efb800
0x000000ec769fece8:   00000006d1c8abb8 00000006c0e36ba0
0x000000ec769fecf8:   000002e551efb800 00000006d1b24ec8
0x000000ec769fed08:   00000006d183d3a0 d8329d0000000001
0x000000ec769fed18:   00000006c194e7e8 00000006c0e36ca0
0x000000ec769fed28:   0000000000000003 0000000000000003
0x000000ec769fed38:   000002e533bc9f82 000000ec769fedb0
0x000000ec769fed48:   000002e533bb9e67 000002e533bb9e67
0x000000ec769fed58:   00000006c0e36d30 00000006d1b24ec8 

Instructions: (pc=0x00007ff963c5ecfd)
0x00007ff963c5ecdd:   49 ff a2 00 0f 00 00 cc cc cc cc cc cc cc cc cc
0x00007ff963c5eced:   cc cc cc 48 8b 01 49 8b d1 41 8b c8 4c 8b 50 18
0x00007ff963c5ecfd:   49 ff a2 d8 09 00 00 cc cc cc cc cc cc cc cc cc
0x00007ff963c5ed0d:   cc cc cc 48 8b 01 49 8b d1 41 8b c8 4c 8b 50 18 


Stack slot to memory mapping:
stack at sp + 0 slots: 0x000002e53b7a53b4 is at entry_point+244 in (nmethod*)0x000002e53b7a5110
stack at sp + 1 slots: 0x0 is NULL
stack at sp + 2 slots: 0x000002e552983c20 points into unknown readable memory: 02 00 00 00 02 00 00 00
stack at sp + 3 slots: 0x00000006c0e36ba0 is an oop: java.lang.ref.ReferenceQueue$Lock 
{0x00000006c0e36ba0} - klass: 'java/lang/ref/ReferenceQueue$Lock'
stack at sp + 4 slots: 0x00000006d1bc2768 is an oop: java.lang.ref.Finalizer 
{0x00000006d1bc2768} - klass: 'java/lang/ref/Finalizer'
stack at sp + 5 slots: 0x000000ec769fecd0 is pointing into the stack for thread: 0x000002e551efb800
stack at sp + 6 slots: 0x000000ec769fecc0 is pointing into the stack for thread: 0x000002e551efb800
stack at sp + 7 slots: {method} {0x000002e552cc7220} 'nglDeleteTextures' '(IJ)V' in 'org/lwjgl/opengl/GL11'


---------------  P R O C E S S  ---------------

Threads class SMR info:
_java_thread_list=0x000002e55a61aa90, length=31, elements={
0x000002e52b7bf800, 0x000002e551f2e800, 0x000002e551efb800, 0x000002e551f77800,
0x000002e551f78800, 0x000002e551f7e000, 0x000002e551f86000, 0x000002e551f91800,
0x000002e5520f2800, 0x000002e55210a000, 0x000002e554696000, 0x000002e554755800,
0x000002e554767800, 0x000002e554768000, 0x000002e55475e000, 0x000002e5548f9800,
0x000002e554921800, 0x000002e55496d800, 0x000002e5547d4800, 0x000002e554f65800,
0x000002e55a60b000, 0x000002e55a60d000, 0x000002e55a609000, 0x000002e55a60e000,
0x000002e55a60f000, 0x000002e55a60c800, 0x000002e55a60f800, 0x000002e55a60a000,
0x000002e55a60b800, 0x000002e55a894800, 0x000002e55a892800
}

Java Threads: ( => current thread )
  0x000002e52b7bf800 JavaThread "main" [_thread_in_native, id=6384, stack(0x000000ec76100000,0x000000ec76200000)]
  0x000002e551f2e800 JavaThread "Reference Handler" daemon [_thread_blocked, id=8404, stack(0x000000ec76800000,0x000000ec76900000)]
=>0x000002e551efb800 JavaThread "Finalizer" daemon [_thread_in_native, id=12736, stack(0x000000ec76900000,0x000000ec76a00000)]
  0x000002e551f77800 JavaThread "Signal Dispatcher" daemon [_thread_blocked, id=3540, stack(0x000000ec76a00000,0x000000ec76b00000)]
  0x000002e551f78800 JavaThread "Attach Listener" daemon [_thread_blocked, id=7368, stack(0x000000ec76b00000,0x000000ec76c00000)]
  0x000002e551f7e000 JavaThread "C2 CompilerThread0" daemon [_thread_blocked, id=9572, stack(0x000000ec76c00000,0x000000ec76d00000)]
  0x000002e551f86000 JavaThread "C1 CompilerThread0" daemon [_thread_blocked, id=13212, stack(0x000000ec76d00000,0x000000ec76e00000)]
  0x000002e551f91800 JavaThread "Sweeper thread" daemon [_thread_blocked, id=13140, stack(0x000000ec76e00000,0x000000ec76f00000)]
  0x000002e5520f2800 JavaThread "Service Thread" daemon [_thread_blocked, id=6700, stack(0x000000ec76f00000,0x000000ec77000000)]
  0x000002e55210a000 JavaThread "Common-Cleaner" daemon [_thread_blocked, id=7540, stack(0x000000ec77100000,0x000000ec77200000)]
  0x000002e554696000 JavaThread "Java2D Disposer" daemon [_thread_blocked, id=13284, stack(0x000000ec77b00000,0x000000ec77c00000)]
  0x000002e554755800 JavaThread "pool-1-thread-1" [_thread_blocked, id=10204, stack(0x000000ec77c00000,0x000000ec77d00000)]
  0x000002e554767800 JavaThread "pool-1-thread-2" [_thread_blocked, id=2668, stack(0x000000ec77d00000,0x000000ec77e00000)]
  0x000002e554768000 JavaThread "pool-1-thread-3" [_thread_blocked, id=12708, stack(0x000000ec77e00000,0x000000ec77f00000)]
  0x000002e55475e000 JavaThread "pool-1-thread-4" [_thread_blocked, id=12648, stack(0x000000ec77f00000,0x000000ec78000000)]
  0x000002e5548f9800 JavaThread "Java Sound Event Dispatcher" daemon [_thread_blocked, id=2052, stack(0x000000ec78300000,0x000000ec78400000)]
  0x000002e554921800 JavaThread "Direct Clip" daemon [_thread_blocked, id=4120, stack(0x000000ec78600000,0x000000ec78700000)]
  0x000002e55496d800 JavaThread "Direct Clip" daemon [_thread_blocked, id=1188, stack(0x000000ec78700000,0x000000ec78800000)]
  0x000002e5547d4800 JavaThread "Direct Clip" daemon [_thread_blocked, id=10612, stack(0x000000ec78800000,0x000000ec78900000)]
  0x000002e554f65800 JavaThread "Direct Clip" daemon [_thread_blocked, id=8560, stack(0x000000ec78900000,0x000000ec78a00000)]
  0x000002e55a60b000 JavaThread "Direct Clip" daemon [_thread_blocked, id=4368, stack(0x000000ec78a00000,0x000000ec78b00000)]
  0x000002e55a60d000 JavaThread "Direct Clip" daemon [_thread_blocked, id=4248, stack(0x000000ec78b00000,0x000000ec78c00000)]
  0x000002e55a609000 JavaThread "Direct Clip" daemon [_thread_blocked, id=10916, stack(0x000000ec78c00000,0x000000ec78d00000)]
  0x000002e55a60e000 JavaThread "Direct Clip" daemon [_thread_blocked, id=12184, stack(0x000000ec78d00000,0x000000ec78e00000)]
  0x000002e55a60f000 JavaThread "Direct Clip" daemon [_thread_blocked, id=12832, stack(0x000000ec78e00000,0x000000ec78f00000)]
  0x000002e55a60c800 JavaThread "Direct Clip" daemon [_thread_blocked, id=7708, stack(0x000000ec78f00000,0x000000ec79000000)]
  0x000002e55a60f800 JavaThread "Direct Clip" daemon [_thread_blocked, id=12300, stack(0x000000ec79000000,0x000000ec79100000)]
  0x000002e55a60a000 JavaThread "Direct Clip" daemon [_thread_blocked, id=13180, stack(0x000000ec79100000,0x000000ec79200000)]
  0x000002e55a60b800 JavaThread "Direct Clip" daemon [_thread_blocked, id=3264, stack(0x000000ec79200000,0x000000ec79300000)]
  0x000002e55a894800 JavaThread "Direct Clip" daemon [_thread_blocked, id=8120, stack(0x000000ec79300000,0x000000ec79400000)]
  0x000002e55a892800 JavaThread "Thread-0" daemon [_thread_blocked, id=7508, stack(0x000000ec78000000,0x000000ec78100000)]

Other Threads:
  0x000002e551ef9800 VMThread "VM Thread" [stack: 0x000000ec76700000,0x000000ec76800000] [id=3232]
  0x000002e552105800 WatcherThread [stack: 0x000000ec77000000,0x000000ec77100000] [id=12116]
  0x000002e52b7d7800 GCTaskThread "GC Thread#0" [stack: 0x000000ec76200000,0x000000ec76300000] [id=1536]
  0x000002e554733800 GCTaskThread "GC Thread#1" [stack: 0x000000ec77800000,0x000000ec77900000] [id=9156]
  0x000002e554734000 GCTaskThread "GC Thread#2" [stack: 0x000000ec77900000,0x000000ec77a00000] [id=11716]
  0x000002e554729800 GCTaskThread "GC Thread#3" [stack: 0x000000ec77a00000,0x000000ec77b00000] [id=11100]
  0x000002e52b84b800 ConcurrentGCThread "G1 Main Marker" [stack: 0x000000ec76300000,0x000000ec76400000] [id=6228]
  0x000002e52b84d800 ConcurrentGCThread "G1 Conc#0" [stack: 0x000000ec76400000,0x000000ec76500000] [id=12784]
  0x000002e551555800 ConcurrentGCThread "G1 Refine#0" [stack: 0x000000ec76500000,0x000000ec76600000] [id=5268]
  0x000002e551556800 ConcurrentGCThread "G1 Young RemSet Sampling" [stack: 0x000000ec76600000,0x000000ec76700000] [id=12988]

Threads with active compile tasks:

VM state:not at safepoint (normal execution)

VM Mutex/Monitor currently owned by a thread: None

Heap address: 0x00000006c0e00000, size: 5106 MB, Compressed Oops mode: Zero based, Oop shift amount: 3
Narrow klass base: 0x0000000800000000, Narrow klass shift: 0
Compressed class space size: 1073741824 Address: 0x0000000800000000

Heap:
 garbage-first heap   total 327680K, used 62743K [0x00000006c0e00000, 0x0000000800000000)
  region size 1024K, 7 young (7168K), 5 survivors (5120K)
 Metaspace       used 19903K, capacity 20341K, committed 20608K, reserved 1069056K
  class space    used 1725K, capacity 1869K, committed 1920K, reserved 1048576K
Heap Regions: E=young(eden), S=young(survivor), O=old, HS=humongous(starts), HC=humongous(continues), CS=collection set, F=free, A=archive, TAMS=top-at-mark-start (previous, next)
|   0|0x00000006c0e00000, 0x00000006c0f00000, 0x00000006c0f00000|100%| O|  |TAMS 0x00000006c0e35400, 0x00000006c0e00000| Untracked 
|   1|0x00000006c0f00000, 0x00000006c1000000, 0x00000006c1000000|100%|HS|  |TAMS 0x00000006c1000000, 0x00000006c0f00000| Complete 
|   2|0x00000006c1000000, 0x00000006c1100000, 0x00000006c1100000|100%|HC|  |TAMS 0x00000006c1100000, 0x00000006c1000000| Complete 
|   3|0x00000006c1100000, 0x00000006c1200000, 0x00000006c1200000|100%|HS|  |TAMS 0x00000006c1200000, 0x00000006c1100000| Complete 
|   4|0x00000006c1200000, 0x00000006c1300000, 0x00000006c1300000|100%|HC|  |TAMS 0x00000006c1300000, 0x00000006c1200000| Complete 
|   5|0x00000006c1300000, 0x00000006c1400000, 0x00000006c1400000|100%| O|  |TAMS 0x00000006c1300000, 0x00000006c1300000| Untracked 
|   6|0x00000006c1400000, 0x00000006c1500000, 0x00000006c1500000|100%|HS|  |TAMS 0x00000006c1500000, 0x00000006c1400000| Complete 
|   7|0x00000006c1500000, 0x00000006c1500000, 0x00000006c1600000|  0%| F|  |TAMS 0x00000006c1500000, 0x00000006c1500000| Untracked 
|   8|0x00000006c1600000, 0x00000006c1600000, 0x00000006c1700000|  0%| F|  |TAMS 0x00000006c1600000, 0x00000006c1600000| Untracked 
|   9|0x00000006c1700000, 0x00000006c1700000, 0x00000006c1800000|  0%| F|  |TAMS 0x00000006c1700000, 0x00000006c1700000| Untracked 
|  10|0x00000006c1800000, 0x00000006c1800000, 0x00000006c1900000|  0%| F|  |TAMS 0x00000006c1800000, 0x00000006c1800000| Untracked 
|  11|0x00000006c1900000, 0x00000006c1a00000, 0x00000006c1a00000|100%| O|  |TAMS 0x00000006c1900000, 0x00000006c1900000| Untracked 
|  12|0x00000006c1a00000, 0x00000006c1b00000, 0x00000006c1b00000|100%| O|  |TAMS 0x00000006c1a00000, 0x00000006c1a00000| Untracked 
|  13|0x00000006c1b00000, 0x00000006c1c00000, 0x00000006c1c00000|100%| O|  |TAMS 0x00000006c1b00000, 0x00000006c1b00000| Untracked 
|  14|0x00000006c1c00000, 0x00000006c1d00000, 0x00000006c1d00000|100%| O|  |TAMS 0x00000006c1c00000, 0x00000006c1c00000| Untracked 
|  15|0x00000006c1d00000, 0x00000006c1e00000, 0x00000006c1e00000|100%| O|  |TAMS 0x00000006c1d00000, 0x00000006c1d00000| Untracked 
|  16|0x00000006c1e00000, 0x00000006c1f00000, 0x00000006c1f00000|100%| O|  |TAMS 0x00000006c1e00000, 0x00000006c1e00000| Untracked 
|  17|0x00000006c1f00000, 0x00000006c2000000, 0x00000006c2000000|100%| O|  |TAMS 0x00000006c1f00000, 0x00000006c1f00000| Untracked 
|  18|0x00000006c2000000, 0x00000006c20ab800, 0x00000006c2100000| 66%| O|  |TAMS 0x00000006c2000000, 0x00000006c2000000| Untracked 
|  19|0x00000006c2100000, 0x00000006c2100000, 0x00000006c2200000|  0%| F|  |TAMS 0x00000006c2100000, 0x00000006c2100000| Untracked 
|  20|0x00000006c2200000, 0x00000006c2200000, 0x00000006c2300000|  0%| F|  |TAMS 0x00000006c2200000, 0x00000006c2200000| Untracked 
|  21|0x00000006c2300000, 0x00000006c2300000, 0x00000006c2400000|  0%| F|  |TAMS 0x00000006c2300000, 0x00000006c2300000| Untracked 
|  22|0x00000006c2400000, 0x00000006c2400000, 0x00000006c2500000|  0%| F|  |TAMS 0x00000006c2400000, 0x00000006c2400000| Untracked 
|  23|0x00000006c2500000, 0x00000006c2500000, 0x00000006c2600000|  0%| F|  |TAMS 0x00000006c2500000, 0x00000006c2500000| Untracked 
|  24|0x00000006c2600000, 0x00000006c2700000, 0x00000006c2700000|100%|HS|  |TAMS 0x00000006c2700000, 0x00000006c2600000| Complete 
|  25|0x00000006c2700000, 0x00000006c2700000, 0x00000006c2800000|  0%| F|  |TAMS 0x00000006c2700000, 0x00000006c2700000| Untracked 
|  26|0x00000006c2800000, 0x00000006c2800000, 0x00000006c2900000|  0%| F|  |TAMS 0x00000006c2800000, 0x00000006c2800000| Untracked 
|  27|0x00000006c2900000, 0x00000006c2900000, 0x00000006c2a00000|  0%| F|  |TAMS 0x00000006c2900000, 0x00000006c2900000| Untracked 
|  28|0x00000006c2a00000, 0x00000006c2a00000, 0x00000006c2b00000|  0%| F|  |TAMS 0x00000006c2a00000, 0x00000006c2a00000| Untracked 
|  29|0x00000006c2b00000, 0x00000006c2b00000, 0x00000006c2c00000|  0%| F|  |TAMS 0x00000006c2b00000, 0x00000006c2b00000| Untracked 
|  30|0x00000006c2c00000, 0x00000006c2c00000, 0x00000006c2d00000|  0%| F|  |TAMS 0x00000006c2c00000, 0x00000006c2c00000| Untracked 
|  31|0x00000006c2d00000, 0x00000006c2d00000, 0x00000006c2e00000|  0%| F|  |TAMS 0x00000006c2d00000, 0x00000006c2d00000| Untracked 
|  32|0x00000006c2e00000, 0x00000006c2e00000, 0x00000006c2f00000|  0%| F|  |TAMS 0x00000006c2e00000, 0x00000006c2e00000| Untracked 
|  33|0x00000006c2f00000, 0x00000006c2f00000, 0x00000006c3000000|  0%| F|  |TAMS 0x00000006c2f00000, 0x00000006c2f00000| Untracked 
|  34|0x00000006c3000000, 0x00000006c3100000, 0x00000006c3100000|100%|HS|  |TAMS 0x00000006c3100000, 0x00000006c3000000| Complete 
|  35|0x00000006c3100000, 0x00000006c3100000, 0x00000006c3200000|  0%| F|  |TAMS 0x00000006c3100000, 0x00000006c3100000| Untracked 
|  36|0x00000006c3200000, 0x00000006c3200000, 0x00000006c3300000|  0%| F|  |TAMS 0x00000006c3200000, 0x00000006c3200000| Untracked 
|  37|0x00000006c3300000, 0x00000006c3300000, 0x00000006c3400000|  0%| F|  |TAMS 0x00000006c3300000, 0x00000006c3300000| Untracked 
|  38|0x00000006c3400000, 0x00000006c3400000, 0x00000006c3500000|  0%| F|  |TAMS 0x00000006c3400000, 0x00000006c3400000| Untracked 
|  39|0x00000006c3500000, 0x00000006c3600000, 0x00000006c3600000|100%|HS|  |TAMS 0x00000006c3600000, 0x00000006c3500000| Complete 
|  40|0x00000006c3600000, 0x00000006c3700000, 0x00000006c3700000|100%|HS|  |TAMS 0x00000006c3700000, 0x00000006c3600000| Complete 
|  41|0x00000006c3700000, 0x00000006c3700000, 0x00000006c3800000|  0%| F|  |TAMS 0x00000006c3700000, 0x00000006c3700000| Untracked 
|  42|0x00000006c3800000, 0x00000006c3800000, 0x00000006c3900000|  0%| F|  |TAMS 0x00000006c3800000, 0x00000006c3800000| Untracked 
|  43|0x00000006c3900000, 0x00000006c3900000, 0x00000006c3a00000|  0%| F|  |TAMS 0x00000006c3900000, 0x00000006c3900000| Untracked 
|  44|0x00000006c3a00000, 0x00000006c3a00000, 0x00000006c3b00000|  0%| F|  |TAMS 0x00000006c3a00000, 0x00000006c3a00000| Untracked 
|  45|0x00000006c3b00000, 0x00000006c3b00000, 0x00000006c3c00000|  0%| F|  |TAMS 0x00000006c3b00000, 0x00000006c3b00000| Untracked 
|  46|0x00000006c3c00000, 0x00000006c3c00000, 0x00000006c3d00000|  0%| F|  |TAMS 0x00000006c3c00000, 0x00000006c3c00000| Untracked 
|  47|0x00000006c3d00000, 0x00000006c3d00000, 0x00000006c3e00000|  0%| F|  |TAMS 0x00000006c3d00000, 0x00000006c3d00000| Untracked 
|  48|0x00000006c3e00000, 0x00000006c3e00000, 0x00000006c3f00000|  0%| F|  |TAMS 0x00000006c3e00000, 0x00000006c3e00000| Untracked 
|  49|0x00000006c3f00000, 0x00000006c3f00000, 0x00000006c4000000|  0%| F|  |TAMS 0x00000006c3f00000, 0x00000006c3f00000| Untracked 
|  50|0x00000006c4000000, 0x00000006c4000000, 0x00000006c4100000|  0%| F|  |TAMS 0x00000006c4000000, 0x00000006c4000000| Untracked 
|  51|0x00000006c4100000, 0x00000006c4100000, 0x00000006c4200000|  0%| F|  |TAMS 0x00000006c4100000, 0x00000006c4100000| Untracked 
|  52|0x00000006c4200000, 0x00000006c4200000, 0x00000006c4300000|  0%| F|  |TAMS 0x00000006c4200000, 0x00000006c4200000| Untracked 
|  53|0x00000006c4300000, 0x00000006c4300000, 0x00000006c4400000|  0%| F|  |TAMS 0x00000006c4300000, 0x00000006c4300000| Untracked 
|  54|0x00000006c4400000, 0x00000006c4400000, 0x00000006c4500000|  0%| F|  |TAMS 0x00000006c4400000, 0x00000006c4400000| Untracked 
|  55|0x00000006c4500000, 0x00000006c4600000, 0x00000006c4600000|100%|HS|  |TAMS 0x00000006c4600000, 0x00000006c4500000| Complete 
|  56|0x00000006c4600000, 0x00000006c4600000, 0x00000006c4700000|  0%| F|  |TAMS 0x00000006c4600000, 0x00000006c4600000| Untracked 
|  57|0x00000006c4700000, 0x00000006c4700000, 0x00000006c4800000|  0%| F|  |TAMS 0x00000006c4700000, 0x00000006c4700000| Untracked 
|  58|0x00000006c4800000, 0x00000006c4800000, 0x00000006c4900000|  0%| F|  |TAMS 0x00000006c4800000, 0x00000006c4800000| Untracked 
|  59|0x00000006c4900000, 0x00000006c4900000, 0x00000006c4a00000|  0%| F|  |TAMS 0x00000006c4900000, 0x00000006c4900000| Untracked 
|  60|0x00000006c4a00000, 0x00000006c4a00000, 0x00000006c4b00000|  0%| F|  |TAMS 0x00000006c4a00000, 0x00000006c4a00000| Untracked 
|  61|0x00000006c4b00000, 0x00000006c4b00000, 0x00000006c4c00000|  0%| F|  |TAMS 0x00000006c4b00000, 0x00000006c4b00000| Untracked 
|  62|0x00000006c4c00000, 0x00000006c4c00000, 0x00000006c4d00000|  0%| F|  |TAMS 0x00000006c4c00000, 0x00000006c4c00000| Untracked 
|  63|0x00000006c4d00000, 0x00000006c4d00000, 0x00000006c4e00000|  0%| F|  |TAMS 0x00000006c4d00000, 0x00000006c4d00000| Untracked 
|  64|0x00000006c4e00000, 0x00000006c4e00000, 0x00000006c4f00000|  0%| F|  |TAMS 0x00000006c4e00000, 0x00000006c4e00000| Untracked 
|  65|0x00000006c4f00000, 0x00000006c4f00000, 0x00000006c5000000|  0%| F|  |TAMS 0x00000006c4f00000, 0x00000006c4f00000| Untracked 
|  66|0x00000006c5000000, 0x00000006c5000000, 0x00000006c5100000|  0%| F|  |TAMS 0x00000006c5000000, 0x00000006c5000000| Untracked 
|  67|0x00000006c5100000, 0x00000006c5100000, 0x00000006c5200000|  0%| F|  |TAMS 0x00000006c5100000, 0x00000006c5100000| Untracked 
|  68|0x00000006c5200000, 0x00000006c5200000, 0x00000006c5300000|  0%| F|  |TAMS 0x00000006c5200000, 0x00000006c5200000| Untracked 
|  69|0x00000006c5300000, 0x00000006c5300000, 0x00000006c5400000|  0%| F|  |TAMS 0x00000006c5300000, 0x00000006c5300000| Untracked 
|  70|0x00000006c5400000, 0x00000006c5400000, 0x00000006c5500000|  0%| F|  |TAMS 0x00000006c5400000, 0x00000006c5400000| Untracked 
|  71|0x00000006c5500000, 0x00000006c5500000, 0x00000006c5600000|  0%| F|  |TAMS 0x00000006c5500000, 0x00000006c5500000| Untracked 
|  72|0x00000006c5600000, 0x00000006c5600000, 0x00000006c5700000|  0%| F|  |TAMS 0x00000006c5600000, 0x00000006c5600000| Untracked 
|  73|0x00000006c5700000, 0x00000006c5700000, 0x00000006c5800000|  0%| F|  |TAMS 0x00000006c5700000, 0x00000006c5700000| Untracked 
|  74|0x00000006c5800000, 0x00000006c5800000, 0x00000006c5900000|  0%| F|  |TAMS 0x00000006c5800000, 0x00000006c5800000| Untracked 
|  75|0x00000006c5900000, 0x00000006c5900000, 0x00000006c5a00000|  0%| F|  |TAMS 0x00000006c5900000, 0x00000006c5900000| Untracked 
|  76|0x00000006c5a00000, 0x00000006c5a00000, 0x00000006c5b00000|  0%| F|  |TAMS 0x00000006c5a00000, 0x00000006c5a00000| Untracked 
|  77|0x00000006c5b00000, 0x00000006c5b00000, 0x00000006c5c00000|  0%| F|  |TAMS 0x00000006c5b00000, 0x00000006c5b00000| Untracked 
|  78|0x00000006c5c00000, 0x00000006c5c00000, 0x00000006c5d00000|  0%| F|  |TAMS 0x00000006c5c00000, 0x00000006c5c00000| Untracked 
|  79|0x00000006c5d00000, 0x00000006c5d00000, 0x00000006c5e00000|  0%| F|  |TAMS 0x00000006c5d00000, 0x00000006c5d00000| Untracked 
|  80|0x00000006c5e00000, 0x00000006c5e00000, 0x00000006c5f00000|  0%| F|  |TAMS 0x00000006c5e00000, 0x00000006c5e00000| Untracked 
|  81|0x00000006c5f00000, 0x00000006c5f00000, 0x00000006c6000000|  0%| F|  |TAMS 0x00000006c5f00000, 0x00000006c5f00000| Untracked 
|  82|0x00000006c6000000, 0x00000006c6000000, 0x00000006c6100000|  0%| F|  |TAMS 0x00000006c6000000, 0x00000006c6000000| Untracked 
|  83|0x00000006c6100000, 0x00000006c6100000, 0x00000006c6200000|  0%| F|  |TAMS 0x00000006c6100000, 0x00000006c6100000| Untracked 
|  84|0x00000006c6200000, 0x00000006c6200000, 0x00000006c6300000|  0%| F|  |TAMS 0x00000006c6200000, 0x00000006c6200000| Untracked 
|  85|0x00000006c6300000, 0x00000006c6300000, 0x00000006c6400000|  0%| F|  |TAMS 0x00000006c6300000, 0x00000006c6300000| Untracked 
|  86|0x00000006c6400000, 0x00000006c6400000, 0x00000006c6500000|  0%| F|  |TAMS 0x00000006c6400000, 0x00000006c6400000| Untracked 
|  87|0x00000006c6500000, 0x00000006c6500000, 0x00000006c6600000|  0%| F|  |TAMS 0x00000006c6500000, 0x00000006c6500000| Untracked 
|  88|0x00000006c6600000, 0x00000006c6600000, 0x00000006c6700000|  0%| F|  |TAMS 0x00000006c6600000, 0x00000006c6600000| Untracked 
|  89|0x00000006c6700000, 0x00000006c6700000, 0x00000006c6800000|  0%| F|  |TAMS 0x00000006c6700000, 0x00000006c6700000| Untracked 
|  90|0x00000006c6800000, 0x00000006c6800000, 0x00000006c6900000|  0%| F|  |TAMS 0x00000006c6800000, 0x00000006c6800000| Untracked 
|  91|0x00000006c6900000, 0x00000006c6900000, 0x00000006c6a00000|  0%| F|  |TAMS 0x00000006c6900000, 0x00000006c6900000| Untracked 
|  92|0x00000006c6a00000, 0x00000006c6a00000, 0x00000006c6b00000|  0%| F|  |TAMS 0x00000006c6a00000, 0x00000006c6a00000| Untracked 
|  93|0x00000006c6b00000, 0x00000006c6b00000, 0x00000006c6c00000|  0%| F|  |TAMS 0x00000006c6b00000, 0x00000006c6b00000| Untracked 
|  94|0x00000006c6c00000, 0x00000006c6c00000, 0x00000006c6d00000|  0%| F|  |TAMS 0x00000006c6c00000, 0x00000006c6c00000| Untracked 
|  95|0x00000006c6d00000, 0x00000006c6d00000, 0x00000006c6e00000|  0%| F|  |TAMS 0x00000006c6d00000, 0x00000006c6d00000| Untracked 
|  96|0x00000006c6e00000, 0x00000006c6f00000, 0x00000006c6f00000|100%|HS|  |TAMS 0x00000006c6f00000, 0x00000006c6e00000| Complete 
|  97|0x00000006c6f00000, 0x00000006c6f00000, 0x00000006c7000000|  0%| F|  |TAMS 0x00000006c6f00000, 0x00000006c6f00000| Untracked 
|  98|0x00000006c7000000, 0x00000006c7000000, 0x00000006c7100000|  0%| F|  |TAMS 0x00000006c7000000, 0x00000006c7000000| Untracked 
|  99|0x00000006c7100000, 0x00000006c7100000, 0x00000006c7200000|  0%| F|  |TAMS 0x00000006c7100000, 0x00000006c7100000| Untracked 
| 100|0x00000006c7200000, 0x00000006c7200000, 0x00000006c7300000|  0%| F|  |TAMS 0x00000006c7200000, 0x00000006c7200000| Untracked 
| 101|0x00000006c7300000, 0x00000006c7300000, 0x00000006c7400000|  0%| F|  |TAMS 0x00000006c7300000, 0x00000006c7300000| Untracked 
| 102|0x00000006c7400000, 0x00000006c7400000, 0x00000006c7500000|  0%| F|  |TAMS 0x00000006c7400000, 0x00000006c7400000| Untracked 
| 103|0x00000006c7500000, 0x00000006c7500000, 0x00000006c7600000|  0%| F|  |TAMS 0x00000006c7500000, 0x00000006c7500000| Untracked 
| 104|0x00000006c7600000, 0x00000006c7600000, 0x00000006c7700000|  0%| F|  |TAMS 0x00000006c7600000, 0x00000006c7600000| Untracked 
| 105|0x00000006c7700000, 0x00000006c7700000, 0x00000006c7800000|  0%| F|  |TAMS 0x00000006c7700000, 0x00000006c7700000| Untracked 
| 106|0x00000006c7800000, 0x00000006c7800000, 0x00000006c7900000|  0%| F|  |TAMS 0x00000006c7800000, 0x00000006c7800000| Untracked 
| 107|0x00000006c7900000, 0x00000006c7900000, 0x00000006c7a00000|  0%| F|  |TAMS 0x00000006c7900000, 0x00000006c7900000| Untracked 
| 108|0x00000006c7a00000, 0x00000006c7a00000, 0x00000006c7b00000|  0%| F|  |TAMS 0x00000006c7a00000, 0x00000006c7a00000| Untracked 
| 109|0x00000006c7b00000, 0x00000006c7b00000, 0x00000006c7c00000|  0%| F|  |TAMS 0x00000006c7b00000, 0x00000006c7b00000| Untracked 
| 110|0x00000006c7c00000, 0x00000006c7c00000, 0x00000006c7d00000|  0%| F|  |TAMS 0x00000006c7c00000, 0x00000006c7c00000| Untracked 
| 111|0x00000006c7d00000, 0x00000006c7d00000, 0x00000006c7e00000|  0%| F|  |TAMS 0x00000006c7d00000, 0x00000006c7d00000| Untracked 
| 112|0x00000006c7e00000, 0x00000006c7e00000, 0x00000006c7f00000|  0%| F|  |TAMS 0x00000006c7e00000, 0x00000006c7e00000| Untracked 
| 113|0x00000006c7f00000, 0x00000006c7f00000, 0x00000006c8000000|  0%| F|  |TAMS 0x00000006c7f00000, 0x00000006c7f00000| Untracked 
| 114|0x00000006c8000000, 0x00000006c8000000, 0x00000006c8100000|  0%| F|  |TAMS 0x00000006c8000000, 0x00000006c8000000| Untracked 
| 115|0x00000006c8100000, 0x00000006c8100000, 0x00000006c8200000|  0%| F|  |TAMS 0x00000006c8100000, 0x00000006c8100000| Untracked 
| 116|0x00000006c8200000, 0x00000006c8200000, 0x00000006c8300000|  0%| F|  |TAMS 0x00000006c8200000, 0x00000006c8200000| Untracked 
| 117|0x00000006c8300000, 0x00000006c8300000, 0x00000006c8400000|  0%| F|  |TAMS 0x00000006c8300000, 0x00000006c8300000| Untracked 
| 118|0x00000006c8400000, 0x00000006c8400000, 0x00000006c8500000|  0%| F|  |TAMS 0x00000006c8400000, 0x00000006c8400000| Untracked 
| 119|0x00000006c8500000, 0x00000006c8600000, 0x00000006c8600000|100%|HS|  |TAMS 0x00000006c8500000, 0x00000006c8500000| Complete 
| 120|0x00000006c8600000, 0x00000006c8700000, 0x00000006c8700000|100%|HC|  |TAMS 0x00000006c8600000, 0x00000006c8600000| Complete 
| 121|0x00000006c8700000, 0x00000006c8800000, 0x00000006c8800000|100%|HC|  |TAMS 0x00000006c8700000, 0x00000006c8700000| Complete 
| 122|0x00000006c8800000, 0x00000006c8900000, 0x00000006c8900000|100%|HC|  |TAMS 0x00000006c8800000, 0x00000006c8800000| Complete 
| 123|0x00000006c8900000, 0x00000006c8a00000, 0x00000006c8a00000|100%|HC|  |TAMS 0x00000006c8900000, 0x00000006c8900000| Complete 
| 124|0x00000006c8a00000, 0x00000006c8b00000, 0x00000006c8b00000|100%|HC|  |TAMS 0x00000006c8a00000, 0x00000006c8a00000| Complete 
| 125|0x00000006c8b00000, 0x00000006c8c00000, 0x00000006c8c00000|100%|HC|  |TAMS 0x00000006c8b00000, 0x00000006c8b00000| Complete 
| 126|0x00000006c8c00000, 0x00000006c8d00000, 0x00000006c8d00000|100%|HC|  |TAMS 0x00000006c8c00000, 0x00000006c8c00000| Complete 
| 127|0x00000006c8d00000, 0x00000006c8e00000, 0x00000006c8e00000|100%|HC|  |TAMS 0x00000006c8d00000, 0x00000006c8d00000| Complete 
| 128|0x00000006c8e00000, 0x00000006c8f00000, 0x00000006c8f00000|100%|HC|  |TAMS 0x00000006c8e00000, 0x00000006c8e00000| Complete 
| 129|0x00000006c8f00000, 0x00000006c9000000, 0x00000006c9000000|100%|HC|  |TAMS 0x00000006c8f00000, 0x00000006c8f00000| Complete 
| 130|0x00000006c9000000, 0x00000006c9100000, 0x00000006c9100000|100%|HC|  |TAMS 0x00000006c9000000, 0x00000006c9000000| Complete 
| 131|0x00000006c9100000, 0x00000006c9200000, 0x00000006c9200000|100%|HC|  |TAMS 0x00000006c9100000, 0x00000006c9100000| Complete 
| 132|0x00000006c9200000, 0x00000006c9300000, 0x00000006c9300000|100%|HC|  |TAMS 0x00000006c9200000, 0x00000006c9200000| Complete 
| 133|0x00000006c9300000, 0x00000006c9400000, 0x00000006c9400000|100%|HC|  |TAMS 0x00000006c9300000, 0x00000006c9300000| Complete 
| 134|0x00000006c9400000, 0x00000006c9500000, 0x00000006c9500000|100%|HC|  |TAMS 0x00000006c9400000, 0x00000006c9400000| Complete 
| 135|0x00000006c9500000, 0x00000006c9600000, 0x00000006c9600000|100%|HC|  |TAMS 0x00000006c9500000, 0x00000006c9500000| Complete 
| 136|0x00000006c9600000, 0x00000006c9700000, 0x00000006c9700000|100%|HC|  |TAMS 0x00000006c9600000, 0x00000006c9600000| Complete 
| 137|0x00000006c9700000, 0x00000006c9800000, 0x00000006c9800000|100%|HC|  |TAMS 0x00000006c9700000, 0x00000006c9700000| Complete 
| 138|0x00000006c9800000, 0x00000006c9900000, 0x00000006c9900000|100%|HC|  |TAMS 0x00000006c9800000, 0x00000006c9800000| Complete 
| 139|0x00000006c9900000, 0x00000006c9a00000, 0x00000006c9a00000|100%|HC|  |TAMS 0x00000006c9900000, 0x00000006c9900000| Complete 
| 140|0x00000006c9a00000, 0x00000006c9b00000, 0x00000006c9b00000|100%|HC|  |TAMS 0x00000006c9a00000, 0x00000006c9a00000| Complete 
| 141|0x00000006c9b00000, 0x00000006c9c00000, 0x00000006c9c00000|100%|HC|  |TAMS 0x00000006c9b00000, 0x00000006c9b00000| Complete 
| 142|0x00000006c9c00000, 0x00000006c9d00000, 0x00000006c9d00000|100%|HC|  |TAMS 0x00000006c9c00000, 0x00000006c9c00000| Complete 
| 143|0x00000006c9d00000, 0x00000006c9e00000, 0x00000006c9e00000|100%|HC|  |TAMS 0x00000006c9d00000, 0x00000006c9d00000| Complete 
| 144|0x00000006c9e00000, 0x00000006c9f00000, 0x00000006c9f00000|100%|HC|  |TAMS 0x00000006c9e00000, 0x00000006c9e00000| Complete 
| 145|0x00000006c9f00000, 0x00000006ca000000, 0x00000006ca000000|100%|HC|  |TAMS 0x00000006c9f00000, 0x00000006c9f00000| Complete 
| 146|0x00000006ca000000, 0x00000006ca100000, 0x00000006ca100000|100%|HC|  |TAMS 0x00000006ca000000, 0x00000006ca000000| Complete 
| 147|0x00000006ca100000, 0x00000006ca200000, 0x00000006ca200000|100%|HC|  |TAMS 0x00000006ca100000, 0x00000006ca100000| Complete 
| 148|0x00000006ca200000, 0x00000006ca300000, 0x00000006ca300000|100%|HC|  |TAMS 0x00000006ca200000, 0x00000006ca200000| Complete 
| 149|0x00000006ca300000, 0x00000006ca400000, 0x00000006ca400000|100%|HC|  |TAMS 0x00000006ca300000, 0x00000006ca300000| Complete 
| 150|0x00000006ca400000, 0x00000006ca500000, 0x00000006ca500000|100%|HC|  |TAMS 0x00000006ca400000, 0x00000006ca400000| Complete 
| 151|0x00000006ca500000, 0x00000006ca600000, 0x00000006ca600000|100%|HC|  |TAMS 0x00000006ca500000, 0x00000006ca500000| Complete 
| 152|0x00000006ca600000, 0x00000006ca700000, 0x00000006ca700000|100%|HC|  |TAMS 0x00000006ca600000, 0x00000006ca600000| Complete 
| 153|0x00000006ca700000, 0x00000006ca800000, 0x00000006ca800000|100%|HC|  |TAMS 0x00000006ca700000, 0x00000006ca700000| Complete 
| 154|0x00000006ca800000, 0x00000006ca800000, 0x00000006ca900000|  0%| F|  |TAMS 0x00000006ca800000, 0x00000006ca800000| Untracked 
| 155|0x00000006ca900000, 0x00000006ca900000, 0x00000006caa00000|  0%| F|  |TAMS 0x00000006ca900000, 0x00000006ca900000| Untracked 
| 156|0x00000006caa00000, 0x00000006caa00000, 0x00000006cab00000|  0%| F|  |TAMS 0x00000006caa00000, 0x00000006caa00000| Untracked 
| 157|0x00000006cab00000, 0x00000006cab00000, 0x00000006cac00000|  0%| F|  |TAMS 0x00000006cab00000, 0x00000006cab00000| Untracked 
| 158|0x00000006cac00000, 0x00000006cac00000, 0x00000006cad00000|  0%| F|  |TAMS 0x00000006cac00000, 0x00000006cac00000| Untracked 
| 159|0x00000006cad00000, 0x00000006cad00000, 0x00000006cae00000|  0%| F|  |TAMS 0x00000006cad00000, 0x00000006cad00000| Untracked 
| 160|0x00000006cae00000, 0x00000006cae00000, 0x00000006caf00000|  0%| F|  |TAMS 0x00000006cae00000, 0x00000006cae00000| Untracked 
| 161|0x00000006caf00000, 0x00000006caf00000, 0x00000006cb000000|  0%| F|  |TAMS 0x00000006caf00000, 0x00000006caf00000| Untracked 
| 162|0x00000006cb000000, 0x00000006cb000000, 0x00000006cb100000|  0%| F|  |TAMS 0x00000006cb000000, 0x00000006cb000000| Untracked 
| 163|0x00000006cb100000, 0x00000006cb100000, 0x00000006cb200000|  0%| F|  |TAMS 0x00000006cb100000, 0x00000006cb100000| Untracked 
| 164|0x00000006cb200000, 0x00000006cb200000, 0x00000006cb300000|  0%| F|  |TAMS 0x00000006cb200000, 0x00000006cb200000| Untracked 
| 165|0x00000006cb300000, 0x00000006cb300000, 0x00000006cb400000|  0%| F|  |TAMS 0x00000006cb300000, 0x00000006cb300000| Untracked 
| 166|0x00000006cb400000, 0x00000006cb400000, 0x00000006cb500000|  0%| F|  |TAMS 0x00000006cb400000, 0x00000006cb400000| Untracked 
| 167|0x00000006cb500000, 0x00000006cb500000, 0x00000006cb600000|  0%| F|  |TAMS 0x00000006cb500000, 0x00000006cb500000| Untracked 
| 168|0x00000006cb600000, 0x00000006cb600000, 0x00000006cb700000|  0%| F|  |TAMS 0x00000006cb600000, 0x00000006cb600000| Untracked 
| 169|0x00000006cb700000, 0x00000006cb700000, 0x00000006cb800000|  0%| F|  |TAMS 0x00000006cb700000, 0x00000006cb700000| Untracked 
| 170|0x00000006cb800000, 0x00000006cb800000, 0x00000006cb900000|  0%| F|  |TAMS 0x00000006cb800000, 0x00000006cb800000| Untracked 
| 171|0x00000006cb900000, 0x00000006cb900000, 0x00000006cba00000|  0%| F|  |TAMS 0x00000006cb900000, 0x00000006cb900000| Untracked 
| 172|0x00000006cba00000, 0x00000006cba00000, 0x00000006cbb00000|  0%| F|  |TAMS 0x00000006cba00000, 0x00000006cba00000| Untracked 
| 173|0x00000006cbb00000, 0x00000006cbb00000, 0x00000006cbc00000|  0%| F|  |TAMS 0x00000006cbb00000, 0x00000006cbb00000| Untracked 
| 174|0x00000006cbc00000, 0x00000006cbc00000, 0x00000006cbd00000|  0%| F|  |TAMS 0x00000006cbc00000, 0x00000006cbc00000| Untracked 
| 175|0x00000006cbd00000, 0x00000006cbd00000, 0x00000006cbe00000|  0%| F|  |TAMS 0x00000006cbd00000, 0x00000006cbd00000| Untracked 
| 176|0x00000006cbe00000, 0x00000006cbe00000, 0x00000006cbf00000|  0%| F|  |TAMS 0x00000006cbe00000, 0x00000006cbe00000| Untracked 
| 177|0x00000006cbf00000, 0x00000006cbf00000, 0x00000006cc000000|  0%| F|  |TAMS 0x00000006cbf00000, 0x00000006cbf00000| Untracked 
| 178|0x00000006cc000000, 0x00000006cc000000, 0x00000006cc100000|  0%| F|  |TAMS 0x00000006cc000000, 0x00000006cc000000| Untracked 
| 179|0x00000006cc100000, 0x00000006cc100000, 0x00000006cc200000|  0%| F|  |TAMS 0x00000006cc100000, 0x00000006cc100000| Untracked 
| 180|0x00000006cc200000, 0x00000006cc200000, 0x00000006cc300000|  0%| F|  |TAMS 0x00000006cc200000, 0x00000006cc200000| Untracked 
| 181|0x00000006cc300000, 0x00000006cc300000, 0x00000006cc400000|  0%| F|  |TAMS 0x00000006cc300000, 0x00000006cc300000| Untracked 
| 182|0x00000006cc400000, 0x00000006cc400000, 0x00000006cc500000|  0%| F|  |TAMS 0x00000006cc400000, 0x00000006cc400000| Untracked 
| 183|0x00000006cc500000, 0x00000006cc500000, 0x00000006cc600000|  0%| F|  |TAMS 0x00000006cc500000, 0x00000006cc500000| Untracked 
| 184|0x00000006cc600000, 0x00000006cc600000, 0x00000006cc700000|  0%| F|  |TAMS 0x00000006cc600000, 0x00000006cc600000| Untracked 
| 185|0x00000006cc700000, 0x00000006cc700000, 0x00000006cc800000|  0%| F|  |TAMS 0x00000006cc700000, 0x00000006cc700000| Untracked 
| 186|0x00000006cc800000, 0x00000006cc800000, 0x00000006cc900000|  0%| F|  |TAMS 0x00000006cc800000, 0x00000006cc800000| Untracked 
| 187|0x00000006cc900000, 0x00000006cc900000, 0x00000006cca00000|  0%| F|  |TAMS 0x00000006cc900000, 0x00000006cc900000| Untracked 
| 188|0x00000006cca00000, 0x00000006cca00000, 0x00000006ccb00000|  0%| F|  |TAMS 0x00000006cca00000, 0x00000006cca00000| Untracked 
| 189|0x00000006ccb00000, 0x00000006ccb00000, 0x00000006ccc00000|  0%| F|  |TAMS 0x00000006ccb00000, 0x00000006ccb00000| Untracked 
| 190|0x00000006ccc00000, 0x00000006ccc00000, 0x00000006ccd00000|  0%| F|  |TAMS 0x00000006ccc00000, 0x00000006ccc00000| Untracked 
| 191|0x00000006ccd00000, 0x00000006ccd00000, 0x00000006cce00000|  0%| F|  |TAMS 0x00000006ccd00000, 0x00000006ccd00000| Untracked 
| 192|0x00000006cce00000, 0x00000006cce00000, 0x00000006ccf00000|  0%| F|  |TAMS 0x00000006cce00000, 0x00000006cce00000| Untracked 
| 193|0x00000006ccf00000, 0x00000006ccf00000, 0x00000006cd000000|  0%| F|  |TAMS 0x00000006ccf00000, 0x00000006ccf00000| Untracked 
| 194|0x00000006cd000000, 0x00000006cd000000, 0x00000006cd100000|  0%| F|  |TAMS 0x00000006cd000000, 0x00000006cd000000| Untracked 
| 195|0x00000006cd100000, 0x00000006cd100000, 0x00000006cd200000|  0%| F|  |TAMS 0x00000006cd100000, 0x00000006cd100000| Untracked 
| 196|0x00000006cd200000, 0x00000006cd200000, 0x00000006cd300000|  0%| F|  |TAMS 0x00000006cd200000, 0x00000006cd200000| Untracked 
| 197|0x00000006cd300000, 0x00000006cd300000, 0x00000006cd400000|  0%| F|  |TAMS 0x00000006cd300000, 0x00000006cd300000| Untracked 
| 198|0x00000006cd400000, 0x00000006cd400000, 0x00000006cd500000|  0%| F|  |TAMS 0x00000006cd400000, 0x00000006cd400000| Untracked 
| 199|0x00000006cd500000, 0x00000006cd500000, 0x00000006cd600000|  0%| F|  |TAMS 0x00000006cd500000, 0x00000006cd500000| Untracked 
| 200|0x00000006cd600000, 0x00000006cd600000, 0x00000006cd700000|  0%| F|  |TAMS 0x00000006cd600000, 0x00000006cd600000| Untracked 
| 201|0x00000006cd700000, 0x00000006cd700000, 0x00000006cd800000|  0%| F|  |TAMS 0x00000006cd700000, 0x00000006cd700000| Untracked 
| 202|0x00000006cd800000, 0x00000006cd800000, 0x00000006cd900000|  0%| F|  |TAMS 0x00000006cd800000, 0x00000006cd800000| Untracked 
| 203|0x00000006cd900000, 0x00000006cd900000, 0x00000006cda00000|  0%| F|  |TAMS 0x00000006cd900000, 0x00000006cd900000| Untracked 
| 204|0x00000006cda00000, 0x00000006cda00000, 0x00000006cdb00000|  0%| F|  |TAMS 0x00000006cda00000, 0x00000006cda00000| Untracked 
| 205|0x00000006cdb00000, 0x00000006cdb00000, 0x00000006cdc00000|  0%| F|  |TAMS 0x00000006cdb00000, 0x00000006cdb00000| Untracked 
| 206|0x00000006cdc00000, 0x00000006cdc00000, 0x00000006cdd00000|  0%| F|  |TAMS 0x00000006cdc00000, 0x00000006cdc00000| Untracked 
| 207|0x00000006cdd00000, 0x00000006cdd00000, 0x00000006cde00000|  0%| F|  |TAMS 0x00000006cdd00000, 0x00000006cdd00000| Untracked 
| 208|0x00000006cde00000, 0x00000006cde00000, 0x00000006cdf00000|  0%| F|  |TAMS 0x00000006cde00000, 0x00000006cde00000| Untracked 
| 209|0x00000006cdf00000, 0x00000006cdf00000, 0x00000006ce000000|  0%| F|  |TAMS 0x00000006cdf00000, 0x00000006cdf00000| Untracked 
| 210|0x00000006ce000000, 0x00000006ce000000, 0x00000006ce100000|  0%| F|  |TAMS 0x00000006ce000000, 0x00000006ce000000| Untracked 
| 211|0x00000006ce100000, 0x00000006ce100000, 0x00000006ce200000|  0%| F|  |TAMS 0x00000006ce100000, 0x00000006ce100000| Untracked 
| 212|0x00000006ce200000, 0x00000006ce200000, 0x00000006ce300000|  0%| F|  |TAMS 0x00000006ce200000, 0x00000006ce200000| Untracked 
| 213|0x00000006ce300000, 0x00000006ce300000, 0x00000006ce400000|  0%| F|  |TAMS 0x00000006ce300000, 0x00000006ce300000| Untracked 
| 214|0x00000006ce400000, 0x00000006ce400000, 0x00000006ce500000|  0%| F|  |TAMS 0x00000006ce400000, 0x00000006ce400000| Untracked 
| 215|0x00000006ce500000, 0x00000006ce500000, 0x00000006ce600000|  0%| F|  |TAMS 0x00000006ce500000, 0x00000006ce500000| Untracked 
| 216|0x00000006ce600000, 0x00000006ce600000, 0x00000006ce700000|  0%| F|  |TAMS 0x00000006ce600000, 0x00000006ce600000| Untracked 
| 217|0x00000006ce700000, 0x00000006ce700000, 0x00000006ce800000|  0%| F|  |TAMS 0x00000006ce700000, 0x00000006ce700000| Untracked 
| 218|0x00000006ce800000, 0x00000006ce800000, 0x00000006ce900000|  0%| F|  |TAMS 0x00000006ce800000, 0x00000006ce800000| Untracked 
| 219|0x00000006ce900000, 0x00000006ce900000, 0x00000006cea00000|  0%| F|  |TAMS 0x00000006ce900000, 0x00000006ce900000| Untracked 
| 220|0x00000006cea00000, 0x00000006cea00000, 0x00000006ceb00000|  0%| F|  |TAMS 0x00000006cea00000, 0x00000006cea00000| Untracked 
| 221|0x00000006ceb00000, 0x00000006ceb00000, 0x00000006cec00000|  0%| F|  |TAMS 0x00000006ceb00000, 0x00000006ceb00000| Untracked 
| 222|0x00000006cec00000, 0x00000006cec00000, 0x00000006ced00000|  0%| F|  |TAMS 0x00000006cec00000, 0x00000006cec00000| Untracked 
| 223|0x00000006ced00000, 0x00000006ced00000, 0x00000006cee00000|  0%| F|  |TAMS 0x00000006ced00000, 0x00000006ced00000| Untracked 
| 224|0x00000006cee00000, 0x00000006cee00000, 0x00000006cef00000|  0%| F|  |TAMS 0x00000006cee00000, 0x00000006cee00000| Untracked 
| 225|0x00000006cef00000, 0x00000006cef00000, 0x00000006cf000000|  0%| F|  |TAMS 0x00000006cef00000, 0x00000006cef00000| Untracked 
| 226|0x00000006cf000000, 0x00000006cf000000, 0x00000006cf100000|  0%| F|  |TAMS 0x00000006cf000000, 0x00000006cf000000| Untracked 
| 227|0x00000006cf100000, 0x00000006cf100000, 0x00000006cf200000|  0%| F|  |TAMS 0x00000006cf100000, 0x00000006cf100000| Untracked 
| 228|0x00000006cf200000, 0x00000006cf200000, 0x00000006cf300000|  0%| F|  |TAMS 0x00000006cf200000, 0x00000006cf200000| Untracked 
| 229|0x00000006cf300000, 0x00000006cf300000, 0x00000006cf400000|  0%| F|  |TAMS 0x00000006cf300000, 0x00000006cf300000| Untracked 
| 230|0x00000006cf400000, 0x00000006cf400000, 0x00000006cf500000|  0%| F|  |TAMS 0x00000006cf400000, 0x00000006cf400000| Untracked 
| 231|0x00000006cf500000, 0x00000006cf500000, 0x00000006cf600000|  0%| F|  |TAMS 0x00000006cf500000, 0x00000006cf500000| Untracked 
| 232|0x00000006cf600000, 0x00000006cf600000, 0x00000006cf700000|  0%| F|  |TAMS 0x00000006cf600000, 0x00000006cf600000| Untracked 
| 233|0x00000006cf700000, 0x00000006cf700000, 0x00000006cf800000|  0%| F|  |TAMS 0x00000006cf700000, 0x00000006cf700000| Untracked 
| 234|0x00000006cf800000, 0x00000006cf800000, 0x00000006cf900000|  0%| F|  |TAMS 0x00000006cf800000, 0x00000006cf800000| Untracked 
| 235|0x00000006cf900000, 0x00000006cf900000, 0x00000006cfa00000|  0%| F|  |TAMS 0x00000006cf900000, 0x00000006cf900000| Untracked 
| 236|0x00000006cfa00000, 0x00000006cfa00000, 0x00000006cfb00000|  0%| F|  |TAMS 0x00000006cfa00000, 0x00000006cfa00000| Untracked 
| 237|0x00000006cfb00000, 0x00000006cfb00000, 0x00000006cfc00000|  0%| F|  |TAMS 0x00000006cfb00000, 0x00000006cfb00000| Untracked 
| 238|0x00000006cfc00000, 0x00000006cfc00000, 0x00000006cfd00000|  0%| F|  |TAMS 0x00000006cfc00000, 0x00000006cfc00000| Untracked 
| 239|0x00000006cfd00000, 0x00000006cfd00000, 0x00000006cfe00000|  0%| F|  |TAMS 0x00000006cfd00000, 0x00000006cfd00000| Untracked 
| 240|0x00000006cfe00000, 0x00000006cfe00000, 0x00000006cff00000|  0%| F|  |TAMS 0x00000006cfe00000, 0x00000006cfe00000| Untracked 
| 241|0x00000006cff00000, 0x00000006cff00000, 0x00000006d0000000|  0%| F|  |TAMS 0x00000006cff00000, 0x00000006cff00000| Untracked 
| 242|0x00000006d0000000, 0x00000006d0000000, 0x00000006d0100000|  0%| F|  |TAMS 0x00000006d0000000, 0x00000006d0000000| Untracked 
| 243|0x00000006d0100000, 0x00000006d0100000, 0x00000006d0200000|  0%| F|  |TAMS 0x00000006d0100000, 0x00000006d0100000| Untracked 
| 244|0x00000006d0200000, 0x00000006d0200000, 0x00000006d0300000|  0%| F|  |TAMS 0x00000006d0200000, 0x00000006d0200000| Untracked 
| 245|0x00000006d0300000, 0x00000006d0300000, 0x00000006d0400000|  0%| F|  |TAMS 0x00000006d0300000, 0x00000006d0300000| Untracked 
| 246|0x00000006d0400000, 0x00000006d0400000, 0x00000006d0500000|  0%| F|  |TAMS 0x00000006d0400000, 0x00000006d0400000| Untracked 
| 247|0x00000006d0500000, 0x00000006d0500000, 0x00000006d0600000|  0%| F|  |TAMS 0x00000006d0500000, 0x00000006d0500000| Untracked 
| 248|0x00000006d0600000, 0x00000006d0600000, 0x00000006d0700000|  0%| F|  |TAMS 0x00000006d0600000, 0x00000006d0600000| Untracked 
| 249|0x00000006d0700000, 0x00000006d0700000, 0x00000006d0800000|  0%| F|  |TAMS 0x00000006d0700000, 0x00000006d0700000| Untracked 
| 250|0x00000006d0800000, 0x00000006d0800000, 0x00000006d0900000|  0%| F|  |TAMS 0x00000006d0800000, 0x00000006d0800000| Untracked 
| 251|0x00000006d0900000, 0x00000006d0900000, 0x00000006d0a00000|  0%| F|  |TAMS 0x00000006d0900000, 0x00000006d0900000| Untracked 
| 252|0x00000006d0a00000, 0x00000006d0a00000, 0x00000006d0b00000|  0%| F|  |TAMS 0x00000006d0a00000, 0x00000006d0a00000| Untracked 
| 253|0x00000006d0b00000, 0x00000006d0b00000, 0x00000006d0c00000|  0%| F|  |TAMS 0x00000006d0b00000, 0x00000006d0b00000| Untracked 
| 254|0x00000006d0c00000, 0x00000006d0c00000, 0x00000006d0d00000|  0%| F|  |TAMS 0x00000006d0c00000, 0x00000006d0c00000| Untracked 
| 255|0x00000006d0d00000, 0x00000006d0d00000, 0x00000006d0e00000|  0%| F|  |TAMS 0x00000006d0d00000, 0x00000006d0d00000| Untracked 
| 256|0x00000006d0e00000, 0x00000006d0e00000, 0x00000006d0f00000|  0%| F|  |TAMS 0x00000006d0e00000, 0x00000006d0e00000| Untracked 
| 257|0x00000006d0f00000, 0x00000006d0f00000, 0x00000006d1000000|  0%| F|  |TAMS 0x00000006d0f00000, 0x00000006d0f00000| Untracked 
| 258|0x00000006d1000000, 0x00000006d1000000, 0x00000006d1100000|  0%| F|  |TAMS 0x00000006d1000000, 0x00000006d1000000| Untracked 
| 259|0x00000006d1100000, 0x00000006d1100000, 0x00000006d1200000|  0%| F|  |TAMS 0x00000006d1100000, 0x00000006d1100000| Untracked 
| 260|0x00000006d1200000, 0x00000006d1200000, 0x00000006d1300000|  0%| F|  |TAMS 0x00000006d1200000, 0x00000006d1200000| Untracked 
| 261|0x00000006d1300000, 0x00000006d1300000, 0x00000006d1400000|  0%| F|  |TAMS 0x00000006d1300000, 0x00000006d1300000| Untracked 
| 262|0x00000006d1400000, 0x00000006d1400000, 0x00000006d1500000|  0%| F|  |TAMS 0x00000006d1400000, 0x00000006d1400000| Untracked 
| 263|0x00000006d1500000, 0x00000006d1500000, 0x00000006d1600000|  0%| F|  |TAMS 0x00000006d1500000, 0x00000006d1500000| Untracked 
| 264|0x00000006d1600000, 0x00000006d1600000, 0x00000006d1700000|  0%| F|  |TAMS 0x00000006d1600000, 0x00000006d1600000| Untracked 
| 265|0x00000006d1700000, 0x00000006d1700000, 0x00000006d1800000|  0%| F|  |TAMS 0x00000006d1700000, 0x00000006d1700000| Untracked 
| 266|0x00000006d1800000, 0x00000006d189a4a0, 0x00000006d1900000| 60%| S|CS|TAMS 0x00000006d1800000, 0x00000006d1800000| Complete 
| 267|0x00000006d1900000, 0x00000006d1a00000, 0x00000006d1a00000|100%| S|CS|TAMS 0x00000006d1900000, 0x00000006d1900000| Complete 
| 268|0x00000006d1a00000, 0x00000006d1b00000, 0x00000006d1b00000|100%| S|CS|TAMS 0x00000006d1a00000, 0x00000006d1a00000| Complete 
| 269|0x00000006d1b00000, 0x00000006d1c00000, 0x00000006d1c00000|100%| S|CS|TAMS 0x00000006d1b00000, 0x00000006d1b00000| Complete 
| 270|0x00000006d1c00000, 0x00000006d1d00000, 0x00000006d1d00000|100%| S|CS|TAMS 0x00000006d1c00000, 0x00000006d1c00000| Complete 
| 271|0x00000006d1d00000, 0x00000006d1d00000, 0x00000006d1e00000|  0%| F|  |TAMS 0x00000006d1d00000, 0x00000006d1d00000| Untracked 
| 272|0x00000006d1e00000, 0x00000006d1e00000, 0x00000006d1f00000|  0%| F|  |TAMS 0x00000006d1e00000, 0x00000006d1e00000| Untracked 
| 273|0x00000006d1f00000, 0x00000006d1f00000, 0x00000006d2000000|  0%| F|  |TAMS 0x00000006d1f00000, 0x00000006d1f00000| Untracked 
| 274|0x00000006d2000000, 0x00000006d2000000, 0x00000006d2100000|  0%| F|  |TAMS 0x00000006d2000000, 0x00000006d2000000| Untracked 
| 275|0x00000006d2100000, 0x00000006d2100000, 0x00000006d2200000|  0%| F|  |TAMS 0x00000006d2100000, 0x00000006d2100000| Untracked 
| 276|0x00000006d2200000, 0x00000006d2200000, 0x00000006d2300000|  0%| F|  |TAMS 0x00000006d2200000, 0x00000006d2200000| Untracked 
| 277|0x00000006d2300000, 0x00000006d2300000, 0x00000006d2400000|  0%| F|  |TAMS 0x00000006d2300000, 0x00000006d2300000| Untracked 
| 278|0x00000006d2400000, 0x00000006d2400000, 0x00000006d2500000|  0%| F|  |TAMS 0x00000006d2400000, 0x00000006d2400000| Untracked 
| 279|0x00000006d2500000, 0x00000006d2500000, 0x00000006d2600000|  0%| F|  |TAMS 0x00000006d2500000, 0x00000006d2500000| Untracked 
| 280|0x00000006d2600000, 0x00000006d2600000, 0x00000006d2700000|  0%| F|  |TAMS 0x00000006d2600000, 0x00000006d2600000| Untracked 
| 281|0x00000006d2700000, 0x00000006d2700000, 0x00000006d2800000|  0%| F|  |TAMS 0x00000006d2700000, 0x00000006d2700000| Untracked 
| 282|0x00000006d2800000, 0x00000006d2800000, 0x00000006d2900000|  0%| F|  |TAMS 0x00000006d2800000, 0x00000006d2800000| Untracked 
| 283|0x00000006d2900000, 0x00000006d2900000, 0x00000006d2a00000|  0%| F|  |TAMS 0x00000006d2900000, 0x00000006d2900000| Untracked 
| 284|0x00000006d2a00000, 0x00000006d2a00000, 0x00000006d2b00000|  0%| F|  |TAMS 0x00000006d2a00000, 0x00000006d2a00000| Untracked 
| 285|0x00000006d2b00000, 0x00000006d2b00000, 0x00000006d2c00000|  0%| F|  |TAMS 0x00000006d2b00000, 0x00000006d2b00000| Untracked 
| 286|0x00000006d2c00000, 0x00000006d2c00000, 0x00000006d2d00000|  0%| F|  |TAMS 0x00000006d2c00000, 0x00000006d2c00000| Untracked 
| 287|0x00000006d2d00000, 0x00000006d2d00000, 0x00000006d2e00000|  0%| F|  |TAMS 0x00000006d2d00000, 0x00000006d2d00000| Untracked 
| 288|0x00000006d2e00000, 0x00000006d2e00000, 0x00000006d2f00000|  0%| F|  |TAMS 0x00000006d2e00000, 0x00000006d2e00000| Untracked 
| 289|0x00000006d2f00000, 0x00000006d2f00000, 0x00000006d3000000|  0%| F|  |TAMS 0x00000006d2f00000, 0x00000006d2f00000| Untracked 
| 290|0x00000006d3000000, 0x00000006d3000000, 0x00000006d3100000|  0%| F|  |TAMS 0x00000006d3000000, 0x00000006d3000000| Untracked 
| 291|0x00000006d3100000, 0x00000006d3100000, 0x00000006d3200000|  0%| F|  |TAMS 0x00000006d3100000, 0x00000006d3100000| Untracked 
| 292|0x00000006d3200000, 0x00000006d3200000, 0x00000006d3300000|  0%| F|  |TAMS 0x00000006d3200000, 0x00000006d3200000| Untracked 
| 293|0x00000006d3300000, 0x00000006d3300000, 0x00000006d3400000|  0%| F|  |TAMS 0x00000006d3300000, 0x00000006d3300000| Untracked 
| 294|0x00000006d3400000, 0x00000006d3400000, 0x00000006d3500000|  0%| F|  |TAMS 0x00000006d3400000, 0x00000006d3400000| Untracked 
| 295|0x00000006d3500000, 0x00000006d3500000, 0x00000006d3600000|  0%| F|  |TAMS 0x00000006d3500000, 0x00000006d3500000| Untracked 
| 296|0x00000006d3600000, 0x00000006d3600000, 0x00000006d3700000|  0%| F|  |TAMS 0x00000006d3600000, 0x00000006d3600000| Untracked 
| 297|0x00000006d3700000, 0x00000006d3700000, 0x00000006d3800000|  0%| F|  |TAMS 0x00000006d3700000, 0x00000006d3700000| Untracked 
| 298|0x00000006d3800000, 0x00000006d3800000, 0x00000006d3900000|  0%| F|  |TAMS 0x00000006d3800000, 0x00000006d3800000| Untracked 
| 299|0x00000006d3900000, 0x00000006d3900000, 0x00000006d3a00000|  0%| F|  |TAMS 0x00000006d3900000, 0x00000006d3900000| Untracked 
| 300|0x00000006d3a00000, 0x00000006d3a00000, 0x00000006d3b00000|  0%| F|  |TAMS 0x00000006d3a00000, 0x00000006d3a00000| Untracked 
| 301|0x00000006d3b00000, 0x00000006d3b00000, 0x00000006d3c00000|  0%| F|  |TAMS 0x00000006d3b00000, 0x00000006d3b00000| Untracked 
| 302|0x00000006d3c00000, 0x00000006d3c00000, 0x00000006d3d00000|  0%| F|  |TAMS 0x00000006d3c00000, 0x00000006d3c00000| Untracked 
| 303|0x00000006d3d00000, 0x00000006d3d00000, 0x00000006d3e00000|  0%| F|  |TAMS 0x00000006d3d00000, 0x00000006d3d00000| Untracked 
| 304|0x00000006d3e00000, 0x00000006d3e00000, 0x00000006d3f00000|  0%| F|  |TAMS 0x00000006d3e00000, 0x00000006d3e00000| Untracked 
| 305|0x00000006d3f00000, 0x00000006d3f00000, 0x00000006d4000000|  0%| F|  |TAMS 0x00000006d3f00000, 0x00000006d3f00000| Untracked 
| 306|0x00000006d4000000, 0x00000006d4000000, 0x00000006d4100000|  0%| F|  |TAMS 0x00000006d4000000, 0x00000006d4000000| Untracked 
| 307|0x00000006d4100000, 0x00000006d4100000, 0x00000006d4200000|  0%| F|  |TAMS 0x00000006d4100000, 0x00000006d4100000| Untracked 
| 308|0x00000006d4200000, 0x00000006d4200000, 0x00000006d4300000|  0%| F|  |TAMS 0x00000006d4200000, 0x00000006d4200000| Untracked 
| 309|0x00000006d4300000, 0x00000006d4300000, 0x00000006d4400000|  0%| F|  |TAMS 0x00000006d4300000, 0x00000006d4300000| Untracked 
| 310|0x00000006d4400000, 0x00000006d4400000, 0x00000006d4500000|  0%| F|  |TAMS 0x00000006d4400000, 0x00000006d4400000| Untracked 
| 311|0x00000006d4500000, 0x00000006d4500000, 0x00000006d4600000|  0%| F|  |TAMS 0x00000006d4500000, 0x00000006d4500000| Untracked 
| 312|0x00000006d4600000, 0x00000006d4600000, 0x00000006d4700000|  0%| F|  |TAMS 0x00000006d4600000, 0x00000006d4600000| Untracked 
| 313|0x00000006d4700000, 0x00000006d4700000, 0x00000006d4800000|  0%| F|  |TAMS 0x00000006d4700000, 0x00000006d4700000| Untracked 
| 314|0x00000006d4800000, 0x00000006d4800000, 0x00000006d4900000|  0%| F|  |TAMS 0x00000006d4800000, 0x00000006d4800000| Untracked 
| 315|0x00000006d4900000, 0x00000006d4900000, 0x00000006d4a00000|  0%| F|  |TAMS 0x00000006d4900000, 0x00000006d4900000| Untracked 
| 316|0x00000006d4a00000, 0x00000006d4a00000, 0x00000006d4b00000|  0%| F|  |TAMS 0x00000006d4a00000, 0x00000006d4a00000| Untracked 
| 317|0x00000006d4b00000, 0x00000006d4b00000, 0x00000006d4c00000|  0%| F|  |TAMS 0x00000006d4b00000, 0x00000006d4b00000| Untracked 
| 318|0x00000006d4c00000, 0x00000006d4c83508, 0x00000006d4d00000| 51%| E|  |TAMS 0x00000006d4c00000, 0x00000006d4c00000| Complete 
| 319|0x00000006d4d00000, 0x00000006d4e00000, 0x00000006d4e00000|100%| E|CS|TAMS 0x00000006d4d00000, 0x00000006d4d00000| Complete 

Card table byte_map: [0x000002e543bd0000,0x000002e5445d0000] _byte_map_base: 0x000002e5405c9000

Marking Bits (Prev, Next): (CMBitMap*) 0x000002e52b8369f0, (CMBitMap*) 0x000002e52b8369b8
 Prev Bits: [0x000002e549fa0000, 0x000002e54ef68000)
 Next Bits: [0x000002e544fd0000, 0x000002e549f98000)

Polling page: 0x000002e52b8b0000

Metaspace:

Usage:
  Non-class:     18.04 MB capacity,    17.75 MB ( 98%) used,   255.10 KB (  1%) free+waste,    39.13 KB ( <1%) overhead. 
      Class:      1.83 MB capacity,     1.69 MB ( 92%) used,   126.48 KB (  7%) free+waste,    16.75 KB ( <1%) overhead. 
       Both:     19.86 MB capacity,    19.44 MB ( 98%) used,   381.58 KB (  2%) free+waste,    55.88 KB ( <1%) overhead. 

Virtual space:
  Non-class space:       20.00 MB reserved,      18.25 MB ( 91%) committed 
      Class space:        1.00 GB reserved,       1.88 MB ( <1%) committed 
             Both:        1.02 GB reserved,      20.13 MB (  2%) committed 

Chunk freelists:
   Non-Class:  3.00 KB
       Class:  2.38 KB
        Both:  5.38 KB

CodeHeap 'non-profiled nmethods': size=120064Kb used=1654Kb max_used=1654Kb free=118410Kb
 bounds [0x000002e53b670000, 0x000002e53b8e0000, 0x000002e542bb0000]
CodeHeap 'profiled nmethods': size=120000Kb used=5223Kb max_used=5223Kb free=114776Kb
 bounds [0x000002e534140000, 0x000002e534660000, 0x000002e53b670000]
CodeHeap 'non-nmethods': size=5696Kb used=1564Kb max_used=1601Kb free=4131Kb
 bounds [0x000002e533bb0000, 0x000002e533e20000, 0x000002e534140000]
 total_blobs=4700 nmethods=2628 adapters=1031
 compilation: enabled
              stopped_count=0, restarted_count=0
 full_count=0

Compilation events (10 events):
Event: 11.642 Thread 0x000002e551f7e000 2727       4       sun.awt.SunHints$Value::hashCode (5 bytes)
Event: 11.643 Thread 0x000002e551f7e000 nmethod 2727 0x000002e53b809790 code [0x000002e53b809920, 0x000002e53b8099c8]
Event: 11.643 Thread 0x000002e551f7e000 2728       4       java.awt.Font::defaultLineMetrics (397 bytes)
Event: 11.667 Thread 0x000002e551f7e000 nmethod 2728 0x000002e53b809a90 code [0x000002e53b809e80, 0x000002e53b80b7f0]
Event: 11.667 Thread 0x000002e551f7e000 2729       4       sun.java2d.SunGraphics2D::validateColor (101 bytes)
Event: 11.668 Thread 0x000002e551f7e000 nmethod 2729 0x000002e53b80ca90 code [0x000002e53b80cc40, 0x000002e53b80ce18]
Event: 11.783 Thread 0x000002e551f7e000 2730       4       java.lang.Object::equals (11 bytes)
Event: 11.783 Thread 0x000002e551f7e000 nmethod 2730 0x000002e53b80d090 code [0x000002e53b80d220, 0x000002e53b80d298]
Event: 11.793 Thread 0x000002e551f7e000 2731       4       java.util.HashMap$Node::<init> (26 bytes)
Event: 11.795 Thread 0x000002e551f7e000 nmethod 2731 0x000002e53b80d310 code [0x000002e53b80d4a0, 0x000002e53b80d778]

GC Heap History (8 events):
Event: 2.449 GC heap before
{Heap before GC invocations=0 (full 0):
 garbage-first heap   total 327680K, used 15360K [0x00000006c0e00000, 0x0000000800000000)
  region size 1024K, 16 young (16384K), 0 survivors (0K)
 Metaspace       used 13469K, capacity 13698K, committed 14080K, reserved 1062912K
  class space    used 1087K, capacity 1166K, committed 1280K, reserved 1048576K
}
Event: 2.453 GC heap after
{Heap after GC invocations=1 (full 0):
 garbage-first heap   total 327680K, used 2261K [0x00000006c0e00000, 0x0000000800000000)
  region size 1024K, 2 young (2048K), 2 survivors (2048K)
 Metaspace       used 13469K, capacity 13698K, committed 14080K, reserved 1062912K
  class space    used 1087K, capacity 1166K, committed 1280K, reserved 1048576K
}
Event: 4.520 GC heap before
{Heap before GC invocations=1 (full 0):
 garbage-first heap   total 327680K, used 162005K [0x00000006c0e00000, 0x0000000800000000)
  region size 1024K, 42 young (43008K), 2 survivors (2048K)
 Metaspace       used 17972K, capacity 18318K, committed 18432K, reserved 1067008K
  class space    used 1578K, capacity 1686K, committed 1792K, reserved 1048576K
}
Event: 4.525 GC heap after
{Heap after GC invocations=2 (full 0):
 garbage-first heap   total 327680K, used 45790K [0x00000006c0e00000, 0x0000000800000000)
  region size 1024K, 11 young (11264K), 11 survivors (11264K)
 Metaspace       used 17972K, capacity 18318K, committed 18432K, reserved 1067008K
  class space    used 1578K, capacity 1686K, committed 1792K, reserved 1048576K
}
Event: 8.040 GC heap before
{Heap before GC invocations=3 (full 0):
 garbage-first heap   total 327680K, used 151262K [0x00000006c0e00000, 0x0000000800000000)
  region size 1024K, 39 young (39936K), 11 survivors (11264K)
 Metaspace       used 19848K, capacity 20213K, committed 20352K, reserved 1067008K
  class space    used 1725K, capacity 1869K, committed 1920K, reserved 1048576K
}
Event: 8.045 GC heap after
{Heap after GC invocations=4 (full 0):
 garbage-first heap   total 327680K, used 60638K [0x00000006c0e00000, 0x0000000800000000)
  region size 1024K, 4 young (4096K), 4 survivors (4096K)
 Metaspace       used 19848K, capacity 20213K, committed 20352K, reserved 1067008K
  class space    used 1725K, capacity 1869K, committed 1920K, reserved 1048576K
}
Event: 11.778 GC heap before
{Heap before GC invocations=4 (full 0):
 garbage-first heap   total 327680K, used 106718K [0x00000006c0e00000, 0x0000000800000000)
  region size 1024K, 49 young (50176K), 4 survivors (4096K)
 Metaspace       used 19903K, capacity 20341K, committed 20608K, reserved 1069056K
  class space    used 1725K, capacity 1869K, committed 1920K, reserved 1048576K
}
Event: 11.782 GC heap after
{Heap after GC invocations=5 (full 0):
 garbage-first heap   total 327680K, used 61719K [0x00000006c0e00000, 0x0000000800000000)
  region size 1024K, 5 young (5120K), 5 survivors (5120K)
 Metaspace       used 19903K, capacity 20341K, committed 20608K, reserved 1069056K
  class space    used 1725K, capacity 1869K, committed 1920K, reserved 1048576K
}

Deoptimization events (10 events):
Event: 6.069 Thread 0x000002e52b7bf800 Uncommon trap: reason=unstable_if action=reinterpret pc=0x000002e53b6f1b18 method=java.util.HashMap.putVal(ILjava/lang/Object;Ljava/lang/Object;ZZ)Ljava/lang/Object; @ 181 c2
Event: 6.087 Thread 0x000002e52b7bf800 Uncommon trap: reason=unstable_if action=reinterpret pc=0x000002e53b67bae4 method=java.lang.CharacterData.of(I)Ljava/lang/CharacterData; @ 4 c2
Event: 6.093 Thread 0x000002e52b7bf800 Uncommon trap: reason=unstable_if action=reinterpret pc=0x000002e53b6debf0 method=java.lang.String.indexOf(Ljava/lang/String;)I @ 8 c2
Event: 6.093 Thread 0x000002e52b7bf800 Uncommon trap: reason=unstable_if action=reinterpret pc=0x000002e53b6b2f84 method=java.util.HashMap.putVal(ILjava/lang/Object;Ljava/lang/Object;ZZ)Ljava/lang/Object; @ 181 c2
Event: 6.192 Thread 0x000002e52b7bf800 Uncommon trap: reason=class_check action=maybe_recompile pc=0x000002e53b76958c method=java.io.BufferedInputStream.read1([BII)I @ 39 c2
Event: 6.224 Thread 0x000002e52b7bf800 Uncommon trap: reason=bimorphic_or_optimized_type_check action=maybe_recompile pc=0x000002e53b6f09a0 method=java.util.concurrent.ConcurrentHashMap.get(Ljava/lang/Object;)Ljava/lang/Object; @ 149 c2
Event: 6.250 Thread 0x000002e52b7bf800 Uncommon trap: reason=bimorphic_or_optimized_type_check action=maybe_recompile pc=0x000002e53b6f09a0 method=java.util.concurrent.ConcurrentHashMap.get(Ljava/lang/Object;)Ljava/lang/Object; @ 149 c2
Event: 6.260 Thread 0x000002e52b7bf800 Uncommon trap: reason=bimorphic_or_optimized_type_check action=maybe_recompile pc=0x000002e53b6f09a0 method=java.util.concurrent.ConcurrentHashMap.get(Ljava/lang/Object;)Ljava/lang/Object; @ 149 c2
Event: 6.299 Thread 0x000002e52b7bf800 Uncommon trap: reason=bimorphic_or_optimized_type_check action=maybe_recompile pc=0x000002e53b6f09a0 method=java.util.concurrent.ConcurrentHashMap.get(Ljava/lang/Object;)Ljava/lang/Object; @ 149 c2
Event: 8.806 Thread 0x000002e52b7bf800 Uncommon trap: reason=intrinsic_or_type_checked_inlining action=make_not_entrant pc=0x000002e53b7d7f74 method=java.util.ArrayList.toArray([Ljava/lang/Object;)[Ljava/lang/Object; @ 36 c2

Classes redefined (0 events):
No events

Internal exceptions (10 events):
Event: 2.476 Thread 0x000002e52b7bf800 Exception <a 'java/lang/NoSuchMethodError'{0x00000006d4c43478}: java.lang.invoke.DirectMethodHandle$Holder.invokeStatic(Ljava/lang/Object;Ljava/lang/Object;Ljava/lang/Object;Ljava/lang/Object;Ljava/lang/Object;Ljava/lang/Object;Ljava/lang/Object;Ljava/lan
Event: 2.477 Thread 0x000002e52b7bf800 Exception <a 'java/lang/NoSuchMethodError'{0x00000006d4c51468}: java.lang.invoke.DirectMethodHandle$Holder.invokeSpecial(Ljava/lang/Object;Ljava/lang/Object;IILjava/lang/Object;Ljava/lang/Object;Ljava/lang/Object;)Ljava/lang/Object;> (0x00000006d4c51468) 
Event: 2.477 Thread 0x000002e52b7bf800 Exception <a 'java/lang/NoSuchMethodError'{0x00000006d4c549f0}: java.lang.invoke.DelegatingMethodHandle$Holder.reinvoke_L(Ljava/lang/Object;IILjava/lang/Object;Ljava/lang/Object;Ljava/lang/Object;)Ljava/lang/Object;> (0x00000006d4c549f0) thrown at [t:/wor
Event: 2.477 Thread 0x000002e52b7bf800 Exception <a 'java/lang/NoSuchMethodError'{0x00000006d4c58c78}: java.lang.invoke.DirectMethodHandle$Holder.invokeStatic(Ljava/lang/Object;Ljava/lang/Object;Ljava/lang/Object;Ljava/lang/Object;I)Ljava/lang/Object;> (0x00000006d4c58c78) thrown at [t:/worksp
Event: 2.483 Thread 0x000002e52b7bf800 Exception <a 'java/io/FileNotFoundException'{0x00000006d4cbb860}> (0x00000006d4cbb860) thrown at [t:/workspace/open/src/hotspot/share/prims/jni.cpp, line 615]
Event: 3.089 Thread 0x000002e554767800 Implicit null exception at 0x000002e53b6d2624 to 0x000002e53b6d2896
Event: 6.082 Thread 0x000002e52b7bf800 Exception <a 'java/lang/NoSuchMethodError'{0x00000006d4991c70}: java.lang.invoke.DirectMethodHandle$Holder.invokeStatic(Ljava/lang/Object;Ljava/lang/Object;Ljava/lang/Object;Ljava/lang/Object;Ljava/lang/Object;Ljava/lang/Object;Ljava/lang/Object;Ljava/lan
Event: 6.083 Thread 0x000002e52b7bf800 Exception <a 'java/lang/NoSuchMethodError'{0x00000006d49afe10}: java.lang.invoke.DirectMethodHandle$Holder.invokeStatic(Ljava/lang/Object;Ljava/lang/Object;Ljava/lang/Object;Ljava/lang/Object;Ljava/lang/Object;Ljava/lang/Object;Ljava/lang/Object;Ljava/lan
Event: 6.084 Thread 0x000002e52b7bf800 Exception <a 'java/lang/NoSuchMethodError'{0x00000006d49cee40}: java.lang.invoke.DirectMethodHandle$Holder.invokeStatic(Ljava/lang/Object;Ljava/lang/Object;Ljava/lang/Object;Ljava/lang/Object;Ljava/lang/Object;Ljava/lang/Object;Ljava/lang/Object;Ljava/lan
Event: 6.085 Thread 0x000002e52b7bf800 Exception <a 'java/lang/NoSuchMethodError'{0x00000006d49ef4f8}: java.lang.invoke.DirectMethodHandle$Holder.invokeStatic(Ljava/lang/Object;Ljava/lang/Object;Ljava/lang/Object;Ljava/lang/Object;Ljava/lang/Object;Ljava/lang/Object;Ljava/lang/Object;Ljava/lan

Events (10 events):
Event: 8.060 Thread 0x000002e551f91800 flushing nmethod 0x000002e53423a410
Event: 8.060 Thread 0x000002e551f91800 flushing nmethod 0x000002e53423e910
Event: 8.060 Thread 0x000002e551f91800 flushing nmethod 0x000002e534266910
Event: 8.060 Thread 0x000002e551f91800 flushing nmethod 0x000002e53426d690
Event: 8.060 Thread 0x000002e551f91800 flushing nmethod 0x000002e534275b10
Event: 8.806 Thread 0x000002e52b7bf800 Uncommon trap: trap_request=0xffffffcc fr.pc=0x000002e53b7d7f74 relative=0x0000000000000b94
Event: 8.806 Thread 0x000002e52b7bf800 DEOPT PACKING pc=0x000002e53b7d7f74 sp=0x000000ec761fe920
Event: 8.806 Thread 0x000002e52b7bf800 DEOPT UNPACKING pc=0x000002e533bd91af sp=0x000000ec761fe858 mode 2
Event: 11.778 Executing VM operation: G1CollectForAllocation
Event: 11.782 Executing VM operation: G1CollectForAllocation done


Dynamic libraries:
0x00007ff7b7b20000 - 0x00007ff7b7b65000 	G:\jdk-11.0.2\bin\java.exe
0x00007ff99a470000 - 0x00007ff99a666000 	C:\Windows\SYSTEM32\ntdll.dll
0x00007ff999a80000 - 0x00007ff999b3d000 	C:\Windows\System32\KERNEL32.DLL
0x00007ff997d60000 - 0x00007ff998029000 	C:\Windows\System32\KERNELBASE.dll
0x00007ff999490000 - 0x00007ff999630000 	C:\Windows\System32\USER32.dll
0x00007ff997d30000 - 0x00007ff997d52000 	C:\Windows\System32\win32u.dll
0x00007ff998840000 - 0x00007ff99886a000 	C:\Windows\System32\GDI32.dll
0x00007ff9983c0000 - 0x00007ff9984cb000 	C:\Windows\System32\gdi32full.dll
0x00007ff9981c0000 - 0x00007ff99825d000 	C:\Windows\System32\msvcp_win.dll
0x00007ff9980c0000 - 0x00007ff9981c0000 	C:\Windows\System32\ucrtbase.dll
0x00007ff97d000000 - 0x00007ff97d29b000 	C:\Windows\WinSxS\amd64_microsoft.windows.common-controls_6595b64144ccf1df_6.0.19041.746_none_ca02b4b61b8320a4\COMCTL32.dll
0x00007ff999ec0000 - 0x00007ff999f5e000 	C:\Windows\System32\msvcrt.dll
0x00007ff9990f0000 - 0x00007ff999120000 	C:\Windows\System32\IMM32.DLL
0x00007ff977150000 - 0x00007ff977166000 	G:\jdk-11.0.2\bin\vcruntime140.dll
0x00007ff9475c0000 - 0x00007ff94766a000 	G:\jdk-11.0.2\bin\msvcp140.dll
0x00007ff938460000 - 0x00007ff938f83000 	G:\jdk-11.0.2\bin\server\jvm.dll
0x00007ff998870000 - 0x00007ff99891c000 	C:\Windows\System32\ADVAPI32.dll
0x00007ff9984d0000 - 0x00007ff99856c000 	C:\Windows\System32\sechost.dll
0x00007ff999120000 - 0x00007ff99924b000 	C:\Windows\System32\RPCRT4.dll
0x00007ff999640000 - 0x00007ff999648000 	C:\Windows\System32\PSAPI.DLL
0x00007ff97b970000 - 0x00007ff97b979000 	C:\Windows\SYSTEM32\WSOCK32.dll
0x00007ff987f80000 - 0x00007ff987fa7000 	C:\Windows\SYSTEM32\WINMM.dll
0x00007ff999a10000 - 0x00007ff999a7b000 	C:\Windows\System32\WS2_32.dll
0x00007ff992540000 - 0x00007ff99254a000 	C:\Windows\SYSTEM32\VERSION.dll
0x00007ff995b30000 - 0x00007ff995b42000 	C:\Windows\SYSTEM32\kernel.appcore.dll
0x00007ff9737a0000 - 0x00007ff9737b1000 	G:\jdk-11.0.2\bin\verify.dll
0x00007ff9860b0000 - 0x00007ff986294000 	C:\Windows\SYSTEM32\DBGHELP.DLL
0x00007ff986c60000 - 0x00007ff986c8c000 	C:\Windows\SYSTEM32\dbgcore.DLL
0x00007ff997bb0000 - 0x00007ff997c30000 	C:\Windows\System32\bcryptPrimitives.dll
0x00007ff973770000 - 0x00007ff973798000 	G:\jdk-11.0.2\bin\java.dll
0x00007ff972a80000 - 0x00007ff972a96000 	G:\jdk-11.0.2\bin\zip.dll
0x00007ff977310000 - 0x00007ff97731a000 	G:\jdk-11.0.2\bin\jimage.dll
0x00007ff9989a0000 - 0x00007ff9990e3000 	C:\Windows\System32\SHELL32.dll
0x00007ff995d30000 - 0x00007ff9964bf000 	C:\Windows\SYSTEM32\windows.storage.dll
0x00007ff999650000 - 0x00007ff9999a6000 	C:\Windows\System32\combase.dll
0x00007ff997540000 - 0x00007ff99756c000 	C:\Windows\SYSTEM32\Wldp.dll
0x00007ff998790000 - 0x00007ff99883e000 	C:\Windows\System32\SHCORE.dll
0x00007ff999430000 - 0x00007ff999485000 	C:\Windows\System32\shlwapi.dll
0x00007ff997ae0000 - 0x00007ff997b06000 	C:\Windows\SYSTEM32\profapi.dll
0x00007ff9728d0000 - 0x00007ff9728e9000 	G:\jdk-11.0.2\bin\net.dll
0x00007ff991ff0000 - 0x00007ff9920f0000 	C:\Windows\SYSTEM32\WINHTTP.dll
0x00007ff989c30000 - 0x00007ff989e1d000 	C:\Windows\SYSTEM32\urlmon.dll
0x00007ff9898f0000 - 0x00007ff989ba0000 	C:\Windows\SYSTEM32\iertutil.dll
0x00007ff9972c0000 - 0x00007ff99732a000 	C:\Windows\system32\mswsock.dll
0x00007ff970300000 - 0x00007ff970313000 	G:\jdk-11.0.2\bin\nio.dll
0x00007ff977100000 - 0x00007ff977109000 	G:\jdk-11.0.2\bin\prefs.dll
0x00007ff9702a0000 - 0x00007ff9702f7000 	C:\Users\manta\AppData\Local\Temp\lwjglmanta\3.1.2-build-29\lwjgl.dll
0x00007ff96be90000 - 0x00007ff96becd000 	C:\Users\manta\AppData\Local\Temp\lwjglmanta\3.1.2-build-29\glfw.dll
0x00007ff995670000 - 0x00007ff99570e000 	C:\Windows\system32\uxtheme.dll
0x00007ff969300000 - 0x00007ff969345000 	C:\Windows\SYSTEM32\dinput8.dll
0x00007ff97b9d0000 - 0x00007ff97b9e1000 	C:\Windows\SYSTEM32\xinput1_4.dll
0x00007ff997ce0000 - 0x00007ff997d2e000 	C:\Windows\System32\cfgmgr32.dll
0x00007ff997880000 - 0x00007ff9978ac000 	C:\Windows\SYSTEM32\DEVOBJ.dll
0x00007ff995950000 - 0x00007ff99597f000 	C:\Windows\SYSTEM32\dwmapi.dll
0x00007ff97c170000 - 0x00007ff97c2c2000 	C:\Windows\SYSTEM32\inputhost.dll
0x00007ff999dd0000 - 0x00007ff999e9d000 	C:\Windows\System32\OLEAUT32.dll
0x00007ff995310000 - 0x00007ff995402000 	C:\Windows\SYSTEM32\CoreMessaging.dll
0x00007ff993830000 - 0x00007ff993927000 	C:\Windows\SYSTEM32\PROPSYS.dll
0x00007ff994e10000 - 0x00007ff994f64000 	C:\Windows\SYSTEM32\wintypes.dll
0x00007ff994fb0000 - 0x00007ff99530e000 	C:\Windows\SYSTEM32\CoreUIComponents.dll
0x00007ff9968f0000 - 0x00007ff996923000 	C:\Windows\SYSTEM32\ntmarta.dll
0x00007ff999260000 - 0x00007ff999376000 	C:\Windows\System32\MSCTF.dll
0x00007ff9964c0000 - 0x00007ff9964cd000 	C:\Windows\SYSTEM32\HID.DLL
0x00007ff999f60000 - 0x00007ff99a3c7000 	C:\Windows\System32\SETUPAPI.DLL
0x00007ff998090000 - 0x00007ff9980b7000 	C:\Windows\System32\bcrypt.dll
0x00007ff998030000 - 0x00007ff998090000 	C:\Windows\System32\WINTRUST.dll
0x00007ff998260000 - 0x00007ff9983b6000 	C:\Windows\System32\CRYPT32.dll
0x00007ff9976c0000 - 0x00007ff9976d2000 	C:\Windows\SYSTEM32\MSASN1.dll
0x00007ff947100000 - 0x00007ff947225000 	C:\Windows\SYSTEM32\opengl32.dll
0x00007ff963cb0000 - 0x00007ff963cdc000 	C:\Windows\SYSTEM32\GLU32.dll
0x00007ff999380000 - 0x00007ff999429000 	C:\Windows\System32\clbcatq.dll
0x00007ff934c30000 - 0x00007ff93760c000 	C:\Windows\System32\DriverStore\FileRepository\nv_dispi.inf_amd64_3784df9edffd3314\nvoglv64.dll
0x00007ff998600000 - 0x00007ff99872a000 	C:\Windows\System32\ole32.dll
0x00007ff991e30000 - 0x00007ff991e44000 	C:\Windows\SYSTEM32\WTSAPI32.dll
0x00007ff990860000 - 0x00007ff990891000 	C:\Windows\SYSTEM32\cryptnet.dll
0x00007ff997490000 - 0x00007ff99749c000 	C:\Windows\SYSTEM32\cryptbase.dll
0x00007ff989860000 - 0x00007ff98989b000 	C:\Windows\SYSTEM32\dxcore.dll
0x00007ff951af0000 - 0x00007ff951da9000 	C:\Windows\system32\nvspcap64.dll
0x00007ff997a10000 - 0x00007ff997a5b000 	C:\Windows\SYSTEM32\powrprof.dll
0x00007ff9979f0000 - 0x00007ff997a02000 	C:\Windows\SYSTEM32\UMPDC.dll
0x00007ff9978e0000 - 0x00007ff99793a000 	C:\Windows\SYSTEM32\WINSTA.dll
0x00007ff97d380000 - 0x00007ff97d47b000 	C:\Windows\SYSTEM32\textinputframework.dll
0x00007ff963c50000 - 0x00007ff963cac000 	C:\Users\manta\AppData\Local\Temp\lwjglmanta\3.1.2-build-29\lwjgl_opengl.dll
0x00007ff9382c0000 - 0x00007ff93845e000 	G:\jdk-11.0.2\bin\awt.dll
0x00007ff993f30000 - 0x00007ff9944f0000 	C:\Windows\SYSTEM32\d2d1.dll
0x00007ff995540000 - 0x00007ff9955d0000 	C:\Windows\SYSTEM32\apphelp.dll
0x00007ff970280000 - 0x00007ff970292000 	G:\jdk-11.0.2\bin\jsound.dll
0x00007ff97ac20000 - 0x00007ff97acbc000 	C:\Windows\SYSTEM32\DSOUND.dll
0x00007ff9709f0000 - 0x00007ff970a16000 	C:\Windows\SYSTEM32\winmmbase.dll
0x00007ff991540000 - 0x00007ff9915c5000 	C:\Windows\System32\MMDevApi.dll
0x00007ff990590000 - 0x00007ff9905d6000 	C:\Windows\SYSTEM32\wdmaud.drv
0x00007ff991b80000 - 0x00007ff991b8a000 	C:\Windows\SYSTEM32\AVRT.dll
0x00007ff9923f0000 - 0x00007ff9923f9000 	C:\Windows\SYSTEM32\ksuser.dll
0x00007ff991e50000 - 0x00007ff991fd3000 	C:\Windows\SYSTEM32\AUDIOSES.DLL
0x00007ff990650000 - 0x00007ff99065d000 	C:\Windows\SYSTEM32\msacm32.drv
0x00007ff990630000 - 0x00007ff99064e000 	C:\Windows\SYSTEM32\MSACM32.dll
0x00007ff990620000 - 0x00007ff99062b000 	C:\Windows\SYSTEM32\midimap.dll
0x00007ff995750000 - 0x00007ff995764000 	C:\Windows\SYSTEM32\resourcepolicyclient.dll
0x00007ff97af70000 - 0x00007ff97b0b1000 	C:\Windows\System32\Windows.UI.dll
0x00007ff98dc80000 - 0x00007ff98dd21000 	C:\Windows\System32\WindowManagementAPI.dll
0x00007ff990910000 - 0x00007ff990b11000 	C:\Windows\SYSTEM32\twinapi.appcore.dll
0x00007ff947540000 - 0x00007ff9475c0000 	G:\jdk-11.0.2\bin\freetype.dll
0x00007ff961e70000 - 0x00007ff961edf000 	G:\jdk-11.0.2\bin\fontmanager.dll

dbghelp: loaded successfully - version: 4.0.5 - missing functions: none
symbol engine: initialized successfully - sym options: 0x614 - pdb path: .;G:\jdk-11.0.2\bin;C:\Windows\SYSTEM32;C:\Windows\WinSxS\amd64_microsoft.windows.common-controls_6595b64144ccf1df_6.0.19041.746_none_ca02b4b61b8320a4;G:\jdk-11.0.2\bin\server;C:\Users\manta\AppData\Local\Temp\lwjglmanta\3.1.2-build-29;C:\Windows\System32\DriverStore\FileRepository\nv_dispi.inf_amd64_3784df9edffd3314

VM Arguments:
jvm_args: -Dfoo=bar 
java_command: playn.sample.hello.java.HelloGameJava
java_class_path (initial): C:\Users\manta\OneDrive\Документы\GitHub\warpdeath\playn-samples-master\hello\java\target\classes;C:\Users\manta\OneDrive\Документы\GitHub\warpdeath\playn-samples-master\hello\core\target\classes;C:\Users\manta\.m2\repository\io\playn\playn-scene\2.0\playn-scene-2.0.jar;C:\Users\manta\.m2\repository\io\playn\playn-core\2.0\playn-core-2.0.jar;C:\Users\manta\.m2\repository\com\samskivert\pythagoras\1.4.3\pythagoras-1.4.3.jar;C:\Users\manta\.m2\repository\com\threerings\react\1.5.3\react-1.5.3.jar;C:\Users\manta\OneDrive\Документы\GitHub\warpdeath\playn-samples-master\hello\assets\target\classes;C:\Users\manta\.m2\repository\io\playn\playn-java-lwjgl\2.0\playn-java-lwjgl-2.0.jar;C:\Users\manta\.m2\repository\io\playn\playn-java-base\2.0\playn-java-base-2.0.jar;C:\Users\manta\.m2\repository\com\googlecode\soundlibs\mp3spi\1.9.5-1\mp3spi-1.9.5-1.jar;C:\Users\manta\.m2\repository\com\googlecode\soundlibs\jlayer\1.0.1-1\jlayer-1.0.1-1.jar;C:\Users\manta\.m2\repository\com\googlecode\soundlibs\tritonus-share\0.3.7-1\tritonus-share-0.3.7-1.jar;C:\Users\manta\.m2\repository\org\java-websocket\Java-WebSocket\1.3.0\Java-WebSocket-1.3.0.jar;C:\Users\manta\.m2\repository\org\lwjgl\lwjgl\3.1.2\lwjgl-3.1.2.jar;C:\Users\manta\.m2\repository\org\lwjgl\lwjgl\3.1.2\lwjgl-3.1.2-natives-linux.jar;C:\Users\manta\.m2\repository\org\lwjgl\lwjgl\3.1.2\lwjgl-3.1.2-natives-windows.jar;C:\Users\manta\.m2\repository\org\lwjgl\lwjgl\3.1.2\lwjgl-3.1.2-natives-macos.jar;C:\Users\manta\.m2\repository\org\lwjgl\lwjgl-opengl\3.1.2\lwjgl-opengl-3.1.2.jar;C:\Users\manta\.m2\repository\org\lwjgl\lwjgl-opengl\3.1.2\lwjgl-opengl-3.1.2-natives-linux.jar;C:\Users\manta\.m2\repository\org\lwjgl\lwjgl-opengl\3.1.2\lwjgl-opengl-3.1.2-natives-windows.jar;C:\Users\manta\.m2\repository\org\lwjgl\lwjgl-opengl\3.1.2\lwjgl-opengl-3.1.2-natives-macos.jar;C:\Users\manta\.m2\repository\org\lwjgl\lwjgl-glfw\3.1.2\lwjgl-glfw-3.1.2.jar;C:\Users\manta\.m2\repository\org\lwjgl\lwjgl-glfw\3.1.2\lw
Launcher Type: SUN_STANDARD

[Global flags]
     intx CICompilerCount                          = 3                                         {product} {ergonomic}
     uint ConcGCThreads                            = 1                                         {product} {ergonomic}
     uint G1ConcRefinementThreads                  = 4                                         {product} {ergonomic}
   size_t G1HeapRegionSize                         = 1048576                                   {product} {ergonomic}
    uintx GCDrainStackTargetSize                   = 64                                        {product} {ergonomic}
   size_t InitialHeapSize                          = 335544320                                 {product} {ergonomic}
   size_t MarkStackSize                            = 4194304                                   {product} {ergonomic}
   size_t MaxHeapSize                              = 5354029056                                {product} {ergonomic}
   size_t MaxNewSize                               = 3211788288                                {product} {ergonomic}
   size_t MinHeapDeltaBytes                        = 1048576                                   {product} {ergonomic}
    uintx NonNMethodCodeHeapSize                   = 5830092                                {pd product} {ergonomic}
    uintx NonProfiledCodeHeapSize                  = 122914074                              {pd product} {ergonomic}
    uintx ProfiledCodeHeapSize                     = 122914074                              {pd product} {ergonomic}
    uintx ReservedCodeCacheSize                    = 251658240                              {pd product} {ergonomic}
     bool SegmentedCodeCache                       = true                                      {product} {ergonomic}
     bool UseCompressedClassPointers               = true                                 {lp64_product} {ergonomic}
     bool UseCompressedOops                        = true                                 {lp64_product} {ergonomic}
     bool UseG1GC                                  = true                                      {product} {ergonomic}
     bool UseLargePagesIndividualAllocation        = false                                  {pd product} {ergonomic}

Logging:
Log output configuration:
 #0: stdout all=warning uptime,level,tags
 #1: stderr all=off uptime,level,tags

Environment Variables:
PATH=C:\Windows\system32;C:\Windows;C:\Windows\System32\Wbem;C:\Windows\System32\WindowsPowerShell\v1.0\;C:\Windows\System32\OpenSSH\;C:\Program Files (x86)\NVIDIA Corporation\PhysX\Common;C:\Program Files\NVIDIA Corporation\NVIDIA NvDLISR;C:\Program Files\Polyspace\R2020b\bin;C:\Users\manta\AppData\Local\Microsoft\WindowsApps;C:\Users\manta\AppData\Local\atom\bin;C:\Users\manta\AppData\Local\GitHubDesktop\bin;G:\jdk-11.0.2\bin;G:\apache-maven-3.8.1\bin;
USERNAME=manta
OS=Windows_NT
PROCESSOR_IDENTIFIER=Intel64 Family 6 Model 60 Stepping 3, GenuineIntel



---------------  S Y S T E M  ---------------

OS: Windows 10 , 64 bit Build 19041 (10.0.19041.662)

CPU:total 4 (initial active 4) (4 cores per cpu, 1 threads per core) family 6 model 60 stepping 3, cmov, cx8, fxsr, mmx, sse, sse2, sse3, ssse3, sse4.1, sse4.2, popcnt, avx, avx2, aes, clmul, erms, lzcnt, tsc, tscinvbit, bmi1, bmi2, fma

Memory: 4k page, system-wide physical 20419M (12785M free)
TotalPageFile size 30147M (AvailPageFile size 18725M)
current process WorkingSet (physical memory assigned to process): 347M, peak: 348M
current process commit charge ("private bytes"): 514M, peak: 543M

vm_info: OpenJDK 64-Bit Server VM (11.0.2+9) for windows-amd64 JRE (11.0.2+9), built on Jan 18 2019 05:23:22 by "mach5one" with MS VC++ 15.5 (VS2017)

END.
