#
# A fatal error has been detected by the Java Runtime Environment:
#
#  EXCEPTION_ACCESS_VIOLATION (0xc0000005) at pc=0x00007ffcaa97ecfd, pid=15372, tid=13516
#
# JRE version: OpenJDK Runtime Environment (11.0.2+9) (build 11.0.2+9)
# Java VM: OpenJDK 64-Bit Server VM (11.0.2+9, mixed mode, tiered, compressed oops, g1 gc, windows-amd64)
# Problematic frame:
# C  [lwjgl_opengl.dll+0xecfd]
#
# No core dump will be written. Minidumps are not enabled by default on client versions of Windows
#
# If you would like to submit a bug report, please visit:
#   http://bugreport.java.com/bugreport/crash.jsp
# The crash happened outside the Java Virtual Machine in native code.
# See problematic frame for where to report the bug.
#

---------------  S U M M A R Y ------------

Command Line: -Dfoo=bar playn.sample.hello.java.HelloGameJava

Host: Intel(R) Core(TM) i5-4570 CPU @ 3.20GHz, 4 cores, 19G,  Windows 10 , 64 bit Build 19041 (10.0.19041.662)
Time: Mon Jun 14 15:28:50 2021 RTZ 2 (зима) elapsed time: 9 seconds (0d 0h 0m 9s)

---------------  T H R E A D  ---------------

Current thread (0x000002d9d1a18000):  JavaThread "Finalizer" daemon [_thread_in_native, id=13516, stack(0x000000f0f0d00000,0x000000f0f0e00000)]

Stack: [0x000000f0f0d00000,0x000000f0f0e00000],  sp=0x000000f0f0dfedd8,  free space=1019k
Native frames: (J=compiled Java code, j=interpreted, Vv=VM code, C=native code)
C  [lwjgl_opengl.dll+0xecfd]

Java frames: (J=compiled Java code, j=interpreted, Vv=VM code)
J 1830  org.lwjgl.opengl.GL11.nglDeleteTextures(IJ)V (0 bytes) @ 0x000002d9bb266194 [0x000002d9bb266140+0x0000000000000054]
J 1828 c1 playn.java.LWJGLGL20.glDeleteTextures(ILjava/nio/IntBuffer;)V (5 bytes) @ 0x000002d9b3f871e4 [0x000002d9b3f86f80+0x0000000000000264]
J 1740 c1 playn.core.Texture.release()V (52 bytes) @ 0x000002d9b3f67e3c [0x000002d9b3f676c0+0x000000000000077c]
J 2571 c1 playn.scene.ImageLayer.setTile(Lplayn/core/Tile;)Lplayn/scene/ImageLayer; (47 bytes) @ 0x000002d9b40fe54c [0x000002d9b40fe3a0+0x00000000000001ac]
J 2574 c1 playn.scene.ImageLayer.finalize()V (10 bytes) @ 0x000002d9b4102cec [0x000002d9b4102c60+0x000000000000008c]
J 2573 c1 java.lang.ref.Finalizer.runFinalizer(Ljdk/internal/misc/JavaLangAccess;)V java.base@11.0.2 (117 bytes) @ 0x000002d9b4102384 [0x000002d9b4101cc0+0x00000000000006c4]
j  java.lang.ref.Finalizer$FinalizerThread.run()V+46 java.base@11.0.2
v  ~StubRoutines::call_stub

siginfo: EXCEPTION_ACCESS_VIOLATION (0xc0000005), reading address 0x00000000000009d8


Register to memory mapping:

RIP=0x00007ffcaa97ecfd lwjgl_opengl.dll
RAX=0x00007ffc791a1ca0 jvm.dll
RBX={method} {0x000002d9d26fad90} 'glDeleteTextures' '(ILjava/nio/IntBuffer;)V' in 'playn/java/LWJGLGL20'
RCX=0x0000000000000001 is an unknown value
RDX=0x000002d9d2507a40 points into unknown readable memory: 1c 00 00 00 02 00 00 00
RSP=0x000000f0f0dfedd8 is pointing into the stack for thread: 0x000002d9d1a18000
RBP=0x000000f0f0dfee40 is pointing into the stack for thread: 0x000002d9d1a18000
RSI=0x000002d9dacbf188 is pointing into metadata
RDI=0x000002d9d2507a40 points into unknown readable memory: 1c 00 00 00 02 00 00 00
R8 =0x0000000000000001 is an unknown value
R9 =0x000002d9d2507a40 points into unknown readable memory: 1c 00 00 00 02 00 00 00
R10=0x0 is NULL
R11=0x00000006c19f9fc8 is an oop: java.nio.DirectIntBufferU 
{0x00000006c19f9fc8} - klass: 'java/nio/DirectIntBufferU'
R12=0x0 is NULL
R13=0x000000f0f0dff128 is pointing into the stack for thread: 0x000002d9d1a18000
R14=0x000000f0f0dfee30 is pointing into the stack for thread: 0x000002d9d1a18000
R15=0x000002d9d1a18000 is a thread


Registers:
RAX=0x00007ffc791a1ca0, RBX=0x000002d9d26fad88, RCX=0x0000000000000001, RDX=0x000002d9d2507a40
RSP=0x000000f0f0dfedd8, RBP=0x000000f0f0dfee40, RSI=0x000002d9dacbf188, RDI=0x000002d9d2507a40
R8 =0x0000000000000001, R9 =0x000002d9d2507a40, R10=0x0000000000000000, R11=0x00000006c19f9fc8
R12=0x0000000000000000, R13=0x000000f0f0dff128, R14=0x000000f0f0dfee30, R15=0x000002d9d1a18000
RIP=0x00007ffcaa97ecfd, EFLAGS=0x0000000000010246

Top of Stack: (sp=0x000000f0f0dfedd8)
0x000000f0f0dfedd8:   000002d9bb266234 0000000000000000
0x000000f0f0dfede8:   00007ffc78e69080 0000000000000000
0x000000f0f0dfedf8:   000002d9ab298450 0000000000000000
0x000000f0f0dfee08:   00007ffc78db6b91 00007ffc78e69c00
0x000000f0f0dfee18:   000002d900000000 00007ffc78e69130
0x000000f0f0dfee28:   000002d900000000 00000006c0e36c00
0x000000f0f0dfee38:   00007ffc78db6855 000000f0f0dff180
0x000000f0f0dfee48:   000002d9b3f871e4 0000000000000000
0x000000f0f0dfee58:   000002d9ab298450 000000f0f0dfef90
0x000000f0f0dfee68:   00007ffc78db6905 00007ffc78e69cf0
0x000000f0f0dfee78:   000002d9d1a18000 0000000000000000
0x000000f0f0dfee88:   0000000000000000 0000000000000000
0x000000f0f0dfee98:   00007ffc78b29396 000002d9d1a18000
0x000000f0f0dfeea8:   000000f0f0dff1a0 000000f0f0dff128
0x000000f0f0dfeeb8:   0000000000000000 00000006c19f9fc8
0x000000f0f0dfeec8:   000002d9ab381000 00000006c19f9fc8 

Instructions: (pc=0x00007ffcaa97ecfd)
0x00007ffcaa97ecdd:   49 ff a2 00 0f 00 00 cc cc cc cc cc cc cc cc cc
0x00007ffcaa97eced:   cc cc cc 48 8b 01 49 8b d1 41 8b c8 4c 8b 50 18
0x00007ffcaa97ecfd:   49 ff a2 d8 09 00 00 cc cc cc cc cc cc cc cc cc
0x00007ffcaa97ed0d:   cc cc cc 48 8b 01 49 8b d1 41 8b c8 4c 8b 50 18 


Stack slot to memory mapping:
stack at sp + 0 slots: 0x000002d9bb266234 is at entry_point+244 in (nmethod*)0x000002d9bb265f90
stack at sp + 1 slots: 0x0 is NULL
stack at sp + 2 slots: 0x00007ffc78e69080 jvm.dll
stack at sp + 3 slots: 0x0 is NULL
stack at sp + 4 slots: 0x000002d9ab298450 points into unknown readable memory: c8 80 01 79 fc 7f 00 00
stack at sp + 5 slots: 0x0 is NULL
stack at sp + 6 slots: 0x00007ffc78db6b91 jvm.dll
stack at sp + 7 slots: 0x00007ffc78e69c00 jvm.dll


---------------  P R O C E S S  ---------------

Threads class SMR info:
_java_thread_list=0x000002d9d43a11b0, length=31, elements={
0x000002d9ab28e000, 0x000002d9d1a0f000, 0x000002d9d1a18000, 0x000002d9d1a6b000,
0x000002d9d1a6c000, 0x000002d9d1a71000, 0x000002d9d1aa0000, 0x000002d9d1aa1000,
0x000002d9d1c0d800, 0x000002d9d1c0f000, 0x000002d9d3d0a000, 0x000002d9d3d75800,
0x000002d9d3de4000, 0x000002d9d3d68800, 0x000002d9d3d69800, 0x000002d9d3fe7000,
0x000002d9d413a800, 0x000002d9d43b8000, 0x000002d9d43b8800, 0x000002d9d9cd0000,
0x000002d9d9f60000, 0x000002d9d9f5f800, 0x000002d9d9f62800, 0x000002d9d9f63800,
0x000002d9d9f61000, 0x000002d9d9f62000, 0x000002d9d9f64000, 0x000002d9d9f5e800,
0x000002d9d9f65000, 0x000002d9d4444800, 0x000002d9d4449800
}

Java Threads: ( => current thread )
  0x000002d9ab28e000 JavaThread "main" [_thread_in_native, id=16644, stack(0x000000f0f0500000,0x000000f0f0600000)]
  0x000002d9d1a0f000 JavaThread "Reference Handler" daemon [_thread_blocked, id=19540, stack(0x000000f0f0c00000,0x000000f0f0d00000)]
=>0x000002d9d1a18000 JavaThread "Finalizer" daemon [_thread_in_native, id=13516, stack(0x000000f0f0d00000,0x000000f0f0e00000)]
  0x000002d9d1a6b000 JavaThread "Signal Dispatcher" daemon [_thread_blocked, id=15156, stack(0x000000f0f0e00000,0x000000f0f0f00000)]
  0x000002d9d1a6c000 JavaThread "Attach Listener" daemon [_thread_blocked, id=12740, stack(0x000000f0f0f00000,0x000000f0f1000000)]
  0x000002d9d1a71000 JavaThread "C2 CompilerThread0" daemon [_thread_blocked, id=3436, stack(0x000000f0f1000000,0x000000f0f1100000)]
  0x000002d9d1aa0000 JavaThread "C1 CompilerThread0" daemon [_thread_blocked, id=18920, stack(0x000000f0f1100000,0x000000f0f1200000)]
  0x000002d9d1aa1000 JavaThread "Sweeper thread" daemon [_thread_blocked, id=15564, stack(0x000000f0f1200000,0x000000f0f1300000)]
  0x000002d9d1c0d800 JavaThread "Service Thread" daemon [_thread_blocked, id=19764, stack(0x000000f0f1300000,0x000000f0f1400000)]
  0x000002d9d1c0f000 JavaThread "Common-Cleaner" daemon [_thread_blocked, id=18868, stack(0x000000f0f1500000,0x000000f0f1600000)]
  0x000002d9d3d0a000 JavaThread "Java2D Disposer" daemon [_thread_blocked, id=16724, stack(0x000000f0f1f00000,0x000000f0f2000000)]
  0x000002d9d3d75800 JavaThread "pool-1-thread-1" [_thread_blocked, id=2624, stack(0x000000f0f2000000,0x000000f0f2100000)]
  0x000002d9d3de4000 JavaThread "pool-1-thread-2" [_thread_blocked, id=6516, stack(0x000000f0f2100000,0x000000f0f2200000)]
  0x000002d9d3d68800 JavaThread "pool-1-thread-3" [_thread_blocked, id=10392, stack(0x000000f0f2200000,0x000000f0f2300000)]
  0x000002d9d3d69800 JavaThread "pool-1-thread-4" [_thread_blocked, id=9356, stack(0x000000f0f2300000,0x000000f0f2400000)]
  0x000002d9d3fe7000 JavaThread "Java Sound Event Dispatcher" daemon [_thread_blocked, id=19868, stack(0x000000f0f2700000,0x000000f0f2800000)]
  0x000002d9d413a800 JavaThread "Direct Clip" daemon [_thread_blocked, id=13624, stack(0x000000f0f2a00000,0x000000f0f2b00000)]
  0x000002d9d43b8000 JavaThread "Direct Clip" daemon [_thread_blocked, id=1740, stack(0x000000f0f2b00000,0x000000f0f2c00000)]
  0x000002d9d43b8800 JavaThread "Direct Clip" daemon [_thread_blocked, id=11304, stack(0x000000f0f2c00000,0x000000f0f2d00000)]
  0x000002d9d9cd0000 JavaThread "Direct Clip" daemon [_thread_blocked, id=18508, stack(0x000000f0f2d00000,0x000000f0f2e00000)]
  0x000002d9d9f60000 JavaThread "Direct Clip" daemon [_thread_blocked, id=4916, stack(0x000000f0f2e00000,0x000000f0f2f00000)]
  0x000002d9d9f5f800 JavaThread "Direct Clip" daemon [_thread_blocked, id=20208, stack(0x000000f0f2f00000,0x000000f0f3000000)]
  0x000002d9d9f62800 JavaThread "Direct Clip" daemon [_thread_blocked, id=15384, stack(0x000000f0f3000000,0x000000f0f3100000)]
  0x000002d9d9f63800 JavaThread "Direct Clip" daemon [_thread_blocked, id=3268, stack(0x000000f0f3100000,0x000000f0f3200000)]
  0x000002d9d9f61000 JavaThread "Direct Clip" daemon [_thread_blocked, id=18172, stack(0x000000f0f3200000,0x000000f0f3300000)]
  0x000002d9d9f62000 JavaThread "Direct Clip" daemon [_thread_blocked, id=5288, stack(0x000000f0f3300000,0x000000f0f3400000)]
  0x000002d9d9f64000 JavaThread "Direct Clip" daemon [_thread_blocked, id=2204, stack(0x000000f0f3400000,0x000000f0f3500000)]
  0x000002d9d9f5e800 JavaThread "Direct Clip" daemon [_thread_blocked, id=232, stack(0x000000f0f3500000,0x000000f0f3600000)]
  0x000002d9d9f65000 JavaThread "Direct Clip" daemon [_thread_blocked, id=13380, stack(0x000000f0f3600000,0x000000f0f3700000)]
  0x000002d9d4444800 JavaThread "Direct Clip" daemon [_thread_blocked, id=13724, stack(0x000000f0f3700000,0x000000f0f3800000)]
  0x000002d9d4449800 JavaThread "Thread-0" daemon [_thread_blocked, id=14832, stack(0x000000f0f3800000,0x000000f0f3900000)]

Other Threads:
  0x000002d9d19eb000 VMThread "VM Thread" [stack: 0x000000f0f0b00000,0x000000f0f0c00000] [id=9408]
  0x000002d9d1c0e800 WatcherThread [stack: 0x000000f0f1400000,0x000000f0f1500000] [id=17936]
  0x000002d9ab2a7800 GCTaskThread "GC Thread#0" [stack: 0x000000f0f0600000,0x000000f0f0700000] [id=19036]
  0x000002d9d3d2d000 GCTaskThread "GC Thread#1" [stack: 0x000000f0f1c00000,0x000000f0f1d00000] [id=9748]
  0x000002d9d3cc7000 GCTaskThread "GC Thread#2" [stack: 0x000000f0f1d00000,0x000000f0f1e00000] [id=14372]
  0x000002d9d3cc7800 GCTaskThread "GC Thread#3" [stack: 0x000000f0f1e00000,0x000000f0f1f00000] [id=20284]
  0x000002d9ab31a800 ConcurrentGCThread "G1 Main Marker" [stack: 0x000000f0f0700000,0x000000f0f0800000] [id=18616]
  0x000002d9ab31d000 ConcurrentGCThread "G1 Conc#0" [stack: 0x000000f0f0800000,0x000000f0f0900000] [id=17056]
  0x000002d9ab37e800 ConcurrentGCThread "G1 Refine#0" [stack: 0x000000f0f0900000,0x000000f0f0a00000] [id=9792]
  0x000002d9d1046800 ConcurrentGCThread "G1 Young RemSet Sampling" [stack: 0x000000f0f0a00000,0x000000f0f0b00000] [id=4832]

Threads with active compile tasks:

VM state:not at safepoint (normal execution)

VM Mutex/Monitor currently owned by a thread: None

Heap address: 0x00000006c0e00000, size: 5106 MB, Compressed Oops mode: Zero based, Oop shift amount: 3
Narrow klass base: 0x0000000800000000, Narrow klass shift: 0
Compressed class space size: 1073741824 Address: 0x0000000800000000

Heap:
 garbage-first heap   total 327680K, used 62089K [0x00000006c0e00000, 0x0000000800000000)
  region size 1024K, 6 young (6144K), 5 survivors (5120K)
 Metaspace       used 19833K, capacity 20172K, committed 20352K, reserved 1067008K
  class space    used 1722K, capacity 1834K, committed 1920K, reserved 1048576K
Heap Regions: E=young(eden), S=young(survivor), O=old, HS=humongous(starts), HC=humongous(continues), CS=collection set, F=free, A=archive, TAMS=top-at-mark-start (previous, next)
|   0|0x00000006c0e00000, 0x00000006c0f00000, 0x00000006c0f00000|100%| O|  |TAMS 0x00000006c0e36c00, 0x00000006c0e00000| Untracked 
|   1|0x00000006c0f00000, 0x00000006c1000000, 0x00000006c1000000|100%|HS|  |TAMS 0x00000006c1000000, 0x00000006c0f00000| Complete 
|   2|0x00000006c1000000, 0x00000006c1100000, 0x00000006c1100000|100%|HC|  |TAMS 0x00000006c1100000, 0x00000006c1000000| Complete 
|   3|0x00000006c1100000, 0x00000006c1200000, 0x00000006c1200000|100%|HS|  |TAMS 0x00000006c1200000, 0x00000006c1100000| Complete 
|   4|0x00000006c1200000, 0x00000006c1300000, 0x00000006c1300000|100%|HC|  |TAMS 0x00000006c1300000, 0x00000006c1200000| Complete 
|   5|0x00000006c1300000, 0x00000006c1300000, 0x00000006c1400000|  0%| F|  |TAMS 0x00000006c1300000, 0x00000006c1300000| Untracked 
|   6|0x00000006c1400000, 0x00000006c1500000, 0x00000006c1500000|100%|HS|  |TAMS 0x00000006c1500000, 0x00000006c1400000| Complete 
|   7|0x00000006c1500000, 0x00000006c1500000, 0x00000006c1600000|  0%| F|  |TAMS 0x00000006c1500000, 0x00000006c1500000| Untracked 
|   8|0x00000006c1600000, 0x00000006c1600000, 0x00000006c1700000|  0%| F|  |TAMS 0x00000006c1600000, 0x00000006c1600000| Untracked 
|   9|0x00000006c1700000, 0x00000006c1700000, 0x00000006c1800000|  0%| F|  |TAMS 0x00000006c1700000, 0x00000006c1700000| Untracked 
|  10|0x00000006c1800000, 0x00000006c1800000, 0x00000006c1900000|  0%| F|  |TAMS 0x00000006c1800000, 0x00000006c1800000| Untracked 
|  11|0x00000006c1900000, 0x00000006c1a00000, 0x00000006c1a00000|100%| O|  |TAMS 0x00000006c1900000, 0x00000006c1900000| Untracked 
|  12|0x00000006c1a00000, 0x00000006c1b00000, 0x00000006c1b00000|100%| O|  |TAMS 0x00000006c1a00000, 0x00000006c1a00000| Untracked 
|  13|0x00000006c1b00000, 0x00000006c1c00000, 0x00000006c1c00000|100%| O|  |TAMS 0x00000006c1b00000, 0x00000006c1b00000| Untracked 
|  14|0x00000006c1c00000, 0x00000006c1d00000, 0x00000006c1d00000|100%| O|  |TAMS 0x00000006c1c00000, 0x00000006c1c00000| Untracked 
|  15|0x00000006c1d00000, 0x00000006c1e00000, 0x00000006c1e00000|100%| O|  |TAMS 0x00000006c1d00000, 0x00000006c1d00000| Untracked 
|  16|0x00000006c1e00000, 0x00000006c1f00000, 0x00000006c1f00000|100%| O|  |TAMS 0x00000006c1e00000, 0x00000006c1e00000| Untracked 
|  17|0x00000006c1f00000, 0x00000006c2000000, 0x00000006c2000000|100%| O|  |TAMS 0x00000006c1f00000, 0x00000006c1f00000| Untracked 
|  18|0x00000006c2000000, 0x00000006c2100000, 0x00000006c2100000|100%| O|  |TAMS 0x00000006c2000000, 0x00000006c2000000| Untracked 
|  19|0x00000006c2100000, 0x00000006c21a2600, 0x00000006c2200000| 63%| O|  |TAMS 0x00000006c2100000, 0x00000006c2100000| Untracked 
|  20|0x00000006c2200000, 0x00000006c2200000, 0x00000006c2300000|  0%| F|  |TAMS 0x00000006c2200000, 0x00000006c2200000| Untracked 
|  21|0x00000006c2300000, 0x00000006c2300000, 0x00000006c2400000|  0%| F|  |TAMS 0x00000006c2300000, 0x00000006c2300000| Untracked 
|  22|0x00000006c2400000, 0x00000006c2400000, 0x00000006c2500000|  0%| F|  |TAMS 0x00000006c2400000, 0x00000006c2400000| Untracked 
|  23|0x00000006c2500000, 0x00000006c2500000, 0x00000006c2600000|  0%| F|  |TAMS 0x00000006c2500000, 0x00000006c2500000| Untracked 
|  24|0x00000006c2600000, 0x00000006c2700000, 0x00000006c2700000|100%|HS|  |TAMS 0x00000006c2700000, 0x00000006c2600000| Complete 
|  25|0x00000006c2700000, 0x00000006c2700000, 0x00000006c2800000|  0%| F|  |TAMS 0x00000006c2700000, 0x00000006c2700000| Untracked 
|  26|0x00000006c2800000, 0x00000006c2800000, 0x00000006c2900000|  0%| F|  |TAMS 0x00000006c2800000, 0x00000006c2800000| Untracked 
|  27|0x00000006c2900000, 0x00000006c2900000, 0x00000006c2a00000|  0%| F|  |TAMS 0x00000006c2900000, 0x00000006c2900000| Untracked 
|  28|0x00000006c2a00000, 0x00000006c2a00000, 0x00000006c2b00000|  0%| F|  |TAMS 0x00000006c2a00000, 0x00000006c2a00000| Untracked 
|  29|0x00000006c2b00000, 0x00000006c2b00000, 0x00000006c2c00000|  0%| F|  |TAMS 0x00000006c2b00000, 0x00000006c2b00000| Untracked 
|  30|0x00000006c2c00000, 0x00000006c2c00000, 0x00000006c2d00000|  0%| F|  |TAMS 0x00000006c2c00000, 0x00000006c2c00000| Untracked 
|  31|0x00000006c2d00000, 0x00000006c2d00000, 0x00000006c2e00000|  0%| F|  |TAMS 0x00000006c2d00000, 0x00000006c2d00000| Untracked 
|  32|0x00000006c2e00000, 0x00000006c2e00000, 0x00000006c2f00000|  0%| F|  |TAMS 0x00000006c2e00000, 0x00000006c2e00000| Untracked 
|  33|0x00000006c2f00000, 0x00000006c2f00000, 0x00000006c3000000|  0%| F|  |TAMS 0x00000006c2f00000, 0x00000006c2f00000| Untracked 
|  34|0x00000006c3000000, 0x00000006c3000000, 0x00000006c3100000|  0%| F|  |TAMS 0x00000006c3000000, 0x00000006c3000000| Untracked 
|  35|0x00000006c3100000, 0x00000006c3100000, 0x00000006c3200000|  0%| F|  |TAMS 0x00000006c3100000, 0x00000006c3100000| Untracked 
|  36|0x00000006c3200000, 0x00000006c3200000, 0x00000006c3300000|  0%| F|  |TAMS 0x00000006c3200000, 0x00000006c3200000| Untracked 
|  37|0x00000006c3300000, 0x00000006c3300000, 0x00000006c3400000|  0%| F|  |TAMS 0x00000006c3300000, 0x00000006c3300000| Untracked 
|  38|0x00000006c3400000, 0x00000006c3400000, 0x00000006c3500000|  0%| F|  |TAMS 0x00000006c3400000, 0x00000006c3400000| Untracked 
|  39|0x00000006c3500000, 0x00000006c3500000, 0x00000006c3600000|  0%| F|  |TAMS 0x00000006c3500000, 0x00000006c3500000| Untracked 
|  40|0x00000006c3600000, 0x00000006c3700000, 0x00000006c3700000|100%|HS|  |TAMS 0x00000006c3700000, 0x00000006c3600000| Complete 
|  41|0x00000006c3700000, 0x00000006c3700000, 0x00000006c3800000|  0%| F|  |TAMS 0x00000006c3700000, 0x00000006c3700000| Untracked 
|  42|0x00000006c3800000, 0x00000006c3800000, 0x00000006c3900000|  0%| F|  |TAMS 0x00000006c3800000, 0x00000006c3800000| Untracked 
|  43|0x00000006c3900000, 0x00000006c3900000, 0x00000006c3a00000|  0%| F|  |TAMS 0x00000006c3900000, 0x00000006c3900000| Untracked 
|  44|0x00000006c3a00000, 0x00000006c3a00000, 0x00000006c3b00000|  0%| F|  |TAMS 0x00000006c3a00000, 0x00000006c3a00000| Untracked 
|  45|0x00000006c3b00000, 0x00000006c3c00000, 0x00000006c3c00000|100%|HS|  |TAMS 0x00000006c3c00000, 0x00000006c3b00000| Complete 
|  46|0x00000006c3c00000, 0x00000006c3c00000, 0x00000006c3d00000|  0%| F|  |TAMS 0x00000006c3c00000, 0x00000006c3c00000| Untracked 
|  47|0x00000006c3d00000, 0x00000006c3d00000, 0x00000006c3e00000|  0%| F|  |TAMS 0x00000006c3d00000, 0x00000006c3d00000| Untracked 
|  48|0x00000006c3e00000, 0x00000006c3e00000, 0x00000006c3f00000|  0%| F|  |TAMS 0x00000006c3e00000, 0x00000006c3e00000| Untracked 
|  49|0x00000006c3f00000, 0x00000006c3f00000, 0x00000006c4000000|  0%| F|  |TAMS 0x00000006c3f00000, 0x00000006c3f00000| Untracked 
|  50|0x00000006c4000000, 0x00000006c4000000, 0x00000006c4100000|  0%| F|  |TAMS 0x00000006c4000000, 0x00000006c4000000| Untracked 
|  51|0x00000006c4100000, 0x00000006c4100000, 0x00000006c4200000|  0%| F|  |TAMS 0x00000006c4100000, 0x00000006c4100000| Untracked 
|  52|0x00000006c4200000, 0x00000006c4200000, 0x00000006c4300000|  0%| F|  |TAMS 0x00000006c4200000, 0x00000006c4200000| Untracked 
|  53|0x00000006c4300000, 0x00000006c4300000, 0x00000006c4400000|  0%| F|  |TAMS 0x00000006c4300000, 0x00000006c4300000| Untracked 
|  54|0x00000006c4400000, 0x00000006c4400000, 0x00000006c4500000|  0%| F|  |TAMS 0x00000006c4400000, 0x00000006c4400000| Untracked 
|  55|0x00000006c4500000, 0x00000006c4500000, 0x00000006c4600000|  0%| F|  |TAMS 0x00000006c4500000, 0x00000006c4500000| Untracked 
|  56|0x00000006c4600000, 0x00000006c4600000, 0x00000006c4700000|  0%| F|  |TAMS 0x00000006c4600000, 0x00000006c4600000| Untracked 
|  57|0x00000006c4700000, 0x00000006c4700000, 0x00000006c4800000|  0%| F|  |TAMS 0x00000006c4700000, 0x00000006c4700000| Untracked 
|  58|0x00000006c4800000, 0x00000006c4800000, 0x00000006c4900000|  0%| F|  |TAMS 0x00000006c4800000, 0x00000006c4800000| Untracked 
|  59|0x00000006c4900000, 0x00000006c4900000, 0x00000006c4a00000|  0%| F|  |TAMS 0x00000006c4900000, 0x00000006c4900000| Untracked 
|  60|0x00000006c4a00000, 0x00000006c4b00000, 0x00000006c4b00000|100%|HS|  |TAMS 0x00000006c4b00000, 0x00000006c4a00000| Complete 
|  61|0x00000006c4b00000, 0x00000006c4b00000, 0x00000006c4c00000|  0%| F|  |TAMS 0x00000006c4b00000, 0x00000006c4b00000| Untracked 
|  62|0x00000006c4c00000, 0x00000006c4c00000, 0x00000006c4d00000|  0%| F|  |TAMS 0x00000006c4c00000, 0x00000006c4c00000| Untracked 
|  63|0x00000006c4d00000, 0x00000006c4d00000, 0x00000006c4e00000|  0%| F|  |TAMS 0x00000006c4d00000, 0x00000006c4d00000| Untracked 
|  64|0x00000006c4e00000, 0x00000006c4e00000, 0x00000006c4f00000|  0%| F|  |TAMS 0x00000006c4e00000, 0x00000006c4e00000| Untracked 
|  65|0x00000006c4f00000, 0x00000006c4f00000, 0x00000006c5000000|  0%| F|  |TAMS 0x00000006c4f00000, 0x00000006c4f00000| Untracked 
|  66|0x00000006c5000000, 0x00000006c5000000, 0x00000006c5100000|  0%| F|  |TAMS 0x00000006c5000000, 0x00000006c5000000| Untracked 
|  67|0x00000006c5100000, 0x00000006c5200000, 0x00000006c5200000|100%|HS|  |TAMS 0x00000006c5200000, 0x00000006c5100000| Complete 
|  68|0x00000006c5200000, 0x00000006c5200000, 0x00000006c5300000|  0%| F|  |TAMS 0x00000006c5200000, 0x00000006c5200000| Untracked 
|  69|0x00000006c5300000, 0x00000006c5300000, 0x00000006c5400000|  0%| F|  |TAMS 0x00000006c5300000, 0x00000006c5300000| Untracked 
|  70|0x00000006c5400000, 0x00000006c5400000, 0x00000006c5500000|  0%| F|  |TAMS 0x00000006c5400000, 0x00000006c5400000| Untracked 
|  71|0x00000006c5500000, 0x00000006c5500000, 0x00000006c5600000|  0%| F|  |TAMS 0x00000006c5500000, 0x00000006c5500000| Untracked 
|  72|0x00000006c5600000, 0x00000006c5600000, 0x00000006c5700000|  0%| F|  |TAMS 0x00000006c5600000, 0x00000006c5600000| Untracked 
|  73|0x00000006c5700000, 0x00000006c5700000, 0x00000006c5800000|  0%| F|  |TAMS 0x00000006c5700000, 0x00000006c5700000| Untracked 
|  74|0x00000006c5800000, 0x00000006c5800000, 0x00000006c5900000|  0%| F|  |TAMS 0x00000006c5800000, 0x00000006c5800000| Untracked 
|  75|0x00000006c5900000, 0x00000006c5900000, 0x00000006c5a00000|  0%| F|  |TAMS 0x00000006c5900000, 0x00000006c5900000| Untracked 
|  76|0x00000006c5a00000, 0x00000006c5a00000, 0x00000006c5b00000|  0%| F|  |TAMS 0x00000006c5a00000, 0x00000006c5a00000| Untracked 
|  77|0x00000006c5b00000, 0x00000006c5b00000, 0x00000006c5c00000|  0%| F|  |TAMS 0x00000006c5b00000, 0x00000006c5b00000| Untracked 
|  78|0x00000006c5c00000, 0x00000006c5c00000, 0x00000006c5d00000|  0%| F|  |TAMS 0x00000006c5c00000, 0x00000006c5c00000| Untracked 
|  79|0x00000006c5d00000, 0x00000006c5d00000, 0x00000006c5e00000|  0%| F|  |TAMS 0x00000006c5d00000, 0x00000006c5d00000| Untracked 
|  80|0x00000006c5e00000, 0x00000006c5e00000, 0x00000006c5f00000|  0%| F|  |TAMS 0x00000006c5e00000, 0x00000006c5e00000| Untracked 
|  81|0x00000006c5f00000, 0x00000006c5f00000, 0x00000006c6000000|  0%| F|  |TAMS 0x00000006c5f00000, 0x00000006c5f00000| Untracked 
|  82|0x00000006c6000000, 0x00000006c6000000, 0x00000006c6100000|  0%| F|  |TAMS 0x00000006c6000000, 0x00000006c6000000| Untracked 
|  83|0x00000006c6100000, 0x00000006c6100000, 0x00000006c6200000|  0%| F|  |TAMS 0x00000006c6100000, 0x00000006c6100000| Untracked 
|  84|0x00000006c6200000, 0x00000006c6200000, 0x00000006c6300000|  0%| F|  |TAMS 0x00000006c6200000, 0x00000006c6200000| Untracked 
|  85|0x00000006c6300000, 0x00000006c6300000, 0x00000006c6400000|  0%| F|  |TAMS 0x00000006c6300000, 0x00000006c6300000| Untracked 
|  86|0x00000006c6400000, 0x00000006c6400000, 0x00000006c6500000|  0%| F|  |TAMS 0x00000006c6400000, 0x00000006c6400000| Untracked 
|  87|0x00000006c6500000, 0x00000006c6500000, 0x00000006c6600000|  0%| F|  |TAMS 0x00000006c6500000, 0x00000006c6500000| Untracked 
|  88|0x00000006c6600000, 0x00000006c6600000, 0x00000006c6700000|  0%| F|  |TAMS 0x00000006c6600000, 0x00000006c6600000| Untracked 
|  89|0x00000006c6700000, 0x00000006c6700000, 0x00000006c6800000|  0%| F|  |TAMS 0x00000006c6700000, 0x00000006c6700000| Untracked 
|  90|0x00000006c6800000, 0x00000006c6800000, 0x00000006c6900000|  0%| F|  |TAMS 0x00000006c6800000, 0x00000006c6800000| Untracked 
|  91|0x00000006c6900000, 0x00000006c6900000, 0x00000006c6a00000|  0%| F|  |TAMS 0x00000006c6900000, 0x00000006c6900000| Untracked 
|  92|0x00000006c6a00000, 0x00000006c6a00000, 0x00000006c6b00000|  0%| F|  |TAMS 0x00000006c6a00000, 0x00000006c6a00000| Untracked 
|  93|0x00000006c6b00000, 0x00000006c6b00000, 0x00000006c6c00000|  0%| F|  |TAMS 0x00000006c6b00000, 0x00000006c6b00000| Untracked 
|  94|0x00000006c6c00000, 0x00000006c6c00000, 0x00000006c6d00000|  0%| F|  |TAMS 0x00000006c6c00000, 0x00000006c6c00000| Untracked 
|  95|0x00000006c6d00000, 0x00000006c6d00000, 0x00000006c6e00000|  0%| F|  |TAMS 0x00000006c6d00000, 0x00000006c6d00000| Untracked 
|  96|0x00000006c6e00000, 0x00000006c6f00000, 0x00000006c6f00000|100%|HS|  |TAMS 0x00000006c6f00000, 0x00000006c6e00000| Complete 
|  97|0x00000006c6f00000, 0x00000006c6f00000, 0x00000006c7000000|  0%| F|  |TAMS 0x00000006c6f00000, 0x00000006c6f00000| Untracked 
|  98|0x00000006c7000000, 0x00000006c7000000, 0x00000006c7100000|  0%| F|  |TAMS 0x00000006c7000000, 0x00000006c7000000| Untracked 
|  99|0x00000006c7100000, 0x00000006c7100000, 0x00000006c7200000|  0%| F|  |TAMS 0x00000006c7100000, 0x00000006c7100000| Untracked 
| 100|0x00000006c7200000, 0x00000006c7200000, 0x00000006c7300000|  0%| F|  |TAMS 0x00000006c7200000, 0x00000006c7200000| Untracked 
| 101|0x00000006c7300000, 0x00000006c7300000, 0x00000006c7400000|  0%| F|  |TAMS 0x00000006c7300000, 0x00000006c7300000| Untracked 
| 102|0x00000006c7400000, 0x00000006c7400000, 0x00000006c7500000|  0%| F|  |TAMS 0x00000006c7400000, 0x00000006c7400000| Untracked 
| 103|0x00000006c7500000, 0x00000006c7500000, 0x00000006c7600000|  0%| F|  |TAMS 0x00000006c7500000, 0x00000006c7500000| Untracked 
| 104|0x00000006c7600000, 0x00000006c7600000, 0x00000006c7700000|  0%| F|  |TAMS 0x00000006c7600000, 0x00000006c7600000| Untracked 
| 105|0x00000006c7700000, 0x00000006c7700000, 0x00000006c7800000|  0%| F|  |TAMS 0x00000006c7700000, 0x00000006c7700000| Untracked 
| 106|0x00000006c7800000, 0x00000006c7800000, 0x00000006c7900000|  0%| F|  |TAMS 0x00000006c7800000, 0x00000006c7800000| Untracked 
| 107|0x00000006c7900000, 0x00000006c7900000, 0x00000006c7a00000|  0%| F|  |TAMS 0x00000006c7900000, 0x00000006c7900000| Untracked 
| 108|0x00000006c7a00000, 0x00000006c7a00000, 0x00000006c7b00000|  0%| F|  |TAMS 0x00000006c7a00000, 0x00000006c7a00000| Untracked 
| 109|0x00000006c7b00000, 0x00000006c7b00000, 0x00000006c7c00000|  0%| F|  |TAMS 0x00000006c7b00000, 0x00000006c7b00000| Untracked 
| 110|0x00000006c7c00000, 0x00000006c7c00000, 0x00000006c7d00000|  0%| F|  |TAMS 0x00000006c7c00000, 0x00000006c7c00000| Untracked 
| 111|0x00000006c7d00000, 0x00000006c7d00000, 0x00000006c7e00000|  0%| F|  |TAMS 0x00000006c7d00000, 0x00000006c7d00000| Untracked 
| 112|0x00000006c7e00000, 0x00000006c7e00000, 0x00000006c7f00000|  0%| F|  |TAMS 0x00000006c7e00000, 0x00000006c7e00000| Untracked 
| 113|0x00000006c7f00000, 0x00000006c7f00000, 0x00000006c8000000|  0%| F|  |TAMS 0x00000006c7f00000, 0x00000006c7f00000| Untracked 
| 114|0x00000006c8000000, 0x00000006c8000000, 0x00000006c8100000|  0%| F|  |TAMS 0x00000006c8000000, 0x00000006c8000000| Untracked 
| 115|0x00000006c8100000, 0x00000006c8100000, 0x00000006c8200000|  0%| F|  |TAMS 0x00000006c8100000, 0x00000006c8100000| Untracked 
| 116|0x00000006c8200000, 0x00000006c8200000, 0x00000006c8300000|  0%| F|  |TAMS 0x00000006c8200000, 0x00000006c8200000| Untracked 
| 117|0x00000006c8300000, 0x00000006c8300000, 0x00000006c8400000|  0%| F|  |TAMS 0x00000006c8300000, 0x00000006c8300000| Untracked 
| 118|0x00000006c8400000, 0x00000006c8400000, 0x00000006c8500000|  0%| F|  |TAMS 0x00000006c8400000, 0x00000006c8400000| Untracked 
| 119|0x00000006c8500000, 0x00000006c8500000, 0x00000006c8600000|  0%| F|  |TAMS 0x00000006c8500000, 0x00000006c8500000| Untracked 
| 120|0x00000006c8600000, 0x00000006c8600000, 0x00000006c8700000|  0%| F|  |TAMS 0x00000006c8600000, 0x00000006c8600000| Untracked 
| 121|0x00000006c8700000, 0x00000006c8700000, 0x00000006c8800000|  0%| F|  |TAMS 0x00000006c8700000, 0x00000006c8700000| Untracked 
| 122|0x00000006c8800000, 0x00000006c8800000, 0x00000006c8900000|  0%| F|  |TAMS 0x00000006c8800000, 0x00000006c8800000| Untracked 
| 123|0x00000006c8900000, 0x00000006c8900000, 0x00000006c8a00000|  0%| F|  |TAMS 0x00000006c8900000, 0x00000006c8900000| Untracked 
| 124|0x00000006c8a00000, 0x00000006c8a00000, 0x00000006c8b00000|  0%| F|  |TAMS 0x00000006c8a00000, 0x00000006c8a00000| Untracked 
| 125|0x00000006c8b00000, 0x00000006c8b00000, 0x00000006c8c00000|  0%| F|  |TAMS 0x00000006c8b00000, 0x00000006c8b00000| Untracked 
| 126|0x00000006c8c00000, 0x00000006c8c00000, 0x00000006c8d00000|  0%| F|  |TAMS 0x00000006c8c00000, 0x00000006c8c00000| Untracked 
| 127|0x00000006c8d00000, 0x00000006c8d00000, 0x00000006c8e00000|  0%| F|  |TAMS 0x00000006c8d00000, 0x00000006c8d00000| Untracked 
| 128|0x00000006c8e00000, 0x00000006c8e00000, 0x00000006c8f00000|  0%| F|  |TAMS 0x00000006c8e00000, 0x00000006c8e00000| Untracked 
| 129|0x00000006c8f00000, 0x00000006c8f00000, 0x00000006c9000000|  0%| F|  |TAMS 0x00000006c8f00000, 0x00000006c8f00000| Untracked 
| 130|0x00000006c9000000, 0x00000006c9000000, 0x00000006c9100000|  0%| F|  |TAMS 0x00000006c9000000, 0x00000006c9000000| Untracked 
| 131|0x00000006c9100000, 0x00000006c9100000, 0x00000006c9200000|  0%| F|  |TAMS 0x00000006c9100000, 0x00000006c9100000| Untracked 
| 132|0x00000006c9200000, 0x00000006c9200000, 0x00000006c9300000|  0%| F|  |TAMS 0x00000006c9200000, 0x00000006c9200000| Untracked 
| 133|0x00000006c9300000, 0x00000006c9300000, 0x00000006c9400000|  0%| F|  |TAMS 0x00000006c9300000, 0x00000006c9300000| Untracked 
| 134|0x00000006c9400000, 0x00000006c9400000, 0x00000006c9500000|  0%| F|  |TAMS 0x00000006c9400000, 0x00000006c9400000| Untracked 
| 135|0x00000006c9500000, 0x00000006c9500000, 0x00000006c9600000|  0%| F|  |TAMS 0x00000006c9500000, 0x00000006c9500000| Untracked 
| 136|0x00000006c9600000, 0x00000006c9600000, 0x00000006c9700000|  0%| F|  |TAMS 0x00000006c9600000, 0x00000006c9600000| Untracked 
| 137|0x00000006c9700000, 0x00000006c9700000, 0x00000006c9800000|  0%| F|  |TAMS 0x00000006c9700000, 0x00000006c9700000| Untracked 
| 138|0x00000006c9800000, 0x00000006c9800000, 0x00000006c9900000|  0%| F|  |TAMS 0x00000006c9800000, 0x00000006c9800000| Untracked 
| 139|0x00000006c9900000, 0x00000006c9900000, 0x00000006c9a00000|  0%| F|  |TAMS 0x00000006c9900000, 0x00000006c9900000| Untracked 
| 140|0x00000006c9a00000, 0x00000006c9a00000, 0x00000006c9b00000|  0%| F|  |TAMS 0x00000006c9a00000, 0x00000006c9a00000| Untracked 
| 141|0x00000006c9b00000, 0x00000006c9b00000, 0x00000006c9c00000|  0%| F|  |TAMS 0x00000006c9b00000, 0x00000006c9b00000| Untracked 
| 142|0x00000006c9c00000, 0x00000006c9c00000, 0x00000006c9d00000|  0%| F|  |TAMS 0x00000006c9c00000, 0x00000006c9c00000| Untracked 
| 143|0x00000006c9d00000, 0x00000006c9d00000, 0x00000006c9e00000|  0%| F|  |TAMS 0x00000006c9d00000, 0x00000006c9d00000| Untracked 
| 144|0x00000006c9e00000, 0x00000006c9e00000, 0x00000006c9f00000|  0%| F|  |TAMS 0x00000006c9e00000, 0x00000006c9e00000| Untracked 
| 145|0x00000006c9f00000, 0x00000006c9f00000, 0x00000006ca000000|  0%| F|  |TAMS 0x00000006c9f00000, 0x00000006c9f00000| Untracked 
| 146|0x00000006ca000000, 0x00000006ca000000, 0x00000006ca100000|  0%| F|  |TAMS 0x00000006ca000000, 0x00000006ca000000| Untracked 
| 147|0x00000006ca100000, 0x00000006ca100000, 0x00000006ca200000|  0%| F|  |TAMS 0x00000006ca100000, 0x00000006ca100000| Untracked 
| 148|0x00000006ca200000, 0x00000006ca200000, 0x00000006ca300000|  0%| F|  |TAMS 0x00000006ca200000, 0x00000006ca200000| Untracked 
| 149|0x00000006ca300000, 0x00000006ca300000, 0x00000006ca400000|  0%| F|  |TAMS 0x00000006ca300000, 0x00000006ca300000| Untracked 
| 150|0x00000006ca400000, 0x00000006ca400000, 0x00000006ca500000|  0%| F|  |TAMS 0x00000006ca400000, 0x00000006ca400000| Untracked 
| 151|0x00000006ca500000, 0x00000006ca500000, 0x00000006ca600000|  0%| F|  |TAMS 0x00000006ca500000, 0x00000006ca500000| Untracked 
| 152|0x00000006ca600000, 0x00000006ca600000, 0x00000006ca700000|  0%| F|  |TAMS 0x00000006ca600000, 0x00000006ca600000| Untracked 
| 153|0x00000006ca700000, 0x00000006ca700000, 0x00000006ca800000|  0%| F|  |TAMS 0x00000006ca700000, 0x00000006ca700000| Untracked 
| 154|0x00000006ca800000, 0x00000006ca800000, 0x00000006ca900000|  0%| F|  |TAMS 0x00000006ca800000, 0x00000006ca800000| Untracked 
| 155|0x00000006ca900000, 0x00000006ca900000, 0x00000006caa00000|  0%| F|  |TAMS 0x00000006ca900000, 0x00000006ca900000| Untracked 
| 156|0x00000006caa00000, 0x00000006cab00000, 0x00000006cab00000|100%|HS|  |TAMS 0x00000006caa00000, 0x00000006caa00000| Complete 
| 157|0x00000006cab00000, 0x00000006cac00000, 0x00000006cac00000|100%|HC|  |TAMS 0x00000006cab00000, 0x00000006cab00000| Complete 
| 158|0x00000006cac00000, 0x00000006cad00000, 0x00000006cad00000|100%|HC|  |TAMS 0x00000006cac00000, 0x00000006cac00000| Complete 
| 159|0x00000006cad00000, 0x00000006cae00000, 0x00000006cae00000|100%|HC|  |TAMS 0x00000006cad00000, 0x00000006cad00000| Complete 
| 160|0x00000006cae00000, 0x00000006caf00000, 0x00000006caf00000|100%|HC|  |TAMS 0x00000006cae00000, 0x00000006cae00000| Complete 
| 161|0x00000006caf00000, 0x00000006cb000000, 0x00000006cb000000|100%|HC|  |TAMS 0x00000006caf00000, 0x00000006caf00000| Complete 
| 162|0x00000006cb000000, 0x00000006cb100000, 0x00000006cb100000|100%|HC|  |TAMS 0x00000006cb000000, 0x00000006cb000000| Complete 
| 163|0x00000006cb100000, 0x00000006cb200000, 0x00000006cb200000|100%|HC|  |TAMS 0x00000006cb100000, 0x00000006cb100000| Complete 
| 164|0x00000006cb200000, 0x00000006cb300000, 0x00000006cb300000|100%|HC|  |TAMS 0x00000006cb200000, 0x00000006cb200000| Complete 
| 165|0x00000006cb300000, 0x00000006cb400000, 0x00000006cb400000|100%|HC|  |TAMS 0x00000006cb300000, 0x00000006cb300000| Complete 
| 166|0x00000006cb400000, 0x00000006cb500000, 0x00000006cb500000|100%|HC|  |TAMS 0x00000006cb400000, 0x00000006cb400000| Complete 
| 167|0x00000006cb500000, 0x00000006cb600000, 0x00000006cb600000|100%|HC|  |TAMS 0x00000006cb500000, 0x00000006cb500000| Complete 
| 168|0x00000006cb600000, 0x00000006cb700000, 0x00000006cb700000|100%|HC|  |TAMS 0x00000006cb600000, 0x00000006cb600000| Complete 
| 169|0x00000006cb700000, 0x00000006cb800000, 0x00000006cb800000|100%|HC|  |TAMS 0x00000006cb700000, 0x00000006cb700000| Complete 
| 170|0x00000006cb800000, 0x00000006cb900000, 0x00000006cb900000|100%|HC|  |TAMS 0x00000006cb800000, 0x00000006cb800000| Complete 
| 171|0x00000006cb900000, 0x00000006cba00000, 0x00000006cba00000|100%|HC|  |TAMS 0x00000006cb900000, 0x00000006cb900000| Complete 
| 172|0x00000006cba00000, 0x00000006cbb00000, 0x00000006cbb00000|100%|HC|  |TAMS 0x00000006cba00000, 0x00000006cba00000| Complete 
| 173|0x00000006cbb00000, 0x00000006cbc00000, 0x00000006cbc00000|100%|HC|  |TAMS 0x00000006cbb00000, 0x00000006cbb00000| Complete 
| 174|0x00000006cbc00000, 0x00000006cbd00000, 0x00000006cbd00000|100%|HC|  |TAMS 0x00000006cbc00000, 0x00000006cbc00000| Complete 
| 175|0x00000006cbd00000, 0x00000006cbe00000, 0x00000006cbe00000|100%|HC|  |TAMS 0x00000006cbd00000, 0x00000006cbd00000| Complete 
| 176|0x00000006cbe00000, 0x00000006cbf00000, 0x00000006cbf00000|100%|HC|  |TAMS 0x00000006cbe00000, 0x00000006cbe00000| Complete 
| 177|0x00000006cbf00000, 0x00000006cc000000, 0x00000006cc000000|100%|HC|  |TAMS 0x00000006cbf00000, 0x00000006cbf00000| Complete 
| 178|0x00000006cc000000, 0x00000006cc100000, 0x00000006cc100000|100%|HC|  |TAMS 0x00000006cc000000, 0x00000006cc000000| Complete 
| 179|0x00000006cc100000, 0x00000006cc200000, 0x00000006cc200000|100%|HC|  |TAMS 0x00000006cc100000, 0x00000006cc100000| Complete 
| 180|0x00000006cc200000, 0x00000006cc300000, 0x00000006cc300000|100%|HC|  |TAMS 0x00000006cc200000, 0x00000006cc200000| Complete 
| 181|0x00000006cc300000, 0x00000006cc400000, 0x00000006cc400000|100%|HC|  |TAMS 0x00000006cc300000, 0x00000006cc300000| Complete 
| 182|0x00000006cc400000, 0x00000006cc500000, 0x00000006cc500000|100%|HC|  |TAMS 0x00000006cc400000, 0x00000006cc400000| Complete 
| 183|0x00000006cc500000, 0x00000006cc600000, 0x00000006cc600000|100%|HC|  |TAMS 0x00000006cc500000, 0x00000006cc500000| Complete 
| 184|0x00000006cc600000, 0x00000006cc700000, 0x00000006cc700000|100%|HC|  |TAMS 0x00000006cc600000, 0x00000006cc600000| Complete 
| 185|0x00000006cc700000, 0x00000006cc800000, 0x00000006cc800000|100%|HC|  |TAMS 0x00000006cc700000, 0x00000006cc700000| Complete 
| 186|0x00000006cc800000, 0x00000006cc900000, 0x00000006cc900000|100%|HC|  |TAMS 0x00000006cc800000, 0x00000006cc800000| Complete 
| 187|0x00000006cc900000, 0x00000006cca00000, 0x00000006cca00000|100%|HC|  |TAMS 0x00000006cc900000, 0x00000006cc900000| Complete 
| 188|0x00000006cca00000, 0x00000006ccb00000, 0x00000006ccb00000|100%|HC|  |TAMS 0x00000006cca00000, 0x00000006cca00000| Complete 
| 189|0x00000006ccb00000, 0x00000006ccc00000, 0x00000006ccc00000|100%|HC|  |TAMS 0x00000006ccb00000, 0x00000006ccb00000| Complete 
| 190|0x00000006ccc00000, 0x00000006ccd00000, 0x00000006ccd00000|100%|HC|  |TAMS 0x00000006ccc00000, 0x00000006ccc00000| Complete 
| 191|0x00000006ccd00000, 0x00000006ccd00000, 0x00000006cce00000|  0%| F|  |TAMS 0x00000006ccd00000, 0x00000006ccd00000| Untracked 
| 192|0x00000006cce00000, 0x00000006cce00000, 0x00000006ccf00000|  0%| F|  |TAMS 0x00000006cce00000, 0x00000006cce00000| Untracked 
| 193|0x00000006ccf00000, 0x00000006ccf00000, 0x00000006cd000000|  0%| F|  |TAMS 0x00000006ccf00000, 0x00000006ccf00000| Untracked 
| 194|0x00000006cd000000, 0x00000006cd000000, 0x00000006cd100000|  0%| F|  |TAMS 0x00000006cd000000, 0x00000006cd000000| Untracked 
| 195|0x00000006cd100000, 0x00000006cd100000, 0x00000006cd200000|  0%| F|  |TAMS 0x00000006cd100000, 0x00000006cd100000| Untracked 
| 196|0x00000006cd200000, 0x00000006cd200000, 0x00000006cd300000|  0%| F|  |TAMS 0x00000006cd200000, 0x00000006cd200000| Untracked 
| 197|0x00000006cd300000, 0x00000006cd300000, 0x00000006cd400000|  0%| F|  |TAMS 0x00000006cd300000, 0x00000006cd300000| Untracked 
| 198|0x00000006cd400000, 0x00000006cd400000, 0x00000006cd500000|  0%| F|  |TAMS 0x00000006cd400000, 0x00000006cd400000| Untracked 
| 199|0x00000006cd500000, 0x00000006cd500000, 0x00000006cd600000|  0%| F|  |TAMS 0x00000006cd500000, 0x00000006cd500000| Untracked 
| 200|0x00000006cd600000, 0x00000006cd600000, 0x00000006cd700000|  0%| F|  |TAMS 0x00000006cd600000, 0x00000006cd600000| Untracked 
| 201|0x00000006cd700000, 0x00000006cd700000, 0x00000006cd800000|  0%| F|  |TAMS 0x00000006cd700000, 0x00000006cd700000| Untracked 
| 202|0x00000006cd800000, 0x00000006cd800000, 0x00000006cd900000|  0%| F|  |TAMS 0x00000006cd800000, 0x00000006cd800000| Untracked 
| 203|0x00000006cd900000, 0x00000006cd900000, 0x00000006cda00000|  0%| F|  |TAMS 0x00000006cd900000, 0x00000006cd900000| Untracked 
| 204|0x00000006cda00000, 0x00000006cda00000, 0x00000006cdb00000|  0%| F|  |TAMS 0x00000006cda00000, 0x00000006cda00000| Untracked 
| 205|0x00000006cdb00000, 0x00000006cdb00000, 0x00000006cdc00000|  0%| F|  |TAMS 0x00000006cdb00000, 0x00000006cdb00000| Untracked 
| 206|0x00000006cdc00000, 0x00000006cdc00000, 0x00000006cdd00000|  0%| F|  |TAMS 0x00000006cdc00000, 0x00000006cdc00000| Untracked 
| 207|0x00000006cdd00000, 0x00000006cdd00000, 0x00000006cde00000|  0%| F|  |TAMS 0x00000006cdd00000, 0x00000006cdd00000| Untracked 
| 208|0x00000006cde00000, 0x00000006cde00000, 0x00000006cdf00000|  0%| F|  |TAMS 0x00000006cde00000, 0x00000006cde00000| Untracked 
| 209|0x00000006cdf00000, 0x00000006cdf00000, 0x00000006ce000000|  0%| F|  |TAMS 0x00000006cdf00000, 0x00000006cdf00000| Untracked 
| 210|0x00000006ce000000, 0x00000006ce000000, 0x00000006ce100000|  0%| F|  |TAMS 0x00000006ce000000, 0x00000006ce000000| Untracked 
| 211|0x00000006ce100000, 0x00000006ce100000, 0x00000006ce200000|  0%| F|  |TAMS 0x00000006ce100000, 0x00000006ce100000| Untracked 
| 212|0x00000006ce200000, 0x00000006ce200000, 0x00000006ce300000|  0%| F|  |TAMS 0x00000006ce200000, 0x00000006ce200000| Untracked 
| 213|0x00000006ce300000, 0x00000006ce300000, 0x00000006ce400000|  0%| F|  |TAMS 0x00000006ce300000, 0x00000006ce300000| Untracked 
| 214|0x00000006ce400000, 0x00000006ce400000, 0x00000006ce500000|  0%| F|  |TAMS 0x00000006ce400000, 0x00000006ce400000| Untracked 
| 215|0x00000006ce500000, 0x00000006ce500000, 0x00000006ce600000|  0%| F|  |TAMS 0x00000006ce500000, 0x00000006ce500000| Untracked 
| 216|0x00000006ce600000, 0x00000006ce600000, 0x00000006ce700000|  0%| F|  |TAMS 0x00000006ce600000, 0x00000006ce600000| Untracked 
| 217|0x00000006ce700000, 0x00000006ce700000, 0x00000006ce800000|  0%| F|  |TAMS 0x00000006ce700000, 0x00000006ce700000| Untracked 
| 218|0x00000006ce800000, 0x00000006ce800000, 0x00000006ce900000|  0%| F|  |TAMS 0x00000006ce800000, 0x00000006ce800000| Untracked 
| 219|0x00000006ce900000, 0x00000006ce900000, 0x00000006cea00000|  0%| F|  |TAMS 0x00000006ce900000, 0x00000006ce900000| Untracked 
| 220|0x00000006cea00000, 0x00000006cea00000, 0x00000006ceb00000|  0%| F|  |TAMS 0x00000006cea00000, 0x00000006cea00000| Untracked 
| 221|0x00000006ceb00000, 0x00000006ceb00000, 0x00000006cec00000|  0%| F|  |TAMS 0x00000006ceb00000, 0x00000006ceb00000| Untracked 
| 222|0x00000006cec00000, 0x00000006cec00000, 0x00000006ced00000|  0%| F|  |TAMS 0x00000006cec00000, 0x00000006cec00000| Untracked 
| 223|0x00000006ced00000, 0x00000006ced00000, 0x00000006cee00000|  0%| F|  |TAMS 0x00000006ced00000, 0x00000006ced00000| Untracked 
| 224|0x00000006cee00000, 0x00000006cee00000, 0x00000006cef00000|  0%| F|  |TAMS 0x00000006cee00000, 0x00000006cee00000| Untracked 
| 225|0x00000006cef00000, 0x00000006cef00000, 0x00000006cf000000|  0%| F|  |TAMS 0x00000006cef00000, 0x00000006cef00000| Untracked 
| 226|0x00000006cf000000, 0x00000006cf000000, 0x00000006cf100000|  0%| F|  |TAMS 0x00000006cf000000, 0x00000006cf000000| Untracked 
| 227|0x00000006cf100000, 0x00000006cf100000, 0x00000006cf200000|  0%| F|  |TAMS 0x00000006cf100000, 0x00000006cf100000| Untracked 
| 228|0x00000006cf200000, 0x00000006cf200000, 0x00000006cf300000|  0%| F|  |TAMS 0x00000006cf200000, 0x00000006cf200000| Untracked 
| 229|0x00000006cf300000, 0x00000006cf300000, 0x00000006cf400000|  0%| F|  |TAMS 0x00000006cf300000, 0x00000006cf300000| Untracked 
| 230|0x00000006cf400000, 0x00000006cf400000, 0x00000006cf500000|  0%| F|  |TAMS 0x00000006cf400000, 0x00000006cf400000| Untracked 
| 231|0x00000006cf500000, 0x00000006cf500000, 0x00000006cf600000|  0%| F|  |TAMS 0x00000006cf500000, 0x00000006cf500000| Untracked 
| 232|0x00000006cf600000, 0x00000006cf600000, 0x00000006cf700000|  0%| F|  |TAMS 0x00000006cf600000, 0x00000006cf600000| Untracked 
| 233|0x00000006cf700000, 0x00000006cf700000, 0x00000006cf800000|  0%| F|  |TAMS 0x00000006cf700000, 0x00000006cf700000| Untracked 
| 234|0x00000006cf800000, 0x00000006cf800000, 0x00000006cf900000|  0%| F|  |TAMS 0x00000006cf800000, 0x00000006cf800000| Untracked 
| 235|0x00000006cf900000, 0x00000006cf900000, 0x00000006cfa00000|  0%| F|  |TAMS 0x00000006cf900000, 0x00000006cf900000| Untracked 
| 236|0x00000006cfa00000, 0x00000006cfa00000, 0x00000006cfb00000|  0%| F|  |TAMS 0x00000006cfa00000, 0x00000006cfa00000| Untracked 
| 237|0x00000006cfb00000, 0x00000006cfb00000, 0x00000006cfc00000|  0%| F|  |TAMS 0x00000006cfb00000, 0x00000006cfb00000| Untracked 
| 238|0x00000006cfc00000, 0x00000006cfc00000, 0x00000006cfd00000|  0%| F|  |TAMS 0x00000006cfc00000, 0x00000006cfc00000| Untracked 
| 239|0x00000006cfd00000, 0x00000006cfd00000, 0x00000006cfe00000|  0%| F|  |TAMS 0x00000006cfd00000, 0x00000006cfd00000| Untracked 
| 240|0x00000006cfe00000, 0x00000006cfe00000, 0x00000006cff00000|  0%| F|  |TAMS 0x00000006cfe00000, 0x00000006cfe00000| Untracked 
| 241|0x00000006cff00000, 0x00000006cff00000, 0x00000006d0000000|  0%| F|  |TAMS 0x00000006cff00000, 0x00000006cff00000| Untracked 
| 242|0x00000006d0000000, 0x00000006d0000000, 0x00000006d0100000|  0%| F|  |TAMS 0x00000006d0000000, 0x00000006d0000000| Untracked 
| 243|0x00000006d0100000, 0x00000006d0100000, 0x00000006d0200000|  0%| F|  |TAMS 0x00000006d0100000, 0x00000006d0100000| Untracked 
| 244|0x00000006d0200000, 0x00000006d0200000, 0x00000006d0300000|  0%| F|  |TAMS 0x00000006d0200000, 0x00000006d0200000| Untracked 
| 245|0x00000006d0300000, 0x00000006d0300000, 0x00000006d0400000|  0%| F|  |TAMS 0x00000006d0300000, 0x00000006d0300000| Untracked 
| 246|0x00000006d0400000, 0x00000006d0400000, 0x00000006d0500000|  0%| F|  |TAMS 0x00000006d0400000, 0x00000006d0400000| Untracked 
| 247|0x00000006d0500000, 0x00000006d0500000, 0x00000006d0600000|  0%| F|  |TAMS 0x00000006d0500000, 0x00000006d0500000| Untracked 
| 248|0x00000006d0600000, 0x00000006d0600000, 0x00000006d0700000|  0%| F|  |TAMS 0x00000006d0600000, 0x00000006d0600000| Untracked 
| 249|0x00000006d0700000, 0x00000006d0700000, 0x00000006d0800000|  0%| F|  |TAMS 0x00000006d0700000, 0x00000006d0700000| Untracked 
| 250|0x00000006d0800000, 0x00000006d0800000, 0x00000006d0900000|  0%| F|  |TAMS 0x00000006d0800000, 0x00000006d0800000| Untracked 
| 251|0x00000006d0900000, 0x00000006d0900000, 0x00000006d0a00000|  0%| F|  |TAMS 0x00000006d0900000, 0x00000006d0900000| Untracked 
| 252|0x00000006d0a00000, 0x00000006d0a00000, 0x00000006d0b00000|  0%| F|  |TAMS 0x00000006d0a00000, 0x00000006d0a00000| Untracked 
| 253|0x00000006d0b00000, 0x00000006d0b00000, 0x00000006d0c00000|  0%| F|  |TAMS 0x00000006d0b00000, 0x00000006d0b00000| Untracked 
| 254|0x00000006d0c00000, 0x00000006d0c00000, 0x00000006d0d00000|  0%| F|  |TAMS 0x00000006d0c00000, 0x00000006d0c00000| Untracked 
| 255|0x00000006d0d00000, 0x00000006d0d00000, 0x00000006d0e00000|  0%| F|  |TAMS 0x00000006d0d00000, 0x00000006d0d00000| Untracked 
| 256|0x00000006d0e00000, 0x00000006d0e00000, 0x00000006d0f00000|  0%| F|  |TAMS 0x00000006d0e00000, 0x00000006d0e00000| Untracked 
| 257|0x00000006d0f00000, 0x00000006d0f00000, 0x00000006d1000000|  0%| F|  |TAMS 0x00000006d0f00000, 0x00000006d0f00000| Untracked 
| 258|0x00000006d1000000, 0x00000006d1000000, 0x00000006d1100000|  0%| F|  |TAMS 0x00000006d1000000, 0x00000006d1000000| Untracked 
| 259|0x00000006d1100000, 0x00000006d1100000, 0x00000006d1200000|  0%| F|  |TAMS 0x00000006d1100000, 0x00000006d1100000| Untracked 
| 260|0x00000006d1200000, 0x00000006d1200000, 0x00000006d1300000|  0%| F|  |TAMS 0x00000006d1200000, 0x00000006d1200000| Untracked 
| 261|0x00000006d1300000, 0x00000006d1300000, 0x00000006d1400000|  0%| F|  |TAMS 0x00000006d1300000, 0x00000006d1300000| Untracked 
| 262|0x00000006d1400000, 0x00000006d1400000, 0x00000006d1500000|  0%| F|  |TAMS 0x00000006d1400000, 0x00000006d1400000| Untracked 
| 263|0x00000006d1500000, 0x00000006d1500000, 0x00000006d1600000|  0%| F|  |TAMS 0x00000006d1500000, 0x00000006d1500000| Untracked 
| 264|0x00000006d1600000, 0x00000006d1600000, 0x00000006d1700000|  0%| F|  |TAMS 0x00000006d1600000, 0x00000006d1600000| Untracked 
| 265|0x00000006d1700000, 0x00000006d1700000, 0x00000006d1800000|  0%| F|  |TAMS 0x00000006d1700000, 0x00000006d1700000| Untracked 
| 266|0x00000006d1800000, 0x00000006d1800000, 0x00000006d1900000|  0%| F|  |TAMS 0x00000006d1800000, 0x00000006d1800000| Untracked 
| 267|0x00000006d1900000, 0x00000006d1900000, 0x00000006d1a00000|  0%| F|  |TAMS 0x00000006d1900000, 0x00000006d1900000| Untracked 
| 268|0x00000006d1a00000, 0x00000006d1a00000, 0x00000006d1b00000|  0%| F|  |TAMS 0x00000006d1a00000, 0x00000006d1a00000| Untracked 
| 269|0x00000006d1b00000, 0x00000006d1b00000, 0x00000006d1c00000|  0%| F|  |TAMS 0x00000006d1b00000, 0x00000006d1b00000| Untracked 
| 270|0x00000006d1c00000, 0x00000006d1c00000, 0x00000006d1d00000|  0%| F|  |TAMS 0x00000006d1c00000, 0x00000006d1c00000| Untracked 
| 271|0x00000006d1d00000, 0x00000006d1d00000, 0x00000006d1e00000|  0%| F|  |TAMS 0x00000006d1d00000, 0x00000006d1d00000| Untracked 
| 272|0x00000006d1e00000, 0x00000006d1e00000, 0x00000006d1f00000|  0%| F|  |TAMS 0x00000006d1e00000, 0x00000006d1e00000| Untracked 
| 273|0x00000006d1f00000, 0x00000006d1f00000, 0x00000006d2000000|  0%| F|  |TAMS 0x00000006d1f00000, 0x00000006d1f00000| Untracked 
| 274|0x00000006d2000000, 0x00000006d2000000, 0x00000006d2100000|  0%| F|  |TAMS 0x00000006d2000000, 0x00000006d2000000| Untracked 
| 275|0x00000006d2100000, 0x00000006d2100000, 0x00000006d2200000|  0%| F|  |TAMS 0x00000006d2100000, 0x00000006d2100000| Untracked 
| 276|0x00000006d2200000, 0x00000006d2200000, 0x00000006d2300000|  0%| F|  |TAMS 0x00000006d2200000, 0x00000006d2200000| Untracked 
| 277|0x00000006d2300000, 0x00000006d2300000, 0x00000006d2400000|  0%| F|  |TAMS 0x00000006d2300000, 0x00000006d2300000| Untracked 
| 278|0x00000006d2400000, 0x00000006d2400000, 0x00000006d2500000|  0%| F|  |TAMS 0x00000006d2400000, 0x00000006d2400000| Untracked 
| 279|0x00000006d2500000, 0x00000006d2500000, 0x00000006d2600000|  0%| F|  |TAMS 0x00000006d2500000, 0x00000006d2500000| Untracked 
| 280|0x00000006d2600000, 0x00000006d2600000, 0x00000006d2700000|  0%| F|  |TAMS 0x00000006d2600000, 0x00000006d2600000| Untracked 
| 281|0x00000006d2700000, 0x00000006d2700000, 0x00000006d2800000|  0%| F|  |TAMS 0x00000006d2700000, 0x00000006d2700000| Untracked 
| 282|0x00000006d2800000, 0x00000006d2800000, 0x00000006d2900000|  0%| F|  |TAMS 0x00000006d2800000, 0x00000006d2800000| Untracked 
| 283|0x00000006d2900000, 0x00000006d2900000, 0x00000006d2a00000|  0%| F|  |TAMS 0x00000006d2900000, 0x00000006d2900000| Untracked 
| 284|0x00000006d2a00000, 0x00000006d2a00000, 0x00000006d2b00000|  0%| F|  |TAMS 0x00000006d2a00000, 0x00000006d2a00000| Untracked 
| 285|0x00000006d2b00000, 0x00000006d2b00000, 0x00000006d2c00000|  0%| F|  |TAMS 0x00000006d2b00000, 0x00000006d2b00000| Untracked 
| 286|0x00000006d2c00000, 0x00000006d2c00000, 0x00000006d2d00000|  0%| F|  |TAMS 0x00000006d2c00000, 0x00000006d2c00000| Untracked 
| 287|0x00000006d2d00000, 0x00000006d2e00000, 0x00000006d2e00000|100%| S|CS|TAMS 0x00000006d2d00000, 0x00000006d2d00000| Complete 
| 288|0x00000006d2e00000, 0x00000006d2f00000, 0x00000006d2f00000|100%| S|CS|TAMS 0x00000006d2e00000, 0x00000006d2e00000| Complete 
| 289|0x00000006d2f00000, 0x00000006d3000000, 0x00000006d3000000|100%| S|CS|TAMS 0x00000006d2f00000, 0x00000006d2f00000| Complete 
| 290|0x00000006d3000000, 0x00000006d3100000, 0x00000006d3100000|100%| S|CS|TAMS 0x00000006d3000000, 0x00000006d3000000| Complete 
| 291|0x00000006d3100000, 0x00000006d3200000, 0x00000006d3200000|100%| S|CS|TAMS 0x00000006d3100000, 0x00000006d3100000| Complete 
| 292|0x00000006d3200000, 0x00000006d3200000, 0x00000006d3300000|  0%| F|  |TAMS 0x00000006d3200000, 0x00000006d3200000| Untracked 
| 293|0x00000006d3300000, 0x00000006d3300000, 0x00000006d3400000|  0%| F|  |TAMS 0x00000006d3300000, 0x00000006d3300000| Untracked 
| 294|0x00000006d3400000, 0x00000006d3400000, 0x00000006d3500000|  0%| F|  |TAMS 0x00000006d3400000, 0x00000006d3400000| Untracked 
| 295|0x00000006d3500000, 0x00000006d3500000, 0x00000006d3600000|  0%| F|  |TAMS 0x00000006d3500000, 0x00000006d3500000| Untracked 
| 296|0x00000006d3600000, 0x00000006d3600000, 0x00000006d3700000|  0%| F|  |TAMS 0x00000006d3600000, 0x00000006d3600000| Untracked 
| 297|0x00000006d3700000, 0x00000006d3700000, 0x00000006d3800000|  0%| F|  |TAMS 0x00000006d3700000, 0x00000006d3700000| Untracked 
| 298|0x00000006d3800000, 0x00000006d3800000, 0x00000006d3900000|  0%| F|  |TAMS 0x00000006d3800000, 0x00000006d3800000| Untracked 
| 299|0x00000006d3900000, 0x00000006d3900000, 0x00000006d3a00000|  0%| F|  |TAMS 0x00000006d3900000, 0x00000006d3900000| Untracked 
| 300|0x00000006d3a00000, 0x00000006d3a00000, 0x00000006d3b00000|  0%| F|  |TAMS 0x00000006d3a00000, 0x00000006d3a00000| Untracked 
| 301|0x00000006d3b00000, 0x00000006d3b00000, 0x00000006d3c00000|  0%| F|  |TAMS 0x00000006d3b00000, 0x00000006d3b00000| Untracked 
| 302|0x00000006d3c00000, 0x00000006d3c00000, 0x00000006d3d00000|  0%| F|  |TAMS 0x00000006d3c00000, 0x00000006d3c00000| Untracked 
| 303|0x00000006d3d00000, 0x00000006d3d00000, 0x00000006d3e00000|  0%| F|  |TAMS 0x00000006d3d00000, 0x00000006d3d00000| Untracked 
| 304|0x00000006d3e00000, 0x00000006d3e00000, 0x00000006d3f00000|  0%| F|  |TAMS 0x00000006d3e00000, 0x00000006d3e00000| Untracked 
| 305|0x00000006d3f00000, 0x00000006d3f00000, 0x00000006d4000000|  0%| F|  |TAMS 0x00000006d3f00000, 0x00000006d3f00000| Untracked 
| 306|0x00000006d4000000, 0x00000006d4000000, 0x00000006d4100000|  0%| F|  |TAMS 0x00000006d4000000, 0x00000006d4000000| Untracked 
| 307|0x00000006d4100000, 0x00000006d4100000, 0x00000006d4200000|  0%| F|  |TAMS 0x00000006d4100000, 0x00000006d4100000| Untracked 
| 308|0x00000006d4200000, 0x00000006d4200000, 0x00000006d4300000|  0%| F|  |TAMS 0x00000006d4200000, 0x00000006d4200000| Untracked 
| 309|0x00000006d4300000, 0x00000006d4300000, 0x00000006d4400000|  0%| F|  |TAMS 0x00000006d4300000, 0x00000006d4300000| Untracked 
| 310|0x00000006d4400000, 0x00000006d4400000, 0x00000006d4500000|  0%| F|  |TAMS 0x00000006d4400000, 0x00000006d4400000| Untracked 
| 311|0x00000006d4500000, 0x00000006d4500000, 0x00000006d4600000|  0%| F|  |TAMS 0x00000006d4500000, 0x00000006d4500000| Untracked 
| 312|0x00000006d4600000, 0x00000006d4600000, 0x00000006d4700000|  0%| F|  |TAMS 0x00000006d4600000, 0x00000006d4600000| Untracked 
| 313|0x00000006d4700000, 0x00000006d4700000, 0x00000006d4800000|  0%| F|  |TAMS 0x00000006d4700000, 0x00000006d4700000| Untracked 
| 314|0x00000006d4800000, 0x00000006d4800000, 0x00000006d4900000|  0%| F|  |TAMS 0x00000006d4800000, 0x00000006d4800000| Untracked 
| 315|0x00000006d4900000, 0x00000006d4900000, 0x00000006d4a00000|  0%| F|  |TAMS 0x00000006d4900000, 0x00000006d4900000| Untracked 
| 316|0x00000006d4a00000, 0x00000006d4a00000, 0x00000006d4b00000|  0%| F|  |TAMS 0x00000006d4a00000, 0x00000006d4a00000| Untracked 
| 317|0x00000006d4b00000, 0x00000006d4b00000, 0x00000006d4c00000|  0%| F|  |TAMS 0x00000006d4b00000, 0x00000006d4b00000| Untracked 
| 318|0x00000006d4c00000, 0x00000006d4c00000, 0x00000006d4d00000|  0%| F|  |TAMS 0x00000006d4c00000, 0x00000006d4c00000| Untracked 
| 319|0x00000006d4d00000, 0x00000006d4e00000, 0x00000006d4e00000|100%| E|  |TAMS 0x00000006d4d00000, 0x00000006d4d00000| Complete 

Card table byte_map: [0x000002d9c36b0000,0x000002d9c40b0000] _byte_map_base: 0x000002d9c00a9000

Marking Bits (Prev, Next): (CMBitMap*) 0x000002d9ab305c90, (CMBitMap*) 0x000002d9ab305c58
 Prev Bits: [0x000002d9c9a80000, 0x000002d9cea48000)
 Next Bits: [0x000002d9c4ab0000, 0x000002d9c9a78000)

Polling page: 0x000002d9ab380000

Metaspace:

Usage:
  Non-class:     17.91 MB capacity,    17.69 MB ( 99%) used,   188.45 KB (  1%) free+waste,    38.63 KB ( <1%) overhead. 
      Class:      1.79 MB capacity,     1.68 MB ( 94%) used,    94.79 KB (  5%) free+waste,    16.50 KB ( <1%) overhead. 
       Both:     19.70 MB capacity,    19.37 MB ( 98%) used,   283.23 KB (  1%) free+waste,    55.13 KB ( <1%) overhead. 

Virtual space:
  Non-class space:       18.00 MB reserved,      18.00 MB (100%) committed 
      Class space:        1.00 GB reserved,       1.88 MB ( <1%) committed 
             Both:        1.02 GB reserved,      19.88 MB (  2%) committed 

Chunk freelists:
   Non-Class:  3.75 KB
       Class:  2.75 KB
        Both:  6.50 KB

CodeHeap 'non-profiled nmethods': size=120064Kb used=1437Kb max_used=1437Kb free=118626Kb
 bounds [0x000002d9bb150000, 0x000002d9bb3c0000, 0x000002d9c2690000]
CodeHeap 'profiled nmethods': size=120000Kb used=5027Kb max_used=5032Kb free=114973Kb
 bounds [0x000002d9b3c20000, 0x000002d9b4110000, 0x000002d9bb150000]
CodeHeap 'non-nmethods': size=5696Kb used=1566Kb max_used=1595Kb free=4129Kb
 bounds [0x000002d9b3690000, 0x000002d9b3900000, 0x000002d9b3c20000]
 total_blobs=4476 nmethods=2472 adapters=1029
 compilation: enabled
              stopped_count=0, restarted_count=0
 full_count=0

Compilation events (10 events):
Event: 9.014 Thread 0x000002d9d1aa0000 nmethod 2582 0x000002d9b4103890 code [0x000002d9b4103aa0, 0x000002d9b4103f20]
Event: 9.014 Thread 0x000002d9d1aa0000 2583       3       sun.font.AttributeValues::anyDefined (15 bytes)
Event: 9.014 Thread 0x000002d9d1aa0000 nmethod 2583 0x000002d9b4104110 code [0x000002d9b41042c0, 0x000002d9b4104478]
Event: 9.014 Thread 0x000002d9d1aa0000 2584       3       sun.font.TextLabelFactory::<init> (48 bytes)
Event: 9.014 Thread 0x000002d9d1aa0000 nmethod 2584 0x000002d9b4104510 code [0x000002d9b4104700, 0x000002d9b4104c50]
Event: 9.014 Thread 0x000002d9d1aa0000 2585       3       java.awt.font.TextLine::createComponentsOnRun (131 bytes)
Event: 9.014 Thread 0x000002d9d1aa0000 nmethod 2585 0x000002d9b4104d90 code [0x000002d9b4104fe0, 0x000002d9b4105ba0]
Event: 9.014 Thread 0x000002d9d1aa0000 2586       3       java.awt.font.TextLine::firstVisualChunk (36 bytes)
Event: 9.015 Thread 0x000002d9d1aa0000 nmethod 2586 0x000002d9b4106090 code [0x000002d9b4106260, 0x000002d9b4106558]
Event: 9.015 Thread 0x000002d9d1aa0000 2587       3       sun.font.TextLabelFactory::createExtended (183 bytes)

GC Heap History (6 events):
Event: 1.566 GC heap before
{Heap before GC invocations=0 (full 0):
 garbage-first heap   total 327680K, used 15360K [0x00000006c0e00000, 0x0000000800000000)
  region size 1024K, 16 young (16384K), 0 survivors (0K)
 Metaspace       used 13460K, capacity 13694K, committed 14080K, reserved 1062912K
  class space    used 1086K, capacity 1164K, committed 1280K, reserved 1048576K
}
Event: 1.571 GC heap after
{Heap after GC invocations=1 (full 0):
 garbage-first heap   total 327680K, used 2267K [0x00000006c0e00000, 0x0000000800000000)
  region size 1024K, 2 young (2048K), 2 survivors (2048K)
 Metaspace       used 13460K, capacity 13694K, committed 14080K, reserved 1062912K
  class space    used 1086K, capacity 1164K, committed 1280K, reserved 1048576K
}
Event: 3.057 GC heap before
{Heap before GC invocations=1 (full 0):
 garbage-first heap   total 327680K, used 162011K [0x00000006c0e00000, 0x0000000800000000)
  region size 1024K, 42 young (43008K), 2 survivors (2048K)
 Metaspace       used 17865K, capacity 18181K, committed 18432K, reserved 1067008K
  class space    used 1573K, capacity 1683K, committed 1792K, reserved 1048576K
}
Event: 3.062 GC heap after
{Heap after GC invocations=2 (full 0):
 garbage-first heap   total 327680K, used 45360K [0x00000006c0e00000, 0x0000000800000000)
  region size 1024K, 11 young (11264K), 11 survivors (11264K)
 Metaspace       used 17865K, capacity 18181K, committed 18432K, reserved 1067008K
  class space    used 1573K, capacity 1683K, committed 1792K, reserved 1048576K
}
Event: 8.993 GC heap before
{Heap before GC invocations=3 (full 0):
 garbage-first heap   total 327680K, used 150832K [0x00000006c0e00000, 0x0000000800000000)
  region size 1024K, 39 young (39936K), 11 survivors (11264K)
 Metaspace       used 19818K, capacity 20172K, committed 20352K, reserved 1067008K
  class space    used 1722K, capacity 1834K, committed 1920K, reserved 1048576K
}
Event: 8.999 GC heap after
{Heap after GC invocations=4 (full 0):
 garbage-first heap   total 327680K, used 62089K [0x00000006c0e00000, 0x0000000800000000)
  region size 1024K, 5 young (5120K), 5 survivors (5120K)
 Metaspace       used 19818K, capacity 20172K, committed 20352K, reserved 1067008K
  class space    used 1722K, capacity 1834K, committed 1920K, reserved 1048576K
}

Deoptimization events (10 events):
Event: 7.494 Thread 0x000002d9ab28e000 Uncommon trap: reason=unstable_if action=reinterpret pc=0x000002d9bb15bde4 method=java.lang.CharacterData.of(I)Ljava/lang/CharacterData; @ 4 c2
Event: 7.500 Thread 0x000002d9ab28e000 Uncommon trap: reason=unstable_if action=reinterpret pc=0x000002d9bb207370 method=java.lang.String.indexOf(Ljava/lang/String;)I @ 8 c2
Event: 7.500 Thread 0x000002d9ab28e000 Uncommon trap: reason=unstable_if action=reinterpret pc=0x000002d9bb193184 method=java.util.HashMap.putVal(ILjava/lang/Object;Ljava/lang/Object;ZZ)Ljava/lang/Object; @ 181 c2
Event: 7.532 Thread 0x000002d9ab28e000 Uncommon trap: reason=class_check action=maybe_recompile pc=0x000002d9bb258810 method=java.io.BufferedInputStream.read1([BII)I @ 39 c2
Event: 7.556 Thread 0x000002d9ab28e000 Uncommon trap: reason=bimorphic_or_optimized_type_check action=maybe_recompile pc=0x000002d9bb204ec4 method=java.util.concurrent.ConcurrentHashMap.get(Ljava/lang/Object;)Ljava/lang/Object; @ 149 c2
Event: 7.566 Thread 0x000002d9ab28e000 Uncommon trap: reason=bimorphic_or_optimized_type_check action=maybe_recompile pc=0x000002d9bb204ec4 method=java.util.concurrent.ConcurrentHashMap.get(Ljava/lang/Object;)Ljava/lang/Object; @ 149 c2
Event: 7.607 Thread 0x000002d9ab28e000 Uncommon trap: reason=bimorphic_or_optimized_type_check action=maybe_recompile pc=0x000002d9bb204ec4 method=java.util.concurrent.ConcurrentHashMap.get(Ljava/lang/Object;)Ljava/lang/Object; @ 149 c2
Event: 7.625 Thread 0x000002d9ab28e000 Uncommon trap: reason=bimorphic_or_optimized_type_check action=maybe_recompile pc=0x000002d9bb204ec4 method=java.util.concurrent.ConcurrentHashMap.get(Ljava/lang/Object;)Ljava/lang/Object; @ 149 c2
Event: 7.851 Thread 0x000002d9ab28e000 Uncommon trap: reason=intrinsic_or_type_checked_inlining action=make_not_entrant pc=0x000002d9bb29c478 method=java.util.ArrayList.toArray([Ljava/lang/Object;)[Ljava/lang/Object; @ 36 c2
Event: 9.000 Thread 0x000002d9d1a18000 Uncommon trap: reason=unstable_if action=reinterpret pc=0x000002d9bb262f50 method=playn.scene.ImageLayer.setTile(Lplayn/core/Tile;)Lplayn/scene/ImageLayer; @ 5 c2

Classes redefined (0 events):
No events

Internal exceptions (10 events):
Event: 1.590 Thread 0x000002d9ab28e000 Exception <a 'java/lang/NoSuchMethodError'{0x00000006d4c38f90}: java.lang.invoke.DirectMethodHandle$Holder.invokeStatic(Ljava/lang/Object;Ljava/lang/Object;Ljava/lang/Object;Ljava/lang/Object;Ljava/lang/Object;Ljava/lang/Object;Ljava/lang/Object;Ljava/lan
Event: 1.591 Thread 0x000002d9ab28e000 Exception <a 'java/lang/NoSuchMethodError'{0x00000006d4c46b40}: java.lang.invoke.DirectMethodHandle$Holder.invokeStatic(Ljava/lang/Object;Ljava/lang/Object;Ljava/lang/Object;Ljava/lang/Object;Ljava/lang/Object;Ljava/lang/Object;Ljava/lang/Object;Ljava/lan
Event: 1.592 Thread 0x000002d9ab28e000 Exception <a 'java/lang/NoSuchMethodError'{0x00000006d4c54b30}: java.lang.invoke.DirectMethodHandle$Holder.invokeSpecial(Ljava/lang/Object;Ljava/lang/Object;IILjava/lang/Object;Ljava/lang/Object;Ljava/lang/Object;)Ljava/lang/Object;> (0x00000006d4c54b30) 
Event: 1.592 Thread 0x000002d9ab28e000 Exception <a 'java/lang/NoSuchMethodError'{0x00000006d4c580b8}: java.lang.invoke.DelegatingMethodHandle$Holder.reinvoke_L(Ljava/lang/Object;IILjava/lang/Object;Ljava/lang/Object;Ljava/lang/Object;)Ljava/lang/Object;> (0x00000006d4c580b8) thrown at [t:/wor
Event: 1.593 Thread 0x000002d9ab28e000 Exception <a 'java/lang/NoSuchMethodError'{0x00000006d4c5c340}: java.lang.invoke.DirectMethodHandle$Holder.invokeStatic(Ljava/lang/Object;Ljava/lang/Object;Ljava/lang/Object;Ljava/lang/Object;I)Ljava/lang/Object;> (0x00000006d4c5c340) thrown at [t:/worksp
Event: 1.599 Thread 0x000002d9ab28e000 Exception <a 'java/io/FileNotFoundException'{0x00000006d4cbee78}> (0x00000006d4cbee78) thrown at [t:/workspace/open/src/hotspot/share/prims/jni.cpp, line 615]
Event: 7.488 Thread 0x000002d9ab28e000 Exception <a 'java/lang/NoSuchMethodError'{0x00000006d4547660}: java.lang.invoke.DirectMethodHandle$Holder.invokeStatic(Ljava/lang/Object;Ljava/lang/Object;Ljava/lang/Object;Ljava/lang/Object;Ljava/lang/Object;Ljava/lang/Object;Ljava/lang/Object;Ljava/lan
Event: 7.489 Thread 0x000002d9ab28e000 Exception <a 'java/lang/NoSuchMethodError'{0x00000006d4565800}: java.lang.invoke.DirectMethodHandle$Holder.invokeStatic(Ljava/lang/Object;Ljava/lang/Object;Ljava/lang/Object;Ljava/lang/Object;Ljava/lang/Object;Ljava/lang/Object;Ljava/lang/Object;Ljava/lan
Event: 7.490 Thread 0x000002d9ab28e000 Exception <a 'java/lang/NoSuchMethodError'{0x00000006d4584a70}: java.lang.invoke.DirectMethodHandle$Holder.invokeStatic(Ljava/lang/Object;Ljava/lang/Object;Ljava/lang/Object;Ljava/lang/Object;Ljava/lang/Object;Ljava/lang/Object;Ljava/lang/Object;Ljava/lan
Event: 7.492 Thread 0x000002d9ab28e000 Exception <a 'java/lang/NoSuchMethodError'{0x00000006d45a5128}: java.lang.invoke.DirectMethodHandle$Holder.invokeStatic(Ljava/lang/Object;Ljava/lang/Object;Ljava/lang/Object;Ljava/lang/Object;Ljava/lang/Object;Ljava/lang/Object;Ljava/lang/Object;Ljava/lan

Events (10 events):
Event: 9.010 Executing VM operation: RevokeBias
Event: 9.011 Executing VM operation: RevokeBias done
Event: 9.011 Executing VM operation: RevokeBias
Event: 9.011 Executing VM operation: RevokeBias done
Event: 9.011 Executing VM operation: RevokeBias
Event: 9.011 Executing VM operation: RevokeBias done
Event: 9.011 Executing VM operation: RevokeBias
Event: 9.011 Executing VM operation: RevokeBias done
Event: 9.011 Executing VM operation: BulkRevokeBias
Event: 9.011 Executing VM operation: BulkRevokeBias done


Dynamic libraries:
0x00007ff7e92d0000 - 0x00007ff7e9315000 	G:\jdk-11.0.2\bin\java.exe
0x00007ffcd90d0000 - 0x00007ffcd92c6000 	C:\Windows\SYSTEM32\ntdll.dll
0x00007ffcd8790000 - 0x00007ffcd884d000 	C:\Windows\System32\KERNEL32.DLL
0x00007ffcd69c0000 - 0x00007ffcd6c89000 	C:\Windows\System32\KERNELBASE.dll
0x00007ffcd7a70000 - 0x00007ffcd7c10000 	C:\Windows\System32\USER32.dll
0x00007ffcd7100000 - 0x00007ffcd7122000 	C:\Windows\System32\win32u.dll
0x00007ffcd8a20000 - 0x00007ffcd8a4a000 	C:\Windows\System32\GDI32.dll
0x00007ffcd6c90000 - 0x00007ffcd6d9b000 	C:\Windows\System32\gdi32full.dll
0x00007ffcd6f30000 - 0x00007ffcd6fcd000 	C:\Windows\System32\msvcp_win.dll
0x00007ffcd6da0000 - 0x00007ffcd6ea0000 	C:\Windows\System32\ucrtbase.dll
0x00007ffcbfcb0000 - 0x00007ffcbff4b000 	C:\Windows\WinSxS\amd64_microsoft.windows.common-controls_6595b64144ccf1df_6.0.19041.746_none_ca02b4b61b8320a4\COMCTL32.dll
0x00007ffcd8a50000 - 0x00007ffcd8aee000 	C:\Windows\System32\msvcrt.dll
0x00007ffcd7190000 - 0x00007ffcd71c0000 	C:\Windows\System32\IMM32.DLL
0x00007ffcc6bd0000 - 0x00007ffcc6be6000 	G:\jdk-11.0.2\bin\vcruntime140.dll
0x00007ffc91300000 - 0x00007ffc913aa000 	G:\jdk-11.0.2\bin\msvcp140.dll
0x00007ffc787b0000 - 0x00007ffc792d3000 	G:\jdk-11.0.2\bin\server\jvm.dll
0x00007ffcd8970000 - 0x00007ffcd8a1c000 	C:\Windows\System32\ADVAPI32.dll
0x00007ffcd84e0000 - 0x00007ffcd857c000 	C:\Windows\System32\sechost.dll
0x00007ffcd7280000 - 0x00007ffcd73ab000 	C:\Windows\System32\RPCRT4.dll
0x00007ffcd71c0000 - 0x00007ffcd71c8000 	C:\Windows\System32\PSAPI.DLL
0x00007ffccf7a0000 - 0x00007ffccf7aa000 	C:\Windows\SYSTEM32\VERSION.dll
0x00007ffcc6060000 - 0x00007ffcc6087000 	C:\Windows\SYSTEM32\WINMM.dll
0x00007ffcd05f0000 - 0x00007ffcd05f9000 	C:\Windows\SYSTEM32\WSOCK32.dll
0x00007ffcd78f0000 - 0x00007ffcd795b000 	C:\Windows\System32\ws2_32.DLL
0x00007ffcd4790000 - 0x00007ffcd47a2000 	C:\Windows\SYSTEM32\kernel.appcore.dll
0x00007ffcc6bb0000 - 0x00007ffcc6bc1000 	G:\jdk-11.0.2\bin\verify.dll
0x00007ffcb9450000 - 0x00007ffcb9634000 	C:\Windows\SYSTEM32\DBGHELP.DLL
0x00007ffccea50000 - 0x00007ffccea7c000 	C:\Windows\SYSTEM32\dbgcore.DLL
0x00007ffcd6fd0000 - 0x00007ffcd7050000 	C:\Windows\System32\bcryptPrimitives.dll
0x00007ffcba940000 - 0x00007ffcba968000 	G:\jdk-11.0.2\bin\java.dll
0x00007ffcba4c0000 - 0x00007ffcba4d6000 	G:\jdk-11.0.2\bin\zip.dll
0x00007ffcce770000 - 0x00007ffcce77a000 	G:\jdk-11.0.2\bin\jimage.dll
0x00007ffcd7ce0000 - 0x00007ffcd8423000 	C:\Windows\System32\SHELL32.dll
0x00007ffcd4990000 - 0x00007ffcd511f000 	C:\Windows\SYSTEM32\windows.storage.dll
0x00007ffcd7510000 - 0x00007ffcd7866000 	C:\Windows\System32\combase.dll
0x00007ffcd61a0000 - 0x00007ffcd61cc000 	C:\Windows\SYSTEM32\Wldp.dll
0x00007ffcd8430000 - 0x00007ffcd84de000 	C:\Windows\System32\SHCORE.dll
0x00007ffcd73b0000 - 0x00007ffcd7405000 	C:\Windows\System32\shlwapi.dll
0x00007ffcd6740000 - 0x00007ffcd6766000 	C:\Windows\SYSTEM32\profapi.dll
0x00007ffcba190000 - 0x00007ffcba1a9000 	G:\jdk-11.0.2\bin\net.dll
0x00007ffcc90f0000 - 0x00007ffcc92dd000 	C:\Windows\SYSTEM32\urlmon.dll
0x00007ffccedb0000 - 0x00007ffcceeb0000 	C:\Windows\SYSTEM32\WINHTTP.dll
0x00007ffccaa60000 - 0x00007ffccad10000 	C:\Windows\SYSTEM32\iertutil.dll
0x00007ffcd5f20000 - 0x00007ffcd5f8a000 	C:\Windows\system32\mswsock.dll
0x00007ffcb9c80000 - 0x00007ffcb9c93000 	G:\jdk-11.0.2\bin\nio.dll
0x00007ffcca530000 - 0x00007ffcca539000 	G:\jdk-11.0.2\bin\prefs.dll
0x00007ffcaea90000 - 0x00007ffcaeae7000 	C:\Users\manta\AppData\Local\Temp\lwjglmanta\3.1.2-build-29\lwjgl.dll
0x00007ffcae280000 - 0x00007ffcae2bd000 	C:\Users\manta\AppData\Local\Temp\lwjglmanta\3.1.2-build-29\glfw.dll
0x00007ffcd42d0000 - 0x00007ffcd436e000 	C:\Windows\system32\uxtheme.dll
0x00007ffcabcb0000 - 0x00007ffcabcf5000 	C:\Windows\SYSTEM32\dinput8.dll
0x00007ffc8f320000 - 0x00007ffc8f331000 	C:\Windows\SYSTEM32\xinput1_4.dll
0x00007ffcd6970000 - 0x00007ffcd69be000 	C:\Windows\System32\cfgmgr32.dll
0x00007ffcd64e0000 - 0x00007ffcd650c000 	C:\Windows\SYSTEM32\DEVOBJ.dll
0x00007ffcd45b0000 - 0x00007ffcd45df000 	C:\Windows\SYSTEM32\dwmapi.dll
0x00007ffccd1e0000 - 0x00007ffccd332000 	C:\Windows\SYSTEM32\inputhost.dll
0x00007ffcd7c10000 - 0x00007ffcd7cdd000 	C:\Windows\System32\OLEAUT32.dll
0x00007ffcd3a70000 - 0x00007ffcd3bc4000 	C:\Windows\SYSTEM32\wintypes.dll
0x00007ffcd3c40000 - 0x00007ffcd3f9e000 	C:\Windows\SYSTEM32\CoreUIComponents.dll
0x00007ffcd2490000 - 0x00007ffcd2587000 	C:\Windows\SYSTEM32\PROPSYS.dll
0x00007ffcd3fa0000 - 0x00007ffcd4092000 	C:\Windows\SYSTEM32\CoreMessaging.dll
0x00007ffcd5550000 - 0x00007ffcd5583000 	C:\Windows\SYSTEM32\ntmarta.dll
0x00007ffcd8850000 - 0x00007ffcd8966000 	C:\Windows\System32\MSCTF.dll
0x00007ffcd5120000 - 0x00007ffcd512d000 	C:\Windows\SYSTEM32\HID.DLL
0x00007ffcd8c20000 - 0x00007ffcd9087000 	C:\Windows\System32\SETUPAPI.DLL
0x00007ffcd6f00000 - 0x00007ffcd6f27000 	C:\Windows\System32\bcrypt.dll
0x00007ffcd6ea0000 - 0x00007ffcd6f00000 	C:\Windows\System32\WINTRUST.dll
0x00007ffcd6810000 - 0x00007ffcd6966000 	C:\Windows\System32\CRYPT32.dll
0x00007ffcd6320000 - 0x00007ffcd6332000 	C:\Windows\SYSTEM32\MSASN1.dll
0x00007ffc911d0000 - 0x00007ffc912f5000 	C:\Windows\SYSTEM32\opengl32.dll
0x00007ffcb2d50000 - 0x00007ffcb2d7c000 	C:\Windows\SYSTEM32\GLU32.dll
0x00007ffcd71d0000 - 0x00007ffcd7279000 	C:\Windows\System32\clbcatq.dll
0x00007ffc70be0000 - 0x00007ffc735bc000 	C:\Windows\System32\DriverStore\FileRepository\nv_dispi.inf_amd64_3784df9edffd3314\nvoglv64.dll
0x00007ffcd8af0000 - 0x00007ffcd8c1a000 	C:\Windows\System32\ole32.dll
0x00007ffcd0e10000 - 0x00007ffcd0e24000 	C:\Windows\SYSTEM32\WTSAPI32.dll
0x00007ffccf720000 - 0x00007ffccf751000 	C:\Windows\SYSTEM32\cryptnet.dll
0x00007ffcd60f0000 - 0x00007ffcd60fc000 	C:\Windows\SYSTEM32\cryptbase.dll
0x00007ffcc6590000 - 0x00007ffcc65cb000 	C:\Windows\SYSTEM32\dxcore.dll
0x00007ffc973f0000 - 0x00007ffc976a9000 	C:\Windows\system32\nvspcap64.dll
0x00007ffcd6670000 - 0x00007ffcd66bb000 	C:\Windows\SYSTEM32\powrprof.dll
0x00007ffcd6650000 - 0x00007ffcd6662000 	C:\Windows\SYSTEM32\UMPDC.dll
0x00007ffcd6540000 - 0x00007ffcd659a000 	C:\Windows\SYSTEM32\WINSTA.dll
0x00007ffccd3f0000 - 0x00007ffccd4eb000 	C:\Windows\SYSTEM32\textinputframework.dll
0x00007ffcaa970000 - 0x00007ffcaa9cc000 	C:\Users\manta\AppData\Local\Temp\lwjglmanta\3.1.2-build-29\lwjgl_opengl.dll
0x00007ffc8f160000 - 0x00007ffc8f2fe000 	G:\jdk-11.0.2\bin\awt.dll
0x00007ffcd2b90000 - 0x00007ffcd3150000 	C:\Windows\SYSTEM32\d2d1.dll
0x00007ffcd41d0000 - 0x00007ffcd4260000 	C:\Windows\SYSTEM32\apphelp.dll
0x00007ffcb9c60000 - 0x00007ffcb9c72000 	G:\jdk-11.0.2\bin\jsound.dll
0x00007ffc8e5d0000 - 0x00007ffc8e66c000 	C:\Windows\SYSTEM32\DSOUND.dll
0x00007ffcb1380000 - 0x00007ffcb13a6000 	C:\Windows\SYSTEM32\winmmbase.dll
0x00007ffcd0bc0000 - 0x00007ffcd0c45000 	C:\Windows\System32\MMDevApi.dll
0x00007ffcbd880000 - 0x00007ffcbd8c6000 	C:\Windows\SYSTEM32\wdmaud.drv
0x00007ffcd1b90000 - 0x00007ffcd1b99000 	C:\Windows\SYSTEM32\ksuser.dll
0x00007ffcd09b0000 - 0x00007ffcd09ba000 	C:\Windows\SYSTEM32\AVRT.dll
0x00007ffcd0ea0000 - 0x00007ffcd1023000 	C:\Windows\SYSTEM32\AUDIOSES.DLL
0x00007ffcbd870000 - 0x00007ffcbd87d000 	C:\Windows\SYSTEM32\msacm32.drv
0x00007ffcbc060000 - 0x00007ffcbc07e000 	C:\Windows\SYSTEM32\MSACM32.dll
0x00007ffcbb590000 - 0x00007ffcbb59b000 	C:\Windows\SYSTEM32\midimap.dll
0x00007ffcd43b0000 - 0x00007ffcd43c4000 	C:\Windows\SYSTEM32\resourcepolicyclient.dll
0x00007ffccd4f0000 - 0x00007ffccd631000 	C:\Windows\System32\Windows.UI.dll
0x00007ffccd340000 - 0x00007ffccd3e1000 	C:\Windows\System32\WindowManagementAPI.dll
0x00007ffccf7b0000 - 0x00007ffccf9b1000 	C:\Windows\SYSTEM32\twinapi.appcore.dll
0x00007ffc90d50000 - 0x00007ffc90dd0000 	G:\jdk-11.0.2\bin\freetype.dll
0x00007ffc90ee0000 - 0x00007ffc90f4f000 	G:\jdk-11.0.2\bin\fontmanager.dll

dbghelp: loaded successfully - version: 4.0.5 - missing functions: none
symbol engine: initialized successfully - sym options: 0x614 - pdb path: .;G:\jdk-11.0.2\bin;C:\Windows\SYSTEM32;C:\Windows\WinSxS\amd64_microsoft.windows.common-controls_6595b64144ccf1df_6.0.19041.746_none_ca02b4b61b8320a4;G:\jdk-11.0.2\bin\server;C:\Users\manta\AppData\Local\Temp\lwjglmanta\3.1.2-build-29;C:\Windows\System32\DriverStore\FileRepository\nv_dispi.inf_amd64_3784df9edffd3314

VM Arguments:
jvm_args: -Dfoo=bar 
java_command: playn.sample.hello.java.HelloGameJava
java_class_path (initial): C:\Users\manta\OneDrive\Документы\GitHub\warpdeath\playn-samples-master\hello\java\target\classes;C:\Users\manta\OneDrive\Документы\GitHub\warpdeath\playn-samples-master\hello\core\target\classes;C:\Users\manta\.m2\repository\io\playn\playn-scene\2.0\playn-scene-2.0.jar;C:\Users\manta\.m2\repository\io\playn\playn-core\2.0\playn-core-2.0.jar;C:\Users\manta\.m2\repository\com\samskivert\pythagoras\1.4.3\pythagoras-1.4.3.jar;C:\Users\manta\.m2\repository\com\threerings\react\1.5.3\react-1.5.3.jar;C:\Users\manta\OneDrive\Документы\GitHub\warpdeath\playn-samples-master\hello\assets\target\classes;C:\Users\manta\.m2\repository\io\playn\playn-java-lwjgl\2.0\playn-java-lwjgl-2.0.jar;C:\Users\manta\.m2\repository\io\playn\playn-java-base\2.0\playn-java-base-2.0.jar;C:\Users\manta\.m2\repository\com\googlecode\soundlibs\mp3spi\1.9.5-1\mp3spi-1.9.5-1.jar;C:\Users\manta\.m2\repository\com\googlecode\soundlibs\jlayer\1.0.1-1\jlayer-1.0.1-1.jar;C:\Users\manta\.m2\repository\com\googlecode\soundlibs\tritonus-share\0.3.7-1\tritonus-share-0.3.7-1.jar;C:\Users\manta\.m2\repository\org\java-websocket\Java-WebSocket\1.3.0\Java-WebSocket-1.3.0.jar;C:\Users\manta\.m2\repository\org\lwjgl\lwjgl\3.1.2\lwjgl-3.1.2.jar;C:\Users\manta\.m2\repository\org\lwjgl\lwjgl\3.1.2\lwjgl-3.1.2-natives-linux.jar;C:\Users\manta\.m2\repository\org\lwjgl\lwjgl\3.1.2\lwjgl-3.1.2-natives-windows.jar;C:\Users\manta\.m2\repository\org\lwjgl\lwjgl\3.1.2\lwjgl-3.1.2-natives-macos.jar;C:\Users\manta\.m2\repository\org\lwjgl\lwjgl-opengl\3.1.2\lwjgl-opengl-3.1.2.jar;C:\Users\manta\.m2\repository\org\lwjgl\lwjgl-opengl\3.1.2\lwjgl-opengl-3.1.2-natives-linux.jar;C:\Users\manta\.m2\repository\org\lwjgl\lwjgl-opengl\3.1.2\lwjgl-opengl-3.1.2-natives-windows.jar;C:\Users\manta\.m2\repository\org\lwjgl\lwjgl-opengl\3.1.2\lwjgl-opengl-3.1.2-natives-macos.jar;C:\Users\manta\.m2\repository\org\lwjgl\lwjgl-glfw\3.1.2\lwjgl-glfw-3.1.2.jar;C:\Users\manta\.m2\repository\org\lwjgl\lwjgl-glfw\3.1.2\lw
Launcher Type: SUN_STANDARD

[Global flags]
     intx CICompilerCount                          = 3                                         {product} {ergonomic}
     uint ConcGCThreads                            = 1                                         {product} {ergonomic}
     uint G1ConcRefinementThreads                  = 4                                         {product} {ergonomic}
   size_t G1HeapRegionSize                         = 1048576                                   {product} {ergonomic}
    uintx GCDrainStackTargetSize                   = 64                                        {product} {ergonomic}
   size_t InitialHeapSize                          = 335544320                                 {product} {ergonomic}
   size_t MarkStackSize                            = 4194304                                   {product} {ergonomic}
   size_t MaxHeapSize                              = 5354029056                                {product} {ergonomic}
   size_t MaxNewSize                               = 3211788288                                {product} {ergonomic}
   size_t MinHeapDeltaBytes                        = 1048576                                   {product} {ergonomic}
    uintx NonNMethodCodeHeapSize                   = 5830092                                {pd product} {ergonomic}
    uintx NonProfiledCodeHeapSize                  = 122914074                              {pd product} {ergonomic}
    uintx ProfiledCodeHeapSize                     = 122914074                              {pd product} {ergonomic}
    uintx ReservedCodeCacheSize                    = 251658240                              {pd product} {ergonomic}
     bool SegmentedCodeCache                       = true                                      {product} {ergonomic}
     bool UseCompressedClassPointers               = true                                 {lp64_product} {ergonomic}
     bool UseCompressedOops                        = true                                 {lp64_product} {ergonomic}
     bool UseG1GC                                  = true                                      {product} {ergonomic}
     bool UseLargePagesIndividualAllocation        = false                                  {pd product} {ergonomic}

Logging:
Log output configuration:
 #0: stdout all=warning uptime,level,tags
 #1: stderr all=off uptime,level,tags

Environment Variables:
PATH=C:\Windows\system32;C:\Windows;C:\Windows\System32\Wbem;C:\Windows\System32\WindowsPowerShell\v1.0\;C:\Windows\System32\OpenSSH\;C:\Program Files (x86)\NVIDIA Corporation\PhysX\Common;C:\Program Files\NVIDIA Corporation\NVIDIA NvDLISR;C:\Program Files\Polyspace\R2020b\bin;C:\Users\manta\AppData\Local\Microsoft\WindowsApps;C:\Users\manta\AppData\Local\atom\bin;C:\Users\manta\AppData\Local\GitHubDesktop\bin;G:\jdk-11.0.2\bin;G:\apache-maven-3.8.1\bin;
USERNAME=manta
OS=Windows_NT
PROCESSOR_IDENTIFIER=Intel64 Family 6 Model 60 Stepping 3, GenuineIntel



---------------  S Y S T E M  ---------------

OS: Windows 10 , 64 bit Build 19041 (10.0.19041.662)

CPU:total 4 (initial active 4) (4 cores per cpu, 1 threads per core) family 6 model 60 stepping 3, cmov, cx8, fxsr, mmx, sse, sse2, sse3, ssse3, sse4.1, sse4.2, popcnt, avx, avx2, aes, clmul, erms, lzcnt, tsc, tscinvbit, bmi1, bmi2, fma

Memory: 4k page, system-wide physical 20419M (4798M free)
TotalPageFile size 40770M (AvailPageFile size 6397M)
current process WorkingSet (physical memory assigned to process): 371M, peak: 393M
current process commit charge ("private bytes"): 508M, peak: 534M

vm_info: OpenJDK 64-Bit Server VM (11.0.2+9) for windows-amd64 JRE (11.0.2+9), built on Jan 18 2019 05:23:22 by "mach5one" with MS VC++ 15.5 (VS2017)

END.
