#
# A fatal error has been detected by the Java Runtime Environment:
#
#  EXCEPTION_ACCESS_VIOLATION (0xc0000005) at pc=0x00007ffc1b11ecfd, pid=22880, tid=0x00000000000031c8
#
# JRE version: OpenJDK Runtime Environment (8.0_282-b08) (build 1.8.0_282-b08)
# Java VM: OpenJDK 64-Bit Server VM (25.282-b08 mixed mode windows-amd64 compressed oops)
# Problematic frame:
# C  [lwjgl_opengl.dll+0xecfd]
#
# Failed to write core dump. Minidumps are not enabled by default on client versions of Windows
#
# If you would like to submit a bug report, please visit:
#   https://github.com/AdoptOpenJDK/openjdk-support/issues
# The crash happened outside the Java Virtual Machine in native code.
# See problematic frame for where to report the bug.
#

---------------  T H R E A D  ---------------

Current thread (0x0000021add5a7000):  JavaThread "Finalizer" daemon [_thread_in_native, id=12744, stack(0x0000007547300000,0x0000007547400000)]

siginfo: ExceptionCode=0xc0000005, reading address 0x00000000000009d8

Registers:
RAX=0x00000000766f9660, RBX=0x0000021adcc1d970, RCX=0x0000000000000001, RDX=0x0000021ade5999b0
RSP=0x00000075473fef38, RBP=0x00000075473fefb8, RSI=0x0000021ade5999b0, RDI=0x0000000000000118
R8 =0x0000000000000001, R9 =0x0000021ade5999b0, R10=0x0000000000000000, R11=0x0000000076181670
R12=0x0000000000000000, R13=0x0000021adcc1d970, R14=0x00000075473fefe8, R15=0x0000021add5a7000
RIP=0x00007ffc1b11ecfd, EFLAGS=0x0000000000010202

Top of Stack: (sp=0x00000075473fef38)
0x00000075473fef38:   0000021ac1729c8e 00000075473fef88
0x00000075473fef48:   0000021adc9f4b10 0000000000000000
0x00000075473fef58:   0000021adc9efb20 0000000000000000
0x00000075473fef68:   00000075473fef80 00000075473fefd0
0x00000075473fef78:   00000075473fef78 0000000000000000
0x00000075473fef88:   00000075473fefe8 0000021adcc3b1b0
0x00000075473fef98:   0000000000000000 0000021adcc1d970
0x00000075473fefa8:   0000000000000000 00000075473fefd8
0x00000075473fefb8:   00000075473ff030 0000021ac17180bd
0x00000075473fefc8:   000000075ad676a8 0000021ac1722ab8
0x00000075473fefd8:   0000021ade5999b0 000000075aa84360
0x00000075473fefe8:   0000000000000001 00000075473feff0
0x00000075473feff8:   0000021adcc1da10 00000075473ff040
0x00000075473ff008:   0000021adcc3b1b0 0000000000000000
0x00000075473ff018:   0000021adcc1da28 00000075473fefd8
0x00000075473ff028:   00000075473ff040 00000075473ff088 

Instructions: (pc=0x00007ffc1b11ecfd)
0x00007ffc1b11ecdd:   49 ff a2 00 0f 00 00 cc cc cc cc cc cc cc cc cc
0x00007ffc1b11eced:   cc cc cc 48 8b 01 49 8b d1 41 8b c8 4c 8b 50 18
0x00007ffc1b11ecfd:   49 ff a2 d8 09 00 00 cc cc cc cc cc cc cc cc cc
0x00007ffc1b11ed0d:   cc cc cc 48 8b 01 49 8b d1 41 8b c8 4c 8b 50 18 


Register to memory mapping:

RAX=0x00000000766f9660 is an unknown value
RBX={method} {0x0000021adcc1d978} 'nglDeleteTextures' '(IJ)V' in 'org/lwjgl/opengl/GL11'
RCX=0x0000000000000001 is an unknown value
RDX=0x0000021ade5999b0 is an unknown value
RSP=0x00000075473fef38 is pointing into the stack for thread: 0x0000021add5a7000
RBP=0x00000075473fefb8 is pointing into the stack for thread: 0x0000021add5a7000
RSI=0x0000021ade5999b0 is an unknown value
RDI=0x0000000000000118 is an unknown value
R8 =0x0000000000000001 is an unknown value
R9 =0x0000021ade5999b0 is an unknown value
R10=0x0000000000000000 is an unknown value
R11=0x0000000076181670 is an unknown value
R12=0x0000000000000000 is an unknown value
R13={method} {0x0000021adcc1d978} 'nglDeleteTextures' '(IJ)V' in 'org/lwjgl/opengl/GL11'
R14=0x00000075473fefe8 is pointing into the stack for thread: 0x0000021add5a7000
R15=0x0000021add5a7000 is a thread


Stack: [0x0000007547300000,0x0000007547400000],  sp=0x00000075473fef38,  free space=1019k
Native frames: (J=compiled Java code, j=interpreted, Vv=VM code, C=native code)
C  [lwjgl_opengl.dll+0xecfd]

Java frames: (J=compiled Java code, j=interpreted, Vv=VM code)
j  org.lwjgl.opengl.GL11.nglDeleteTextures(IJ)V+0
j  org.lwjgl.opengl.GL11.glDeleteTextures(Ljava/nio/IntBuffer;)V+8
j  playn.java.LWJGLGL20.glDeleteTextures(ILjava/nio/IntBuffer;)V+1
J 1065 C1 playn.core.Texture.release()V (52 bytes) @ 0x0000021ac1ba1fa4 [0x0000021ac1ba1940+0x664]
J 1033 C1 playn.scene.ImageLayer.setTile(Lplayn/core/Tile;)Lplayn/scene/ImageLayer; (47 bytes) @ 0x0000021ac1b7de84 [0x0000021ac1b7dcc0+0x1c4]
j  playn.scene.ImageLayer.finalize()V+5
j  java.lang.System$2.invokeFinalize(Ljava/lang/Object;)V+1
j  java.lang.ref.Finalizer.runFinalizer(Lsun/misc/JavaLangAccess;)V+46
j  java.lang.ref.Finalizer.access$100(Ljava/lang/ref/Finalizer;Lsun/misc/JavaLangAccess;)V+2
j  java.lang.ref.Finalizer$FinalizerThread.run()V+45
v  ~StubRoutines::call_stub

---------------  P R O C E S S  ---------------

Java Threads: ( => current thread )
  0x0000021ae4f52800 JavaThread "Direct Clip" daemon [_thread_blocked, id=22464, stack(0x0000007548e00000,0x0000007548f00000)]
  0x0000021ae4a78800 JavaThread "Direct Clip" daemon [_thread_blocked, id=3116, stack(0x0000007548d00000,0x0000007548e00000)]
  0x0000021ae4a7d000 JavaThread "Direct Clip" daemon [_thread_blocked, id=23940, stack(0x0000007548c00000,0x0000007548d00000)]
  0x0000021ae4cbb000 JavaThread "Java Sound Event Dispatcher" daemon [_thread_blocked, id=23420, stack(0x0000007548900000,0x0000007548a00000)]
  0x0000021ae462a800 JavaThread "pool-1-thread-4" [_thread_in_Java, id=32804, stack(0x0000007548600000,0x0000007548700000)]
  0x0000021ae4625000 JavaThread "pool-1-thread-3" [_thread_in_native, id=3844, stack(0x0000007548500000,0x0000007548600000)]
  0x0000021ae47d4000 JavaThread "pool-1-thread-2" [_thread_blocked, id=35736, stack(0x0000007548400000,0x0000007548500000)]
  0x0000021ae47d3800 JavaThread "pool-1-thread-1" [_thread_blocked, id=32708, stack(0x0000007548300000,0x0000007548400000)]
  0x0000021ae464e800 JavaThread "Java2D Disposer" daemon [_thread_blocked, id=37516, stack(0x0000007548200000,0x0000007548300000)]
  0x0000021add639800 JavaThread "Service Thread" daemon [_thread_blocked, id=37240, stack(0x0000007547900000,0x0000007547a00000)]
  0x0000021add633800 JavaThread "C1 CompilerThread2" daemon [_thread_blocked, id=5116, stack(0x0000007547800000,0x0000007547900000)]
  0x0000021add632800 JavaThread "C2 CompilerThread1" daemon [_thread_in_native, id=21188, stack(0x0000007547700000,0x0000007547800000)]
  0x0000021add5d8000 JavaThread "C2 CompilerThread0" daemon [_thread_in_vm, id=5160, stack(0x0000007547600000,0x0000007547700000)]
  0x0000021add5d0000 JavaThread "Attach Listener" daemon [_thread_blocked, id=10400, stack(0x0000007547500000,0x0000007547600000)]
  0x0000021add5ca800 JavaThread "Signal Dispatcher" daemon [_thread_blocked, id=28104, stack(0x0000007547400000,0x0000007547500000)]
=>0x0000021add5a7000 JavaThread "Finalizer" daemon [_thread_in_native, id=12744, stack(0x0000007547300000,0x0000007547400000)]
  0x0000021add5a6800 JavaThread "Reference Handler" daemon [_thread_blocked, id=19148, stack(0x0000007547200000,0x0000007547300000)]
  0x0000021abfe30000 JavaThread "main" [_thread_in_native, id=19788, stack(0x0000007546b00000,0x0000007546c00000)]

Other Threads:
  0x0000021add582800 VMThread [stack: 0x0000007547100000,0x0000007547200000] [id=5628]
  0x0000021add63c800 WatcherThread [stack: 0x0000007547a00000,0x0000007547b00000] [id=15356]

VM state:not at safepoint (normal execution)

VM Mutex/Monitor currently owned by a thread: None

heap address: 0x0000000680e00000, size: 5106 MB, Compressed Oops mode: Zero based, Oop shift amount: 3
Narrow klass base: 0x0000000000000000, Narrow klass shift: 3
Compressed class space size: 1073741824 Address: 0x00000007c0000000

Heap:
 PSYoungGen      total 95744K, used 24280K [0x0000000755a00000, 0x000000075c480000, 0x00000007c0000000)
  eden space 82432K, 13% used [0x0000000755a00000,0x00000007564b72c0,0x000000075aa80000)
  from space 13312K, 99% used [0x000000075aa80000,0x000000075b77ee28,0x000000075b780000)
  to   space 13312K, 0% used [0x000000075b780000,0x000000075b780000,0x000000075c480000)
 ParOldGen       total 218624K, used 5110K [0x0000000680e00000, 0x000000068e380000, 0x0000000755a00000)
  object space 218624K, 2% used [0x0000000680e00000,0x00000006812fd9d8,0x000000068e380000)
 Metaspace       used 13814K, capacity 14035K, committed 14336K, reserved 1062912K
  class space    used 1357K, capacity 1430K, committed 1536K, reserved 1048576K

Card table byte_map: [0x0000021ad0ad0000,0x0000021ad14d0000] byte_map_base: 0x0000021acd6c9000

Marking Bits: (ParMarkBitMap*) 0x000000007676b810
 Begin Bits: [0x0000021ad1b80000, 0x0000021ad6b48000)
 End Bits:   [0x0000021ad6b48000, 0x0000021adbb10000)

Polling page: 0x0000021abff30000

CodeCache: size=245760Kb used=4938Kb max_used=4943Kb free=240821Kb
 bounds [0x0000021ac1710000, 0x0000021ac1bf0000, 0x0000021ad0710000]
 total_blobs=2161 nmethods=1152 adapters=922
 compilation: enabled

Compilation events (10 events):
Event: 1.992 Thread 0x0000021add633800 1140       3       java.lang.ref.ReferenceQueue::remove (6 bytes)
Event: 1.992 Thread 0x0000021add633800 nmethod 1140 0x0000021ac1be0ad0 code [0x0000021ac1be0c40, 0x0000021ac1be0e50]
Event: 1.992 Thread 0x0000021add633800 1141   !   3       java.lang.ref.ReferenceQueue::remove (125 bytes)
Event: 1.992 Thread 0x0000021add633800 nmethod 1141 0x0000021ac1be0ed0 code [0x0000021ac1be10a0, 0x0000021ac1be1980]
Event: 1.992 Thread 0x0000021add633800 1148       1       java.lang.ref.Reference::clear (6 bytes)
Event: 1.992 Thread 0x0000021add633800 nmethod 1148 0x0000021ac1be1d90 code [0x0000021ac1be1ee0, 0x0000021ac1be2018]
Event: 1.992 Thread 0x0000021add633800 1142       3       java.lang.ref.Finalizer::access$000 (4 bytes)
Event: 1.992 Thread 0x0000021add633800 nmethod 1142 0x0000021ac1be2090 code [0x0000021ac1be21e0, 0x0000021ac1be2338]
Event: 1.992 Thread 0x0000021add633800 1143       3       java.lang.ref.Finalizer::access$100 (6 bytes)
Event: 1.993 Thread 0x0000021add633800 nmethod 1143 0x0000021ac1be2390 code [0x0000021ac1be2500, 0x0000021ac1be2670]

GC Heap History (2 events):
Event: 1.977 GC heap before
{Heap before GC invocations=1 (full 0):
 PSYoungGen      total 95744K, used 80484K [0x0000000755a00000, 0x000000075c480000, 0x00000007c0000000)
  eden space 82432K, 97% used [0x0000000755a00000,0x000000075a899220,0x000000075aa80000)
  from space 13312K, 0% used [0x000000075b780000,0x000000075b780000,0x000000075c480000)
  to   space 13312K, 0% used [0x000000075aa80000,0x000000075aa80000,0x000000075b780000)
 ParOldGen       total 218624K, used 0K [0x0000000680e00000, 0x000000068e380000, 0x0000000755a00000)
  object space 218624K, 0% used [0x0000000680e00000,0x0000000680e00000,0x000000068e380000)
 Metaspace       used 13788K, capacity 14035K, committed 14336K, reserved 1062912K
  class space    used 1355K, capacity 1430K, committed 1536K, reserved 1048576K
Event: 1.990 GC heap after
Heap after GC invocations=1 (full 0):
 PSYoungGen      total 95744K, used 13307K [0x0000000755a00000, 0x000000075c480000, 0x00000007c0000000)
  eden space 82432K, 0% used [0x0000000755a00000,0x0000000755a00000,0x000000075aa80000)
  from space 13312K, 99% used [0x000000075aa80000,0x000000075b77ee28,0x000000075b780000)
  to   space 13312K, 0% used [0x000000075b780000,0x000000075b780000,0x000000075c480000)
 ParOldGen       total 218624K, used 5110K [0x0000000680e00000, 0x000000068e380000, 0x0000000755a00000)
  object space 218624K, 2% used [0x0000000680e00000,0x00000006812fd9d8,0x000000068e380000)
 Metaspace       used 13788K, capacity 14035K, committed 14336K, reserved 1062912K
  class space    used 1355K, capacity 1430K, committed 1536K, reserved 1048576K
}

Deoptimization events (9 events):
Event: 0.224 Thread 0x0000021abfe30000 Uncommon trap: reason=unstable_if action=reinterpret pc=0x0000021ac1863f04 method=java.lang.String.indexOf([CII[CIII)I @ 123
Event: 0.394 Thread 0x0000021abfe30000 Uncommon trap: reason=unstable_if action=reinterpret pc=0x0000021ac18f8d64 method=java.lang.String.indexOf([CII[CIII)I @ 3
Event: 0.396 Thread 0x0000021abfe30000 Uncommon trap: reason=unstable_if action=reinterpret pc=0x0000021ac1865dbc method=java.lang.String.indexOf([CII[CIII)I @ 123
Event: 1.734 Thread 0x0000021ae47d3800 Uncommon trap: reason=unstable_if action=reinterpret pc=0x0000021ac1adb190 method=javazoom.jl.decoder.BitReserve.hputbuf(I)V @ 110
Event: 1.786 Thread 0x0000021ae47d3800 Uncommon trap: reason=unstable_if action=reinterpret pc=0x0000021ac1b03f74 method=javazoom.jl.decoder.BitReserve.hgetbits(I)I @ 22
Event: 1.789 Thread 0x0000021ae47d3800 Uncommon trap: reason=unstable_if action=reinterpret pc=0x0000021ac1adadc8 method=javazoom.jl.decoder.BitReserve.hgetbits(I)I @ 22
Event: 1.818 Thread 0x0000021ae47d3800 Uncommon trap: reason=unstable_if action=reinterpret pc=0x0000021ac1b1d708 method=javazoom.jl.decoder.LayerIIIDecoder.hybrid(II)V @ 32
Event: 1.870 Thread 0x0000021ae462a800 Uncommon trap: reason=unstable_if action=reinterpret pc=0x0000021ac1b9e344 method=javazoom.jl.decoder.huffcodetab.huffman_decoder(Ljavazoom/jl/decoder/huffcodetab;[I[I[I[ILjavazoom/jl/decoder/BitReserve;)I @ 31
Event: 1.907 Thread 0x0000021ae4625000 Uncommon trap: reason=unstable_if action=reinterpret pc=0x0000021ac1b32f2c method=javazoom.jl.decoder.LayerIIIDecoder.dequantize_sample([[FII)V @ 773

Classes redefined (0 events):
No events

Internal exceptions (10 events):
Event: 0.227 Thread 0x0000021abfe30000 Exception <a 'java/security/PrivilegedActionException'> (0x0000000755e303c0) thrown at [J:\jenkins\tmp\workspace\build\src\hotspot\src\share\vm\prims\jvm.cpp, line 1523]
Event: 0.227 Thread 0x0000021abfe30000 Exception <a 'java/security/PrivilegedActionException'> (0x0000000755e305d0) thrown at [J:\jenkins\tmp\workspace\build\src\hotspot\src\share\vm\prims\jvm.cpp, line 1523]
Event: 0.257 Thread 0x0000021abfe30000 Exception <a 'java/lang/NoSuchMethodError': java.lang.Object.lambda$static$0(Ljava/lang/String;)Ljava/lang/Boolean;> (0x0000000755ecf4f0) thrown at [J:\jenkins\tmp\workspace\build\src\hotspot\src\share\vm\interpreter\linkResolver.cpp, line 620]
Event: 0.272 Thread 0x0000021abfe30000 Exception <a 'java/lang/NoSuchFieldError': method resolution failed> (0x0000000755f47520) thrown at [J:\jenkins\tmp\workspace\build\src\hotspot\src\share\vm\prims\methodHandles.cpp, line 1169]
Event: 0.275 Thread 0x0000021abfe30000 Exception <a 'java/lang/NoSuchFieldError': method resolution failed> (0x0000000755f54950) thrown at [J:\jenkins\tmp\workspace\build\src\hotspot\src\share\vm\prims\methodHandles.cpp, line 1169]
Event: 1.024 Thread 0x0000021abfe30000 Exception <a 'sun/nio/fs/WindowsException'> (0x000000075643bfe0) thrown at [J:\jenkins\tmp\workspace\build\src\hotspot\src\share\vm\prims\jni.cpp, line 711]
Event: 1.025 Thread 0x0000021abfe30000 Exception <a 'sun/nio/fs/WindowsException'> (0x000000075643c818) thrown at [J:\jenkins\tmp\workspace\build\src\hotspot\src\share\vm\prims\jni.cpp, line 711]
Event: 1.409 Thread 0x0000021abfe30000 Exception <a 'java/io/FileNotFoundException'> (0x0000000756d774c8) thrown at [J:\jenkins\tmp\workspace\build\src\hotspot\src\share\vm\prims\jni.cpp, line 711]
Event: 1.424 Thread 0x0000021abfe30000 Exception <a 'java/lang/ClassNotFoundException': sun/dc/DuctusRenderingEngine> (0x0000000756dcb120) thrown at [J:\jenkins\tmp\workspace\build\src\hotspot\src\share\vm\classfile\systemDictionary.cpp, line 217]
Event: 1.435 Thread 0x0000021abfe30000 Exception <a 'java/io/FileNotFoundException'> (0x0000000756dde8e8) thrown at [J:\jenkins\tmp\workspace\build\src\hotspot\src\share\vm\prims\jni.cpp, line 711]

Events (10 events):
Event: 1.974 Thread 0x0000021ae462a800 DEOPT PACKING pc=0x0000021ac1b09de2 sp=0x00000075486fedf0
Event: 1.974 Thread 0x0000021ae462a800 DEOPT UNPACKING pc=0x0000021ac17575d8 sp=0x00000075486feb18 mode 0
Event: 1.975 Thread 0x0000021ae4625000 DEOPT PACKING pc=0x0000021ac1b09de2 sp=0x00000075485ff0c0
Event: 1.975 Thread 0x0000021ae4625000 DEOPT UNPACKING pc=0x0000021ac17575d8 sp=0x00000075485fede8 mode 0
Event: 1.976 Thread 0x0000021ae4625000 DEOPT PACKING pc=0x0000021ac1b09de2 sp=0x00000075485ff0c0
Event: 1.976 Thread 0x0000021ae4625000 DEOPT UNPACKING pc=0x0000021ac17575d8 sp=0x00000075485fede8 mode 0
Event: 1.976 Executing VM operation: ParallelGCFailedAllocation
Event: 1.990 Executing VM operation: ParallelGCFailedAllocation done
Event: 1.991 Thread 0x0000021ae4625000 DEOPT PACKING pc=0x0000021ac1b09de2 sp=0x00000075485ff0c0
Event: 1.991 Thread 0x0000021ae4625000 DEOPT UNPACKING pc=0x0000021ac17575d8 sp=0x00000075485fede8 mode 0


Dynamic libraries:
0x00007ff73fa90000 - 0x00007ff73faca000 	G:\adopt\jre\bin\java.exe
0x00007ffc4ebb0000 - 0x00007ffc4ed91000 	C:\WINDOWS\SYSTEM32\ntdll.dll
0x00007ffc4c7a0000 - 0x00007ffc4c851000 	C:\WINDOWS\System32\KERNEL32.DLL
0x00007ffc4b130000 - 0x00007ffc4b3a3000 	C:\WINDOWS\System32\KERNELBASE.dll
0x00007ffc4c100000 - 0x00007ffc4c1a1000 	C:\WINDOWS\System32\ADVAPI32.dll
0x00007ffc4ea30000 - 0x00007ffc4eace000 	C:\WINDOWS\System32\msvcrt.dll
0x00007ffc4e5b0000 - 0x00007ffc4e60b000 	C:\WINDOWS\System32\sechost.dll
0x00007ffc4c220000 - 0x00007ffc4c344000 	C:\WINDOWS\System32\RPCRT4.dll
0x00007ffc4e890000 - 0x00007ffc4ea21000 	C:\WINDOWS\System32\USER32.dll
0x00007ffc4b500000 - 0x00007ffc4b520000 	C:\WINDOWS\System32\win32u.dll
0x00007ffc4e860000 - 0x00007ffc4e888000 	C:\WINDOWS\System32\GDI32.dll
0x00007ffc4b710000 - 0x00007ffc4b8a3000 	C:\WINDOWS\System32\gdi32full.dll
0x00007ffc4b460000 - 0x00007ffc4b4ff000 	C:\WINDOWS\System32\msvcp_win.dll
0x00007ffc4af50000 - 0x00007ffc4b048000 	C:\WINDOWS\System32\ucrtbase.dll
0x00007ffc38a60000 - 0x00007ffc38cc9000 	C:\WINDOWS\WinSxS\amd64_microsoft.windows.common-controls_6595b64144ccf1df_6.0.17134.1902_none_d3fc12d37c93a894\COMCTL32.dll
0x00007ffc4dee0000 - 0x00007ffc4e201000 	C:\WINDOWS\System32\combase.dll
0x00007ffc4b0b0000 - 0x00007ffc4b129000 	C:\WINDOWS\System32\bcryptPrimitives.dll
0x00007ffc4e360000 - 0x00007ffc4e38d000 	C:\WINDOWS\System32\IMM32.DLL
0x00007ffc1b310000 - 0x00007ffc1b3ff000 	G:\adopt\jre\bin\msvcr120.dll
0x00007ffc1ece0000 - 0x00007ffc1ed86000 	G:\adopt\jre\bin\msvcp120.dll
0x0000000075f80000 - 0x00000000767ea000 	G:\adopt\jre\bin\server\jvm.dll
0x00007ffc4e850000 - 0x00007ffc4e858000 	C:\WINDOWS\System32\PSAPI.DLL
0x00007ffc46280000 - 0x00007ffc46289000 	C:\WINDOWS\SYSTEM32\WSOCK32.dll
0x00007ffc4c1b0000 - 0x00007ffc4c21c000 	C:\WINDOWS\System32\WS2_32.dll
0x00007ffc49150000 - 0x00007ffc49173000 	C:\WINDOWS\SYSTEM32\WINMM.dll
0x00007ffc46a10000 - 0x00007ffc46a1a000 	C:\WINDOWS\SYSTEM32\VERSION.dll
0x00007ffc49120000 - 0x00007ffc4914a000 	C:\WINDOWS\SYSTEM32\WINMMBASE.dll
0x00007ffc4bfd0000 - 0x00007ffc4c019000 	C:\WINDOWS\System32\cfgmgr32.dll
0x00007ffc3a740000 - 0x00007ffc3a74f000 	G:\adopt\jre\bin\verify.dll
0x00007ffc1f500000 - 0x00007ffc1f529000 	G:\adopt\jre\bin\java.dll
0x00007ffc28ec0000 - 0x00007ffc28ed6000 	G:\adopt\jre\bin\zip.dll
0x00007ffc4c860000 - 0x00007ffc4dca5000 	C:\WINDOWS\System32\SHELL32.dll
0x00007ffc4ead0000 - 0x00007ffc4eb79000 	C:\WINDOWS\System32\shcore.dll
0x00007ffc4b8b0000 - 0x00007ffc4bfc5000 	C:\WINDOWS\System32\windows.storage.dll
0x00007ffc4de50000 - 0x00007ffc4dea1000 	C:\WINDOWS\System32\shlwapi.dll
0x00007ffc4aeb0000 - 0x00007ffc4aec1000 	C:\WINDOWS\System32\kernel.appcore.dll
0x00007ffc4ae90000 - 0x00007ffc4aeaf000 	C:\WINDOWS\System32\profapi.dll
0x00007ffc4af00000 - 0x00007ffc4af4c000 	C:\WINDOWS\System32\powrprof.dll
0x00007ffc4aed0000 - 0x00007ffc4aeda000 	C:\WINDOWS\System32\FLTLIB.DLL
0x00007ffc27030000 - 0x00007ffc2704a000 	G:\adopt\jre\bin\net.dll
0x00007ffc4a6b0000 - 0x00007ffc4a716000 	C:\WINDOWS\system32\mswsock.dll
0x00007ffc1f690000 - 0x00007ffc1f6a2000 	G:\adopt\jre\bin\nio.dll
0x00007ffc1c490000 - 0x00007ffc1c4e7000 	C:\Users\VovanJapan\AppData\Local\Temp\lwjglVovanJapan\3.1.2-build-29\lwjgl.dll
0x00007ffc1d360000 - 0x00007ffc1d39d000 	C:\Users\VOVANJ~1\AppData\Local\Temp\lwjglVovanJapan\3.1.2-build-29\glfw.dll
0x00007ffc492f0000 - 0x00007ffc49388000 	C:\WINDOWS\system32\uxtheme.dll
0x00007ffc1b2c0000 - 0x00007ffc1b303000 	C:\WINDOWS\SYSTEM32\dinput8.dll
0x00007ffc3a710000 - 0x00007ffc3a720000 	C:\WINDOWS\SYSTEM32\xinput1_4.dll
0x00007ffc4aab0000 - 0x00007ffc4aad7000 	C:\WINDOWS\SYSTEM32\DEVOBJ.dll
0x00007ffc3cb00000 - 0x00007ffc3cb79000 	C:\WINDOWS\SYSTEM32\inputhost.dll
0x00007ffc46860000 - 0x00007ffc469ad000 	C:\WINDOWS\SYSTEM32\wintypes.dll
0x00007ffc48fd0000 - 0x00007ffc490aa000 	C:\WINDOWS\SYSTEM32\CoreMessaging.dll
0x00007ffc46350000 - 0x00007ffc4666e000 	C:\WINDOWS\SYSTEM32\CoreUIComponents.dll
0x00007ffc49f80000 - 0x00007ffc49fb1000 	C:\WINDOWS\SYSTEM32\ntmarta.dll
0x00007ffc49540000 - 0x00007ffc49569000 	C:\WINDOWS\SYSTEM32\dwmapi.dll
0x00007ffc4e430000 - 0x00007ffc4e5a4000 	C:\WINDOWS\System32\MSCTF.dll
0x00007ffc4e610000 - 0x00007ffc4e6d2000 	C:\WINDOWS\System32\OLEAUT32.dll
0x00007ffc49ad0000 - 0x00007ffc49adc000 	C:\WINDOWS\SYSTEM32\HID.DLL
0x00007ffc4c350000 - 0x00007ffc4c79b000 	C:\WINDOWS\System32\SETUPAPI.DLL
0x00007ffc4b050000 - 0x00007ffc4b0a7000 	C:\WINDOWS\System32\WINTRUST.dll
0x00007ffc4aee0000 - 0x00007ffc4aef2000 	C:\WINDOWS\System32\MSASN1.dll
0x00007ffc4b520000 - 0x00007ffc4b702000 	C:\WINDOWS\System32\CRYPT32.dll
0x00007ffc1abf0000 - 0x00007ffc1ad10000 	C:\WINDOWS\SYSTEM32\opengl32.dll
0x00007ffc1d4a0000 - 0x00007ffc1d4cc000 	C:\WINDOWS\SYSTEM32\GLU32.dll
0x00007ffbf3eb0000 - 0x00007ffbf6838000 	C:\WINDOWS\System32\DriverStore\FileRepository\nv_dispi.inf_amd64_e44a509137af5639\nvoglv64.dll
0x00007ffc4e6e0000 - 0x00007ffc4e832000 	C:\WINDOWS\System32\ole32.dll
0x00007ffc47ab0000 - 0x00007ffc47ac3000 	C:\WINDOWS\SYSTEM32\WTSAPI32.dll
0x00007ffc46690000 - 0x00007ffc466be000 	C:\WINDOWS\SYSTEM32\cryptnet.dll
0x00007ffc4a860000 - 0x00007ffc4a86b000 	C:\WINDOWS\SYSTEM32\cryptbase.dll
0x00007ffc04090000 - 0x00007ffc04349000 	C:\WINDOWS\system32\nvspcap64.dll
0x00007ffc4ac90000 - 0x00007ffc4ace6000 	C:\WINDOWS\SYSTEM32\WINSTA.dll
0x00007ffc3cbb0000 - 0x00007ffc3cc46000 	C:\WINDOWS\System32\TextInputFramework.dll
0x00007ffc1b110000 - 0x00007ffc1b16c000 	C:\Users\VovanJapan\AppData\Local\Temp\lwjglVovanJapan\3.1.2-build-29\lwjgl_opengl.dll
0x00007ffc15300000 - 0x00007ffc15495000 	G:\adopt\jre\bin\awt.dll
0x00007ffc49180000 - 0x00007ffc4920b000 	C:\WINDOWS\SYSTEM32\apphelp.dll
0x00007ffc38dd0000 - 0x00007ffc38ddc000 	G:\adopt\jre\bin\jsound.dll
0x00007ffc36f80000 - 0x00007ffc36f8b000 	G:\adopt\jre\bin\jsoundds.dll
0x00007ffc18a90000 - 0x00007ffc18b1f000 	C:\WINDOWS\SYSTEM32\DSOUND.dll
0x00007ffc44110000 - 0x00007ffc44186000 	C:\WINDOWS\SYSTEM32\MMDevAPI.DLL
0x00007ffc47880000 - 0x00007ffc47a35000 	C:\WINDOWS\SYSTEM32\PROPSYS.dll
0x00007ffc3a6a0000 - 0x00007ffc3a6e4000 	C:\WINDOWS\SYSTEM32\wdmaud.drv
0x00007ffc37ca0000 - 0x00007ffc37ca9000 	C:\WINDOWS\SYSTEM32\ksuser.dll
0x00007ffc469b0000 - 0x00007ffc469ba000 	C:\WINDOWS\SYSTEM32\AVRT.dll
0x00007ffc29710000 - 0x00007ffc2983c000 	C:\WINDOWS\SYSTEM32\AUDIOSES.DLL
0x00007ffc3a690000 - 0x00007ffc3a69d000 	C:\WINDOWS\SYSTEM32\msacm32.drv
0x00007ffc278d0000 - 0x00007ffc278ec000 	C:\WINDOWS\SYSTEM32\MSACM32.dll
0x00007ffc3a680000 - 0x00007ffc3a68a000 	C:\WINDOWS\SYSTEM32\midimap.dll
0x00007ffc4e390000 - 0x00007ffc4e430000 	C:\WINDOWS\System32\clbcatq.dll
0x00007ffc306c0000 - 0x00007ffc30889000 	C:\WINDOWS\SYSTEM32\dbghelp.dll

VM Arguments:
jvm_args: -Dfoo=bar 
java_command: playn.sample.hello.java.HelloGameJava
java_class_path (initial): G:\GitHub\warpdeath\playn-samples-master\hello\java\target\classes;G:\GitHub\warpdeath\playn-samples-master\hello\core\target\classes;C:\Users\VovanJapan\.m2\repository\io\playn\playn-scene\2.0\playn-scene-2.0.jar;C:\Users\VovanJapan\.m2\repository\io\playn\playn-core\2.0\playn-core-2.0.jar;C:\Users\VovanJapan\.m2\repository\com\samskivert\pythagoras\1.4.3\pythagoras-1.4.3.jar;C:\Users\VovanJapan\.m2\repository\com\threerings\react\1.5.3\react-1.5.3.jar;G:\GitHub\warpdeath\playn-samples-master\hello\assets\target\classes;C:\Users\VovanJapan\.m2\repository\io\playn\playn-java-lwjgl\2.0\playn-java-lwjgl-2.0.jar;C:\Users\VovanJapan\.m2\repository\io\playn\playn-java-base\2.0\playn-java-base-2.0.jar;C:\Users\VovanJapan\.m2\repository\com\googlecode\soundlibs\mp3spi\1.9.5-1\mp3spi-1.9.5-1.jar;C:\Users\VovanJapan\.m2\repository\com\googlecode\soundlibs\jlayer\1.0.1-1\jlayer-1.0.1-1.jar;C:\Users\VovanJapan\.m2\repository\com\googlecode\soundlibs\tritonus-share\0.3.7-1\tritonus-share-0.3.7-1.jar;C:\Users\VovanJapan\.m2\repository\org\java-websocket\Java-WebSocket\1.3.0\Java-WebSocket-1.3.0.jar;C:\Users\VovanJapan\.m2\repository\org\lwjgl\lwjgl\3.1.2\lwjgl-3.1.2.jar;C:\Users\VovanJapan\.m2\repository\org\lwjgl\lwjgl\3.1.2\lwjgl-3.1.2-natives-linux.jar;C:\Users\VovanJapan\.m2\repository\org\lwjgl\lwjgl\3.1.2\lwjgl-3.1.2-natives-windows.jar;C:\Users\VovanJapan\.m2\repository\org\lwjgl\lwjgl\3.1.2\lwjgl-3.1.2-natives-macos.jar;C:\Users\VovanJapan\.m2\repository\org\lwjgl\lwjgl-opengl\3.1.2\lwjgl-opengl-3.1.2.jar;C:\Users\VovanJapan\.m2\repository\org\lwjgl\lwjgl-opengl\3.1.2\lwjgl-opengl-3.1.2-natives-linux.jar;C:\Users\VovanJapan\.m2\repository\org\lwjgl\lwjgl-opengl\3.1.2\lwjgl-opengl-3.1.2-natives-windows.jar;C:\Users\VovanJapan\.m2\repository\org\lwjgl\lwjgl-opengl\3.1.2\lwjgl-opengl-3.1.2-natives-macos.jar;C:\Users\VovanJapan\.m2\repository\org\lwjgl\lwjgl-glfw\3.1.2\lwjgl-glfw-3.1.2.jar;C:\Users\VovanJapan\.m2\repository\org\lwjgl\lwjgl-glfw\3
Launcher Type: SUN_STANDARD

Environment Variables:
PATH=G:\adopt\bin;C:\Program Files (x86)\Common Files\Oracle\Java\javapath;C:\Windows\system32;C:\Windows;C:\Windows\System32\Wbem;C:\Windows\System32\WindowsPowerShell\v1.0\;C:\Program Files\NVIDIA Corporation\NVIDIA NvDLISR;C:\Program Files (x86)\NVIDIA Corporation\PhysX\Common;C:\WINDOWS\system32;C:\WINDOWS;C:\WINDOWS\System32\Wbem;C:\WINDOWS\System32\WindowsPowerShell\v1.0\;C:\WINDOWS\System32\OpenSSH\;C:\Program Files\TortoiseSVN\bin;G:\gtksharp\bin;C:\Users\VovanJapan\AppData\Local\Microsoft\WindowsApps;C:\Users\VovanJapan\AppData\Local\atom\bin;E:\code\bin;C:\mingw-w64\mingw64\bin;G:\IntelliJ\IntelliJ IDEA Community Edition 2020.2.3\bin;;G:\javatest\apache-maven-3.6.3\bin;C:\Users\VovanJapan\AppData\Local\GitHubDesktop\bin
USERNAME=VovanJapan
OS=Windows_NT
PROCESSOR_IDENTIFIER=Intel64 Family 6 Model 60 Stepping 3, GenuineIntel



---------------  S Y S T E M  ---------------

OS: Windows 10.0 , 64 bit Build 17134 (10.0.17134.1425)

CPU:total 4 (initial active 4) (4 cores per cpu, 1 threads per core) family 6 model 60 stepping 3, cmov, cx8, fxsr, mmx, sse, sse2, sse3, ssse3, sse4.1, sse4.2, popcnt, avx, avx2, aes, clmul, erms, lzcnt, tsc, tscinvbit, bmi1, bmi2

Memory: 4k page, physical 20909416k(9184136k free), swap 33647492k(9200380k free)

vm_info: OpenJDK 64-Bit Server VM (25.282-b08) for windows-amd64 JRE (1.8.0_282-b08), built on Jan 20 2021 11:42:17 by "jenkins" with MS VC++ 12.0 (VS2013)

time: Tue Mar 30 14:57:10 2021
timezone: RTZ 2 (ceia)
elapsed time: 2.043075 seconds (0d 0h 0m 2s)

