#
# A fatal error has been detected by the Java Runtime Environment:
#
#  EXCEPTION_ACCESS_VIOLATION (0xc0000005) at pc=0x00007ffc1be5ecfd, pid=20368, tid=0x00000000000065c4
#
# JRE version: OpenJDK Runtime Environment (8.0_282-b08) (build 1.8.0_282-b08)
# Java VM: OpenJDK 64-Bit Server VM (25.282-b08 mixed mode windows-amd64 compressed oops)
# Problematic frame:
# C  [lwjgl_opengl.dll+0xecfd]
#
# Failed to write core dump. Minidumps are not enabled by default on client versions of Windows
#
# If you would like to submit a bug report, please visit:
#   https://github.com/AdoptOpenJDK/openjdk-support/issues
# The crash happened outside the Java Virtual Machine in native code.
# See problematic frame for where to report the bug.
#

---------------  T H R E A D  ---------------

Current thread (0x000002722937d000):  JavaThread "Finalizer" daemon [_thread_in_native, id=26052, stack(0x00000095f7b00000,0x00000095f7c00000)]

siginfo: ExceptionCode=0xc0000005, reading address 0x00000000000009d8

Registers:
RAX=0x00000000766f9660, RBX=0x000002723240ab98, RCX=0x0000000000000001, RDX=0x000002722aa116d0
RSP=0x00000095f7bff338, RBP=0x00000095f7bff3a0, RSI=0x00000000eb618669, RDI=0x0000000000000001
R8 =0x0000000000000001, R9 =0x000002722aa116d0, R10=0x0000000000000000, R11=0x000002722aa116d0
R12=0x0000000000000000, R13=0x00000095f7bff4e0, R14=0x00000095f7bff390, R15=0x000002722937d000
RIP=0x00007ffc1be5ecfd, EFLAGS=0x0000000000010246

Top of Stack: (sp=0x00000095f7bff338)
0x00000095f7bff338:   000002720e1c7b21 000002720dca55d0
0x00000095f7bff348:   0000000755aee418 0000000000000031
0x00000095f7bff358:   0000000000000000 00000095f7bff350
0x00000095f7bff368:   0000027228ea708b 00000095f7bff3b8
0x00000095f7bff378:   0000027228ea8fd8 0000027232812a68
0x00000095f7bff388:   0000027228ea70b0 000000075b0fe300
0x00000095f7bff398:   00000095f7bff3c0 0000000000000001
0x00000095f7bff3a8:   000002720e3031f4 000000075b593a78
0x00000095f7bff3b8:   0000000000000000 ffffffffffffffff
0x00000095f7bff3c8:   000002723242e5d0 000000075b5961a8
0x00000095f7bff3d8:   00000095f7bff400 000002723240ab98
0x00000095f7bff3e8:   000000075b5784f0 0000000000000009
0x00000095f7bff3f8:   00000007c00edfb8 0000000000000000
0x00000095f7bff408:   000002720e2dc884 ffffffffffffffff
0x00000095f7bff418:   000002723240ab98 000000075b0c3128
0x00000095f7bff428:   0000000755aee400 0000027234ef9d38 

Instructions: (pc=0x00007ffc1be5ecfd)
0x00007ffc1be5ecdd:   49 ff a2 00 0f 00 00 cc cc cc cc cc cc cc cc cc
0x00007ffc1be5eced:   cc cc cc 48 8b 01 49 8b d1 41 8b c8 4c 8b 50 18
0x00007ffc1be5ecfd:   49 ff a2 d8 09 00 00 cc cc cc cc cc cc cc cc cc
0x00007ffc1be5ed0d:   cc cc cc 48 8b 01 49 8b d1 41 8b c8 4c 8b 50 18 


Register to memory mapping:

RAX=0x00000000766f9660 is an unknown value
RBX={method} {0x000002723240aba0} 'finalize' '()V' in 'playn/scene/ImageLayer'
RCX=0x0000000000000001 is an unknown value
RDX=0x000002722aa116d0 is an unknown value
RSP=0x00000095f7bff338 is pointing into the stack for thread: 0x000002722937d000
RBP=0x00000095f7bff3a0 is pointing into the stack for thread: 0x000002722937d000
RSI=0x00000000eb618669 is an unknown value
RDI=0x0000000000000001 is an unknown value
R8 =0x0000000000000001 is an unknown value
R9 =0x000002722aa116d0 is an unknown value
R10=0x0000000000000000 is an unknown value
R11=0x000002722aa116d0 is an unknown value
R12=0x0000000000000000 is an unknown value
R13=0x00000095f7bff4e0 is pointing into the stack for thread: 0x000002722937d000
R14=0x00000095f7bff390 is pointing into the stack for thread: 0x000002722937d000
R15=0x000002722937d000 is a thread


Stack: [0x00000095f7b00000,0x00000095f7c00000],  sp=0x00000095f7bff338,  free space=1020k
Native frames: (J=compiled Java code, j=interpreted, Vv=VM code, C=native code)
C  [lwjgl_opengl.dll+0xecfd]

Java frames: (J=compiled Java code, j=interpreted, Vv=VM code)
J 1533  org.lwjgl.opengl.GL11.nglDeleteTextures(IJ)V (0 bytes) @ 0x000002720e1c7a84 [0x000002720e1c7a40+0x44]
J 1973 C2 playn.scene.ImageLayer.setTile(Lplayn/core/Tile;)Lplayn/scene/ImageLayer; (47 bytes) @ 0x000002720e3031f4 [0x000002720e3030c0+0x134]
J 1886 C1 playn.scene.ImageLayer.finalize()V (10 bytes) @ 0x000002720e2dc884 [0x000002720e2dc800+0x84]
J 1982 C2 java.lang.ref.Finalizer.access$100(Ljava/lang/ref/Finalizer;Lsun/misc/JavaLangAccess;)V (6 bytes) @ 0x000002720e304724 [0x000002720e304540+0x1e4]
j  java.lang.ref.Finalizer$FinalizerThread.run()V+45
v  ~StubRoutines::call_stub

---------------  P R O C E S S  ---------------

Java Threads: ( => current thread )
  0x0000027231354000 JavaThread "pool-1-thread-4" [_thread_blocked, id=6988, stack(0x00000095f8d00000,0x00000095f8e00000)]
  0x000002723134e800 JavaThread "pool-1-thread-3" [_thread_blocked, id=31972, stack(0x00000095f8c00000,0x00000095f8d00000)]
  0x000002723134d800 JavaThread "pool-1-thread-2" [_thread_blocked, id=21484, stack(0x00000095f8b00000,0x00000095f8c00000)]
  0x000002723134a000 JavaThread "pool-1-thread-1" [_thread_blocked, id=20032, stack(0x00000095f8a00000,0x00000095f8b00000)]
  0x0000027231582000 JavaThread "Java2D Disposer" daemon [_thread_blocked, id=30360, stack(0x00000095f8900000,0x00000095f8a00000)]
  0x0000027229b09000 JavaThread "Service Thread" daemon [_thread_blocked, id=30056, stack(0x00000095f8100000,0x00000095f8200000)]
  0x0000027229ae5000 JavaThread "C1 CompilerThread2" daemon [_thread_blocked, id=22244, stack(0x00000095f8000000,0x00000095f8100000)]
  0x0000027229ae0000 JavaThread "C2 CompilerThread1" daemon [_thread_blocked, id=20708, stack(0x00000095f7f00000,0x00000095f8000000)]
  0x0000027229ad8000 JavaThread "C2 CompilerThread0" daemon [_thread_blocked, id=1560, stack(0x00000095f7e00000,0x00000095f7f00000)]
  0x0000027229acd800 JavaThread "Attach Listener" daemon [_thread_blocked, id=18536, stack(0x00000095f7d00000,0x00000095f7e00000)]
  0x0000027229acc800 JavaThread "Signal Dispatcher" daemon [_thread_blocked, id=1456, stack(0x00000095f7c00000,0x00000095f7d00000)]
=>0x000002722937d000 JavaThread "Finalizer" daemon [_thread_in_native, id=26052, stack(0x00000095f7b00000,0x00000095f7c00000)]
  0x0000027229aa6800 JavaThread "Reference Handler" daemon [_thread_blocked, id=30684, stack(0x00000095f7a00000,0x00000095f7b00000)]
  0x000002720c2c7800 JavaThread "main" [_thread_in_native, id=25104, stack(0x00000095f7400000,0x00000095f7500000)]

Other Threads:
  0x0000027229a82800 VMThread [stack: 0x00000095f7900000,0x00000095f7a00000] [id=21676]
  0x0000027229b0c000 WatcherThread [stack: 0x00000095f8200000,0x00000095f8300000] [id=7740]

VM state:not at safepoint (normal execution)

VM Mutex/Monitor currently owned by a thread: None

heap address: 0x0000000680e00000, size: 5106 MB, Compressed Oops mode: Zero based, Oop shift amount: 3
Narrow klass base: 0x0000000000000000, Narrow klass shift: 3
Compressed class space size: 1073741824 Address: 0x00000007c0000000

Heap:
 PSYoungGen      total 84480K, used 15536K [0x0000000755a00000, 0x000000075b600000, 0x00000007c0000000)
  eden space 78848K, 12% used [0x0000000755a00000,0x00000007563f4178,0x000000075a700000)
  from space 5632K, 94% used [0x000000075b080000,0x000000075b5b80d0,0x000000075b600000)
  to   space 7680K, 0% used [0x000000075a700000,0x000000075a700000,0x000000075ae80000)
 ParOldGen       total 218624K, used 101K [0x0000000680e00000, 0x000000068e380000, 0x0000000755a00000)
  object space 218624K, 0% used [0x0000000680e00000,0x0000000680e19660,0x000000068e380000)
 Metaspace       used 14363K, capacity 14625K, committed 14848K, reserved 1062912K
  class space    used 1344K, capacity 1455K, committed 1536K, reserved 1048576K

Card table byte_map: [0x000002721d040000,0x000002721da40000] byte_map_base: 0x0000027219c39000

Marking Bits: (ParMarkBitMap*) 0x000000007676b810
 Begin Bits: [0x000002721e0f0000, 0x00000272230b8000)
 End Bits:   [0x00000272230b8000, 0x0000027228080000)

Polling page: 0x000002720c260000

CodeCache: size=245760Kb used=7060Kb max_used=7101Kb free=238699Kb
 bounds [0x000002720dc80000, 0x000002720e380000, 0x000002721cc80000]
 total_blobs=3121 nmethods=2090 adapters=943
 compilation: enabled

Compilation events (10 events):
Event: 38.016 Thread 0x0000027229ae5000 2103       3       sun.font.StandardGlyphVector::getNonTranslateTX (46 bytes)
Event: 38.016 Thread 0x0000027229ae0000 2106       4       java.io.File::<init> (47 bytes)
Event: 38.016 Thread 0x0000027229ae5000 nmethod 2103 0x000002720e36bad0 code [0x000002720e36bc80, 0x000002720e36c1d0]
Event: 38.016 Thread 0x0000027229ae5000 2104   !   3       sun.font.StandardGlyphVector::resetDTX (56 bytes)
Event: 38.016 Thread 0x0000027229ad8000 2107       4       java.lang.Math::min (45 bytes)
Event: 38.017 Thread 0x0000027229ae5000 nmethod 2104 0x000002720e36fd90 code [0x000002720e36ff40, 0x000002720e370460]
Event: 38.017 Thread 0x0000027229ae5000 2105       3       sun.font.StandardGlyphVector$GlyphStrike::create (267 bytes)
Event: 38.017 Thread 0x0000027229ad8000 nmethod 2107 0x000002720e36a010 code [0x000002720e36a180, 0x000002720e36a258]
Event: 38.018 Thread 0x0000027229ae5000 nmethod 2105 0x000002720e370690 code [0x000002720e370a00, 0x000002720e3726b0]
Event: 38.024 Thread 0x0000027229ae0000 nmethod 2106 0x000002720e36db10 code [0x000002720e36dca0, 0x000002720e36e258]

GC Heap History (10 events):
Event: 14.938 GC heap before
{Heap before GC invocations=2 (full 0):
 PSYoungGen      total 95744K, used 88072K [0x0000000755a00000, 0x000000075c480000, 0x00000007c0000000)
  eden space 82432K, 100% used [0x0000000755a00000,0x000000075aa80000,0x000000075aa80000)
  from space 13312K, 42% used [0x000000075aa80000,0x000000075b002360,0x000000075b780000)
  to   space 13312K, 0% used [0x000000075b780000,0x000000075b780000,0x000000075c480000)
 ParOldGen       total 218624K, used 43K [0x0000000680e00000, 0x000000068e380000, 0x0000000755a00000)
  object space 218624K, 0% used [0x0000000680e00000,0x0000000680e0ac30,0x000000068e380000)
 Metaspace       used 14233K, capacity 14465K, committed 14848K, reserved 1062912K
  class space    used 1338K, capacity 1423K, committed 1536K, reserved 1048576K
Event: 14.942 GC heap after
Heap after GC invocations=2 (full 0):
 PSYoungGen      total 95744K, used 7136K [0x0000000755a00000, 0x000000075c480000, 0x00000007c0000000)
  eden space 82432K, 0% used [0x0000000755a00000,0x0000000755a00000,0x000000075aa80000)
  from space 13312K, 53% used [0x000000075b780000,0x000000075be78030,0x000000075c480000)
  to   space 13312K, 0% used [0x000000075aa80000,0x000000075aa80000,0x000000075b780000)
 ParOldGen       total 218624K, used 59K [0x0000000680e00000, 0x000000068e380000, 0x0000000755a00000)
  object space 218624K, 0% used [0x0000000680e00000,0x0000000680e0ec30,0x000000068e380000)
 Metaspace       used 14233K, capacity 14465K, committed 14848K, reserved 1062912K
  class space    used 1338K, capacity 1423K, committed 1536K, reserved 1048576K
}
Event: 22.410 GC heap before
{Heap before GC invocations=3 (full 0):
 PSYoungGen      total 95744K, used 89568K [0x0000000755a00000, 0x000000075c480000, 0x00000007c0000000)
  eden space 82432K, 100% used [0x0000000755a00000,0x000000075aa80000,0x000000075aa80000)
  from space 13312K, 53% used [0x000000075b780000,0x000000075be78030,0x000000075c480000)
  to   space 13312K, 0% used [0x000000075aa80000,0x000000075aa80000,0x000000075b780000)
 ParOldGen       total 218624K, used 59K [0x0000000680e00000, 0x000000068e380000, 0x0000000755a00000)
  object space 218624K, 0% used [0x0000000680e00000,0x0000000680e0ed08,0x000000068e380000)
 Metaspace       used 14265K, capacity 14529K, committed 14848K, reserved 1062912K
  class space    used 1339K, capacity 1423K, committed 1536K, reserved 1048576K
Event: 22.413 GC heap after
Heap after GC invocations=3 (full 0):
 PSYoungGen      total 95744K, used 5364K [0x0000000755a00000, 0x000000075c480000, 0x00000007c0000000)
  eden space 82432K, 0% used [0x0000000755a00000,0x0000000755a00000,0x000000075aa80000)
  from space 13312K, 40% used [0x000000075aa80000,0x000000075afbd3d8,0x000000075b780000)
  to   space 13312K, 0% used [0x000000075b780000,0x000000075b780000,0x000000075c480000)
 ParOldGen       total 218624K, used 67K [0x0000000680e00000, 0x000000068e380000, 0x0000000755a00000)
  object space 218624K, 0% used [0x0000000680e00000,0x0000000680e10d08,0x000000068e380000)
 Metaspace       used 14265K, capacity 14529K, committed 14848K, reserved 1062912K
  class space    used 1339K, capacity 1423K, committed 1536K, reserved 1048576K
}
Event: 26.920 GC heap before
{Heap before GC invocations=4 (full 0):
 PSYoungGen      total 95744K, used 87796K [0x0000000755a00000, 0x000000075c480000, 0x00000007c0000000)
  eden space 82432K, 100% used [0x0000000755a00000,0x000000075aa80000,0x000000075aa80000)
  from space 13312K, 40% used [0x000000075aa80000,0x000000075afbd3d8,0x000000075b780000)
  to   space 13312K, 0% used [0x000000075b780000,0x000000075b780000,0x000000075c480000)
 ParOldGen       total 218624K, used 77K [0x0000000680e00000, 0x000000068e380000, 0x0000000755a00000)
  object space 218624K, 0% used [0x0000000680e00000,0x0000000680e13660,0x000000068e380000)
 Metaspace       used 14309K, capacity 14529K, committed 14848K, reserved 1062912K
  class space    used 1339K, capacity 1423K, committed 1536K, reserved 1048576K
Event: 26.924 GC heap after
Heap after GC invocations=4 (full 0):
 PSYoungGen      total 95744K, used 5507K [0x0000000755a00000, 0x000000075c480000, 0x00000007c0000000)
  eden space 82432K, 0% used [0x0000000755a00000,0x0000000755a00000,0x000000075aa80000)
  from space 13312K, 41% used [0x000000075b780000,0x000000075bce0fb0,0x000000075c480000)
  to   space 13312K, 0% used [0x000000075aa80000,0x000000075aa80000,0x000000075b780000)
 ParOldGen       total 218624K, used 85K [0x0000000680e00000, 0x000000068e380000, 0x0000000755a00000)
  object space 218624K, 0% used [0x0000000680e00000,0x0000000680e15660,0x000000068e380000)
 Metaspace       used 14309K, capacity 14529K, committed 14848K, reserved 1062912K
  class space    used 1339K, capacity 1423K, committed 1536K, reserved 1048576K
}
Event: 30.260 GC heap before
{Heap before GC invocations=5 (full 0):
 PSYoungGen      total 95744K, used 86405K [0x0000000755a00000, 0x000000075c480000, 0x00000007c0000000)
  eden space 82432K, 98% used [0x0000000755a00000,0x000000075a900640,0x000000075aa80000)
  from space 13312K, 41% used [0x000000075b780000,0x000000075bce0fb0,0x000000075c480000)
  to   space 13312K, 0% used [0x000000075aa80000,0x000000075aa80000,0x000000075b780000)
 ParOldGen       total 218624K, used 85K [0x0000000680e00000, 0x000000068e380000, 0x0000000755a00000)
  object space 218624K, 0% used [0x0000000680e00000,0x0000000680e15660,0x000000068e380000)
 Metaspace       used 14342K, capacity 14593K, committed 14848K, reserved 1062912K
  class space    used 1340K, capacity 1423K, committed 1536K, reserved 1048576K
Event: 30.264 GC heap after
Heap after GC invocations=5 (full 0):
 PSYoungGen      total 83968K, used 3528K [0x0000000755a00000, 0x000000075b880000, 0x00000007c0000000)
  eden space 80384K, 0% used [0x0000000755a00000,0x0000000755a00000,0x000000075a880000)
  from space 3584K, 98% used [0x000000075aa80000,0x000000075adf22d0,0x000000075ae00000)
  to   space 8192K, 0% used [0x000000075b080000,0x000000075b080000,0x000000075b880000)
 ParOldGen       total 218624K, used 93K [0x0000000680e00000, 0x000000068e380000, 0x0000000755a00000)
  object space 218624K, 0% used [0x0000000680e00000,0x0000000680e17660,0x000000068e380000)
 Metaspace       used 14342K, capacity 14593K, committed 14848K, reserved 1062912K
  class space    used 1340K, capacity 1423K, committed 1536K, reserved 1048576K
}
Event: 38.019 GC heap before
{Heap before GC invocations=6 (full 0):
 PSYoungGen      total 83968K, used 83912K [0x0000000755a00000, 0x000000075b880000, 0x00000007c0000000)
  eden space 80384K, 100% used [0x0000000755a00000,0x000000075a880000,0x000000075a880000)
  from space 3584K, 98% used [0x000000075aa80000,0x000000075adf22d0,0x000000075ae00000)
  to   space 8192K, 0% used [0x000000075b080000,0x000000075b080000,0x000000075b880000)
 ParOldGen       total 218624K, used 93K [0x0000000680e00000, 0x000000068e380000, 0x0000000755a00000)
  object space 218624K, 0% used [0x0000000680e00000,0x0000000680e17660,0x000000068e380000)
 Metaspace       used 14352K, capacity 14593K, committed 14848K, reserved 1062912K
  class space    used 1340K, capacity 1423K, committed 1536K, reserved 1048576K
Event: 38.024 GC heap after
Heap after GC invocations=6 (full 0):
 PSYoungGen      total 84480K, used 5344K [0x0000000755a00000, 0x000000075b600000, 0x00000007c0000000)
  eden space 78848K, 0% used [0x0000000755a00000,0x0000000755a00000,0x000000075a700000)
  from space 5632K, 94% used [0x000000075b080000,0x000000075b5b80d0,0x000000075b600000)
  to   space 7680K, 0% used [0x000000075a700000,0x000000075a700000,0x000000075ae80000)
 ParOldGen       total 218624K, used 101K [0x0000000680e00000, 0x000000068e380000, 0x0000000755a00000)
  object space 218624K, 0% used [0x0000000680e00000,0x0000000680e19660,0x000000068e380000)
 Metaspace       used 14352K, capacity 14593K, committed 14848K, reserved 1062912K
  class space    used 1340K, capacity 1423K, committed 1536K, reserved 1048576K
}

Deoptimization events (10 events):
Event: 0.208 Thread 0x000002720c2c7800 Uncommon trap: reason=unstable_if action=reinterpret pc=0x000002720ddc92bc method=java.lang.String.indexOf([CII[CIII)I @ 123
Event: 0.375 Thread 0x000002720c2c7800 Uncommon trap: reason=unstable_if action=reinterpret pc=0x000002720de7c1ac method=java.lang.String.indexOf([CII[CIII)I @ 3
Event: 3.739 Thread 0x000002720c2c7800 Uncommon trap: reason=unstable_if action=reinterpret pc=0x000002720e064e30 method=playn.scene.ImageLayer.paintImpl(Lplayn/core/Surface;)V @ 4
Event: 5.310 Thread 0x000002720c2c7800 Uncommon trap: reason=unstable_if action=reinterpret pc=0x000002720ddf5740 method=java.lang.CharacterData.of(I)Ljava/lang/CharacterData; @ 4
Event: 5.373 Thread 0x000002720c2c7800 Uncommon trap: reason=class_check action=maybe_recompile pc=0x000002720e141c04 method=java.util.HashMap.putVal(ILjava/lang/Object;Ljava/lang/Object;ZZ)Ljava/lang/Object; @ 91
Event: 5.403 Thread 0x000002720c2c7800 Uncommon trap: reason=class_check action=maybe_recompile pc=0x000002720e0a1880 method=java.io.DataInputStream.readFully([BII)V @ 34
Event: 5.403 Thread 0x000002720c2c7800 Uncommon trap: reason=class_check action=maybe_recompile pc=0x000002720e0a1880 method=java.io.DataInputStream.readFully([BII)V @ 34
Event: 5.403 Thread 0x000002720c2c7800 Uncommon trap: reason=class_check action=maybe_recompile pc=0x000002720e0a1880 method=java.io.DataInputStream.readFully([BII)V @ 34
Event: 38.026 Thread 0x000002722937d000 Uncommon trap: reason=unstable_if action=reinterpret pc=0x000002720e3384b8 method=react.Cons.insert(Lreact/Cons;Lreact/Cons;)Lreact/Cons; @ 1
Event: 38.026 Thread 0x000002722937d000 Uncommon trap: reason=unstable_if action=reinterpret pc=0x000002720e2f4b74 method=react.Cons.insert(Lreact/Cons;Lreact/Cons;)Lreact/Cons; @ 1

Classes redefined (0 events):
No events

Internal exceptions (10 events):
Event: 0.211 Thread 0x000002720c2c7800 Exception <a 'java/security/PrivilegedActionException'> (0x0000000755e2fa10) thrown at [J:\jenkins\tmp\workspace\build\src\hotspot\src\share\vm\prims\jvm.cpp, line 1523]
Event: 0.241 Thread 0x000002720c2c7800 Exception <a 'java/lang/NoSuchMethodError': java.lang.Object.lambda$static$0(Ljava/lang/String;)Ljava/lang/Boolean;> (0x0000000755ece930) thrown at [J:\jenkins\tmp\workspace\build\src\hotspot\src\share\vm\interpreter\linkResolver.cpp, line 620]
Event: 0.257 Thread 0x000002720c2c7800 Exception <a 'java/lang/NoSuchFieldError': method resolution failed> (0x0000000755f466d8) thrown at [J:\jenkins\tmp\workspace\build\src\hotspot\src\share\vm\prims\methodHandles.cpp, line 1169]
Event: 0.261 Thread 0x000002720c2c7800 Exception <a 'java/lang/NoSuchFieldError': method resolution failed> (0x0000000755f53b08) thrown at [J:\jenkins\tmp\workspace\build\src\hotspot\src\share\vm\prims\methodHandles.cpp, line 1169]
Event: 1.036 Thread 0x000002720c2c7800 Exception <a 'sun/nio/fs/WindowsException'> (0x000000075643b1b8) thrown at [J:\jenkins\tmp\workspace\build\src\hotspot\src\share\vm\prims\jni.cpp, line 711]
Event: 1.037 Thread 0x000002720c2c7800 Exception <a 'sun/nio/fs/WindowsException'> (0x000000075643b9f0) thrown at [J:\jenkins\tmp\workspace\build\src\hotspot\src\share\vm\prims\jni.cpp, line 711]
Event: 1.501 Thread 0x000002720c2c7800 Exception <a 'java/io/FileNotFoundException'> (0x0000000756d72518) thrown at [J:\jenkins\tmp\workspace\build\src\hotspot\src\share\vm\prims\jni.cpp, line 711]
Event: 1.516 Thread 0x000002720c2c7800 Exception <a 'java/lang/ClassNotFoundException': sun/dc/DuctusRenderingEngine> (0x0000000756dc6170) thrown at [J:\jenkins\tmp\workspace\build\src\hotspot\src\share\vm\classfile\systemDictionary.cpp, line 217]
Event: 1.530 Thread 0x000002720c2c7800 Exception <a 'java/io/FileNotFoundException'> (0x0000000756dd9938) thrown at [J:\jenkins\tmp\workspace\build\src\hotspot\src\share\vm\prims\jni.cpp, line 711]
Event: 3.739 Thread 0x000002720c2c7800 Implicit null exception at 0x000002720e063b12 to 0x000002720e064e11

Events (10 events):
Event: 38.026 loading class react/UnitSlot$2
Event: 38.026 loading class react/UnitSlot$2 done
Event: 38.026 loading class react/UnitSlot$1
Event: 38.026 loading class react/UnitSlot$1 done
Event: 38.026 Thread 0x000002722937d000 Uncommon trap: trap_request=0xffffff65 fr.pc=0x000002720e3384b8
Event: 38.026 Thread 0x000002722937d000 DEOPT PACKING pc=0x000002720e3384b8 sp=0x00000095f7bff340
Event: 38.026 Thread 0x000002722937d000 DEOPT UNPACKING pc=0x000002720dcc5583 sp=0x00000095f7bff240 mode 2
Event: 38.026 Thread 0x000002722937d000 Uncommon trap: trap_request=0xffffff65 fr.pc=0x000002720e2f4b74
Event: 38.026 Thread 0x000002722937d000 DEOPT PACKING pc=0x000002720e2f4b74 sp=0x00000095f7bff220
Event: 38.026 Thread 0x000002722937d000 DEOPT UNPACKING pc=0x000002720dcc5583 sp=0x00000095f7bff1c8 mode 2


Dynamic libraries:
0x00007ff73fa90000 - 0x00007ff73faca000 	G:\adopt\jre\bin\java.exe
0x00007ffc4ebb0000 - 0x00007ffc4ed91000 	C:\WINDOWS\SYSTEM32\ntdll.dll
0x00007ffc4c7a0000 - 0x00007ffc4c851000 	C:\WINDOWS\System32\KERNEL32.DLL
0x00007ffc4b130000 - 0x00007ffc4b3a3000 	C:\WINDOWS\System32\KERNELBASE.dll
0x00007ffc4c100000 - 0x00007ffc4c1a1000 	C:\WINDOWS\System32\ADVAPI32.dll
0x00007ffc4ea30000 - 0x00007ffc4eace000 	C:\WINDOWS\System32\msvcrt.dll
0x00007ffc4e5b0000 - 0x00007ffc4e60b000 	C:\WINDOWS\System32\sechost.dll
0x00007ffc4c220000 - 0x00007ffc4c344000 	C:\WINDOWS\System32\RPCRT4.dll
0x00007ffc4e890000 - 0x00007ffc4ea21000 	C:\WINDOWS\System32\USER32.dll
0x00007ffc4b500000 - 0x00007ffc4b520000 	C:\WINDOWS\System32\win32u.dll
0x00007ffc4e860000 - 0x00007ffc4e888000 	C:\WINDOWS\System32\GDI32.dll
0x00007ffc4b710000 - 0x00007ffc4b8a3000 	C:\WINDOWS\System32\gdi32full.dll
0x00007ffc4b460000 - 0x00007ffc4b4ff000 	C:\WINDOWS\System32\msvcp_win.dll
0x00007ffc4af50000 - 0x00007ffc4b048000 	C:\WINDOWS\System32\ucrtbase.dll
0x00007ffc38a60000 - 0x00007ffc38cc9000 	C:\WINDOWS\WinSxS\amd64_microsoft.windows.common-controls_6595b64144ccf1df_6.0.17134.1902_none_d3fc12d37c93a894\COMCTL32.dll
0x00007ffc4dee0000 - 0x00007ffc4e201000 	C:\WINDOWS\System32\combase.dll
0x00007ffc4b0b0000 - 0x00007ffc4b129000 	C:\WINDOWS\System32\bcryptPrimitives.dll
0x00007ffc4e360000 - 0x00007ffc4e38d000 	C:\WINDOWS\System32\IMM32.DLL
0x00007ffc1d350000 - 0x00007ffc1d43f000 	G:\adopt\jre\bin\msvcr120.dll
0x00007ffc1e790000 - 0x00007ffc1e836000 	G:\adopt\jre\bin\msvcp120.dll
0x0000000075f80000 - 0x00000000767ea000 	G:\adopt\jre\bin\server\jvm.dll
0x00007ffc4e850000 - 0x00007ffc4e858000 	C:\WINDOWS\System32\PSAPI.DLL
0x00007ffc3c100000 - 0x00007ffc3c109000 	C:\WINDOWS\SYSTEM32\WSOCK32.dll
0x00007ffc49150000 - 0x00007ffc49173000 	C:\WINDOWS\SYSTEM32\WINMM.dll
0x00007ffc4c1b0000 - 0x00007ffc4c21c000 	C:\WINDOWS\System32\WS2_32.dll
0x00007ffc46a10000 - 0x00007ffc46a1a000 	C:\WINDOWS\SYSTEM32\VERSION.dll
0x00007ffc49120000 - 0x00007ffc4914a000 	C:\WINDOWS\SYSTEM32\WINMMBASE.dll
0x00007ffc4bfd0000 - 0x00007ffc4c019000 	C:\WINDOWS\System32\cfgmgr32.dll
0x00007ffc3bc90000 - 0x00007ffc3bc9f000 	G:\adopt\jre\bin\verify.dll
0x00007ffc3bbf0000 - 0x00007ffc3bc19000 	G:\adopt\jre\bin\java.dll
0x00007ffc3aad0000 - 0x00007ffc3aae6000 	G:\adopt\jre\bin\zip.dll
0x00007ffc4c860000 - 0x00007ffc4dca5000 	C:\WINDOWS\System32\SHELL32.dll
0x00007ffc4ead0000 - 0x00007ffc4eb79000 	C:\WINDOWS\System32\shcore.dll
0x00007ffc4b8b0000 - 0x00007ffc4bfc5000 	C:\WINDOWS\System32\windows.storage.dll
0x00007ffc4de50000 - 0x00007ffc4dea1000 	C:\WINDOWS\System32\shlwapi.dll
0x00007ffc4aeb0000 - 0x00007ffc4aec1000 	C:\WINDOWS\System32\kernel.appcore.dll
0x00007ffc4ae90000 - 0x00007ffc4aeaf000 	C:\WINDOWS\System32\profapi.dll
0x00007ffc4af00000 - 0x00007ffc4af4c000 	C:\WINDOWS\System32\powrprof.dll
0x00007ffc4aed0000 - 0x00007ffc4aeda000 	C:\WINDOWS\System32\FLTLIB.DLL
0x00007ffc3a580000 - 0x00007ffc3a59a000 	G:\adopt\jre\bin\net.dll
0x00007ffc4a6b0000 - 0x00007ffc4a716000 	C:\WINDOWS\system32\mswsock.dll
0x00007ffc38d60000 - 0x00007ffc38d72000 	G:\adopt\jre\bin\nio.dll
0x00007ffc1c730000 - 0x00007ffc1c787000 	C:\Users\VovanJapan\AppData\Local\Temp\lwjglVovanJapan\3.1.2-build-29\lwjgl.dll
0x00007ffc1bf00000 - 0x00007ffc1bf3d000 	C:\Users\VOVANJ~1\AppData\Local\Temp\lwjglVovanJapan\3.1.2-build-29\glfw.dll
0x00007ffc492f0000 - 0x00007ffc49388000 	C:\WINDOWS\system32\uxtheme.dll
0x00007ffc1beb0000 - 0x00007ffc1bef3000 	C:\WINDOWS\SYSTEM32\dinput8.dll
0x00007ffc3a710000 - 0x00007ffc3a720000 	C:\WINDOWS\SYSTEM32\xinput1_4.dll
0x00007ffc4aab0000 - 0x00007ffc4aad7000 	C:\WINDOWS\SYSTEM32\DEVOBJ.dll
0x00007ffc3cb00000 - 0x00007ffc3cb79000 	C:\WINDOWS\SYSTEM32\inputhost.dll
0x00007ffc46860000 - 0x00007ffc469ad000 	C:\WINDOWS\SYSTEM32\wintypes.dll
0x00007ffc48fd0000 - 0x00007ffc490aa000 	C:\WINDOWS\SYSTEM32\CoreMessaging.dll
0x00007ffc46350000 - 0x00007ffc4666e000 	C:\WINDOWS\SYSTEM32\CoreUIComponents.dll
0x00007ffc49f80000 - 0x00007ffc49fb1000 	C:\WINDOWS\SYSTEM32\ntmarta.dll
0x00007ffc49540000 - 0x00007ffc49569000 	C:\WINDOWS\SYSTEM32\dwmapi.dll
0x00007ffc4e430000 - 0x00007ffc4e5a4000 	C:\WINDOWS\System32\MSCTF.dll
0x00007ffc4e610000 - 0x00007ffc4e6d2000 	C:\WINDOWS\System32\OLEAUT32.dll
0x00007ffc49ad0000 - 0x00007ffc49adc000 	C:\WINDOWS\SYSTEM32\HID.DLL
0x00007ffc4c350000 - 0x00007ffc4c79b000 	C:\WINDOWS\System32\SETUPAPI.DLL
0x00007ffc4b050000 - 0x00007ffc4b0a7000 	C:\WINDOWS\System32\WINTRUST.dll
0x00007ffc4aee0000 - 0x00007ffc4aef2000 	C:\WINDOWS\System32\MSASN1.dll
0x00007ffc4b520000 - 0x00007ffc4b702000 	C:\WINDOWS\System32\CRYPT32.dll
0x00007ffc1ae60000 - 0x00007ffc1af80000 	C:\WINDOWS\SYSTEM32\opengl32.dll
0x00007ffc362d0000 - 0x00007ffc362fc000 	C:\WINDOWS\SYSTEM32\GLU32.dll
0x00007ffbf4bd0000 - 0x00007ffbf7558000 	C:\WINDOWS\System32\DriverStore\FileRepository\nv_dispi.inf_amd64_e44a509137af5639\nvoglv64.dll
0x00007ffc4e6e0000 - 0x00007ffc4e832000 	C:\WINDOWS\System32\ole32.dll
0x00007ffc47ab0000 - 0x00007ffc47ac3000 	C:\WINDOWS\SYSTEM32\WTSAPI32.dll
0x00007ffc46690000 - 0x00007ffc466be000 	C:\WINDOWS\SYSTEM32\cryptnet.dll
0x00007ffc4a860000 - 0x00007ffc4a86b000 	C:\WINDOWS\SYSTEM32\cryptbase.dll
0x00007ffc04090000 - 0x00007ffc04349000 	C:\WINDOWS\system32\nvspcap64.dll
0x00007ffc4ac90000 - 0x00007ffc4ace6000 	C:\WINDOWS\SYSTEM32\WINSTA.dll
0x00007ffc3cbb0000 - 0x00007ffc3cc46000 	C:\WINDOWS\System32\TextInputFramework.dll
0x00007ffc1be50000 - 0x00007ffc1beac000 	C:\Users\VovanJapan\AppData\Local\Temp\lwjglVovanJapan\3.1.2-build-29\lwjgl_opengl.dll
0x00007ffc1acc0000 - 0x00007ffc1ae55000 	G:\adopt\jre\bin\awt.dll
0x00007ffc49180000 - 0x00007ffc4920b000 	C:\WINDOWS\SYSTEM32\apphelp.dll
0x00007ffc1b850000 - 0x00007ffc1b8e3000 	G:\adopt\jre\bin\freetype.dll
0x00007ffc1ac00000 - 0x00007ffc1acbd000 	G:\adopt\jre\bin\fontmanager.dll
0x00007ffc306c0000 - 0x00007ffc30889000 	C:\WINDOWS\SYSTEM32\dbghelp.dll

VM Arguments:
jvm_args: -Dfoo=bar 
java_command: playn.sample.hello.java.HelloGameJava
java_class_path (initial): G:\GitHub\warpdeath\playn-samples-master\hello\java\target\classes;G:\GitHub\warpdeath\playn-samples-master\hello\core\target\classes;C:\Users\VovanJapan\.m2\repository\io\playn\playn-scene\2.0\playn-scene-2.0.jar;C:\Users\VovanJapan\.m2\repository\io\playn\playn-core\2.0\playn-core-2.0.jar;C:\Users\VovanJapan\.m2\repository\com\samskivert\pythagoras\1.4.3\pythagoras-1.4.3.jar;C:\Users\VovanJapan\.m2\repository\com\threerings\react\1.5.3\react-1.5.3.jar;G:\GitHub\warpdeath\playn-samples-master\hello\assets\target\classes;C:\Users\VovanJapan\.m2\repository\io\playn\playn-java-lwjgl\2.0\playn-java-lwjgl-2.0.jar;C:\Users\VovanJapan\.m2\repository\io\playn\playn-java-base\2.0\playn-java-base-2.0.jar;C:\Users\VovanJapan\.m2\repository\com\googlecode\soundlibs\mp3spi\1.9.5-1\mp3spi-1.9.5-1.jar;C:\Users\VovanJapan\.m2\repository\com\googlecode\soundlibs\jlayer\1.0.1-1\jlayer-1.0.1-1.jar;C:\Users\VovanJapan\.m2\repository\com\googlecode\soundlibs\tritonus-share\0.3.7-1\tritonus-share-0.3.7-1.jar;C:\Users\VovanJapan\.m2\repository\org\java-websocket\Java-WebSocket\1.3.0\Java-WebSocket-1.3.0.jar;C:\Users\VovanJapan\.m2\repository\org\lwjgl\lwjgl\3.1.2\lwjgl-3.1.2.jar;C:\Users\VovanJapan\.m2\repository\org\lwjgl\lwjgl\3.1.2\lwjgl-3.1.2-natives-linux.jar;C:\Users\VovanJapan\.m2\repository\org\lwjgl\lwjgl\3.1.2\lwjgl-3.1.2-natives-windows.jar;C:\Users\VovanJapan\.m2\repository\org\lwjgl\lwjgl\3.1.2\lwjgl-3.1.2-natives-macos.jar;C:\Users\VovanJapan\.m2\repository\org\lwjgl\lwjgl-opengl\3.1.2\lwjgl-opengl-3.1.2.jar;C:\Users\VovanJapan\.m2\repository\org\lwjgl\lwjgl-opengl\3.1.2\lwjgl-opengl-3.1.2-natives-linux.jar;C:\Users\VovanJapan\.m2\repository\org\lwjgl\lwjgl-opengl\3.1.2\lwjgl-opengl-3.1.2-natives-windows.jar;C:\Users\VovanJapan\.m2\repository\org\lwjgl\lwjgl-opengl\3.1.2\lwjgl-opengl-3.1.2-natives-macos.jar;C:\Users\VovanJapan\.m2\repository\org\lwjgl\lwjgl-glfw\3.1.2\lwjgl-glfw-3.1.2.jar;C:\Users\VovanJapan\.m2\repository\org\lwjgl\lwjgl-glfw\3
Launcher Type: SUN_STANDARD

Environment Variables:
PATH=G:\adopt\bin;C:\Program Files (x86)\Common Files\Oracle\Java\javapath;C:\Windows\system32;C:\Windows;C:\Windows\System32\Wbem;C:\Windows\System32\WindowsPowerShell\v1.0\;C:\Program Files\NVIDIA Corporation\NVIDIA NvDLISR;C:\Program Files (x86)\NVIDIA Corporation\PhysX\Common;C:\WINDOWS\system32;C:\WINDOWS;C:\WINDOWS\System32\Wbem;C:\WINDOWS\System32\WindowsPowerShell\v1.0\;C:\WINDOWS\System32\OpenSSH\;C:\Program Files\TortoiseSVN\bin;G:\gtksharp\bin;C:\Users\VovanJapan\AppData\Local\Microsoft\WindowsApps;C:\Users\VovanJapan\AppData\Local\atom\bin;E:\code\bin;C:\mingw-w64\mingw64\bin;G:\IntelliJ\IntelliJ IDEA Community Edition 2020.2.3\bin;;G:\javatest\apache-maven-3.6.3\bin;C:\Users\VovanJapan\AppData\Local\GitHubDesktop\bin
USERNAME=VovanJapan
OS=Windows_NT
PROCESSOR_IDENTIFIER=Intel64 Family 6 Model 60 Stepping 3, GenuineIntel



---------------  S Y S T E M  ---------------

OS: Windows 10.0 , 64 bit Build 17134 (10.0.17134.1425)

CPU:total 4 (initial active 4) (4 cores per cpu, 1 threads per core) family 6 model 60 stepping 3, cmov, cx8, fxsr, mmx, sse, sse2, sse3, ssse3, sse4.1, sse4.2, popcnt, avx, avx2, aes, clmul, erms, lzcnt, tsc, tscinvbit, bmi1, bmi2

Memory: 4k page, physical 20909416k(9346964k free), swap 33648660k(7501132k free)

vm_info: OpenJDK 64-Bit Server VM (25.282-b08) for windows-amd64 JRE (1.8.0_282-b08), built on Jan 20 2021 11:42:17 by "jenkins" with MS VC++ 12.0 (VS2013)

time: Mon Mar 29 01:19:36 2021
timezone: RTZ 2 (ceia)
elapsed time: 38.074318 seconds (0d 0h 0m 38s)

