#
# A fatal error has been detected by the Java Runtime Environment:
#
#  EXCEPTION_ACCESS_VIOLATION (0xc0000005) at pc=0x00007ffc1be9ecfd, pid=7136, tid=0x0000000000006fc0
#
# JRE version: OpenJDK Runtime Environment (8.0_282-b08) (build 1.8.0_282-b08)
# Java VM: OpenJDK 64-Bit Server VM (25.282-b08 mixed mode windows-amd64 compressed oops)
# Problematic frame:
# C  [lwjgl_opengl.dll+0xecfd]
#
# Failed to write core dump. Minidumps are not enabled by default on client versions of Windows
#
# If you would like to submit a bug report, please visit:
#   https://github.com/AdoptOpenJDK/openjdk-support/issues
# The crash happened outside the Java Virtual Machine in native code.
# See problematic frame for where to report the bug.
#

---------------  T H R E A D  ---------------

Current thread (0x000001e2ee74d800):  JavaThread "Finalizer" daemon [_thread_in_native, id=28608, stack(0x000000840d500000,0x000000840d600000)]

siginfo: ExceptionCode=0xc0000005, reading address 0x00000000000009d8

Registers:
RAX=0x00000000766f9660, RBX=0x0000000000001fe7, RCX=0x0000000000000001, RDX=0x000001e2efe56240
RSP=0x000000840d5fecd8, RBP=0x000000840d5fed40, RSI=0x000001e2f7c76d30, RDI=0x000001e2efe56240
R8 =0x0000000000000001, R9 =0x000001e2efe56240, R10=0x0000000000000000, R11=0x0000000000000001
R12=0x0000000000000000, R13=0x000000840d5fef48, R14=0x000000840d5fed30, R15=0x000001e2ee74d800
RIP=0x00007ffc1be9ecfd, EFLAGS=0x0000000000010246

Top of Stack: (sp=0x000000840d5fecd8)
0x000000840d5fecd8:   000001e2d3467b61 000000840d5ff0c0
0x000000840d5fece8:   000001e2d33cb40c 0000000000000000
0x000000840d5fecf8:   000001e2edf494e8 0000000000000000
0x000000840d5fed08:   00000000761440f7 000000075b79ca28
0x000000840d5fed18:   000001e2ee74d800 000000840d5ff0c0
0x000000840d5fed28:   000001e2d33cb40c 0000000680e047a8
0x000000840d5fed38:   000000007618749f 000000840d5fef98
0x000000840d5fed48:   000001e2d3468a94 000000075b79ca08
0x000000840d5fed58:   4079000000000000 000000840d5ff0c0
0x000000840d5fed68:   000001e2d33cbdac 0000000000000000
0x000000840d5fed78:   0000000000000000 000001e2ee0c0b70
0x000000840d5fed88:   000001e2ee74d800 000001e2ee0c0b70
0x000000840d5fed98:   000001e2ee74d800 000001e2d17913e0
0x000000840d5feda8:   000001e2ee0c0b70 00000000ffffffff
0x000000840d5fedb8:   0000000000000000 000000840d5fee59
0x000000840d5fedc8:   000000007601855a 000001e2ee73d800 

Instructions: (pc=0x00007ffc1be9ecfd)
0x00007ffc1be9ecdd:   49 ff a2 00 0f 00 00 cc cc cc cc cc cc cc cc cc
0x00007ffc1be9eced:   cc cc cc 48 8b 01 49 8b d1 41 8b c8 4c 8b 50 18
0x00007ffc1be9ecfd:   49 ff a2 d8 09 00 00 cc cc cc cc cc cc cc cc cc
0x00007ffc1be9ed0d:   cc cc cc 48 8b 01 49 8b d1 41 8b c8 4c 8b 50 18 


Register to memory mapping:

RAX=0x00000000766f9660 is an unknown value
RBX=0x0000000000001fe7 is an unknown value
RCX=0x0000000000000001 is an unknown value
RDX=0x000001e2efe56240 is an unknown value
RSP=0x000000840d5fecd8 is pointing into the stack for thread: 0x000001e2ee74d800
RBP=0x000000840d5fed40 is pointing into the stack for thread: 0x000001e2ee74d800
RSI=0x000001e2f7c76d30 is pointing into metadata
RDI=0x000001e2efe56240 is an unknown value
R8 =0x0000000000000001 is an unknown value
R9 =0x000001e2efe56240 is an unknown value
R10=0x0000000000000000 is an unknown value
R11=0x0000000000000001 is an unknown value
R12=0x0000000000000000 is an unknown value
R13=0x000000840d5fef48 is pointing into the stack for thread: 0x000001e2ee74d800
R14=0x000000840d5fed30 is pointing into the stack for thread: 0x000001e2ee74d800
R15=0x000001e2ee74d800 is a thread


Stack: [0x000000840d500000,0x000000840d600000],  sp=0x000000840d5fecd8,  free space=1019k
Native frames: (J=compiled Java code, j=interpreted, Vv=VM code, C=native code)
C  [lwjgl_opengl.dll+0xecfd]

Java frames: (J=compiled Java code, j=interpreted, Vv=VM code)
J 1248  org.lwjgl.opengl.GL11.nglDeleteTextures(IJ)V (0 bytes) @ 0x000001e2d3467ac4 [0x000001e2d3467a80+0x44]
J 1246 C1 playn.java.LWJGLGL20.glDeleteTextures(ILjava/nio/IntBuffer;)V (5 bytes) @ 0x000001e2d3468a94 [0x000001e2d34686e0+0x3b4]
J 1187 C1 playn.core.Texture.release()V (52 bytes) @ 0x000001e2d3442964 [0x000001e2d3442300+0x664]
J 1088 C1 playn.scene.ImageLayer.setTile(Lplayn/core/Tile;)Lplayn/scene/ImageLayer; (47 bytes) @ 0x000001e2d33f9004 [0x000001e2d33f8e40+0x1c4]
j  playn.scene.ImageLayer.finalize()V+5
J 1336 C1 java.lang.ref.Finalizer.runFinalizer(Lsun/misc/JavaLangAccess;)V (62 bytes) @ 0x000001e2d34cba14 [0x000001e2d34cb480+0x594]
J 1333 C1 java.lang.ref.Finalizer.access$100(Ljava/lang/ref/Finalizer;Lsun/misc/JavaLangAccess;)V (6 bytes) @ 0x000001e2d34cb0dc [0x000001e2d34cb080+0x5c]
j  java.lang.ref.Finalizer$FinalizerThread.run()V+45
v  ~StubRoutines::call_stub

---------------  P R O C E S S  ---------------

Java Threads: ( => current thread )
  0x000001e2f6b70000 JavaThread "pool-1-thread-4" [_thread_blocked, id=31940, stack(0x000000840e700000,0x000000840e800000)]
  0x000001e2f6b6a000 JavaThread "pool-1-thread-3" [_thread_blocked, id=17748, stack(0x000000840e600000,0x000000840e700000)]
  0x000001e2f6ae0000 JavaThread "pool-1-thread-2" [_thread_blocked, id=1448, stack(0x000000840e500000,0x000000840e600000)]
  0x000001e2f6adf000 JavaThread "pool-1-thread-1" [_thread_in_native, id=32148, stack(0x000000840e400000,0x000000840e500000)]
  0x000001e2f698d000 JavaThread "Java2D Disposer" daemon [_thread_blocked, id=23996, stack(0x000000840e300000,0x000000840e400000)]
  0x000001e2eef38800 JavaThread "Service Thread" daemon [_thread_blocked, id=20632, stack(0x000000840db00000,0x000000840dc00000)]
  0x000001e2eeec3000 JavaThread "C1 CompilerThread2" daemon [_thread_blocked, id=7628, stack(0x000000840da00000,0x000000840db00000)]
  0x000001e2eeec1000 JavaThread "C2 CompilerThread1" daemon [_thread_blocked, id=22672, stack(0x000000840d900000,0x000000840da00000)]
  0x000001e2eeebc800 JavaThread "C2 CompilerThread0" daemon [_thread_blocked, id=32132, stack(0x000000840d800000,0x000000840d900000)]
  0x000001e2eeea7800 JavaThread "Attach Listener" daemon [_thread_blocked, id=2240, stack(0x000000840d700000,0x000000840d800000)]
  0x000001e2eeeae000 JavaThread "Signal Dispatcher" daemon [_thread_blocked, id=7608, stack(0x000000840d600000,0x000000840d700000)]
=>0x000001e2ee74d800 JavaThread "Finalizer" daemon [_thread_in_native, id=28608, stack(0x000000840d500000,0x000000840d600000)]
  0x000001e2eee86000 JavaThread "Reference Handler" daemon [_thread_blocked, id=1828, stack(0x000000840d400000,0x000000840d500000)]
  0x000001e2d177a000 JavaThread "main" [_thread_in_native, id=30300, stack(0x000000840ce00000,0x000000840cf00000)]

Other Threads:
  0x000001e2eee62000 VMThread [stack: 0x000000840d300000,0x000000840d400000] [id=12724]
  0x000001e2eef4b800 WatcherThread [stack: 0x000000840dc00000,0x000000840dd00000] [id=20792]

VM state:not at safepoint (normal execution)

VM Mutex/Monitor currently owned by a thread: None

heap address: 0x0000000680e00000, size: 5106 MB, Compressed Oops mode: Zero based, Oop shift amount: 3
Narrow klass base: 0x0000000000000000, Narrow klass shift: 3
Compressed class space size: 1073741824 Address: 0x00000007c0000000

Heap:
 PSYoungGen      total 95744K, used 15877K [0x0000000755a00000, 0x000000075c480000, 0x00000007c0000000)
  eden space 82432K, 15% used [0x0000000755a00000,0x00000007566c90c8,0x000000075aa80000)
  from space 13312K, 20% used [0x000000075b780000,0x000000075ba38418,0x000000075c480000)
  to   space 13312K, 0% used [0x000000075aa80000,0x000000075aa80000,0x000000075b780000)
 ParOldGen       total 218624K, used 24K [0x0000000680e00000, 0x000000068e380000, 0x0000000755a00000)
  object space 218624K, 0% used [0x0000000680e00000,0x0000000680e06000,0x000000068e380000)
 Metaspace       used 13120K, capacity 13337K, committed 13696K, reserved 1060864K
  class space    used 1243K, capacity 1327K, committed 1408K, reserved 1048576K

Card table byte_map: [0x000001e2e23a0000,0x000001e2e2da0000] byte_map_base: 0x000001e2def99000

Marking Bits: (ParMarkBitMap*) 0x000000007676b810
 Begin Bits: [0x000001e2e3450000, 0x000001e2e8418000)
 End Bits:   [0x000001e2e8418000, 0x000001e2ed3e0000)

Polling page: 0x000001e2d1690000

CodeCache: size=245760Kb used=5598Kb max_used=5610Kb free=240161Kb
 bounds [0x000001e2d2fe0000, 0x000001e2d3560000, 0x000001e2e1fe0000]
 total_blobs=2483 nmethods=1483 adapters=911
 compilation: enabled

Compilation events (10 events):
Event: 5.123 Thread 0x000001e2eeec3000 nmethod 1472 0x000001e2d3539d90 code [0x000001e2d3539f40, 0x000001e2d353a7a0]
Event: 5.124 Thread 0x000001e2eeec3000 1473   !   3       sun.java2d.Disposer::clearDeferredRecords (70 bytes)
Event: 5.124 Thread 0x000001e2eeebc800 1474   !   4       java.lang.ref.Reference::tryHandlePending (115 bytes)
Event: 5.124 Thread 0x000001e2eeec1000 1475   !   4       java.lang.ref.ReferenceQueue::enqueue (119 bytes)
Event: 5.124 Thread 0x000001e2eeec3000 nmethod 1473 0x000001e2d354c350 code [0x000001e2d354c5a0, 0x000001e2d354d140]
Event: 5.125 Thread 0x000001e2eeec3000 1476       3       playn.core.Texture::finalize (16 bytes)
Event: 5.127 Thread 0x000001e2eeec3000 nmethod 1476 0x000001e2d3547ad0 code [0x000001e2d3547c80, 0x000001e2d3548330]
Event: 5.128 Thread 0x000001e2eeec3000 1478       3       java.util.zip.Inflater::finalize (5 bytes)
Event: 5.128 Thread 0x000001e2eeec1000 nmethod 1475 0x000001e2d35472d0 code [0x000001e2d3547420, 0x000001e2d3547908]
Event: 5.128 Thread 0x000001e2eeec1000 1477       4       java.awt.image.PixelInterleavedSampleModel::<init> (137 bytes)

GC Heap History (4 events):
Event: 3.782 GC heap before
{Heap before GC invocations=1 (full 0):
 PSYoungGen      total 95744K, used 82432K [0x0000000755a00000, 0x000000075c480000, 0x00000007c0000000)
  eden space 82432K, 100% used [0x0000000755a00000,0x000000075aa80000,0x000000075aa80000)
  from space 13312K, 0% used [0x000000075b780000,0x000000075b780000,0x000000075c480000)
  to   space 13312K, 0% used [0x000000075aa80000,0x000000075aa80000,0x000000075b780000)
 ParOldGen       total 218624K, used 0K [0x0000000680e00000, 0x000000068e380000, 0x0000000755a00000)
  object space 218624K, 0% used [0x0000000680e00000,0x0000000680e00000,0x000000068e380000)
 Metaspace       used 13069K, capacity 13337K, committed 13696K, reserved 1060864K
  class space    used 1240K, capacity 1327K, committed 1408K, reserved 1048576K
Event: 3.789 GC heap after
Heap after GC invocations=1 (full 0):
 PSYoungGen      total 95744K, used 11318K [0x0000000755a00000, 0x000000075c480000, 0x00000007c0000000)
  eden space 82432K, 0% used [0x0000000755a00000,0x0000000755a00000,0x000000075aa80000)
  from space 13312K, 85% used [0x000000075aa80000,0x000000075b58d828,0x000000075b780000)
  to   space 13312K, 0% used [0x000000075b780000,0x000000075b780000,0x000000075c480000)
 ParOldGen       total 218624K, used 16K [0x0000000680e00000, 0x000000068e380000, 0x0000000755a00000)
  object space 218624K, 0% used [0x0000000680e00000,0x0000000680e04000,0x000000068e380000)
 Metaspace       used 13069K, capacity 13337K, committed 13696K, reserved 1060864K
  class space    used 1240K, capacity 1327K, committed 1408K, reserved 1048576K
}
Event: 5.117 GC heap before
{Heap before GC invocations=2 (full 0):
 PSYoungGen      total 95744K, used 93358K [0x0000000755a00000, 0x000000075c480000, 0x00000007c0000000)
  eden space 82432K, 99% used [0x0000000755a00000,0x000000075aa1e2f0,0x000000075aa80000)
  from space 13312K, 85% used [0x000000075aa80000,0x000000075b58d828,0x000000075b780000)
  to   space 13312K, 0% used [0x000000075b780000,0x000000075b780000,0x000000075c480000)
 ParOldGen       total 218624K, used 16K [0x0000000680e00000, 0x000000068e380000, 0x0000000755a00000)
  object space 218624K, 0% used [0x0000000680e00000,0x0000000680e04000,0x000000068e380000)
 Metaspace       used 13106K, capacity 13337K, committed 13696K, reserved 1060864K
  class space    used 1240K, capacity 1327K, committed 1408K, reserved 1048576K
Event: 5.120 GC heap after
Heap after GC invocations=2 (full 0):
 PSYoungGen      total 95744K, used 2785K [0x0000000755a00000, 0x000000075c480000, 0x00000007c0000000)
  eden space 82432K, 0% used [0x0000000755a00000,0x0000000755a00000,0x000000075aa80000)
  from space 13312K, 20% used [0x000000075b780000,0x000000075ba38418,0x000000075c480000)
  to   space 13312K, 0% used [0x000000075aa80000,0x000000075aa80000,0x000000075b780000)
 ParOldGen       total 218624K, used 24K [0x0000000680e00000, 0x000000068e380000, 0x0000000755a00000)
  object space 218624K, 0% used [0x0000000680e00000,0x0000000680e06000,0x000000068e380000)
 Metaspace       used 13106K, capacity 13337K, committed 13696K, reserved 1060864K
  class space    used 1240K, capacity 1327K, committed 1408K, reserved 1048576K
}

Deoptimization events (4 events):
Event: 0.171 Thread 0x000001e2d177a000 Uncommon trap: reason=unstable_if action=reinterpret pc=0x000001e2d315c404 method=java.lang.String.indexOf([CII[CIII)I @ 123
Event: 0.171 Thread 0x000001e2d177a000 Uncommon trap: reason=unstable_if action=reinterpret pc=0x000001e2d3128fbc method=java.lang.String.indexOf([CII[CIII)I @ 123
Event: 0.325 Thread 0x000001e2d177a000 Uncommon trap: reason=unstable_if action=reinterpret pc=0x000001e2d31b8fb0 method=java.lang.String.indexOf([CII[CIII)I @ 3
Event: 1.456 Thread 0x000001e2d177a000 Uncommon trap: reason=unstable_if action=reinterpret pc=0x000001e2d3320b90 method=playn.core.Game.onFrame()V @ 28

Classes redefined (0 events):
No events

Internal exceptions (10 events):
Event: 0.175 Thread 0x000001e2d177a000 Exception <a 'java/security/PrivilegedActionException'> (0x0000000755e2f800) thrown at [J:\jenkins\tmp\workspace\build\src\hotspot\src\share\vm\prims\jvm.cpp, line 1523]
Event: 0.175 Thread 0x000001e2d177a000 Exception <a 'java/security/PrivilegedActionException'> (0x0000000755e2fa10) thrown at [J:\jenkins\tmp\workspace\build\src\hotspot\src\share\vm\prims\jvm.cpp, line 1523]
Event: 0.201 Thread 0x000001e2d177a000 Exception <a 'java/lang/NoSuchMethodError': java.lang.Object.lambda$static$0(Ljava/lang/String;)Ljava/lang/Boolean;> (0x0000000755ece930) thrown at [J:\jenkins\tmp\workspace\build\src\hotspot\src\share\vm\interpreter\linkResolver.cpp, line 620]
Event: 0.211 Thread 0x000001e2d177a000 Exception <a 'java/lang/NoSuchFieldError': method resolution failed> (0x0000000755f466d8) thrown at [J:\jenkins\tmp\workspace\build\src\hotspot\src\share\vm\prims\methodHandles.cpp, line 1169]
Event: 0.212 Thread 0x000001e2d177a000 Exception <a 'java/lang/NoSuchFieldError': method resolution failed> (0x0000000755f53b08) thrown at [J:\jenkins\tmp\workspace\build\src\hotspot\src\share\vm\prims\methodHandles.cpp, line 1169]
Event: 0.993 Thread 0x000001e2d177a000 Exception <a 'sun/nio/fs/WindowsException'> (0x000000075643b200) thrown at [J:\jenkins\tmp\workspace\build\src\hotspot\src\share\vm\prims\jni.cpp, line 711]
Event: 0.993 Thread 0x000001e2d177a000 Exception <a 'sun/nio/fs/WindowsException'> (0x000000075643ba38) thrown at [J:\jenkins\tmp\workspace\build\src\hotspot\src\share\vm\prims\jni.cpp, line 711]
Event: 1.388 Thread 0x000001e2d177a000 Exception <a 'java/io/FileNotFoundException'> (0x0000000756d724c8) thrown at [J:\jenkins\tmp\workspace\build\src\hotspot\src\share\vm\prims\jni.cpp, line 711]
Event: 1.403 Thread 0x000001e2d177a000 Exception <a 'java/lang/ClassNotFoundException': sun/dc/DuctusRenderingEngine> (0x0000000756dc6120) thrown at [J:\jenkins\tmp\workspace\build\src\hotspot\src\share\vm\classfile\systemDictionary.cpp, line 217]
Event: 1.416 Thread 0x000001e2d177a000 Exception <a 'java/io/FileNotFoundException'> (0x0000000756dd98e8) thrown at [J:\jenkins\tmp\workspace\build\src\hotspot\src\share\vm\prims\jni.cpp, line 711]

Events (10 events):
Event: 5.127 Executing VM operation: RevokeBias
Event: 5.128 Executing VM operation: RevokeBias done
Event: 5.128 Executing VM operation: RevokeBias
Event: 5.128 Executing VM operation: RevokeBias done
Event: 5.128 Executing VM operation: RevokeBias
Event: 5.128 Executing VM operation: RevokeBias done
Event: 5.128 Executing VM operation: RevokeBias
Event: 5.128 Executing VM operation: RevokeBias done
Event: 5.128 Executing VM operation: BulkRevokeBias
Event: 5.128 Executing VM operation: BulkRevokeBias done


Dynamic libraries:
0x00007ff73fa90000 - 0x00007ff73faca000 	G:\adopt\jre\bin\java.exe
0x00007ffc4ebb0000 - 0x00007ffc4ed91000 	C:\WINDOWS\SYSTEM32\ntdll.dll
0x00007ffc4c7a0000 - 0x00007ffc4c851000 	C:\WINDOWS\System32\KERNEL32.DLL
0x00007ffc4b130000 - 0x00007ffc4b3a3000 	C:\WINDOWS\System32\KERNELBASE.dll
0x00007ffc4c100000 - 0x00007ffc4c1a1000 	C:\WINDOWS\System32\ADVAPI32.dll
0x00007ffc4ea30000 - 0x00007ffc4eace000 	C:\WINDOWS\System32\msvcrt.dll
0x00007ffc4e5b0000 - 0x00007ffc4e60b000 	C:\WINDOWS\System32\sechost.dll
0x00007ffc4c220000 - 0x00007ffc4c344000 	C:\WINDOWS\System32\RPCRT4.dll
0x00007ffc4e890000 - 0x00007ffc4ea21000 	C:\WINDOWS\System32\USER32.dll
0x00007ffc4b500000 - 0x00007ffc4b520000 	C:\WINDOWS\System32\win32u.dll
0x00007ffc4e860000 - 0x00007ffc4e888000 	C:\WINDOWS\System32\GDI32.dll
0x00007ffc4b710000 - 0x00007ffc4b8a3000 	C:\WINDOWS\System32\gdi32full.dll
0x00007ffc4b460000 - 0x00007ffc4b4ff000 	C:\WINDOWS\System32\msvcp_win.dll
0x00007ffc4af50000 - 0x00007ffc4b048000 	C:\WINDOWS\System32\ucrtbase.dll
0x00007ffc38a60000 - 0x00007ffc38cc9000 	C:\WINDOWS\WinSxS\amd64_microsoft.windows.common-controls_6595b64144ccf1df_6.0.17134.1902_none_d3fc12d37c93a894\COMCTL32.dll
0x00007ffc4dee0000 - 0x00007ffc4e201000 	C:\WINDOWS\System32\combase.dll
0x00007ffc4b0b0000 - 0x00007ffc4b129000 	C:\WINDOWS\System32\bcryptPrimitives.dll
0x00007ffc4e360000 - 0x00007ffc4e38d000 	C:\WINDOWS\System32\IMM32.DLL
0x00007ffc1d350000 - 0x00007ffc1d43f000 	G:\adopt\jre\bin\msvcr120.dll
0x00007ffc1e790000 - 0x00007ffc1e836000 	G:\adopt\jre\bin\msvcp120.dll
0x0000000075f80000 - 0x00000000767ea000 	G:\adopt\jre\bin\server\jvm.dll
0x00007ffc4e850000 - 0x00007ffc4e858000 	C:\WINDOWS\System32\PSAPI.DLL
0x00007ffc3c100000 - 0x00007ffc3c109000 	C:\WINDOWS\SYSTEM32\WSOCK32.dll
0x00007ffc49150000 - 0x00007ffc49173000 	C:\WINDOWS\SYSTEM32\WINMM.dll
0x00007ffc4c1b0000 - 0x00007ffc4c21c000 	C:\WINDOWS\System32\WS2_32.dll
0x00007ffc46a10000 - 0x00007ffc46a1a000 	C:\WINDOWS\SYSTEM32\VERSION.dll
0x00007ffc49120000 - 0x00007ffc4914a000 	C:\WINDOWS\SYSTEM32\winmmbase.dll
0x00007ffc4bfd0000 - 0x00007ffc4c019000 	C:\WINDOWS\System32\cfgmgr32.dll
0x00007ffc3bc90000 - 0x00007ffc3bc9f000 	G:\adopt\jre\bin\verify.dll
0x00007ffc3bbf0000 - 0x00007ffc3bc19000 	G:\adopt\jre\bin\java.dll
0x00007ffc3aad0000 - 0x00007ffc3aae6000 	G:\adopt\jre\bin\zip.dll
0x00007ffc4c860000 - 0x00007ffc4dca5000 	C:\WINDOWS\System32\SHELL32.dll
0x00007ffc4ead0000 - 0x00007ffc4eb79000 	C:\WINDOWS\System32\shcore.dll
0x00007ffc4b8b0000 - 0x00007ffc4bfc5000 	C:\WINDOWS\System32\windows.storage.dll
0x00007ffc4de50000 - 0x00007ffc4dea1000 	C:\WINDOWS\System32\shlwapi.dll
0x00007ffc4aeb0000 - 0x00007ffc4aec1000 	C:\WINDOWS\System32\kernel.appcore.dll
0x00007ffc4ae90000 - 0x00007ffc4aeaf000 	C:\WINDOWS\System32\profapi.dll
0x00007ffc4af00000 - 0x00007ffc4af4c000 	C:\WINDOWS\System32\powrprof.dll
0x00007ffc4aed0000 - 0x00007ffc4aeda000 	C:\WINDOWS\System32\FLTLIB.DLL
0x00007ffc3a580000 - 0x00007ffc3a59a000 	G:\adopt\jre\bin\net.dll
0x00007ffc4a6b0000 - 0x00007ffc4a716000 	C:\WINDOWS\system32\mswsock.dll
0x00007ffc38d60000 - 0x00007ffc38d72000 	G:\adopt\jre\bin\nio.dll
0x00007ffc1c730000 - 0x00007ffc1c787000 	C:\Users\VovanJapan\AppData\Local\Temp\lwjglVovanJapan\3.1.2-build-29\lwjgl.dll
0x00007ffc38d20000 - 0x00007ffc38d5d000 	C:\Users\VOVANJ~1\AppData\Local\Temp\lwjglVovanJapan\3.1.2-build-29\glfw.dll
0x00007ffc492f0000 - 0x00007ffc49388000 	C:\WINDOWS\system32\uxtheme.dll
0x00007ffc1bef0000 - 0x00007ffc1bf33000 	C:\WINDOWS\SYSTEM32\dinput8.dll
0x00007ffc3a710000 - 0x00007ffc3a720000 	C:\WINDOWS\SYSTEM32\xinput1_4.dll
0x00007ffc4aab0000 - 0x00007ffc4aad7000 	C:\WINDOWS\SYSTEM32\DEVOBJ.dll
0x00007ffc3cb00000 - 0x00007ffc3cb79000 	C:\WINDOWS\SYSTEM32\inputhost.dll
0x00007ffc46860000 - 0x00007ffc469ad000 	C:\WINDOWS\SYSTEM32\wintypes.dll
0x00007ffc48fd0000 - 0x00007ffc490aa000 	C:\WINDOWS\SYSTEM32\CoreMessaging.dll
0x00007ffc46350000 - 0x00007ffc4666e000 	C:\WINDOWS\SYSTEM32\CoreUIComponents.dll
0x00007ffc49f80000 - 0x00007ffc49fb1000 	C:\WINDOWS\SYSTEM32\ntmarta.dll
0x00007ffc49540000 - 0x00007ffc49569000 	C:\WINDOWS\SYSTEM32\dwmapi.dll
0x00007ffc4e430000 - 0x00007ffc4e5a4000 	C:\WINDOWS\System32\MSCTF.dll
0x00007ffc4e610000 - 0x00007ffc4e6d2000 	C:\WINDOWS\System32\OLEAUT32.dll
0x00007ffc49ad0000 - 0x00007ffc49adc000 	C:\WINDOWS\SYSTEM32\HID.DLL
0x00007ffc4c350000 - 0x00007ffc4c79b000 	C:\WINDOWS\System32\SETUPAPI.DLL
0x00007ffc4b050000 - 0x00007ffc4b0a7000 	C:\WINDOWS\System32\WINTRUST.dll
0x00007ffc4aee0000 - 0x00007ffc4aef2000 	C:\WINDOWS\System32\MSASN1.dll
0x00007ffc4b520000 - 0x00007ffc4b702000 	C:\WINDOWS\System32\CRYPT32.dll
0x00007ffc1ae60000 - 0x00007ffc1af80000 	C:\WINDOWS\SYSTEM32\opengl32.dll
0x00007ffc362d0000 - 0x00007ffc362fc000 	C:\WINDOWS\SYSTEM32\GLU32.dll
0x00007ffbf4bd0000 - 0x00007ffbf7558000 	C:\WINDOWS\System32\DriverStore\FileRepository\nv_dispi.inf_amd64_e44a509137af5639\nvoglv64.dll
0x00007ffc4e6e0000 - 0x00007ffc4e832000 	C:\WINDOWS\System32\ole32.dll
0x00007ffc47ab0000 - 0x00007ffc47ac3000 	C:\WINDOWS\SYSTEM32\WTSAPI32.dll
0x00007ffc46690000 - 0x00007ffc466be000 	C:\WINDOWS\SYSTEM32\cryptnet.dll
0x00007ffc4a860000 - 0x00007ffc4a86b000 	C:\WINDOWS\SYSTEM32\cryptbase.dll
0x00007ffc04090000 - 0x00007ffc04349000 	C:\WINDOWS\system32\nvspcap64.dll
0x00007ffc4ac90000 - 0x00007ffc4ace6000 	C:\WINDOWS\SYSTEM32\WINSTA.dll
0x00007ffc3cbb0000 - 0x00007ffc3cc46000 	C:\WINDOWS\System32\TextInputFramework.dll
0x00007ffc1be90000 - 0x00007ffc1beec000 	C:\Users\VovanJapan\AppData\Local\Temp\lwjglVovanJapan\3.1.2-build-29\lwjgl_opengl.dll
0x00007ffc1acc0000 - 0x00007ffc1ae55000 	G:\adopt\jre\bin\awt.dll
0x00007ffc49180000 - 0x00007ffc4920b000 	C:\WINDOWS\SYSTEM32\apphelp.dll
0x00007ffc306c0000 - 0x00007ffc30889000 	C:\WINDOWS\SYSTEM32\dbghelp.dll

VM Arguments:
jvm_args: -Dfoo=bar 
java_command: playn.sample.hello.java.HelloGameJava
java_class_path (initial): G:\GitHub\warpdeath\playn-samples-master\hello\java\target\classes;G:\GitHub\warpdeath\playn-samples-master\hello\core\target\classes;C:\Users\VovanJapan\.m2\repository\io\playn\playn-scene\2.0\playn-scene-2.0.jar;C:\Users\VovanJapan\.m2\repository\io\playn\playn-core\2.0\playn-core-2.0.jar;C:\Users\VovanJapan\.m2\repository\com\samskivert\pythagoras\1.4.3\pythagoras-1.4.3.jar;C:\Users\VovanJapan\.m2\repository\com\threerings\react\1.5.3\react-1.5.3.jar;G:\GitHub\warpdeath\playn-samples-master\hello\assets\target\classes;C:\Users\VovanJapan\.m2\repository\io\playn\playn-java-lwjgl\2.0\playn-java-lwjgl-2.0.jar;C:\Users\VovanJapan\.m2\repository\io\playn\playn-java-base\2.0\playn-java-base-2.0.jar;C:\Users\VovanJapan\.m2\repository\com\googlecode\soundlibs\mp3spi\1.9.5-1\mp3spi-1.9.5-1.jar;C:\Users\VovanJapan\.m2\repository\com\googlecode\soundlibs\jlayer\1.0.1-1\jlayer-1.0.1-1.jar;C:\Users\VovanJapan\.m2\repository\com\googlecode\soundlibs\tritonus-share\0.3.7-1\tritonus-share-0.3.7-1.jar;C:\Users\VovanJapan\.m2\repository\org\java-websocket\Java-WebSocket\1.3.0\Java-WebSocket-1.3.0.jar;C:\Users\VovanJapan\.m2\repository\org\lwjgl\lwjgl\3.1.2\lwjgl-3.1.2.jar;C:\Users\VovanJapan\.m2\repository\org\lwjgl\lwjgl\3.1.2\lwjgl-3.1.2-natives-linux.jar;C:\Users\VovanJapan\.m2\repository\org\lwjgl\lwjgl\3.1.2\lwjgl-3.1.2-natives-windows.jar;C:\Users\VovanJapan\.m2\repository\org\lwjgl\lwjgl\3.1.2\lwjgl-3.1.2-natives-macos.jar;C:\Users\VovanJapan\.m2\repository\org\lwjgl\lwjgl-opengl\3.1.2\lwjgl-opengl-3.1.2.jar;C:\Users\VovanJapan\.m2\repository\org\lwjgl\lwjgl-opengl\3.1.2\lwjgl-opengl-3.1.2-natives-linux.jar;C:\Users\VovanJapan\.m2\repository\org\lwjgl\lwjgl-opengl\3.1.2\lwjgl-opengl-3.1.2-natives-windows.jar;C:\Users\VovanJapan\.m2\repository\org\lwjgl\lwjgl-opengl\3.1.2\lwjgl-opengl-3.1.2-natives-macos.jar;C:\Users\VovanJapan\.m2\repository\org\lwjgl\lwjgl-glfw\3.1.2\lwjgl-glfw-3.1.2.jar;C:\Users\VovanJapan\.m2\repository\org\lwjgl\lwjgl-glfw\3
Launcher Type: SUN_STANDARD

Environment Variables:
PATH=G:\adopt\bin;C:\Program Files (x86)\Common Files\Oracle\Java\javapath;C:\Windows\system32;C:\Windows;C:\Windows\System32\Wbem;C:\Windows\System32\WindowsPowerShell\v1.0\;C:\Program Files\NVIDIA Corporation\NVIDIA NvDLISR;C:\Program Files (x86)\NVIDIA Corporation\PhysX\Common;C:\WINDOWS\system32;C:\WINDOWS;C:\WINDOWS\System32\Wbem;C:\WINDOWS\System32\WindowsPowerShell\v1.0\;C:\WINDOWS\System32\OpenSSH\;C:\Program Files\TortoiseSVN\bin;G:\gtksharp\bin;C:\Users\VovanJapan\AppData\Local\Microsoft\WindowsApps;C:\Users\VovanJapan\AppData\Local\atom\bin;E:\code\bin;C:\mingw-w64\mingw64\bin;G:\IntelliJ\IntelliJ IDEA Community Edition 2020.2.3\bin;;G:\javatest\apache-maven-3.6.3\bin;C:\Users\VovanJapan\AppData\Local\GitHubDesktop\bin
USERNAME=VovanJapan
OS=Windows_NT
PROCESSOR_IDENTIFIER=Intel64 Family 6 Model 60 Stepping 3, GenuineIntel



---------------  S Y S T E M  ---------------

OS: Windows 10.0 , 64 bit Build 17134 (10.0.17134.1425)

CPU:total 4 (initial active 4) (4 cores per cpu, 1 threads per core) family 6 model 60 stepping 3, cmov, cx8, fxsr, mmx, sse, sse2, sse3, ssse3, sse4.1, sse4.2, popcnt, avx, avx2, aes, clmul, erms, lzcnt, tsc, tscinvbit, bmi1, bmi2

Memory: 4k page, physical 20909416k(9319668k free), swap 33648660k(7423872k free)

vm_info: OpenJDK 64-Bit Server VM (25.282-b08) for windows-amd64 JRE (1.8.0_282-b08), built on Jan 20 2021 11:42:17 by "jenkins" with MS VC++ 12.0 (VS2013)

time: Mon Mar 29 01:30:00 2021
timezone: RTZ 2 (ceia)
elapsed time: 5.172461 seconds (0d 0h 0m 5s)

