#
# A fatal error has been detected by the Java Runtime Environment:
#
#  EXCEPTION_ACCESS_VIOLATION (0xc0000005) at pc=0x00007ffc1be9ecfd, pid=21536, tid=0x00000000000066ac
#
# JRE version: OpenJDK Runtime Environment (8.0_282-b08) (build 1.8.0_282-b08)
# Java VM: OpenJDK 64-Bit Server VM (25.282-b08 mixed mode windows-amd64 compressed oops)
# Problematic frame:
# C  [lwjgl_opengl.dll+0xecfd]
#
# Failed to write core dump. Minidumps are not enabled by default on client versions of Windows
#
# If you would like to submit a bug report, please visit:
#   https://github.com/AdoptOpenJDK/openjdk-support/issues
# The crash happened outside the Java Virtual Machine in native code.
# See problematic frame for where to report the bug.
#

---------------  T H R E A D  ---------------

Current thread (0x000002917f21c800):  JavaThread "Finalizer" daemon [_thread_in_native, id=26284, stack(0x000000a954a00000,0x000000a954b00000)]

siginfo: ExceptionCode=0xc0000005, reading address 0x00000000000009d8

Registers:
RAX=0x00000000766f9660, RBX=0x0000000000001b64, RCX=0x0000000000000001, RDX=0x0000029100930f00
RSP=0x000000a954afefd8, RBP=0x000000a954aff040, RSI=0x0000029108798b80, RDI=0x0000029100930f00
R8 =0x0000000000000001, R9 =0x0000029100930f00, R10=0x0000000000000000, R11=0x0000000000000001
R12=0x0000000000000000, R13=0x000000a954aff248, R14=0x000000a954aff030, R15=0x000002917f21c800
RIP=0x00007ffc1be9ecfd, EFLAGS=0x0000000000010246

Top of Stack: (sp=0x000000a954afefd8)
0x000000a954afefd8:   0000029163f6ca21 00000291621de800
0x000000a954afefe8:   000000a954aff010 000000a954aff060
0x000000a954afeff8:   0000000000000000 0000000000000000
0x000000a954aff008:   0000000000000000 0000000076144170
0x000000a954aff018:   0000029100000000 00000291621de800
0x000000a954aff028:   00007ffc4b1691d2 000000075aa90eb0
0x000000a954aff038:   0000000000000000 000000a954aff298
0x000000a954aff048:   0000029163f31614 000000a900000000
0x000000a954aff058:   ffffffffffffd8f0 0000000000000048
0x000000a954aff068:   0000029100000001 0000000000000000
0x000000a954aff078:   0000000000000000 0000000000000000
0x000000a954aff088:   0000000076169349 0000000000000000
0x000000a954aff098:   0000000000000000 0000000000000000
0x000000a954aff0a8:   000000007614fad2 0000000010000000
0x000000a954aff0b8:   000000007616529d 000002917f219808
0x000000a954aff0c8:   00000000761e80af 0000000000000001 

Instructions: (pc=0x00007ffc1be9ecfd)
0x00007ffc1be9ecdd:   49 ff a2 00 0f 00 00 cc cc cc cc cc cc cc cc cc
0x00007ffc1be9eced:   cc cc cc 48 8b 01 49 8b d1 41 8b c8 4c 8b 50 18
0x00007ffc1be9ecfd:   49 ff a2 d8 09 00 00 cc cc cc cc cc cc cc cc cc
0x00007ffc1be9ed0d:   cc cc cc 48 8b 01 49 8b d1 41 8b c8 4c 8b 50 18 


Register to memory mapping:

RAX=0x00000000766f9660 is an unknown value
RBX=0x0000000000001b64 is an unknown value
RCX=0x0000000000000001 is an unknown value
RDX=0x0000029100930f00 is an unknown value
RSP=0x000000a954afefd8 is pointing into the stack for thread: 0x000002917f21c800
RBP=0x000000a954aff040 is pointing into the stack for thread: 0x000002917f21c800
RSI=0x0000029108798b80 is pointing into metadata
RDI=0x0000029100930f00 is an unknown value
R8 =0x0000000000000001 is an unknown value
R9 =0x0000029100930f00 is an unknown value
R10=0x0000000000000000 is an unknown value
R11=0x0000000000000001 is an unknown value
R12=0x0000000000000000 is an unknown value
R13=0x000000a954aff248 is pointing into the stack for thread: 0x000002917f21c800
R14=0x000000a954aff030 is pointing into the stack for thread: 0x000002917f21c800
R15=0x000002917f21c800 is a thread


Stack: [0x000000a954a00000,0x000000a954b00000],  sp=0x000000a954afefd8,  free space=1019k
Native frames: (J=compiled Java code, j=interpreted, Vv=VM code, C=native code)
C  [lwjgl_opengl.dll+0xecfd]

Java frames: (J=compiled Java code, j=interpreted, Vv=VM code)
J 1314  org.lwjgl.opengl.GL11.nglDeleteTextures(IJ)V (0 bytes) @ 0x0000029163f6c984 [0x0000029163f6c940+0x44]
J 1264 C1 playn.java.LWJGLGL20.glDeleteTextures(ILjava/nio/IntBuffer;)V (5 bytes) @ 0x0000029163f31614 [0x0000029163f31260+0x3b4]
J 1207 C1 playn.core.Texture.release()V (52 bytes) @ 0x0000029163f0b9e4 [0x0000029163f0b380+0x664]
J 1112 C1 playn.scene.ImageLayer.setTile(Lplayn/core/Tile;)Lplayn/scene/ImageLayer; (47 bytes) @ 0x0000029163ed4704 [0x0000029163ed4540+0x1c4]
j  playn.scene.ImageLayer.finalize()V+5
j  java.lang.System$2.invokeFinalize(Ljava/lang/Object;)V+1
j  java.lang.ref.Finalizer.runFinalizer(Lsun/misc/JavaLangAccess;)V+46
j  java.lang.ref.Finalizer.access$100(Ljava/lang/ref/Finalizer;Lsun/misc/JavaLangAccess;)V+2
j  java.lang.ref.Finalizer$FinalizerThread.run()V+45
v  ~StubRoutines::call_stub

---------------  P R O C E S S  ---------------

Java Threads: ( => current thread )
  0x000002910740d000 JavaThread "pool-1-thread-4" [_thread_in_Java, id=27340, stack(0x000000a955c00000,0x000000a955d00000)]
  0x0000029107409800 JavaThread "pool-1-thread-3" [_thread_in_native, id=24992, stack(0x000000a955b00000,0x000000a955c00000)]
  0x0000029107596800 JavaThread "pool-1-thread-2" [_thread_in_native, id=24400, stack(0x000000a955a00000,0x000000a955b00000)]
  0x0000029107668000 JavaThread "pool-1-thread-1" [_thread_in_native, id=21628, stack(0x000000a955900000,0x000000a955a00000)]
  0x0000029107379000 JavaThread "Java2D Disposer" daemon [_thread_blocked, id=19744, stack(0x000000a955800000,0x000000a955900000)]
  0x000002917fa06800 JavaThread "Service Thread" daemon [_thread_blocked, id=24756, stack(0x000000a955000000,0x000000a955100000)]
  0x000002917f982800 JavaThread "C1 CompilerThread2" daemon [_thread_blocked, id=8312, stack(0x000000a954f00000,0x000000a955000000)]
  0x000002917f97e800 JavaThread "C2 CompilerThread1" daemon [_thread_blocked, id=4776, stack(0x000000a954e00000,0x000000a954f00000)]
  0x000002917f979800 JavaThread "C2 CompilerThread0" daemon [_thread_in_native, id=18244, stack(0x000000a954d00000,0x000000a954e00000)]
  0x000002917f96f800 JavaThread "Attach Listener" daemon [_thread_blocked, id=31576, stack(0x000000a954c00000,0x000000a954d00000)]
  0x000002917f96a800 JavaThread "Signal Dispatcher" daemon [_thread_blocked, id=29912, stack(0x000000a954b00000,0x000000a954c00000)]
=>0x000002917f21c800 JavaThread "Finalizer" daemon [_thread_in_native, id=26284, stack(0x000000a954a00000,0x000000a954b00000)]
  0x000002917f946000 JavaThread "Reference Handler" daemon [_thread_blocked, id=27240, stack(0x000000a954900000,0x000000a954a00000)]
  0x00000291621ca000 JavaThread "main" [_thread_in_native, id=22664, stack(0x000000a954300000,0x000000a954400000)]

Other Threads:
  0x000002917f923000 VMThread [stack: 0x000000a954800000,0x000000a954900000] [id=4316]
  0x000002917fa09800 WatcherThread [stack: 0x000000a955100000,0x000000a955200000] [id=27620]

VM state:not at safepoint (normal execution)

VM Mutex/Monitor currently owned by a thread: None

heap address: 0x0000000680e00000, size: 5106 MB, Compressed Oops mode: Zero based, Oop shift amount: 3
Narrow klass base: 0x0000000000000000, Narrow klass shift: 3
Compressed class space size: 1073741824 Address: 0x00000007c0000000

Heap:
 PSYoungGen      total 95744K, used 21250K [0x0000000755a00000, 0x000000075c480000, 0x00000007c0000000)
  eden space 82432K, 17% used [0x0000000755a00000,0x00000007567b9c20,0x000000075aa80000)
  from space 13312K, 54% used [0x000000075aa80000,0x000000075b186dd0,0x000000075b780000)
  to   space 13312K, 0% used [0x000000075b780000,0x000000075b780000,0x000000075c480000)
 ParOldGen       total 218624K, used 16K [0x0000000680e00000, 0x000000068e380000, 0x0000000755a00000)
  object space 218624K, 0% used [0x0000000680e00000,0x0000000680e04000,0x000000068e380000)
 Metaspace       used 13085K, capacity 13337K, committed 13696K, reserved 1060864K
  class space    used 1239K, capacity 1327K, committed 1408K, reserved 1048576K

Card table byte_map: [0x0000029172e70000,0x0000029173870000] byte_map_base: 0x000002916fa69000

Marking Bits: (ParMarkBitMap*) 0x000000007676b810
 Begin Bits: [0x0000029173f20000, 0x0000029178ee8000)
 End Bits:   [0x0000029178ee8000, 0x000002917deb0000)

Polling page: 0x0000029163a80000

CodeCache: size=245760Kb used=5039Kb max_used=5051Kb free=240720Kb
 bounds [0x0000029163ab0000, 0x0000029163fb0000, 0x0000029172ab0000]
 total_blobs=2367 nmethods=1369 adapters=910
 compilation: enabled

Compilation events (10 events):
Event: 3.956 Thread 0x000002917f97e800 nmethod 1338 0x0000029163f80290 code [0x0000029163f803c0, 0x0000029163f80458]
Event: 3.960 Thread 0x000002917f979800 1339       4       java.util.HashMap$HashIterator::<init> (79 bytes)
Event: 3.978 Thread 0x000002917f982800 1340  s!   3       com.sun.imageio.stream.CloseableDisposerRecord::dispose (42 bytes)
Event: 3.978 Thread 0x000002917f979800 nmethod 1339 0x0000029163f86e10 code [0x0000029163f86f60, 0x0000029163f87238]
Event: 3.978 Thread 0x000002917f982800 nmethod 1340 0x0000029163f8e850 code [0x0000029163f8e9c0, 0x0000029163f8ee70]
Event: 3.978 Thread 0x000002917f982800 1341   !   3       java.lang.ref.Reference::tryHandlePending (115 bytes)
Event: 3.979 Thread 0x000002917f982800 nmethod 1341 0x0000029163f87990 code [0x0000029163f87bc0, 0x0000029163f88890]
Event: 3.979 Thread 0x000002917f982800 1344  s    3       java.util.Hashtable::remove (133 bytes)
Event: 3.979 Thread 0x000002917f982800 nmethod 1344 0x0000029163f8db10 code [0x0000029163f8dcc0, 0x0000029163f8e520]
Event: 3.979 Thread 0x000002917f982800 1343   !   3       java.lang.ref.ReferenceQueue::enqueue (119 bytes)

GC Heap History (2 events):
Event: 3.973 GC heap before
{Heap before GC invocations=1 (full 0):
 PSYoungGen      total 95744K, used 82432K [0x0000000755a00000, 0x000000075c480000, 0x00000007c0000000)
  eden space 82432K, 100% used [0x0000000755a00000,0x000000075aa80000,0x000000075aa80000)
  from space 13312K, 0% used [0x000000075b780000,0x000000075b780000,0x000000075c480000)
  to   space 13312K, 0% used [0x000000075aa80000,0x000000075aa80000,0x000000075b780000)
 ParOldGen       total 218624K, used 0K [0x0000000680e00000, 0x000000068e380000, 0x0000000755a00000)
  object space 218624K, 0% used [0x0000000680e00000,0x0000000680e00000,0x000000068e380000)
 Metaspace       used 13066K, capacity 13337K, committed 13696K, reserved 1060864K
  class space    used 1239K, capacity 1327K, committed 1408K, reserved 1048576K
Event: 3.978 GC heap after
Heap after GC invocations=1 (full 0):
 PSYoungGen      total 95744K, used 7195K [0x0000000755a00000, 0x000000075c480000, 0x00000007c0000000)
  eden space 82432K, 0% used [0x0000000755a00000,0x0000000755a00000,0x000000075aa80000)
  from space 13312K, 54% used [0x000000075aa80000,0x000000075b186dd0,0x000000075b780000)
  to   space 13312K, 0% used [0x000000075b780000,0x000000075b780000,0x000000075c480000)
 ParOldGen       total 218624K, used 16K [0x0000000680e00000, 0x000000068e380000, 0x0000000755a00000)
  object space 218624K, 0% used [0x0000000680e00000,0x0000000680e04000,0x000000068e380000)
 Metaspace       used 13066K, capacity 13337K, committed 13696K, reserved 1060864K
  class space    used 1239K, capacity 1327K, committed 1408K, reserved 1048576K
}

Deoptimization events (4 events):
Event: 0.187 Thread 0x00000291621ca000 Uncommon trap: reason=unstable_if action=reinterpret pc=0x0000029163c282d0 method=java.lang.String.indexOf([CII[CIII)I @ 123
Event: 0.187 Thread 0x00000291621ca000 Uncommon trap: reason=unstable_if action=reinterpret pc=0x0000029163bff43c method=java.lang.String.indexOf([CII[CIII)I @ 123
Event: 0.341 Thread 0x00000291621ca000 Uncommon trap: reason=unstable_if action=reinterpret pc=0x0000029163ca6830 method=java.lang.String.indexOf([CII[CIII)I @ 3
Event: 1.560 Thread 0x00000291621ca000 Uncommon trap: reason=unstable_if action=reinterpret pc=0x0000029163dee210 method=playn.core.Game.onFrame()V @ 28

Classes redefined (0 events):
No events

Internal exceptions (10 events):
Event: 0.190 Thread 0x00000291621ca000 Exception <a 'java/security/PrivilegedActionException'> (0x0000000755e2f840) thrown at [J:\jenkins\tmp\workspace\build\src\hotspot\src\share\vm\prims\jvm.cpp, line 1523]
Event: 0.190 Thread 0x00000291621ca000 Exception <a 'java/security/PrivilegedActionException'> (0x0000000755e2fa50) thrown at [J:\jenkins\tmp\workspace\build\src\hotspot\src\share\vm\prims\jvm.cpp, line 1523]
Event: 0.218 Thread 0x00000291621ca000 Exception <a 'java/lang/NoSuchMethodError': java.lang.Object.lambda$static$0(Ljava/lang/String;)Ljava/lang/Boolean;> (0x0000000755ece970) thrown at [J:\jenkins\tmp\workspace\build\src\hotspot\src\share\vm\interpreter\linkResolver.cpp, line 620]
Event: 0.230 Thread 0x00000291621ca000 Exception <a 'java/lang/NoSuchFieldError': method resolution failed> (0x0000000755f46710) thrown at [J:\jenkins\tmp\workspace\build\src\hotspot\src\share\vm\prims\methodHandles.cpp, line 1169]
Event: 0.231 Thread 0x00000291621ca000 Exception <a 'java/lang/NoSuchFieldError': method resolution failed> (0x0000000755f53b40) thrown at [J:\jenkins\tmp\workspace\build\src\hotspot\src\share\vm\prims\methodHandles.cpp, line 1169]
Event: 1.102 Thread 0x00000291621ca000 Exception <a 'sun/nio/fs/WindowsException'> (0x000000075643b228) thrown at [J:\jenkins\tmp\workspace\build\src\hotspot\src\share\vm\prims\jni.cpp, line 711]
Event: 1.102 Thread 0x00000291621ca000 Exception <a 'sun/nio/fs/WindowsException'> (0x000000075643ba60) thrown at [J:\jenkins\tmp\workspace\build\src\hotspot\src\share\vm\prims\jni.cpp, line 711]
Event: 1.479 Thread 0x00000291621ca000 Exception <a 'java/io/FileNotFoundException'> (0x0000000756d72348) thrown at [J:\jenkins\tmp\workspace\build\src\hotspot\src\share\vm\prims\jni.cpp, line 711]
Event: 1.495 Thread 0x00000291621ca000 Exception <a 'java/lang/ClassNotFoundException': sun/dc/DuctusRenderingEngine> (0x0000000756dc5fa0) thrown at [J:\jenkins\tmp\workspace\build\src\hotspot\src\share\vm\classfile\systemDictionary.cpp, line 217]
Event: 1.516 Thread 0x00000291621ca000 Exception <a 'java/io/FileNotFoundException'> (0x0000000756dd9768) thrown at [J:\jenkins\tmp\workspace\build\src\hotspot\src\share\vm\prims\jni.cpp, line 711]

Events (10 events):
Event: 2.273 loading class java/util/concurrent/locks/LockSupport
Event: 2.273 loading class java/util/concurrent/locks/LockSupport done
Event: 2.277 Thread 0x0000029107668000 DEOPT PACKING pc=0x0000029163e295cf sp=0x000000a9559fed10
Event: 2.277 Thread 0x0000029107668000 DEOPT UNPACKING pc=0x0000029163af75d8 sp=0x000000a9559fec38 mode 0
Event: 2.277 Thread 0x000002910740d000 DEOPT PACKING pc=0x0000029163e295cf sp=0x000000a955cfec60
Event: 2.277 Thread 0x000002910740d000 DEOPT UNPACKING pc=0x0000029163af75d8 sp=0x000000a955cfeb88 mode 0
Event: 3.788 Thread 0x0000029107668000 DEOPT PACKING pc=0x0000029163c33bdc sp=0x000000a9559fed70
Event: 3.788 Thread 0x0000029107668000 DEOPT UNPACKING pc=0x0000029163af75d8 sp=0x000000a9559febe8 mode 0
Event: 3.962 Executing VM operation: ParallelGCFailedAllocation
Event: 3.978 Executing VM operation: ParallelGCFailedAllocation done


Dynamic libraries:
0x00007ff73fa90000 - 0x00007ff73faca000 	G:\adopt\jre\bin\java.exe
0x00007ffc4ebb0000 - 0x00007ffc4ed91000 	C:\WINDOWS\SYSTEM32\ntdll.dll
0x00007ffc4c7a0000 - 0x00007ffc4c851000 	C:\WINDOWS\System32\KERNEL32.DLL
0x00007ffc4b130000 - 0x00007ffc4b3a3000 	C:\WINDOWS\System32\KERNELBASE.dll
0x00007ffc4c100000 - 0x00007ffc4c1a1000 	C:\WINDOWS\System32\ADVAPI32.dll
0x00007ffc4ea30000 - 0x00007ffc4eace000 	C:\WINDOWS\System32\msvcrt.dll
0x00007ffc4e5b0000 - 0x00007ffc4e60b000 	C:\WINDOWS\System32\sechost.dll
0x00007ffc4c220000 - 0x00007ffc4c344000 	C:\WINDOWS\System32\RPCRT4.dll
0x00007ffc4e890000 - 0x00007ffc4ea21000 	C:\WINDOWS\System32\USER32.dll
0x00007ffc4b500000 - 0x00007ffc4b520000 	C:\WINDOWS\System32\win32u.dll
0x00007ffc4e860000 - 0x00007ffc4e888000 	C:\WINDOWS\System32\GDI32.dll
0x00007ffc4b710000 - 0x00007ffc4b8a3000 	C:\WINDOWS\System32\gdi32full.dll
0x00007ffc4b460000 - 0x00007ffc4b4ff000 	C:\WINDOWS\System32\msvcp_win.dll
0x00007ffc4af50000 - 0x00007ffc4b048000 	C:\WINDOWS\System32\ucrtbase.dll
0x00007ffc38a60000 - 0x00007ffc38cc9000 	C:\WINDOWS\WinSxS\amd64_microsoft.windows.common-controls_6595b64144ccf1df_6.0.17134.1902_none_d3fc12d37c93a894\COMCTL32.dll
0x00007ffc4dee0000 - 0x00007ffc4e201000 	C:\WINDOWS\System32\combase.dll
0x00007ffc4b0b0000 - 0x00007ffc4b129000 	C:\WINDOWS\System32\bcryptPrimitives.dll
0x00007ffc4e360000 - 0x00007ffc4e38d000 	C:\WINDOWS\System32\IMM32.DLL
0x00007ffc1d350000 - 0x00007ffc1d43f000 	G:\adopt\jre\bin\msvcr120.dll
0x00007ffc1e790000 - 0x00007ffc1e836000 	G:\adopt\jre\bin\msvcp120.dll
0x0000000075f80000 - 0x00000000767ea000 	G:\adopt\jre\bin\server\jvm.dll
0x00007ffc4e850000 - 0x00007ffc4e858000 	C:\WINDOWS\System32\PSAPI.DLL
0x00007ffc49150000 - 0x00007ffc49173000 	C:\WINDOWS\SYSTEM32\WINMM.dll
0x00007ffc3c100000 - 0x00007ffc3c109000 	C:\WINDOWS\SYSTEM32\WSOCK32.dll
0x00007ffc46a10000 - 0x00007ffc46a1a000 	C:\WINDOWS\SYSTEM32\VERSION.dll
0x00007ffc49120000 - 0x00007ffc4914a000 	C:\WINDOWS\SYSTEM32\winmmbase.dll
0x00007ffc4bfd0000 - 0x00007ffc4c019000 	C:\WINDOWS\System32\cfgmgr32.dll
0x00007ffc4c1b0000 - 0x00007ffc4c21c000 	C:\WINDOWS\System32\ws2_32.DLL
0x00007ffc3bc90000 - 0x00007ffc3bc9f000 	G:\adopt\jre\bin\verify.dll
0x00007ffc3bbf0000 - 0x00007ffc3bc19000 	G:\adopt\jre\bin\java.dll
0x00007ffc3aad0000 - 0x00007ffc3aae6000 	G:\adopt\jre\bin\zip.dll
0x00007ffc4c860000 - 0x00007ffc4dca5000 	C:\WINDOWS\System32\SHELL32.dll
0x00007ffc4ead0000 - 0x00007ffc4eb79000 	C:\WINDOWS\System32\shcore.dll
0x00007ffc4b8b0000 - 0x00007ffc4bfc5000 	C:\WINDOWS\System32\windows.storage.dll
0x00007ffc4de50000 - 0x00007ffc4dea1000 	C:\WINDOWS\System32\shlwapi.dll
0x00007ffc4aeb0000 - 0x00007ffc4aec1000 	C:\WINDOWS\System32\kernel.appcore.dll
0x00007ffc4ae90000 - 0x00007ffc4aeaf000 	C:\WINDOWS\System32\profapi.dll
0x00007ffc4af00000 - 0x00007ffc4af4c000 	C:\WINDOWS\System32\powrprof.dll
0x00007ffc4aed0000 - 0x00007ffc4aeda000 	C:\WINDOWS\System32\FLTLIB.DLL
0x00007ffc3a580000 - 0x00007ffc3a59a000 	G:\adopt\jre\bin\net.dll
0x00007ffc4a6b0000 - 0x00007ffc4a716000 	C:\WINDOWS\system32\mswsock.dll
0x00007ffc38d60000 - 0x00007ffc38d72000 	G:\adopt\jre\bin\nio.dll
0x00007ffc1c730000 - 0x00007ffc1c787000 	C:\Users\VovanJapan\AppData\Local\Temp\lwjglVovanJapan\3.1.2-build-29\lwjgl.dll
0x00007ffc38d20000 - 0x00007ffc38d5d000 	C:\Users\VOVANJ~1\AppData\Local\Temp\lwjglVovanJapan\3.1.2-build-29\glfw.dll
0x00007ffc492f0000 - 0x00007ffc49388000 	C:\WINDOWS\system32\uxtheme.dll
0x00007ffc1bef0000 - 0x00007ffc1bf33000 	C:\WINDOWS\SYSTEM32\dinput8.dll
0x00007ffc3a710000 - 0x00007ffc3a720000 	C:\WINDOWS\SYSTEM32\xinput1_4.dll
0x00007ffc4aab0000 - 0x00007ffc4aad7000 	C:\WINDOWS\SYSTEM32\DEVOBJ.dll
0x00007ffc3cb00000 - 0x00007ffc3cb79000 	C:\WINDOWS\SYSTEM32\inputhost.dll
0x00007ffc46860000 - 0x00007ffc469ad000 	C:\WINDOWS\SYSTEM32\wintypes.dll
0x00007ffc48fd0000 - 0x00007ffc490aa000 	C:\WINDOWS\SYSTEM32\CoreMessaging.dll
0x00007ffc46350000 - 0x00007ffc4666e000 	C:\WINDOWS\SYSTEM32\CoreUIComponents.dll
0x00007ffc49f80000 - 0x00007ffc49fb1000 	C:\WINDOWS\SYSTEM32\ntmarta.dll
0x00007ffc49540000 - 0x00007ffc49569000 	C:\WINDOWS\SYSTEM32\dwmapi.dll
0x00007ffc4e430000 - 0x00007ffc4e5a4000 	C:\WINDOWS\System32\MSCTF.dll
0x00007ffc4e610000 - 0x00007ffc4e6d2000 	C:\WINDOWS\System32\OLEAUT32.dll
0x00007ffc49ad0000 - 0x00007ffc49adc000 	C:\WINDOWS\SYSTEM32\HID.DLL
0x00007ffc4c350000 - 0x00007ffc4c79b000 	C:\WINDOWS\System32\SETUPAPI.DLL
0x00007ffc4b050000 - 0x00007ffc4b0a7000 	C:\WINDOWS\System32\WINTRUST.dll
0x00007ffc4aee0000 - 0x00007ffc4aef2000 	C:\WINDOWS\System32\MSASN1.dll
0x00007ffc4b520000 - 0x00007ffc4b702000 	C:\WINDOWS\System32\CRYPT32.dll
0x00007ffc1ae60000 - 0x00007ffc1af80000 	C:\WINDOWS\SYSTEM32\opengl32.dll
0x00007ffc362d0000 - 0x00007ffc362fc000 	C:\WINDOWS\SYSTEM32\GLU32.dll
0x00007ffbf4bd0000 - 0x00007ffbf7558000 	C:\WINDOWS\System32\DriverStore\FileRepository\nv_dispi.inf_amd64_e44a509137af5639\nvoglv64.dll
0x00007ffc4e6e0000 - 0x00007ffc4e832000 	C:\WINDOWS\System32\ole32.dll
0x00007ffc47ab0000 - 0x00007ffc47ac3000 	C:\WINDOWS\SYSTEM32\WTSAPI32.dll
0x00007ffc46690000 - 0x00007ffc466be000 	C:\WINDOWS\SYSTEM32\cryptnet.dll
0x00007ffc4a860000 - 0x00007ffc4a86b000 	C:\WINDOWS\SYSTEM32\cryptbase.dll
0x00007ffc04090000 - 0x00007ffc04349000 	C:\WINDOWS\system32\nvspcap64.dll
0x00007ffc4ac90000 - 0x00007ffc4ace6000 	C:\WINDOWS\SYSTEM32\WINSTA.dll
0x00007ffc3cbb0000 - 0x00007ffc3cc46000 	C:\WINDOWS\System32\TextInputFramework.dll
0x00007ffc1be90000 - 0x00007ffc1beec000 	C:\Users\VovanJapan\AppData\Local\Temp\lwjglVovanJapan\3.1.2-build-29\lwjgl_opengl.dll
0x00007ffc1acc0000 - 0x00007ffc1ae55000 	G:\adopt\jre\bin\awt.dll
0x00007ffc49180000 - 0x00007ffc4920b000 	C:\WINDOWS\SYSTEM32\apphelp.dll
0x00007ffc306c0000 - 0x00007ffc30889000 	C:\WINDOWS\SYSTEM32\dbghelp.dll

VM Arguments:
jvm_args: -Dfoo=bar 
java_command: playn.sample.hello.java.HelloGameJava
java_class_path (initial): G:\GitHub\warpdeath\playn-samples-master\hello\java\target\classes;G:\GitHub\warpdeath\playn-samples-master\hello\core\target\classes;C:\Users\VovanJapan\.m2\repository\io\playn\playn-scene\2.0\playn-scene-2.0.jar;C:\Users\VovanJapan\.m2\repository\io\playn\playn-core\2.0\playn-core-2.0.jar;C:\Users\VovanJapan\.m2\repository\com\samskivert\pythagoras\1.4.3\pythagoras-1.4.3.jar;C:\Users\VovanJapan\.m2\repository\com\threerings\react\1.5.3\react-1.5.3.jar;G:\GitHub\warpdeath\playn-samples-master\hello\assets\target\classes;C:\Users\VovanJapan\.m2\repository\io\playn\playn-java-lwjgl\2.0\playn-java-lwjgl-2.0.jar;C:\Users\VovanJapan\.m2\repository\io\playn\playn-java-base\2.0\playn-java-base-2.0.jar;C:\Users\VovanJapan\.m2\repository\com\googlecode\soundlibs\mp3spi\1.9.5-1\mp3spi-1.9.5-1.jar;C:\Users\VovanJapan\.m2\repository\com\googlecode\soundlibs\jlayer\1.0.1-1\jlayer-1.0.1-1.jar;C:\Users\VovanJapan\.m2\repository\com\googlecode\soundlibs\tritonus-share\0.3.7-1\tritonus-share-0.3.7-1.jar;C:\Users\VovanJapan\.m2\repository\org\java-websocket\Java-WebSocket\1.3.0\Java-WebSocket-1.3.0.jar;C:\Users\VovanJapan\.m2\repository\org\lwjgl\lwjgl\3.1.2\lwjgl-3.1.2.jar;C:\Users\VovanJapan\.m2\repository\org\lwjgl\lwjgl\3.1.2\lwjgl-3.1.2-natives-linux.jar;C:\Users\VovanJapan\.m2\repository\org\lwjgl\lwjgl\3.1.2\lwjgl-3.1.2-natives-windows.jar;C:\Users\VovanJapan\.m2\repository\org\lwjgl\lwjgl\3.1.2\lwjgl-3.1.2-natives-macos.jar;C:\Users\VovanJapan\.m2\repository\org\lwjgl\lwjgl-opengl\3.1.2\lwjgl-opengl-3.1.2.jar;C:\Users\VovanJapan\.m2\repository\org\lwjgl\lwjgl-opengl\3.1.2\lwjgl-opengl-3.1.2-natives-linux.jar;C:\Users\VovanJapan\.m2\repository\org\lwjgl\lwjgl-opengl\3.1.2\lwjgl-opengl-3.1.2-natives-windows.jar;C:\Users\VovanJapan\.m2\repository\org\lwjgl\lwjgl-opengl\3.1.2\lwjgl-opengl-3.1.2-natives-macos.jar;C:\Users\VovanJapan\.m2\repository\org\lwjgl\lwjgl-glfw\3.1.2\lwjgl-glfw-3.1.2.jar;C:\Users\VovanJapan\.m2\repository\org\lwjgl\lwjgl-glfw\3
Launcher Type: SUN_STANDARD

Environment Variables:
PATH=G:\adopt\bin;C:\Program Files (x86)\Common Files\Oracle\Java\javapath;C:\Windows\system32;C:\Windows;C:\Windows\System32\Wbem;C:\Windows\System32\WindowsPowerShell\v1.0\;C:\Program Files\NVIDIA Corporation\NVIDIA NvDLISR;C:\Program Files (x86)\NVIDIA Corporation\PhysX\Common;C:\WINDOWS\system32;C:\WINDOWS;C:\WINDOWS\System32\Wbem;C:\WINDOWS\System32\WindowsPowerShell\v1.0\;C:\WINDOWS\System32\OpenSSH\;C:\Program Files\TortoiseSVN\bin;G:\gtksharp\bin;C:\Users\VovanJapan\AppData\Local\Microsoft\WindowsApps;C:\Users\VovanJapan\AppData\Local\atom\bin;E:\code\bin;C:\mingw-w64\mingw64\bin;G:\IntelliJ\IntelliJ IDEA Community Edition 2020.2.3\bin;;G:\javatest\apache-maven-3.6.3\bin;C:\Users\VovanJapan\AppData\Local\GitHubDesktop\bin
USERNAME=VovanJapan
OS=Windows_NT
PROCESSOR_IDENTIFIER=Intel64 Family 6 Model 60 Stepping 3, GenuineIntel



---------------  S Y S T E M  ---------------

OS: Windows 10.0 , 64 bit Build 17134 (10.0.17134.1425)

CPU:total 4 (initial active 4) (4 cores per cpu, 1 threads per core) family 6 model 60 stepping 3, cmov, cx8, fxsr, mmx, sse, sse2, sse3, ssse3, sse4.1, sse4.2, popcnt, avx, avx2, aes, clmul, erms, lzcnt, tsc, tscinvbit, bmi1, bmi2

Memory: 4k page, physical 20909416k(9326392k free), swap 33648660k(7581184k free)

vm_info: OpenJDK 64-Bit Server VM (25.282-b08) for windows-amd64 JRE (1.8.0_282-b08), built on Jan 20 2021 11:42:17 by "jenkins" with MS VC++ 12.0 (VS2013)

time: Mon Mar 29 01:30:13 2021
timezone: RTZ 2 (ceia)
elapsed time: 4.062010 seconds (0d 0h 0m 4s)

