#
# A fatal error has been detected by the Java Runtime Environment:
#
#  EXCEPTION_ACCESS_VIOLATION (0xc0000005) at pc=0x00007ffc1beeecfd, pid=34744, tid=0x0000000000008d34
#
# JRE version: OpenJDK Runtime Environment (8.0_282-b08) (build 1.8.0_282-b08)
# Java VM: OpenJDK 64-Bit Server VM (25.282-b08 mixed mode windows-amd64 compressed oops)
# Problematic frame:
# C  [lwjgl_opengl.dll+0xecfd]
#
# Failed to write core dump. Minidumps are not enabled by default on client versions of Windows
#
# If you would like to submit a bug report, please visit:
#   https://github.com/AdoptOpenJDK/openjdk-support/issues
# The crash happened outside the Java Virtual Machine in native code.
# See problematic frame for where to report the bug.
#

---------------  T H R E A D  ---------------

Current thread (0x000001c06ecbc800):  JavaThread "Finalizer" daemon [_thread_in_native, id=36148, stack(0x0000002906c00000,0x0000002906d00000)]

siginfo: ExceptionCode=0xc0000005, reading address 0x00000000000009d8

Registers:
RAX=0x00000000766f9660, RBX=0x000001c06ea5c880, RCX=0x0000000000000001, RDX=0x000001c0703604c0
RSP=0x0000002906cfeb18, RBP=0x0000002906cfeb98, RSI=0x000001c0703604c0, RDI=0x0000000000000118
R8 =0x0000000000000001, R9 =0x000001c0703604c0, R10=0x0000000000000000, R11=0x0000000076181670
R12=0x0000000000000000, R13=0x000001c06ea5c880, R14=0x0000002906cfebc8, R15=0x000001c06ecbc800
RIP=0x00007ffc1beeecfd, EFLAGS=0x0000000000010202

Top of Stack: (sp=0x0000002906cfeb18)
0x0000002906cfeb18:   000001c053569c8e 0000002906cfeb68
0x0000002906cfeb28:   000001c06e835358 0000000000000000
0x0000002906cfeb38:   000001c06e830368 0000000000000000
0x0000002906cfeb48:   0000002906cfeb60 0000002906cfebb0
0x0000002906cfeb58:   0000002906cfeb58 0000000000000000
0x0000002906cfeb68:   0000002906cfebc8 000001c06ea7a0d0
0x0000002906cfeb78:   0000000000000000 000001c06ea5c880
0x0000002906cfeb88:   0000000000000000 0000002906cfebb8
0x0000002906cfeb98:   0000002906cfec10 000001c0535580bd
0x0000002906cfeba8:   000000075b12af50 000001c053562ab8
0x0000002906cfebb8:   000001c0703604c0 000000075aa96dd8
0x0000002906cfebc8:   0000000000000001 0000002906cfebd0
0x0000002906cfebd8:   000001c06ea5c920 0000002906cfec20
0x0000002906cfebe8:   000001c06ea7a0d0 0000000000000000
0x0000002906cfebf8:   000001c06ea5c938 0000002906cfebb8
0x0000002906cfec08:   0000002906cfec20 0000002906cfec68 

Instructions: (pc=0x00007ffc1beeecfd)
0x00007ffc1beeecdd:   49 ff a2 00 0f 00 00 cc cc cc cc cc cc cc cc cc
0x00007ffc1beeeced:   cc cc cc 48 8b 01 49 8b d1 41 8b c8 4c 8b 50 18
0x00007ffc1beeecfd:   49 ff a2 d8 09 00 00 cc cc cc cc cc cc cc cc cc
0x00007ffc1beeed0d:   cc cc cc 48 8b 01 49 8b d1 41 8b c8 4c 8b 50 18 


Register to memory mapping:

RAX=0x00000000766f9660 is an unknown value
RBX={method} {0x000001c06ea5c888} 'nglDeleteTextures' '(IJ)V' in 'org/lwjgl/opengl/GL11'
RCX=0x0000000000000001 is an unknown value
RDX=0x000001c0703604c0 is an unknown value
RSP=0x0000002906cfeb18 is pointing into the stack for thread: 0x000001c06ecbc800
RBP=0x0000002906cfeb98 is pointing into the stack for thread: 0x000001c06ecbc800
RSI=0x000001c0703604c0 is an unknown value
RDI=0x0000000000000118 is an unknown value
R8 =0x0000000000000001 is an unknown value
R9 =0x000001c0703604c0 is an unknown value
R10=0x0000000000000000 is an unknown value
R11=0x0000000076181670 is an unknown value
R12=0x0000000000000000 is an unknown value
R13={method} {0x000001c06ea5c888} 'nglDeleteTextures' '(IJ)V' in 'org/lwjgl/opengl/GL11'
R14=0x0000002906cfebc8 is pointing into the stack for thread: 0x000001c06ecbc800
R15=0x000001c06ecbc800 is a thread


Stack: [0x0000002906c00000,0x0000002906d00000],  sp=0x0000002906cfeb18,  free space=1018k
Native frames: (J=compiled Java code, j=interpreted, Vv=VM code, C=native code)
C  [lwjgl_opengl.dll+0xecfd]

Java frames: (J=compiled Java code, j=interpreted, Vv=VM code)
j  org.lwjgl.opengl.GL11.nglDeleteTextures(IJ)V+0
j  org.lwjgl.opengl.GL11.glDeleteTextures(Ljava/nio/IntBuffer;)V+8
j  playn.java.LWJGLGL20.glDeleteTextures(ILjava/nio/IntBuffer;)V+1
J 1133 C1 playn.core.Texture.release()V (52 bytes) @ 0x000001c053a0f924 [0x000001c053a0f2c0+0x664]
J 1041 C1 playn.scene.ImageLayer.setTile(Lplayn/core/Tile;)Lplayn/scene/ImageLayer; (47 bytes) @ 0x000001c0539c2fc4 [0x000001c0539c2e00+0x1c4]
j  playn.scene.ImageLayer.finalize()V+5
j  java.lang.System$2.invokeFinalize(Ljava/lang/Object;)V+1
j  java.lang.ref.Finalizer.runFinalizer(Lsun/misc/JavaLangAccess;)V+46
J 1158 C1 java.lang.ref.Finalizer.access$100(Ljava/lang/ref/Finalizer;Lsun/misc/JavaLangAccess;)V (6 bytes) @ 0x000001c053a3429c [0x000001c053a34240+0x5c]
j  java.lang.ref.Finalizer$FinalizerThread.run()V+45
v  ~StubRoutines::call_stub

---------------  P R O C E S S  ---------------

Java Threads: ( => current thread )
  0x000001c07728b800 JavaThread "Direct Clip" daemon [_thread_blocked, id=7800, stack(0x0000002908600000,0x0000002908700000)]
  0x000001c07707c800 JavaThread "Direct Clip" daemon [_thread_blocked, id=23236, stack(0x0000002908500000,0x0000002908600000)]
  0x000001c0770e5800 JavaThread "Direct Clip" daemon [_thread_blocked, id=36228, stack(0x0000002908400000,0x0000002908500000)]
  0x000001c0772a3000 JavaThread "Java Sound Event Dispatcher" daemon [_thread_blocked, id=7176, stack(0x0000002908100000,0x0000002908200000)]
  0x000001c076f09800 JavaThread "pool-1-thread-4" [_thread_blocked, id=36608, stack(0x0000002907e00000,0x0000002907f00000)]
  0x000001c076e48000 JavaThread "pool-1-thread-3" [_thread_in_Java, id=31808, stack(0x0000002907d00000,0x0000002907e00000)]
  0x000001c076e47000 JavaThread "pool-1-thread-2" [_thread_in_vm, id=36736, stack(0x0000002907c00000,0x0000002907d00000)]
  0x000001c076e46800 JavaThread "pool-1-thread-1" [_thread_blocked, id=36040, stack(0x0000002907b00000,0x0000002907c00000)]
  0x000001c076da4000 JavaThread "Java2D Disposer" daemon [_thread_blocked, id=8568, stack(0x0000002907a00000,0x0000002907b00000)]
  0x000001c06f49f000 JavaThread "Service Thread" daemon [_thread_blocked, id=9196, stack(0x0000002907200000,0x0000002907300000)]
  0x000001c06f41f800 JavaThread "C1 CompilerThread2" daemon [_thread_blocked, id=32160, stack(0x0000002907100000,0x0000002907200000)]
  0x000001c06f416800 JavaThread "C2 CompilerThread1" daemon [_thread_in_native, id=7472, stack(0x0000002907000000,0x0000002907100000)]
  0x000001c06f418800 JavaThread "C2 CompilerThread0" daemon [_thread_in_native, id=36432, stack(0x0000002906f00000,0x0000002907000000)]
  0x000001c06f405800 JavaThread "Attach Listener" daemon [_thread_blocked, id=9012, stack(0x0000002906e00000,0x0000002906f00000)]
  0x000001c06f40c000 JavaThread "Signal Dispatcher" daemon [_thread_blocked, id=34428, stack(0x0000002906d00000,0x0000002906e00000)]
=>0x000001c06ecbc800 JavaThread "Finalizer" daemon [_thread_in_native, id=36148, stack(0x0000002906c00000,0x0000002906d00000)]
  0x000001c06f3e6800 JavaThread "Reference Handler" daemon [_thread_blocked, id=10964, stack(0x0000002906b00000,0x0000002906c00000)]
  0x000001c051bfa800 JavaThread "main" [_thread_in_native, id=36144, stack(0x0000002906500000,0x0000002906600000)]

Other Threads:
  0x000001c06f3c2000 VMThread [stack: 0x0000002906a00000,0x0000002906b00000] [id=36308]
  0x000001c06f4aa800 WatcherThread [stack: 0x0000002907300000,0x0000002907400000] [id=36188]

VM state:not at safepoint (normal execution)

VM Mutex/Monitor currently owned by a thread: None

heap address: 0x0000000680e00000, size: 5106 MB, Compressed Oops mode: Zero based, Oop shift amount: 3
Narrow klass base: 0x0000000000000000, Narrow klass shift: 3
Compressed class space size: 1073741824 Address: 0x00000007c0000000

Heap:
 PSYoungGen      total 95744K, used 26478K [0x0000000755a00000, 0x000000075c480000, 0x00000007c0000000)
  eden space 82432K, 15% used [0x0000000755a00000,0x00000007566def28,0x000000075aa80000)
  from space 13312K, 99% used [0x000000075aa80000,0x000000075b77ca10,0x000000075b780000)
  to   space 13312K, 0% used [0x000000075b780000,0x000000075b780000,0x000000075c480000)
 ParOldGen       total 218624K, used 4570K [0x0000000680e00000, 0x000000068e380000, 0x0000000755a00000)
  object space 218624K, 2% used [0x0000000680e00000,0x0000000681276958,0x000000068e380000)
 Metaspace       used 13806K, capacity 14035K, committed 14336K, reserved 1062912K
  class space    used 1357K, capacity 1430K, committed 1536K, reserved 1048576K

Card table byte_map: [0x000001c062910000,0x000001c063310000] byte_map_base: 0x000001c05f509000

Marking Bits: (ParMarkBitMap*) 0x000000007676b810
 Begin Bits: [0x000001c0639c0000, 0x000001c068988000)
 End Bits:   [0x000001c068988000, 0x000001c06d950000)

Polling page: 0x000001c051ba0000

CodeCache: size=245760Kb used=5039Kb max_used=5043Kb free=240720Kb
 bounds [0x000001c053550000, 0x000001c053a50000, 0x000001c062550000]
 total_blobs=2177 nmethods=1168 adapters=922
 compilation: enabled

Compilation events (10 events):
Event: 2.002 Thread 0x000001c06f41f800 nmethod 1152 0x000001c053a175d0 code [0x000001c053a17760, 0x000001c053a17ef0]
Event: 2.002 Thread 0x000001c06f41f800 1155       3       java.lang.ref.ReferenceQueue::remove (6 bytes)
Event: 2.002 Thread 0x000001c06f41f800 nmethod 1155 0x000001c053a171d0 code [0x000001c053a17340, 0x000001c053a17550]
Event: 2.002 Thread 0x000001c06f41f800 1158       3       java.lang.ref.Finalizer::access$100 (6 bytes)
Event: 2.002 Thread 0x000001c06f41f800 nmethod 1158 0x000001c053a340d0 code [0x000001c053a34240, 0x000001c053a343b0]
Event: 2.002 Thread 0x000001c06f41f800 1153       3       java.lang.ref.ReferenceQueue::reallyPoll (65 bytes)
Event: 2.002 Thread 0x000001c06f41f800 nmethod 1153 0x000001c053a34490 code [0x000001c053a34600, 0x000001c053a34a98]
Event: 2.002 Thread 0x000001c06f41f800 1154       3       java.lang.ref.Reference::clear (6 bytes)
Event: 2.002 Thread 0x000001c06f41f800 nmethod 1154 0x000001c053a34b90 code [0x000001c053a34ce0, 0x000001c053a34e58]
Event: 2.002 Thread 0x000001c06f41f800 1156   !   3       java.lang.ref.ReferenceQueue::remove (125 bytes)

GC Heap History (2 events):
Event: 1.990 GC heap before
{Heap before GC invocations=1 (full 0):
 PSYoungGen      total 95744K, used 79296K [0x0000000755a00000, 0x000000075c480000, 0x00000007c0000000)
  eden space 82432K, 96% used [0x0000000755a00000,0x000000075a770058,0x000000075aa80000)
  from space 13312K, 0% used [0x000000075b780000,0x000000075b780000,0x000000075c480000)
  to   space 13312K, 0% used [0x000000075aa80000,0x000000075aa80000,0x000000075b780000)
 ParOldGen       total 218624K, used 0K [0x0000000680e00000, 0x000000068e380000, 0x0000000755a00000)
  object space 218624K, 0% used [0x0000000680e00000,0x0000000680e00000,0x000000068e380000)
 Metaspace       used 13780K, capacity 13971K, committed 14336K, reserved 1062912K
  class space    used 1355K, capacity 1430K, committed 1536K, reserved 1048576K
Event: 2.000 GC heap after
Heap after GC invocations=1 (full 0):
 PSYoungGen      total 95744K, used 13298K [0x0000000755a00000, 0x000000075c480000, 0x00000007c0000000)
  eden space 82432K, 0% used [0x0000000755a00000,0x0000000755a00000,0x000000075aa80000)
  from space 13312K, 99% used [0x000000075aa80000,0x000000075b77ca10,0x000000075b780000)
  to   space 13312K, 0% used [0x000000075b780000,0x000000075b780000,0x000000075c480000)
 ParOldGen       total 218624K, used 4570K [0x0000000680e00000, 0x000000068e380000, 0x0000000755a00000)
  object space 218624K, 2% used [0x0000000680e00000,0x0000000681276958,0x000000068e380000)
 Metaspace       used 13780K, capacity 13971K, committed 14336K, reserved 1062912K
  class space    used 1355K, capacity 1430K, committed 1536K, reserved 1048576K
}

Deoptimization events (7 events):
Event: 0.173 Thread 0x000001c051bfa800 Uncommon trap: reason=unstable_if action=reinterpret pc=0x000001c0536c7610 method=java.lang.String.indexOf([CII[CIII)I @ 123
Event: 0.343 Thread 0x000001c051bfa800 Uncommon trap: reason=unstable_if action=reinterpret pc=0x000001c0537523ac method=java.lang.String.indexOf([CII[CIII)I @ 3
Event: 1.741 Thread 0x000001c076e46800 Uncommon trap: reason=unstable_if action=reinterpret pc=0x000001c05390e250 method=javazoom.jl.decoder.BitReserve.hputbuf(I)V @ 110
Event: 1.789 Thread 0x000001c076e46800 Uncommon trap: reason=unstable_if action=reinterpret pc=0x000001c05393d8f4 method=javazoom.jl.decoder.BitReserve.hgetbits(I)I @ 22
Event: 1.792 Thread 0x000001c076e46800 Uncommon trap: reason=unstable_if action=reinterpret pc=0x000001c05390d308 method=javazoom.jl.decoder.BitReserve.hgetbits(I)I @ 22
Event: 1.851 Thread 0x000001c076e48000 Uncommon trap: reason=unstable_if action=reinterpret pc=0x000001c053973284 method=javazoom.jl.decoder.LayerIIIDecoder.hybrid(II)V @ 32
Event: 1.888 Thread 0x000001c076e48000 Uncommon trap: reason=unstable_if action=reinterpret pc=0x000001c0539beb00 method=javazoom.jl.decoder.huffcodetab.huffman_decoder(Ljavazoom/jl/decoder/huffcodetab;[I[I[I[ILjavazoom/jl/decoder/BitReserve;)I @ 31

Classes redefined (0 events):
No events

Internal exceptions (10 events):
Event: 0.176 Thread 0x000001c051bfa800 Exception <a 'java/security/PrivilegedActionException'> (0x0000000755e303c0) thrown at [J:\jenkins\tmp\workspace\build\src\hotspot\src\share\vm\prims\jvm.cpp, line 1523]
Event: 0.176 Thread 0x000001c051bfa800 Exception <a 'java/security/PrivilegedActionException'> (0x0000000755e305d0) thrown at [J:\jenkins\tmp\workspace\build\src\hotspot\src\share\vm\prims\jvm.cpp, line 1523]
Event: 0.206 Thread 0x000001c051bfa800 Exception <a 'java/lang/NoSuchMethodError': java.lang.Object.lambda$static$0(Ljava/lang/String;)Ljava/lang/Boolean;> (0x0000000755ecf7c8) thrown at [J:\jenkins\tmp\workspace\build\src\hotspot\src\share\vm\interpreter\linkResolver.cpp, line 620]
Event: 0.229 Thread 0x000001c051bfa800 Exception <a 'java/lang/NoSuchFieldError': method resolution failed> (0x0000000755f474e0) thrown at [J:\jenkins\tmp\workspace\build\src\hotspot\src\share\vm\prims\methodHandles.cpp, line 1169]
Event: 0.234 Thread 0x000001c051bfa800 Exception <a 'java/lang/NoSuchFieldError': method resolution failed> (0x0000000755f548e0) thrown at [J:\jenkins\tmp\workspace\build\src\hotspot\src\share\vm\prims\methodHandles.cpp, line 1169]
Event: 1.024 Thread 0x000001c051bfa800 Exception <a 'sun/nio/fs/WindowsException'> (0x000000075643c0a8) thrown at [J:\jenkins\tmp\workspace\build\src\hotspot\src\share\vm\prims\jni.cpp, line 711]
Event: 1.024 Thread 0x000001c051bfa800 Exception <a 'sun/nio/fs/WindowsException'> (0x000000075643c8e0) thrown at [J:\jenkins\tmp\workspace\build\src\hotspot\src\share\vm\prims\jni.cpp, line 711]
Event: 1.435 Thread 0x000001c051bfa800 Exception <a 'java/io/FileNotFoundException'> (0x0000000756d77578) thrown at [J:\jenkins\tmp\workspace\build\src\hotspot\src\share\vm\prims\jni.cpp, line 711]
Event: 1.449 Thread 0x000001c051bfa800 Exception <a 'java/lang/ClassNotFoundException': sun/dc/DuctusRenderingEngine> (0x0000000756dcb1d0) thrown at [J:\jenkins\tmp\workspace\build\src\hotspot\src\share\vm\classfile\systemDictionary.cpp, line 217]
Event: 1.461 Thread 0x000001c051bfa800 Exception <a 'java/io/FileNotFoundException'> (0x0000000756dde998) thrown at [J:\jenkins\tmp\workspace\build\src\hotspot\src\share\vm\prims\jni.cpp, line 711]

Events (10 events):
Event: 1.964 Thread 0x000001c076e48000 DEOPT UNPACKING pc=0x000001c0535975d8 sp=0x0000002907dfe9a0 mode 0
Event: 1.965 Thread 0x000001c076e48000 DEOPT PACKING pc=0x000001c053984de1 sp=0x0000002907dfec40
Event: 1.965 Thread 0x000001c076e48000 DEOPT UNPACKING pc=0x000001c0535975d8 sp=0x0000002907dfe980 mode 0
Event: 1.986 Thread 0x000001c07728b800 Thread added: 0x000001c07728b800
Event: 1.989 Executing VM operation: ParallelGCFailedAllocation
Event: 2.000 Executing VM operation: ParallelGCFailedAllocation done
Event: 2.001 loading class com/sun/media/sound/RIFFReader
Event: 2.002 loading class com/sun/media/sound/RIFFReader done
Event: 2.002 loading class sun/nio/cs/US_ASCII$Decoder
Event: 2.002 loading class sun/nio/cs/US_ASCII$Decoder done


Dynamic libraries:
0x00007ff73fa90000 - 0x00007ff73faca000 	G:\adopt\jre\bin\java.exe
0x00007ffc4ebb0000 - 0x00007ffc4ed91000 	C:\WINDOWS\SYSTEM32\ntdll.dll
0x00007ffc4c7a0000 - 0x00007ffc4c851000 	C:\WINDOWS\System32\KERNEL32.DLL
0x00007ffc4b130000 - 0x00007ffc4b3a3000 	C:\WINDOWS\System32\KERNELBASE.dll
0x00007ffc4c100000 - 0x00007ffc4c1a1000 	C:\WINDOWS\System32\ADVAPI32.dll
0x00007ffc4ea30000 - 0x00007ffc4eace000 	C:\WINDOWS\System32\msvcrt.dll
0x00007ffc4e5b0000 - 0x00007ffc4e60b000 	C:\WINDOWS\System32\sechost.dll
0x00007ffc4c220000 - 0x00007ffc4c344000 	C:\WINDOWS\System32\RPCRT4.dll
0x00007ffc4e890000 - 0x00007ffc4ea21000 	C:\WINDOWS\System32\USER32.dll
0x00007ffc4b500000 - 0x00007ffc4b520000 	C:\WINDOWS\System32\win32u.dll
0x00007ffc4e860000 - 0x00007ffc4e888000 	C:\WINDOWS\System32\GDI32.dll
0x00007ffc4b710000 - 0x00007ffc4b8a3000 	C:\WINDOWS\System32\gdi32full.dll
0x00007ffc4b460000 - 0x00007ffc4b4ff000 	C:\WINDOWS\System32\msvcp_win.dll
0x00007ffc4af50000 - 0x00007ffc4b048000 	C:\WINDOWS\System32\ucrtbase.dll
0x00007ffc38a60000 - 0x00007ffc38cc9000 	C:\WINDOWS\WinSxS\amd64_microsoft.windows.common-controls_6595b64144ccf1df_6.0.17134.1902_none_d3fc12d37c93a894\COMCTL32.dll
0x00007ffc4dee0000 - 0x00007ffc4e201000 	C:\WINDOWS\System32\combase.dll
0x00007ffc4b0b0000 - 0x00007ffc4b129000 	C:\WINDOWS\System32\bcryptPrimitives.dll
0x00007ffc4e360000 - 0x00007ffc4e38d000 	C:\WINDOWS\System32\IMM32.DLL
0x00007ffc1e750000 - 0x00007ffc1e83f000 	G:\adopt\jre\bin\msvcr120.dll
0x00007ffc1d400000 - 0x00007ffc1d4a6000 	G:\adopt\jre\bin\msvcp120.dll
0x0000000075f80000 - 0x00000000767ea000 	G:\adopt\jre\bin\server\jvm.dll
0x00007ffc4e850000 - 0x00007ffc4e858000 	C:\WINDOWS\System32\PSAPI.DLL
0x00007ffc49150000 - 0x00007ffc49173000 	C:\WINDOWS\SYSTEM32\WINMM.dll
0x00007ffc46a10000 - 0x00007ffc46a1a000 	C:\WINDOWS\SYSTEM32\VERSION.dll
0x00007ffc46280000 - 0x00007ffc46289000 	C:\WINDOWS\SYSTEM32\WSOCK32.dll
0x00007ffc4c1b0000 - 0x00007ffc4c21c000 	C:\WINDOWS\System32\WS2_32.dll
0x00007ffc49120000 - 0x00007ffc4914a000 	C:\WINDOWS\SYSTEM32\winmmbase.dll
0x00007ffc4bfd0000 - 0x00007ffc4c019000 	C:\WINDOWS\System32\cfgmgr32.dll
0x00007ffc3bfc0000 - 0x00007ffc3bfcf000 	G:\adopt\jre\bin\verify.dll
0x00007ffc38eb0000 - 0x00007ffc38ed9000 	G:\adopt\jre\bin\java.dll
0x00007ffc3bc00000 - 0x00007ffc3bc16000 	G:\adopt\jre\bin\zip.dll
0x00007ffc4c860000 - 0x00007ffc4dca5000 	C:\WINDOWS\System32\SHELL32.dll
0x00007ffc4ead0000 - 0x00007ffc4eb79000 	C:\WINDOWS\System32\shcore.dll
0x00007ffc4b8b0000 - 0x00007ffc4bfc5000 	C:\WINDOWS\System32\windows.storage.dll
0x00007ffc4de50000 - 0x00007ffc4dea1000 	C:\WINDOWS\System32\shlwapi.dll
0x00007ffc4aeb0000 - 0x00007ffc4aec1000 	C:\WINDOWS\System32\kernel.appcore.dll
0x00007ffc4ae90000 - 0x00007ffc4aeaf000 	C:\WINDOWS\System32\profapi.dll
0x00007ffc4af00000 - 0x00007ffc4af4c000 	C:\WINDOWS\System32\powrprof.dll
0x00007ffc4aed0000 - 0x00007ffc4aeda000 	C:\WINDOWS\System32\FLTLIB.DLL
0x00007ffc3aad0000 - 0x00007ffc3aaea000 	G:\adopt\jre\bin\net.dll
0x00007ffc4a6b0000 - 0x00007ffc4a716000 	C:\WINDOWS\system32\mswsock.dll
0x00007ffc3a580000 - 0x00007ffc3a592000 	G:\adopt\jre\bin\nio.dll
0x00007ffc1d3a0000 - 0x00007ffc1d3f7000 	C:\Users\VovanJapan\AppData\Local\Temp\lwjglVovanJapan\3.1.2-build-29\lwjgl.dll
0x00007ffc1d360000 - 0x00007ffc1d39d000 	C:\Users\VOVANJ~1\AppData\Local\Temp\lwjglVovanJapan\3.1.2-build-29\glfw.dll
0x00007ffc492f0000 - 0x00007ffc49388000 	C:\WINDOWS\system32\uxtheme.dll
0x00007ffc1c740000 - 0x00007ffc1c783000 	C:\WINDOWS\SYSTEM32\dinput8.dll
0x00007ffc3a710000 - 0x00007ffc3a720000 	C:\WINDOWS\SYSTEM32\xinput1_4.dll
0x00007ffc4aab0000 - 0x00007ffc4aad7000 	C:\WINDOWS\SYSTEM32\DEVOBJ.dll
0x00007ffc3cb00000 - 0x00007ffc3cb79000 	C:\WINDOWS\SYSTEM32\inputhost.dll
0x00007ffc48fd0000 - 0x00007ffc490aa000 	C:\WINDOWS\SYSTEM32\CoreMessaging.dll
0x00007ffc46860000 - 0x00007ffc469ad000 	C:\WINDOWS\SYSTEM32\wintypes.dll
0x00007ffc46350000 - 0x00007ffc4666e000 	C:\WINDOWS\SYSTEM32\CoreUIComponents.dll
0x00007ffc49f80000 - 0x00007ffc49fb1000 	C:\WINDOWS\SYSTEM32\ntmarta.dll
0x00007ffc49540000 - 0x00007ffc49569000 	C:\WINDOWS\SYSTEM32\dwmapi.dll
0x00007ffc4e430000 - 0x00007ffc4e5a4000 	C:\WINDOWS\System32\MSCTF.dll
0x00007ffc4e610000 - 0x00007ffc4e6d2000 	C:\WINDOWS\System32\OLEAUT32.dll
0x00007ffc49ad0000 - 0x00007ffc49adc000 	C:\WINDOWS\SYSTEM32\HID.DLL
0x00007ffc4c350000 - 0x00007ffc4c79b000 	C:\WINDOWS\System32\SETUPAPI.DLL
0x00007ffc4b050000 - 0x00007ffc4b0a7000 	C:\WINDOWS\System32\WINTRUST.dll
0x00007ffc4aee0000 - 0x00007ffc4aef2000 	C:\WINDOWS\System32\MSASN1.dll
0x00007ffc4b520000 - 0x00007ffc4b702000 	C:\WINDOWS\System32\CRYPT32.dll
0x00007ffc1b7d0000 - 0x00007ffc1b8f0000 	C:\WINDOWS\SYSTEM32\opengl32.dll
0x00007ffc38e80000 - 0x00007ffc38eac000 	C:\WINDOWS\SYSTEM32\GLU32.dll
0x00007ffbf4bd0000 - 0x00007ffbf7558000 	C:\WINDOWS\System32\DriverStore\FileRepository\nv_dispi.inf_amd64_e44a509137af5639\nvoglv64.dll
0x00007ffc4e6e0000 - 0x00007ffc4e832000 	C:\WINDOWS\System32\ole32.dll
0x00007ffc47ab0000 - 0x00007ffc47ac3000 	C:\WINDOWS\SYSTEM32\WTSAPI32.dll
0x00007ffc46690000 - 0x00007ffc466be000 	C:\WINDOWS\SYSTEM32\cryptnet.dll
0x00007ffc4a860000 - 0x00007ffc4a86b000 	C:\WINDOWS\SYSTEM32\cryptbase.dll
0x00007ffc04090000 - 0x00007ffc04349000 	C:\WINDOWS\system32\nvspcap64.dll
0x00007ffc4ac90000 - 0x00007ffc4ace6000 	C:\WINDOWS\SYSTEM32\WINSTA.dll
0x00007ffc3cbb0000 - 0x00007ffc3cc46000 	C:\WINDOWS\System32\TextInputFramework.dll
0x00007ffc1bee0000 - 0x00007ffc1bf3c000 	C:\Users\VovanJapan\AppData\Local\Temp\lwjglVovanJapan\3.1.2-build-29\lwjgl_opengl.dll
0x00007ffc1ade0000 - 0x00007ffc1af75000 	G:\adopt\jre\bin\awt.dll
0x00007ffc49180000 - 0x00007ffc4920b000 	C:\WINDOWS\SYSTEM32\apphelp.dll
0x00007ffc38dd0000 - 0x00007ffc38ddc000 	G:\adopt\jre\bin\jsound.dll
0x00007ffc38d20000 - 0x00007ffc38d2b000 	G:\adopt\jre\bin\jsoundds.dll
0x00007ffc18a90000 - 0x00007ffc18b1f000 	C:\WINDOWS\SYSTEM32\DSOUND.dll
0x00007ffc44110000 - 0x00007ffc44186000 	C:\WINDOWS\SYSTEM32\MMDevAPI.DLL
0x00007ffc47880000 - 0x00007ffc47a35000 	C:\WINDOWS\SYSTEM32\PROPSYS.dll
0x00007ffc3a6a0000 - 0x00007ffc3a6e4000 	C:\WINDOWS\SYSTEM32\wdmaud.drv
0x00007ffc37ca0000 - 0x00007ffc37ca9000 	C:\WINDOWS\SYSTEM32\ksuser.dll
0x00007ffc469b0000 - 0x00007ffc469ba000 	C:\WINDOWS\SYSTEM32\AVRT.dll
0x00007ffc29710000 - 0x00007ffc2983c000 	C:\WINDOWS\SYSTEM32\AUDIOSES.DLL
0x00007ffc3a690000 - 0x00007ffc3a69d000 	C:\WINDOWS\SYSTEM32\msacm32.drv
0x00007ffc278d0000 - 0x00007ffc278ec000 	C:\WINDOWS\SYSTEM32\MSACM32.dll
0x00007ffc3a680000 - 0x00007ffc3a68a000 	C:\WINDOWS\SYSTEM32\midimap.dll
0x00007ffc4e390000 - 0x00007ffc4e430000 	C:\WINDOWS\System32\clbcatq.dll
0x00007ffc306c0000 - 0x00007ffc30889000 	C:\WINDOWS\SYSTEM32\dbghelp.dll

VM Arguments:
jvm_args: -Dfoo=bar 
java_command: playn.sample.hello.java.HelloGameJava
java_class_path (initial): G:\GitHub\warpdeath\playn-samples-master\hello\java\target\classes;G:\GitHub\warpdeath\playn-samples-master\hello\core\target\classes;C:\Users\VovanJapan\.m2\repository\io\playn\playn-scene\2.0\playn-scene-2.0.jar;C:\Users\VovanJapan\.m2\repository\io\playn\playn-core\2.0\playn-core-2.0.jar;C:\Users\VovanJapan\.m2\repository\com\samskivert\pythagoras\1.4.3\pythagoras-1.4.3.jar;C:\Users\VovanJapan\.m2\repository\com\threerings\react\1.5.3\react-1.5.3.jar;G:\GitHub\warpdeath\playn-samples-master\hello\assets\target\classes;C:\Users\VovanJapan\.m2\repository\io\playn\playn-java-lwjgl\2.0\playn-java-lwjgl-2.0.jar;C:\Users\VovanJapan\.m2\repository\io\playn\playn-java-base\2.0\playn-java-base-2.0.jar;C:\Users\VovanJapan\.m2\repository\com\googlecode\soundlibs\mp3spi\1.9.5-1\mp3spi-1.9.5-1.jar;C:\Users\VovanJapan\.m2\repository\com\googlecode\soundlibs\jlayer\1.0.1-1\jlayer-1.0.1-1.jar;C:\Users\VovanJapan\.m2\repository\com\googlecode\soundlibs\tritonus-share\0.3.7-1\tritonus-share-0.3.7-1.jar;C:\Users\VovanJapan\.m2\repository\org\java-websocket\Java-WebSocket\1.3.0\Java-WebSocket-1.3.0.jar;C:\Users\VovanJapan\.m2\repository\org\lwjgl\lwjgl\3.1.2\lwjgl-3.1.2.jar;C:\Users\VovanJapan\.m2\repository\org\lwjgl\lwjgl\3.1.2\lwjgl-3.1.2-natives-linux.jar;C:\Users\VovanJapan\.m2\repository\org\lwjgl\lwjgl\3.1.2\lwjgl-3.1.2-natives-windows.jar;C:\Users\VovanJapan\.m2\repository\org\lwjgl\lwjgl\3.1.2\lwjgl-3.1.2-natives-macos.jar;C:\Users\VovanJapan\.m2\repository\org\lwjgl\lwjgl-opengl\3.1.2\lwjgl-opengl-3.1.2.jar;C:\Users\VovanJapan\.m2\repository\org\lwjgl\lwjgl-opengl\3.1.2\lwjgl-opengl-3.1.2-natives-linux.jar;C:\Users\VovanJapan\.m2\repository\org\lwjgl\lwjgl-opengl\3.1.2\lwjgl-opengl-3.1.2-natives-windows.jar;C:\Users\VovanJapan\.m2\repository\org\lwjgl\lwjgl-opengl\3.1.2\lwjgl-opengl-3.1.2-natives-macos.jar;C:\Users\VovanJapan\.m2\repository\org\lwjgl\lwjgl-glfw\3.1.2\lwjgl-glfw-3.1.2.jar;C:\Users\VovanJapan\.m2\repository\org\lwjgl\lwjgl-glfw\3
Launcher Type: SUN_STANDARD

Environment Variables:
PATH=G:\adopt\bin;C:\Program Files (x86)\Common Files\Oracle\Java\javapath;C:\Windows\system32;C:\Windows;C:\Windows\System32\Wbem;C:\Windows\System32\WindowsPowerShell\v1.0\;C:\Program Files\NVIDIA Corporation\NVIDIA NvDLISR;C:\Program Files (x86)\NVIDIA Corporation\PhysX\Common;C:\WINDOWS\system32;C:\WINDOWS;C:\WINDOWS\System32\Wbem;C:\WINDOWS\System32\WindowsPowerShell\v1.0\;C:\WINDOWS\System32\OpenSSH\;C:\Program Files\TortoiseSVN\bin;G:\gtksharp\bin;C:\Users\VovanJapan\AppData\Local\Microsoft\WindowsApps;C:\Users\VovanJapan\AppData\Local\atom\bin;E:\code\bin;C:\mingw-w64\mingw64\bin;G:\IntelliJ\IntelliJ IDEA Community Edition 2020.2.3\bin;;G:\javatest\apache-maven-3.6.3\bin;C:\Users\VovanJapan\AppData\Local\GitHubDesktop\bin
USERNAME=VovanJapan
OS=Windows_NT
PROCESSOR_IDENTIFIER=Intel64 Family 6 Model 60 Stepping 3, GenuineIntel



---------------  S Y S T E M  ---------------

OS: Windows 10.0 , 64 bit Build 17134 (10.0.17134.1425)

CPU:total 4 (initial active 4) (4 cores per cpu, 1 threads per core) family 6 model 60 stepping 3, cmov, cx8, fxsr, mmx, sse, sse2, sse3, ssse3, sse4.1, sse4.2, popcnt, avx, avx2, aes, clmul, erms, lzcnt, tsc, tscinvbit, bmi1, bmi2

Memory: 4k page, physical 20909416k(9644300k free), swap 33647540k(10043040k free)

vm_info: OpenJDK 64-Bit Server VM (25.282-b08) for windows-amd64 JRE (1.8.0_282-b08), built on Jan 20 2021 11:42:17 by "jenkins" with MS VC++ 12.0 (VS2013)

time: Tue Mar 30 00:03:15 2021
timezone: RTZ 2 (ceia)
elapsed time: 2.052293 seconds (0d 0h 0m 2s)

