#
# A fatal error has been detected by the Java Runtime Environment:
#
#  EXCEPTION_ACCESS_VIOLATION (0xc0000005) at pc=0x00007ffc1be9ecfd, pid=33072, tid=0x0000000000003504
#
# JRE version: OpenJDK Runtime Environment (8.0_282-b08) (build 1.8.0_282-b08)
# Java VM: OpenJDK 64-Bit Server VM (25.282-b08 mixed mode windows-amd64 compressed oops)
# Problematic frame:
# C  [lwjgl_opengl.dll+0xecfd]
#
# Failed to write core dump. Minidumps are not enabled by default on client versions of Windows
#
# If you would like to submit a bug report, please visit:
#   https://github.com/AdoptOpenJDK/openjdk-support/issues
# The crash happened outside the Java Virtual Machine in native code.
# See problematic frame for where to report the bug.
#

---------------  T H R E A D  ---------------

Current thread (0x0000016d8f0cd800):  JavaThread "Finalizer" daemon [_thread_in_native, id=13572, stack(0x0000002c96200000,0x0000002c96300000)]

siginfo: ExceptionCode=0xc0000005, reading address 0x00000000000009d8

Registers:
RAX=0x00000000766f9660, RBX=0x0000016d97aaab98, RCX=0x0000000000000001, RDX=0x0000016d90832c70
RSP=0x0000002c962ff108, RBP=0x0000002c962ff170, RSI=0x00000000eb552c58, RDI=0x0000000000000001
R8 =0x0000000000000001, R9 =0x0000016d90832c70, R10=0x0000000000000000, R11=0x0000016d90832c70
R12=0x0000000000000000, R13=0x0000002c962ff2b0, R14=0x0000002c962ff160, R15=0x0000016d8f0cd800
RIP=0x00007ffc1be9ecfd, EFLAGS=0x0000000000010246

Top of Stack: (sp=0x0000002c962ff108)
0x0000002c962ff108:   0000016d80532d61 0000000000000021
0x0000002c962ff118:   0000000000000000 0000002c962ff1b9
0x0000002c962ff128:   000000007601855a 0000016dff9725f0
0x0000002c962ff138:   0000016d8f0cd800 0000000000000030
0x0000002c962ff148:   000000075aff2a40 0000000000000021
0x0000002c962ff158:   000000007618cf10 0000000680e00030
0x0000002c962ff168:   0000016d8f0cd800 0000000000000001
0x0000002c962ff178:   0000016d805efc34 000000075afec070
0x0000002c962ff188:   0000000000000000 0000016dff97e8c8
0x0000002c962ff198:   0000016d8f0cd800 000000075afee7e0
0x0000002c962ff1a8:   0000016d80005410 0000016d8f0a1e40
0x0000002c962ff1b8:   000000007617bbf9 0000000000000009
0x0000002c962ff1c8:   0000016d8f0cd800 0000000000000000
0x0000002c962ff1d8:   0000016d805c9cc4 00000007c0005fb8
0x0000002c962ff1e8:   0000016d80102bc9 0000016d8f0cd800
0x0000002c962ff1f8:   0000002c962ff278 000000075afef318 

Instructions: (pc=0x00007ffc1be9ecfd)
0x00007ffc1be9ecdd:   49 ff a2 00 0f 00 00 cc cc cc cc cc cc cc cc cc
0x00007ffc1be9eced:   cc cc cc 48 8b 01 49 8b d1 41 8b c8 4c 8b 50 18
0x00007ffc1be9ecfd:   49 ff a2 d8 09 00 00 cc cc cc cc cc cc cc cc cc
0x00007ffc1be9ed0d:   cc cc cc 48 8b 01 49 8b d1 41 8b c8 4c 8b 50 18 


Register to memory mapping:

RAX=0x00000000766f9660 is an unknown value
RBX={method} {0x0000016d97aaaba0} 'finalize' '()V' in 'playn/scene/ImageLayer'
RCX=0x0000000000000001 is an unknown value
RDX=0x0000016d90832c70 is an unknown value
RSP=0x0000002c962ff108 is pointing into the stack for thread: 0x0000016d8f0cd800
RBP=0x0000002c962ff170 is pointing into the stack for thread: 0x0000016d8f0cd800
RSI=0x00000000eb552c58 is an unknown value
RDI=0x0000000000000001 is an unknown value
R8 =0x0000000000000001 is an unknown value
R9 =0x0000016d90832c70 is an unknown value
R10=0x0000000000000000 is an unknown value
R11=0x0000016d90832c70 is an unknown value
R12=0x0000000000000000 is an unknown value
R13=0x0000002c962ff2b0 is pointing into the stack for thread: 0x0000016d8f0cd800
R14=0x0000002c962ff160 is pointing into the stack for thread: 0x0000016d8f0cd800
R15=0x0000016d8f0cd800 is a thread


Stack: [0x0000002c96200000,0x0000002c96300000],  sp=0x0000002c962ff108,  free space=1020k
Native frames: (J=compiled Java code, j=interpreted, Vv=VM code, C=native code)
C  [lwjgl_opengl.dll+0xecfd]

Java frames: (J=compiled Java code, j=interpreted, Vv=VM code)
J 1539  org.lwjgl.opengl.GL11.nglDeleteTextures(IJ)V (0 bytes) @ 0x0000016d80532cc4 [0x0000016d80532c80+0x44]
J 1715 C2 playn.scene.ImageLayer.setTile(Lplayn/core/Tile;)Lplayn/scene/ImageLayer; (47 bytes) @ 0x0000016d805efc34 [0x0000016d805efb00+0x134]
J 1681 C1 playn.scene.ImageLayer.finalize()V (10 bytes) @ 0x0000016d805c9cc4 [0x0000016d805c9c40+0x84]
J 1719 C2 java.lang.ref.Finalizer.access$100(Ljava/lang/ref/Finalizer;Lsun/misc/JavaLangAccess;)V (6 bytes) @ 0x0000016d805ecb24 [0x0000016d805ec940+0x1e4]
j  java.lang.ref.Finalizer$FinalizerThread.run()V+45
v  ~StubRoutines::call_stub

---------------  P R O C E S S  ---------------

Java Threads: ( => current thread )
  0x0000016d961c5000 JavaThread "pool-1-thread-4" [_thread_blocked, id=29712, stack(0x0000002c97400000,0x0000002c97500000)]
  0x0000016d961c1800 JavaThread "pool-1-thread-3" [_thread_blocked, id=29868, stack(0x0000002c97300000,0x0000002c97400000)]
  0x0000016d961bf000 JavaThread "pool-1-thread-2" [_thread_blocked, id=15552, stack(0x0000002c97200000,0x0000002c97300000)]
  0x0000016d961bb800 JavaThread "pool-1-thread-1" [_thread_blocked, id=33264, stack(0x0000002c97100000,0x0000002c97200000)]
  0x0000016d96193000 JavaThread "Java2D Disposer" daemon [_thread_blocked, id=21412, stack(0x0000002c97000000,0x0000002c97100000)]
  0x0000016d8f199800 JavaThread "Service Thread" daemon [_thread_blocked, id=22568, stack(0x0000002c96800000,0x0000002c96900000)]
  0x0000016d8f0fd000 JavaThread "C1 CompilerThread2" daemon [_thread_blocked, id=20572, stack(0x0000002c96700000,0x0000002c96800000)]
  0x0000016d8f0fc000 JavaThread "C2 CompilerThread1" daemon [_thread_blocked, id=33716, stack(0x0000002c96600000,0x0000002c96700000)]
  0x0000016d8f108800 JavaThread "C2 CompilerThread0" daemon [_thread_blocked, id=27544, stack(0x0000002c96500000,0x0000002c96600000)]
  0x0000016d8f0f5000 JavaThread "Attach Listener" daemon [_thread_blocked, id=9304, stack(0x0000002c96400000,0x0000002c96500000)]
  0x0000016d8f0f0000 JavaThread "Signal Dispatcher" daemon [_thread_blocked, id=28808, stack(0x0000002c96300000,0x0000002c96400000)]
=>0x0000016d8f0cd800 JavaThread "Finalizer" daemon [_thread_in_native, id=13572, stack(0x0000002c96200000,0x0000002c96300000)]
  0x0000016d8f0c6000 JavaThread "Reference Handler" daemon [_thread_blocked, id=25992, stack(0x0000002c96100000,0x0000002c96200000)]
  0x0000016df18b8800 JavaThread "main" [_thread_in_native, id=4896, stack(0x0000002c95b00000,0x0000002c95c00000)]

Other Threads:
  0x0000016d8f0a2800 VMThread [stack: 0x0000002c96000000,0x0000002c96100000] [id=24172]
  0x0000016d8f19c800 WatcherThread [stack: 0x0000002c96900000,0x0000002c96a00000] [id=28556]

VM state:not at safepoint (normal execution)

VM Mutex/Monitor currently owned by a thread: None

heap address: 0x0000000680e00000, size: 5106 MB, Compressed Oops mode: Zero based, Oop shift amount: 3
Narrow klass base: 0x0000000000000000, Narrow klass shift: 3
Compressed class space size: 1073741824 Address: 0x00000007c0000000

Heap:
 PSYoungGen      total 86528K, used 9687K [0x0000000755a00000, 0x000000075b800000, 0x00000007c0000000)
  eden space 80384K, 4% used [0x0000000755a00000,0x0000000755de0218,0x000000075a880000)
  from space 6144K, 93% used [0x000000075aa80000,0x000000075b015a60,0x000000075b080000)
  to   space 7680K, 0% used [0x000000075b080000,0x000000075b080000,0x000000075b800000)
 ParOldGen       total 218624K, used 2215K [0x0000000680e00000, 0x000000068e380000, 0x0000000755a00000)
  object space 218624K, 1% used [0x0000000680e00000,0x0000000681029f98,0x000000068e380000)
 Metaspace       used 14161K, capacity 14389K, committed 14592K, reserved 1062912K
  class space    used 1340K, capacity 1423K, committed 1536K, reserved 1048576K

Card table byte_map: [0x0000016df3640000,0x0000016df4040000] byte_map_base: 0x0000016df0239000

Marking Bits: (ParMarkBitMap*) 0x000000007676b810
 Begin Bits: [0x0000016df46f0000, 0x0000016df96b8000)
 End Bits:   [0x0000016df96b8000, 0x0000016dfe680000)

Polling page: 0x0000016df1990000

CodeCache: size=245760Kb used=6195Kb max_used=6206Kb free=239564Kb
 bounds [0x0000016d80000000, 0x0000016d80620000, 0x0000016d8f000000]
 total_blobs=2809 nmethods=1778 adapters=943
 compilation: enabled

Compilation events (10 events):
Event: 11.183 Thread 0x0000016d8f0fd000 1775       3       playn.scene.SceneGame$1::onEmit (9 bytes)
Event: 11.183 Thread 0x0000016d8f0fd000 nmethod 1775 0x0000016d8060c890 code [0x0000016d8060ca00, 0x0000016d8060cd70]
Event: 11.183 Thread 0x0000016d8f0fd000 1776       3       playn.scene.SceneGame$1::onEmit (8 bytes)
Event: 11.183 Thread 0x0000016d8f0fd000 nmethod 1776 0x0000016d80602ad0 code [0x0000016d80602c40, 0x0000016d80602e70]
Event: 11.183 Thread 0x0000016d8f0fd000 1777   !   3       playn.scene.SceneGame::paintScene (90 bytes)
Event: 11.184 Thread 0x0000016d8f0fd000 nmethod 1777 0x0000016d80605b50 code [0x0000016d80605de0, 0x0000016d80606ce0]
Event: 11.184 Thread 0x0000016d8f0fd000 1778       3       playn.core.RenderTarget::bind (37 bytes)
Event: 11.184 Thread 0x0000016d8f0fd000 nmethod 1778 0x0000016d8060bfd0 code [0x0000016d8060c180, 0x0000016d8060c6f0]
Event: 11.319 Thread 0x0000016d8f108800 1779       4       java.lang.Object::equals (11 bytes)
Event: 11.319 Thread 0x0000016d8f108800 nmethod 1779 0x0000016d805daa10 code [0x0000016d805dab40, 0x0000016d805dabb8]

GC Heap History (10 events):
Event: 5.059 GC heap before
{Heap before GC invocations=1 (full 0):
 PSYoungGen      total 95744K, used 80687K [0x0000000755a00000, 0x000000075c480000, 0x00000007c0000000)
  eden space 82432K, 97% used [0x0000000755a00000,0x000000075a8cbde0,0x000000075aa80000)
  from space 13312K, 0% used [0x000000075b780000,0x000000075b780000,0x000000075c480000)
  to   space 13312K, 0% used [0x000000075aa80000,0x000000075aa80000,0x000000075b780000)
 ParOldGen       total 218624K, used 0K [0x0000000680e00000, 0x000000068e380000, 0x0000000755a00000)
  object space 218624K, 0% used [0x0000000680e00000,0x0000000680e00000,0x000000068e380000)
 Metaspace       used 14081K, capacity 14325K, committed 14592K, reserved 1062912K
  class space    used 1338K, capacity 1423K, committed 1536K, reserved 1048576K
Event: 5.065 GC heap after
Heap after GC invocations=1 (full 0):
 PSYoungGen      total 95744K, used 5613K [0x0000000755a00000, 0x000000075c480000, 0x00000007c0000000)
  eden space 82432K, 0% used [0x0000000755a00000,0x0000000755a00000,0x000000075aa80000)
  from space 13312K, 42% used [0x000000075aa80000,0x000000075affb5e0,0x000000075b780000)
  to   space 13312K, 0% used [0x000000075b780000,0x000000075b780000,0x000000075c480000)
 ParOldGen       total 218624K, used 39K [0x0000000680e00000, 0x000000068e380000, 0x0000000755a00000)
  object space 218624K, 0% used [0x0000000680e00000,0x0000000680e09c40,0x000000068e380000)
 Metaspace       used 14081K, capacity 14325K, committed 14592K, reserved 1062912K
  class space    used 1338K, capacity 1423K, committed 1536K, reserved 1048576K
}
Event: 7.054 GC heap before
{Heap before GC invocations=2 (full 0):
 PSYoungGen      total 95744K, used 88045K [0x0000000755a00000, 0x000000075c480000, 0x00000007c0000000)
  eden space 82432K, 100% used [0x0000000755a00000,0x000000075aa80000,0x000000075aa80000)
  from space 13312K, 42% used [0x000000075aa80000,0x000000075affb5e0,0x000000075b780000)
  to   space 13312K, 0% used [0x000000075b780000,0x000000075b780000,0x000000075c480000)
 ParOldGen       total 218624K, used 75K [0x0000000680e00000, 0x000000068e380000, 0x0000000755a00000)
  object space 218624K, 0% used [0x0000000680e00000,0x0000000680e12d38,0x000000068e380000)
 Metaspace       used 14128K, capacity 14325K, committed 14592K, reserved 1062912K
  class space    used 1338K, capacity 1423K, committed 1536K, reserved 1048576K
Event: 7.060 GC heap after
Heap after GC invocations=2 (full 0):
 PSYoungGen      total 95744K, used 7471K [0x0000000755a00000, 0x000000075c480000, 0x00000007c0000000)
  eden space 82432K, 0% used [0x0000000755a00000,0x0000000755a00000,0x000000075aa80000)
  from space 13312K, 56% used [0x000000075b780000,0x000000075becbc28,0x000000075c480000)
  to   space 13312K, 0% used [0x000000075aa80000,0x000000075aa80000,0x000000075b780000)
 ParOldGen       total 218624K, used 83K [0x0000000680e00000, 0x000000068e380000, 0x0000000755a00000)
  object space 218624K, 0% used [0x0000000680e00000,0x0000000680e14d38,0x000000068e380000)
 Metaspace       used 14128K, capacity 14325K, committed 14592K, reserved 1062912K
  class space    used 1338K, capacity 1423K, committed 1536K, reserved 1048576K
}
Event: 8.067 GC heap before
{Heap before GC invocations=3 (full 0):
 PSYoungGen      total 95744K, used 89903K [0x0000000755a00000, 0x000000075c480000, 0x00000007c0000000)
  eden space 82432K, 100% used [0x0000000755a00000,0x000000075aa80000,0x000000075aa80000)
  from space 13312K, 56% used [0x000000075b780000,0x000000075becbc28,0x000000075c480000)
  to   space 13312K, 0% used [0x000000075aa80000,0x000000075aa80000,0x000000075b780000)
 ParOldGen       total 218624K, used 2159K [0x0000000680e00000, 0x000000068e380000, 0x0000000755a00000)
  object space 218624K, 0% used [0x0000000680e00000,0x000000068101bc00,0x000000068e380000)
 Metaspace       used 14134K, capacity 14325K, committed 14592K, reserved 1062912K
  class space    used 1338K, capacity 1423K, committed 1536K, reserved 1048576K
Event: 8.070 GC heap after
Heap after GC invocations=3 (full 0):
 PSYoungGen      total 95744K, used 3479K [0x0000000755a00000, 0x000000075c480000, 0x00000007c0000000)
  eden space 82432K, 0% used [0x0000000755a00000,0x0000000755a00000,0x000000075aa80000)
  from space 13312K, 26% used [0x000000075aa80000,0x000000075ade5f88,0x000000075b780000)
  to   space 13312K, 0% used [0x000000075b780000,0x000000075b780000,0x000000075c480000)
 ParOldGen       total 218624K, used 2167K [0x0000000680e00000, 0x000000068e380000, 0x0000000755a00000)
  object space 218624K, 0% used [0x0000000680e00000,0x000000068101dc00,0x000000068e380000)
 Metaspace       used 14134K, capacity 14325K, committed 14592K, reserved 1062912K
  class space    used 1338K, capacity 1423K, committed 1536K, reserved 1048576K
}
Event: 9.208 GC heap before
{Heap before GC invocations=4 (full 0):
 PSYoungGen      total 95744K, used 85911K [0x0000000755a00000, 0x000000075c480000, 0x00000007c0000000)
  eden space 82432K, 100% used [0x0000000755a00000,0x000000075aa80000,0x000000075aa80000)
  from space 13312K, 26% used [0x000000075aa80000,0x000000075ade5f88,0x000000075b780000)
  to   space 13312K, 0% used [0x000000075b780000,0x000000075b780000,0x000000075c480000)
 ParOldGen       total 218624K, used 2184K [0x0000000680e00000, 0x000000068e380000, 0x0000000755a00000)
  object space 218624K, 0% used [0x0000000680e00000,0x0000000681022128,0x000000068e380000)
 Metaspace       used 14140K, capacity 14325K, committed 14592K, reserved 1062912K
  class space    used 1338K, capacity 1423K, committed 1536K, reserved 1048576K
Event: 9.211 GC heap after
Heap after GC invocations=4 (full 0):
 PSYoungGen      total 95744K, used 5440K [0x0000000755a00000, 0x000000075c480000, 0x00000007c0000000)
  eden space 82432K, 0% used [0x0000000755a00000,0x0000000755a00000,0x000000075aa80000)
  from space 13312K, 40% used [0x000000075b780000,0x000000075bcd0170,0x000000075c480000)
  to   space 13312K, 0% used [0x000000075aa80000,0x000000075aa80000,0x000000075b780000)
 ParOldGen       total 218624K, used 2192K [0x0000000680e00000, 0x000000068e380000, 0x0000000755a00000)
  object space 218624K, 1% used [0x0000000680e00000,0x0000000681024128,0x000000068e380000)
 Metaspace       used 14140K, capacity 14325K, committed 14592K, reserved 1062912K
  class space    used 1338K, capacity 1423K, committed 1536K, reserved 1048576K
}
Event: 11.313 GC heap before
{Heap before GC invocations=5 (full 0):
 PSYoungGen      total 95744K, used 87872K [0x0000000755a00000, 0x000000075c480000, 0x00000007c0000000)
  eden space 82432K, 100% used [0x0000000755a00000,0x000000075aa80000,0x000000075aa80000)
  from space 13312K, 40% used [0x000000075b780000,0x000000075bcd0170,0x000000075c480000)
  to   space 13312K, 0% used [0x000000075aa80000,0x000000075aa80000,0x000000075b780000)
 ParOldGen       total 218624K, used 2207K [0x0000000680e00000, 0x000000068e380000, 0x0000000755a00000)
  object space 218624K, 1% used [0x0000000680e00000,0x0000000681027f98,0x000000068e380000)
 Metaspace       used 14161K, capacity 14389K, committed 14592K, reserved 1062912K
  class space    used 1340K, capacity 1423K, committed 1536K, reserved 1048576K
Event: 11.318 GC heap after
Heap after GC invocations=5 (full 0):
 PSYoungGen      total 86528K, used 5718K [0x0000000755a00000, 0x000000075b800000, 0x00000007c0000000)
  eden space 80384K, 0% used [0x0000000755a00000,0x0000000755a00000,0x000000075a880000)
  from space 6144K, 93% used [0x000000075aa80000,0x000000075b015a60,0x000000075b080000)
  to   space 7680K, 0% used [0x000000075b080000,0x000000075b080000,0x000000075b800000)
 ParOldGen       total 218624K, used 2215K [0x0000000680e00000, 0x000000068e380000, 0x0000000755a00000)
  object space 218624K, 1% used [0x0000000680e00000,0x0000000681029f98,0x000000068e380000)
 Metaspace       used 14161K, capacity 14389K, committed 14592K, reserved 1062912K
  class space    used 1340K, capacity 1423K, committed 1536K, reserved 1048576K
}

Deoptimization events (10 events):
Event: 0.180 Thread 0x0000016df18b8800 Uncommon trap: reason=unstable_if action=reinterpret pc=0x0000016d8017be04 method=java.lang.String.indexOf([CII[CIII)I @ 123
Event: 0.320 Thread 0x0000016df18b8800 Uncommon trap: reason=unstable_if action=reinterpret pc=0x0000016d801f8fac method=java.lang.String.indexOf([CII[CIII)I @ 3
Event: 0.324 Thread 0x0000016df18b8800 Uncommon trap: reason=unstable_if action=reinterpret pc=0x0000016d8014657c method=java.lang.String.indexOf([CII[CIII)I @ 123
Event: 1.466 Thread 0x0000016df18b8800 Uncommon trap: reason=unstable_if action=reinterpret pc=0x0000016d80339b10 method=playn.core.Game.onFrame()V @ 28
Event: 2.837 Thread 0x0000016d961c1800 Uncommon trap: reason=unstable_if action=reinterpret pc=0x0000016d803a297c method=java.awt.image.ComponentColorModel.coerceData(Ljava/awt/image/WritableRaster;Z)Ljava/awt/image/ColorModel; @ 178
Event: 4.061 Thread 0x0000016df18b8800 Uncommon trap: reason=unstable_if action=reinterpret pc=0x0000016d80145fc0 method=java.lang.CharacterData.of(I)Ljava/lang/CharacterData; @ 4
Event: 4.116 Thread 0x0000016df18b8800 Uncommon trap: reason=class_check action=maybe_recompile pc=0x0000016d8043bd74 method=java.util.HashMap.putVal(ILjava/lang/Object;Ljava/lang/Object;ZZ)Ljava/lang/Object; @ 91
Event: 4.145 Thread 0x0000016df18b8800 Uncommon trap: reason=class_check action=maybe_recompile pc=0x0000016d804033ec method=java.io.DataInputStream.readFully([BII)V @ 34
Event: 4.145 Thread 0x0000016df18b8800 Uncommon trap: reason=class_check action=maybe_recompile pc=0x0000016d804033ec method=java.io.DataInputStream.readFully([BII)V @ 34
Event: 4.145 Thread 0x0000016df18b8800 Uncommon trap: reason=class_check action=maybe_recompile pc=0x0000016d804033ec method=java.io.DataInputStream.readFully([BII)V @ 34

Classes redefined (0 events):
No events

Internal exceptions (10 events):
Event: 0.164 Thread 0x0000016df18b8800 Exception <a 'java/security/PrivilegedActionException'> (0x0000000755e2f888) thrown at [J:\jenkins\tmp\workspace\build\src\hotspot\src\share\vm\prims\jvm.cpp, line 1523]
Event: 0.164 Thread 0x0000016df18b8800 Exception <a 'java/security/PrivilegedActionException'> (0x0000000755e2fa98) thrown at [J:\jenkins\tmp\workspace\build\src\hotspot\src\share\vm\prims\jvm.cpp, line 1523]
Event: 0.190 Thread 0x0000016df18b8800 Exception <a 'java/lang/NoSuchMethodError': java.lang.Object.lambda$static$0(Ljava/lang/String;)Ljava/lang/Boolean;> (0x0000000755ece9b8) thrown at [J:\jenkins\tmp\workspace\build\src\hotspot\src\share\vm\interpreter\linkResolver.cpp, line 620]
Event: 0.200 Thread 0x0000016df18b8800 Exception <a 'java/lang/NoSuchFieldError': method resolution failed> (0x0000000755f46760) thrown at [J:\jenkins\tmp\workspace\build\src\hotspot\src\share\vm\prims\methodHandles.cpp, line 1169]
Event: 0.201 Thread 0x0000016df18b8800 Exception <a 'java/lang/NoSuchFieldError': method resolution failed> (0x0000000755f53b90) thrown at [J:\jenkins\tmp\workspace\build\src\hotspot\src\share\vm\prims\methodHandles.cpp, line 1169]
Event: 0.985 Thread 0x0000016df18b8800 Exception <a 'sun/nio/fs/WindowsException'> (0x000000075643b288) thrown at [J:\jenkins\tmp\workspace\build\src\hotspot\src\share\vm\prims\jni.cpp, line 711]
Event: 0.985 Thread 0x0000016df18b8800 Exception <a 'sun/nio/fs/WindowsException'> (0x000000075643bac0) thrown at [J:\jenkins\tmp\workspace\build\src\hotspot\src\share\vm\prims\jni.cpp, line 711]
Event: 1.395 Thread 0x0000016df18b8800 Exception <a 'java/io/FileNotFoundException'> (0x0000000756d72288) thrown at [J:\jenkins\tmp\workspace\build\src\hotspot\src\share\vm\prims\jni.cpp, line 711]
Event: 1.410 Thread 0x0000016df18b8800 Exception <a 'java/lang/ClassNotFoundException': sun/dc/DuctusRenderingEngine> (0x0000000756dc5ee0) thrown at [J:\jenkins\tmp\workspace\build\src\hotspot\src\share\vm\classfile\systemDictionary.cpp, line 217]
Event: 1.424 Thread 0x0000016df18b8800 Exception <a 'java/io/FileNotFoundException'> (0x0000000756dd96a8) thrown at [J:\jenkins\tmp\workspace\build\src\hotspot\src\share\vm\prims\jni.cpp, line 711]

Events (10 events):
Event: 9.948 loading class playn/sample/hello/core/HelloGame$3
Event: 9.948 loading class playn/sample/hello/core/HelloGame$3 done
Event: 9.949 loading class playn/sample/hello/core/HelloGame$Menu
Event: 9.949 loading class playn/sample/hello/core/HelloGame$Menu done
Event: 11.313 Executing VM operation: ParallelGCFailedAllocation
Event: 11.313 Executing VM operation: ParallelGCFailedAllocation done
Event: 11.313 Executing VM operation: ParallelGCSystemGC
Event: 11.318 Executing VM operation: ParallelGCSystemGC done
Event: 11.319 Executing VM operation: RevokeBias
Event: 11.331 Executing VM operation: RevokeBias done


Dynamic libraries:
0x00007ff73fa90000 - 0x00007ff73faca000 	G:\adopt\jre\bin\java.exe
0x00007ffc4ebb0000 - 0x00007ffc4ed91000 	C:\WINDOWS\SYSTEM32\ntdll.dll
0x00007ffc4c7a0000 - 0x00007ffc4c851000 	C:\WINDOWS\System32\KERNEL32.DLL
0x00007ffc4b130000 - 0x00007ffc4b3a3000 	C:\WINDOWS\System32\KERNELBASE.dll
0x00007ffc4c100000 - 0x00007ffc4c1a1000 	C:\WINDOWS\System32\ADVAPI32.dll
0x00007ffc4ea30000 - 0x00007ffc4eace000 	C:\WINDOWS\System32\msvcrt.dll
0x00007ffc4e5b0000 - 0x00007ffc4e60b000 	C:\WINDOWS\System32\sechost.dll
0x00007ffc4c220000 - 0x00007ffc4c344000 	C:\WINDOWS\System32\RPCRT4.dll
0x00007ffc4e890000 - 0x00007ffc4ea21000 	C:\WINDOWS\System32\USER32.dll
0x00007ffc4b500000 - 0x00007ffc4b520000 	C:\WINDOWS\System32\win32u.dll
0x00007ffc4e860000 - 0x00007ffc4e888000 	C:\WINDOWS\System32\GDI32.dll
0x00007ffc4b710000 - 0x00007ffc4b8a3000 	C:\WINDOWS\System32\gdi32full.dll
0x00007ffc4b460000 - 0x00007ffc4b4ff000 	C:\WINDOWS\System32\msvcp_win.dll
0x00007ffc4af50000 - 0x00007ffc4b048000 	C:\WINDOWS\System32\ucrtbase.dll
0x00007ffc38a60000 - 0x00007ffc38cc9000 	C:\WINDOWS\WinSxS\amd64_microsoft.windows.common-controls_6595b64144ccf1df_6.0.17134.1902_none_d3fc12d37c93a894\COMCTL32.dll
0x00007ffc4dee0000 - 0x00007ffc4e201000 	C:\WINDOWS\System32\combase.dll
0x00007ffc4b0b0000 - 0x00007ffc4b129000 	C:\WINDOWS\System32\bcryptPrimitives.dll
0x00007ffc4e360000 - 0x00007ffc4e38d000 	C:\WINDOWS\System32\IMM32.DLL
0x00007ffc1d350000 - 0x00007ffc1d43f000 	G:\adopt\jre\bin\msvcr120.dll
0x00007ffc1e790000 - 0x00007ffc1e836000 	G:\adopt\jre\bin\msvcp120.dll
0x0000000075f80000 - 0x00000000767ea000 	G:\adopt\jre\bin\server\jvm.dll
0x00007ffc4e850000 - 0x00007ffc4e858000 	C:\WINDOWS\System32\PSAPI.DLL
0x00007ffc49150000 - 0x00007ffc49173000 	C:\WINDOWS\SYSTEM32\WINMM.dll
0x00007ffc46a10000 - 0x00007ffc46a1a000 	C:\WINDOWS\SYSTEM32\VERSION.dll
0x00007ffc49120000 - 0x00007ffc4914a000 	C:\WINDOWS\SYSTEM32\winmmbase.dll
0x00007ffc4bfd0000 - 0x00007ffc4c019000 	C:\WINDOWS\System32\cfgmgr32.dll
0x00007ffc3c100000 - 0x00007ffc3c109000 	C:\WINDOWS\SYSTEM32\WSOCK32.dll
0x00007ffc4c1b0000 - 0x00007ffc4c21c000 	C:\WINDOWS\System32\WS2_32.dll
0x00007ffc3bc90000 - 0x00007ffc3bc9f000 	G:\adopt\jre\bin\verify.dll
0x00007ffc3bbf0000 - 0x00007ffc3bc19000 	G:\adopt\jre\bin\java.dll
0x00007ffc3aad0000 - 0x00007ffc3aae6000 	G:\adopt\jre\bin\zip.dll
0x00007ffc4c860000 - 0x00007ffc4dca5000 	C:\WINDOWS\System32\SHELL32.dll
0x00007ffc4ead0000 - 0x00007ffc4eb79000 	C:\WINDOWS\System32\shcore.dll
0x00007ffc4b8b0000 - 0x00007ffc4bfc5000 	C:\WINDOWS\System32\windows.storage.dll
0x00007ffc4de50000 - 0x00007ffc4dea1000 	C:\WINDOWS\System32\shlwapi.dll
0x00007ffc4aeb0000 - 0x00007ffc4aec1000 	C:\WINDOWS\System32\kernel.appcore.dll
0x00007ffc4ae90000 - 0x00007ffc4aeaf000 	C:\WINDOWS\System32\profapi.dll
0x00007ffc4af00000 - 0x00007ffc4af4c000 	C:\WINDOWS\System32\powrprof.dll
0x00007ffc4aed0000 - 0x00007ffc4aeda000 	C:\WINDOWS\System32\FLTLIB.DLL
0x00007ffc3a580000 - 0x00007ffc3a59a000 	G:\adopt\jre\bin\net.dll
0x00007ffc4a6b0000 - 0x00007ffc4a716000 	C:\WINDOWS\system32\mswsock.dll
0x00007ffc38d60000 - 0x00007ffc38d72000 	G:\adopt\jre\bin\nio.dll
0x00007ffc1c730000 - 0x00007ffc1c787000 	C:\Users\VovanJapan\AppData\Local\Temp\lwjglVovanJapan\3.1.2-build-29\lwjgl.dll
0x00007ffc38d20000 - 0x00007ffc38d5d000 	C:\Users\VOVANJ~1\AppData\Local\Temp\lwjglVovanJapan\3.1.2-build-29\glfw.dll
0x00007ffc492f0000 - 0x00007ffc49388000 	C:\WINDOWS\system32\uxtheme.dll
0x00007ffc1bef0000 - 0x00007ffc1bf33000 	C:\WINDOWS\SYSTEM32\dinput8.dll
0x00007ffc3a710000 - 0x00007ffc3a720000 	C:\WINDOWS\SYSTEM32\xinput1_4.dll
0x00007ffc4aab0000 - 0x00007ffc4aad7000 	C:\WINDOWS\SYSTEM32\DEVOBJ.dll
0x00007ffc49540000 - 0x00007ffc49569000 	C:\WINDOWS\SYSTEM32\dwmapi.dll
0x00007ffc3cb00000 - 0x00007ffc3cb79000 	C:\WINDOWS\SYSTEM32\inputhost.dll
0x00007ffc48fd0000 - 0x00007ffc490aa000 	C:\WINDOWS\SYSTEM32\CoreMessaging.dll
0x00007ffc46860000 - 0x00007ffc469ad000 	C:\WINDOWS\SYSTEM32\wintypes.dll
0x00007ffc46350000 - 0x00007ffc4666e000 	C:\WINDOWS\SYSTEM32\CoreUIComponents.dll
0x00007ffc49f80000 - 0x00007ffc49fb1000 	C:\WINDOWS\SYSTEM32\ntmarta.dll
0x00007ffc4e430000 - 0x00007ffc4e5a4000 	C:\WINDOWS\System32\MSCTF.dll
0x00007ffc4e610000 - 0x00007ffc4e6d2000 	C:\WINDOWS\System32\OLEAUT32.dll
0x00007ffc49ad0000 - 0x00007ffc49adc000 	C:\WINDOWS\SYSTEM32\HID.DLL
0x00007ffc4c350000 - 0x00007ffc4c79b000 	C:\WINDOWS\System32\SETUPAPI.DLL
0x00007ffc4b050000 - 0x00007ffc4b0a7000 	C:\WINDOWS\System32\WINTRUST.dll
0x00007ffc4aee0000 - 0x00007ffc4aef2000 	C:\WINDOWS\System32\MSASN1.dll
0x00007ffc4b520000 - 0x00007ffc4b702000 	C:\WINDOWS\System32\CRYPT32.dll
0x00007ffc1ae60000 - 0x00007ffc1af80000 	C:\WINDOWS\SYSTEM32\opengl32.dll
0x00007ffc362d0000 - 0x00007ffc362fc000 	C:\WINDOWS\SYSTEM32\GLU32.dll
0x00007ffbf4bd0000 - 0x00007ffbf7558000 	C:\WINDOWS\System32\DriverStore\FileRepository\nv_dispi.inf_amd64_e44a509137af5639\nvoglv64.dll
0x00007ffc4e6e0000 - 0x00007ffc4e832000 	C:\WINDOWS\System32\ole32.dll
0x00007ffc47ab0000 - 0x00007ffc47ac3000 	C:\WINDOWS\SYSTEM32\WTSAPI32.dll
0x00007ffc46690000 - 0x00007ffc466be000 	C:\WINDOWS\SYSTEM32\cryptnet.dll
0x00007ffc4a860000 - 0x00007ffc4a86b000 	C:\WINDOWS\SYSTEM32\cryptbase.dll
0x00007ffc04090000 - 0x00007ffc04349000 	C:\WINDOWS\system32\nvspcap64.dll
0x00007ffc4ac90000 - 0x00007ffc4ace6000 	C:\WINDOWS\SYSTEM32\WINSTA.dll
0x00007ffc3cbb0000 - 0x00007ffc3cc46000 	C:\WINDOWS\System32\TextInputFramework.dll
0x00007ffc1be90000 - 0x00007ffc1beec000 	C:\Users\VovanJapan\AppData\Local\Temp\lwjglVovanJapan\3.1.2-build-29\lwjgl_opengl.dll
0x00007ffc1acc0000 - 0x00007ffc1ae55000 	G:\adopt\jre\bin\awt.dll
0x00007ffc49180000 - 0x00007ffc4920b000 	C:\WINDOWS\SYSTEM32\apphelp.dll
0x00007ffc1b850000 - 0x00007ffc1b8e3000 	G:\adopt\jre\bin\freetype.dll
0x00007ffc1ac00000 - 0x00007ffc1acbd000 	G:\adopt\jre\bin\fontmanager.dll
0x00007ffc306c0000 - 0x00007ffc30889000 	C:\WINDOWS\SYSTEM32\dbghelp.dll

VM Arguments:
jvm_args: -Dfoo=bar 
java_command: playn.sample.hello.java.HelloGameJava
java_class_path (initial): G:\GitHub\warpdeath\playn-samples-master\hello\java\target\classes;G:\GitHub\warpdeath\playn-samples-master\hello\core\target\classes;C:\Users\VovanJapan\.m2\repository\io\playn\playn-scene\2.0\playn-scene-2.0.jar;C:\Users\VovanJapan\.m2\repository\io\playn\playn-core\2.0\playn-core-2.0.jar;C:\Users\VovanJapan\.m2\repository\com\samskivert\pythagoras\1.4.3\pythagoras-1.4.3.jar;C:\Users\VovanJapan\.m2\repository\com\threerings\react\1.5.3\react-1.5.3.jar;G:\GitHub\warpdeath\playn-samples-master\hello\assets\target\classes;C:\Users\VovanJapan\.m2\repository\io\playn\playn-java-lwjgl\2.0\playn-java-lwjgl-2.0.jar;C:\Users\VovanJapan\.m2\repository\io\playn\playn-java-base\2.0\playn-java-base-2.0.jar;C:\Users\VovanJapan\.m2\repository\com\googlecode\soundlibs\mp3spi\1.9.5-1\mp3spi-1.9.5-1.jar;C:\Users\VovanJapan\.m2\repository\com\googlecode\soundlibs\jlayer\1.0.1-1\jlayer-1.0.1-1.jar;C:\Users\VovanJapan\.m2\repository\com\googlecode\soundlibs\tritonus-share\0.3.7-1\tritonus-share-0.3.7-1.jar;C:\Users\VovanJapan\.m2\repository\org\java-websocket\Java-WebSocket\1.3.0\Java-WebSocket-1.3.0.jar;C:\Users\VovanJapan\.m2\repository\org\lwjgl\lwjgl\3.1.2\lwjgl-3.1.2.jar;C:\Users\VovanJapan\.m2\repository\org\lwjgl\lwjgl\3.1.2\lwjgl-3.1.2-natives-linux.jar;C:\Users\VovanJapan\.m2\repository\org\lwjgl\lwjgl\3.1.2\lwjgl-3.1.2-natives-windows.jar;C:\Users\VovanJapan\.m2\repository\org\lwjgl\lwjgl\3.1.2\lwjgl-3.1.2-natives-macos.jar;C:\Users\VovanJapan\.m2\repository\org\lwjgl\lwjgl-opengl\3.1.2\lwjgl-opengl-3.1.2.jar;C:\Users\VovanJapan\.m2\repository\org\lwjgl\lwjgl-opengl\3.1.2\lwjgl-opengl-3.1.2-natives-linux.jar;C:\Users\VovanJapan\.m2\repository\org\lwjgl\lwjgl-opengl\3.1.2\lwjgl-opengl-3.1.2-natives-windows.jar;C:\Users\VovanJapan\.m2\repository\org\lwjgl\lwjgl-opengl\3.1.2\lwjgl-opengl-3.1.2-natives-macos.jar;C:\Users\VovanJapan\.m2\repository\org\lwjgl\lwjgl-glfw\3.1.2\lwjgl-glfw-3.1.2.jar;C:\Users\VovanJapan\.m2\repository\org\lwjgl\lwjgl-glfw\3
Launcher Type: SUN_STANDARD

Environment Variables:
PATH=G:\adopt\bin;C:\Program Files (x86)\Common Files\Oracle\Java\javapath;C:\Windows\system32;C:\Windows;C:\Windows\System32\Wbem;C:\Windows\System32\WindowsPowerShell\v1.0\;C:\Program Files\NVIDIA Corporation\NVIDIA NvDLISR;C:\Program Files (x86)\NVIDIA Corporation\PhysX\Common;C:\WINDOWS\system32;C:\WINDOWS;C:\WINDOWS\System32\Wbem;C:\WINDOWS\System32\WindowsPowerShell\v1.0\;C:\WINDOWS\System32\OpenSSH\;C:\Program Files\TortoiseSVN\bin;G:\gtksharp\bin;C:\Users\VovanJapan\AppData\Local\Microsoft\WindowsApps;C:\Users\VovanJapan\AppData\Local\atom\bin;E:\code\bin;C:\mingw-w64\mingw64\bin;G:\IntelliJ\IntelliJ IDEA Community Edition 2020.2.3\bin;;G:\javatest\apache-maven-3.6.3\bin;C:\Users\VovanJapan\AppData\Local\GitHubDesktop\bin
USERNAME=VovanJapan
OS=Windows_NT
PROCESSOR_IDENTIFIER=Intel64 Family 6 Model 60 Stepping 3, GenuineIntel



---------------  S Y S T E M  ---------------

OS: Windows 10.0 , 64 bit Build 17134 (10.0.17134.1425)

CPU:total 4 (initial active 4) (4 cores per cpu, 1 threads per core) family 6 model 60 stepping 3, cmov, cx8, fxsr, mmx, sse, sse2, sse3, ssse3, sse4.1, sse4.2, popcnt, avx, avx2, aes, clmul, erms, lzcnt, tsc, tscinvbit, bmi1, bmi2

Memory: 4k page, physical 20909416k(9381856k free), swap 33648660k(7530952k free)

vm_info: OpenJDK 64-Bit Server VM (25.282-b08) for windows-amd64 JRE (1.8.0_282-b08), built on Jan 20 2021 11:42:17 by "jenkins" with MS VC++ 12.0 (VS2013)

time: Mon Mar 29 01:23:26 2021
timezone: RTZ 2 (ceia)
elapsed time: 11.375928 seconds (0d 0h 0m 11s)

