#
# A fatal error has been detected by the Java Runtime Environment:
#
#  EXCEPTION_ACCESS_VIOLATION (0xc0000005) at pc=0x00007ffc1b89ecfd, pid=23256, tid=0x0000000000005498
#
# JRE version: OpenJDK Runtime Environment (8.0_282-b08) (build 1.8.0_282-b08)
# Java VM: OpenJDK 64-Bit Server VM (25.282-b08 mixed mode windows-amd64 compressed oops)
# Problematic frame:
# C  [lwjgl_opengl.dll+0xecfd]
#
# Failed to write core dump. Minidumps are not enabled by default on client versions of Windows
#
# If you would like to submit a bug report, please visit:
#   https://github.com/AdoptOpenJDK/openjdk-support/issues
# The crash happened outside the Java Virtual Machine in native code.
# See problematic frame for where to report the bug.
#

---------------  T H R E A D  ---------------

Current thread (0x000001cf78d6d800):  JavaThread "Finalizer" daemon [_thread_in_native, id=21656, stack(0x0000004226700000,0x0000004226800000)]

siginfo: ExceptionCode=0xc0000005, reading address 0x00000000000009d8

Registers:
RAX=0x00000000766f9660, RBX=0x0000000000003e03, RCX=0x0000000000000001, RDX=0x000001cf7aaf3220
RSP=0x00000042267fee28, RBP=0x00000042267fee90, RSI=0x000001cf022dd3d8, RDI=0x000001cf7aaf3220
R8 =0x0000000000000001, R9 =0x000001cf7aaf3220, R10=0x0000000000000000, R11=0x0000000000000001
R12=0x0000000000000000, R13=0x00000042267ff098, R14=0x00000042267fee80, R15=0x000001cf78d6d800
RIP=0x00007ffc1b89ecfd, EFLAGS=0x0000000000010246

Top of Stack: (sp=0x00000042267fee28)
0x00000042267fee28:   000001cf5dad8ae1 000001cf5bd90d70
0x00000042267fee38:   00000042267feed0 0000000000000000
0x00000042267fee48:   0000000000000003 000001cf78d6d800
0x00000042267fee58:   4061800000000000 000001cf7febab98
0x00000042267fee68:   000001cf78d6d800 000001cf5bd90d70
0x00000042267fee78:   00000042267fef68 0000000680e00838
0x00000042267fee88:   000000007618749f 00000042267ff0e8
0x00000042267fee98:   000001cf5da9f294 0000000000000000
0x00000042267feea8:   0000000000000000 0000000000000000
0x00000042267feeb8:   000001cf78d6d800 0000000000000000
0x00000042267feec8:   0000000000000000 000001cf7febab98
0x00000042267feed8:   000001cf78d6d800 000001cf7febab98
0x00000042267feee8:   000001cf78d6d800 000001cf5bd90d70
0x00000042267feef8:   000001cf7febab98 00000000ffffffff
0x00000042267fef08:   0000000000000000 00000042267fefa9
0x00000042267fef18:   000000007601855a 000001cf78d63460 

Instructions: (pc=0x00007ffc1b89ecfd)
0x00007ffc1b89ecdd:   49 ff a2 00 0f 00 00 cc cc cc cc cc cc cc cc cc
0x00007ffc1b89eced:   cc cc cc 48 8b 01 49 8b d1 41 8b c8 4c 8b 50 18
0x00007ffc1b89ecfd:   49 ff a2 d8 09 00 00 cc cc cc cc cc cc cc cc cc
0x00007ffc1b89ed0d:   cc cc cc 48 8b 01 49 8b d1 41 8b c8 4c 8b 50 18 


Register to memory mapping:

RAX=0x00000000766f9660 is an unknown value
RBX=0x0000000000003e03 is an unknown value
RCX=0x0000000000000001 is an unknown value
RDX=0x000001cf7aaf3220 is an unknown value
RSP=0x00000042267fee28 is pointing into the stack for thread: 0x000001cf78d6d800
RBP=0x00000042267fee90 is pointing into the stack for thread: 0x000001cf78d6d800
RSI=0x000001cf022dd3d8 is pointing into metadata
RDI=0x000001cf7aaf3220 is an unknown value
R8 =0x0000000000000001 is an unknown value
R9 =0x000001cf7aaf3220 is an unknown value
R10=0x0000000000000000 is an unknown value
R11=0x0000000000000001 is an unknown value
R12=0x0000000000000000 is an unknown value
R13=0x00000042267ff098 is pointing into the stack for thread: 0x000001cf78d6d800
R14=0x00000042267fee80 is pointing into the stack for thread: 0x000001cf78d6d800
R15=0x000001cf78d6d800 is a thread


Stack: [0x0000004226700000,0x0000004226800000],  sp=0x00000042267fee28,  free space=1019k
Native frames: (J=compiled Java code, j=interpreted, Vv=VM code, C=native code)
C  [lwjgl_opengl.dll+0xecfd]

Java frames: (J=compiled Java code, j=interpreted, Vv=VM code)
J 1356  org.lwjgl.opengl.GL11.nglDeleteTextures(IJ)V (0 bytes) @ 0x000001cf5dad8a44 [0x000001cf5dad8a00+0x44]
J 1308 C1 playn.java.LWJGLGL20.glDeleteTextures(ILjava/nio/IntBuffer;)V (5 bytes) @ 0x000001cf5da9f294 [0x000001cf5da9eee0+0x3b4]
J 1248 C1 playn.core.Texture.release()V (52 bytes) @ 0x000001cf5da75964 [0x000001cf5da75300+0x664]
J 1146 C1 playn.scene.ImageLayer.setTile(Lplayn/core/Tile;)Lplayn/scene/ImageLayer; (47 bytes) @ 0x000001cf5da3a4c4 [0x000001cf5da3a300+0x1c4]
j  playn.scene.ImageLayer.finalize()V+5
J 1409 C1 java.lang.ref.Finalizer.runFinalizer(Lsun/misc/JavaLangAccess;)V (62 bytes) @ 0x000001cf5dafcf94 [0x000001cf5dafca00+0x594]
J 1408 C1 java.lang.ref.Finalizer.access$100(Ljava/lang/ref/Finalizer;Lsun/misc/JavaLangAccess;)V (6 bytes) @ 0x000001cf5dafc65c [0x000001cf5dafc600+0x5c]
j  java.lang.ref.Finalizer$FinalizerThread.run()V+45
v  ~StubRoutines::call_stub

---------------  P R O C E S S  ---------------

Java Threads: ( => current thread )
  0x000001cf7a13c800 JavaThread "pool-1-thread-4" [_thread_blocked, id=29820, stack(0x0000004227900000,0x0000004227a00000)]
  0x000001cf7a137000 JavaThread "pool-1-thread-3" [_thread_blocked, id=26240, stack(0x0000004227800000,0x0000004227900000)]
  0x000001cf7a138800 JavaThread "pool-1-thread-2" [_thread_blocked, id=13520, stack(0x0000004227700000,0x0000004227800000)]
  0x000001cf7a137800 JavaThread "pool-1-thread-1" [_thread_blocked, id=20928, stack(0x0000004227600000,0x0000004227700000)]
  0x000001cf7eeea800 JavaThread "Java2D Disposer" daemon [_thread_blocked, id=31608, stack(0x0000004227500000,0x0000004227600000)]
  0x000001cf79551800 JavaThread "Service Thread" daemon [_thread_blocked, id=20648, stack(0x0000004226d00000,0x0000004226e00000)]
  0x000001cf794d5800 JavaThread "C1 CompilerThread2" daemon [_thread_blocked, id=4128, stack(0x0000004226c00000,0x0000004226d00000)]
  0x000001cf794cc800 JavaThread "C2 CompilerThread1" daemon [_thread_blocked, id=32040, stack(0x0000004226b00000,0x0000004226c00000)]
  0x000001cf794c8000 JavaThread "C2 CompilerThread0" daemon [_thread_blocked, id=29836, stack(0x0000004226a00000,0x0000004226b00000)]
  0x000001cf794bf000 JavaThread "Attach Listener" daemon [_thread_blocked, id=27240, stack(0x0000004226900000,0x0000004226a00000)]
  0x000001cf794bd800 JavaThread "Signal Dispatcher" daemon [_thread_blocked, id=30308, stack(0x0000004226800000,0x0000004226900000)]
=>0x000001cf78d6d800 JavaThread "Finalizer" daemon [_thread_in_native, id=21656, stack(0x0000004226700000,0x0000004226800000)]
  0x000001cf79496000 JavaThread "Reference Handler" daemon [_thread_blocked, id=33628, stack(0x0000004226600000,0x0000004226700000)]
  0x000001cf5bd7b000 JavaThread "main" [_thread_in_native, id=8444, stack(0x0000004226000000,0x0000004226100000)]

Other Threads:
  0x000001cf79473000 VMThread [stack: 0x0000004226500000,0x0000004226600000] [id=25272]
  0x000001cf794e6800 WatcherThread [stack: 0x0000004226e00000,0x0000004226f00000] [id=25676]

VM state:not at safepoint (normal execution)

VM Mutex/Monitor currently owned by a thread: None

heap address: 0x0000000680e00000, size: 5106 MB, Compressed Oops mode: Zero based, Oop shift amount: 3
Narrow klass base: 0x0000000000000000, Narrow klass shift: 3
Compressed class space size: 1073741824 Address: 0x00000007c0000000

Heap:
 PSYoungGen      total 95744K, used 15309K [0x0000000755a00000, 0x000000075c480000, 0x00000007c0000000)
  eden space 82432K, 12% used [0x0000000755a00000,0x00000007563d2748,0x000000075aa80000)
  from space 13312K, 39% used [0x000000075b780000,0x000000075bca0fb0,0x000000075c480000)
  to   space 13312K, 0% used [0x000000075aa80000,0x000000075aa80000,0x000000075b780000)
 ParOldGen       total 218624K, used 51K [0x0000000680e00000, 0x000000068e380000, 0x0000000755a00000)
  object space 218624K, 0% used [0x0000000680e00000,0x0000000680e0cc30,0x000000068e380000)
 Metaspace       used 14142K, capacity 14397K, committed 14592K, reserved 1062912K
  class space    used 1341K, capacity 1423K, committed 1536K, reserved 1048576K

Card table byte_map: [0x000001cf6c9c0000,0x000001cf6d3c0000] byte_map_base: 0x000001cf695b9000

Marking Bits: (ParMarkBitMap*) 0x000000007676b810
 Begin Bits: [0x000001cf6da70000, 0x000001cf72a38000)
 End Bits:   [0x000001cf72a38000, 0x000001cf77a00000)

Polling page: 0x000001cf5bd10000

CodeCache: size=245760Kb used=6157Kb max_used=6177Kb free=239602Kb
 bounds [0x000001cf5d600000, 0x000001cf5dc20000, 0x000001cf6c600000]
 total_blobs=2773 nmethods=1743 adapters=942
 compilation: enabled

Compilation events (10 events):
Event: 17.608 Thread 0x000001cf794d5800 nmethod 1760 0x000001cf5dbfed90 code [0x000001cf5dbfefe0, 0x000001cf5dbffb80]
Event: 17.608 Thread 0x000001cf794d5800 1761       3       java.awt.image.PackedColorModel::countBits (44 bytes)
Event: 17.608 Thread 0x000001cf794d5800 nmethod 1761 0x000001cf5d704c50 code [0x000001cf5d704dc0, 0x000001cf5d7050d8]
Event: 17.608 Thread 0x000001cf794d5800 1762       3       java.awt.image.BufferedImage::getWritableTile (5 bytes)
Event: 17.608 Thread 0x000001cf794d5800 nmethod 1762 0x000001cf5d704410 code [0x000001cf5d704560, 0x000001cf5d7046b8]
Event: 17.609 Thread 0x000001cf794d5800 1763       3       java.awt.image.Raster::getPixel (25 bytes)
Event: 17.609 Thread 0x000001cf794d5800 nmethod 1763 0x000001cf5d701410 code [0x000001cf5d701580, 0x000001cf5d7017d0]
Event: 17.610 Thread 0x000001cf794d5800 1764  s!   3       sun.font.TrueTypeFont$TTDisposerRecord::dispose (40 bytes)
Event: 17.611 Thread 0x000001cf794d5800 nmethod 1764 0x000001cf5d710c10 code [0x000001cf5d710d80, 0x000001cf5d711210]
Event: 17.611 Thread 0x000001cf794d5800 1765       3       playn.core.Texture::finalize (16 bytes)

GC Heap History (4 events):
Event: 13.342 GC heap before
{Heap before GC invocations=1 (full 0):
 PSYoungGen      total 95744K, used 82432K [0x0000000755a00000, 0x000000075c480000, 0x00000007c0000000)
  eden space 82432K, 100% used [0x0000000755a00000,0x000000075aa80000,0x000000075aa80000)
  from space 13312K, 0% used [0x000000075b780000,0x000000075b780000,0x000000075c480000)
  to   space 13312K, 0% used [0x000000075aa80000,0x000000075aa80000,0x000000075b780000)
 ParOldGen       total 218624K, used 0K [0x0000000680e00000, 0x000000068e380000, 0x0000000755a00000)
  object space 218624K, 0% used [0x0000000680e00000,0x0000000680e00000,0x000000068e380000)
 Metaspace       used 13097K, capacity 13337K, committed 13696K, reserved 1060864K
  class space    used 1240K, capacity 1327K, committed 1408K, reserved 1048576K
Event: 13.349 GC heap after
Heap after GC invocations=1 (full 0):
 PSYoungGen      total 95744K, used 10999K [0x0000000755a00000, 0x000000075c480000, 0x00000007c0000000)
  eden space 82432K, 0% used [0x0000000755a00000,0x0000000755a00000,0x000000075aa80000)
  from space 13312K, 82% used [0x000000075aa80000,0x000000075b53de28,0x000000075b780000)
  to   space 13312K, 0% used [0x000000075b780000,0x000000075b780000,0x000000075c480000)
 ParOldGen       total 218624K, used 24K [0x0000000680e00000, 0x000000068e380000, 0x0000000755a00000)
  object space 218624K, 0% used [0x0000000680e00000,0x0000000680e06000,0x000000068e380000)
 Metaspace       used 13097K, capacity 13337K, committed 13696K, reserved 1060864K
  class space    used 1240K, capacity 1327K, committed 1408K, reserved 1048576K
}
Event: 17.600 GC heap before
{Heap before GC invocations=2 (full 0):
 PSYoungGen      total 95744K, used 93431K [0x0000000755a00000, 0x000000075c480000, 0x00000007c0000000)
  eden space 82432K, 100% used [0x0000000755a00000,0x000000075aa80000,0x000000075aa80000)
  from space 13312K, 82% used [0x000000075aa80000,0x000000075b53de28,0x000000075b780000)
  to   space 13312K, 0% used [0x000000075b780000,0x000000075b780000,0x000000075c480000)
 ParOldGen       total 218624K, used 24K [0x0000000680e00000, 0x000000068e380000, 0x0000000755a00000)
  object space 218624K, 0% used [0x0000000680e00000,0x0000000680e06000,0x000000068e380000)
 Metaspace       used 14131K, capacity 14333K, committed 14592K, reserved 1062912K
  class space    used 1339K, capacity 1423K, committed 1536K, reserved 1048576K
Event: 17.604 GC heap after
Heap after GC invocations=2 (full 0):
 PSYoungGen      total 95744K, used 5251K [0x0000000755a00000, 0x000000075c480000, 0x00000007c0000000)
  eden space 82432K, 0% used [0x0000000755a00000,0x0000000755a00000,0x000000075aa80000)
  from space 13312K, 39% used [0x000000075b780000,0x000000075bca0fb0,0x000000075c480000)
  to   space 13312K, 0% used [0x000000075aa80000,0x000000075aa80000,0x000000075b780000)
 ParOldGen       total 218624K, used 51K [0x0000000680e00000, 0x000000068e380000, 0x0000000755a00000)
  object space 218624K, 0% used [0x0000000680e00000,0x0000000680e0cc30,0x000000068e380000)
 Metaspace       used 14131K, capacity 14333K, committed 14592K, reserved 1062912K
  class space    used 1339K, capacity 1423K, committed 1536K, reserved 1048576K
}

Deoptimization events (10 events):
Event: 10.889 Thread 0x000001cf5bd7b000 Uncommon trap: reason=unstable_if action=reinterpret pc=0x000001cf5d9da7a8 method=playn.scene.ImageLayer.paintImpl(Lplayn/core/Surface;)V @ 4
Event: 16.876 Thread 0x000001cf5bd7b000 Uncommon trap: reason=unstable_if action=reinterpret pc=0x000001cf5db6e708 method=java.util.HashMap.keySet()Ljava/util/Set; @ 6
Event: 16.876 Thread 0x000001cf5bd7b000 Uncommon trap: reason=unstable_if action=reinterpret pc=0x000001cf5db70798 method=java.util.HashMap.keySet()Ljava/util/Set; @ 6
Event: 16.882 Thread 0x000001cf5bd7b000 Uncommon trap: reason=unstable_if action=reinterpret pc=0x000001cf5d770f40 method=java.lang.CharacterData.of(I)Ljava/lang/CharacterData; @ 4
Event: 16.904 Thread 0x000001cf5bd7b000 Uncommon trap: reason=unstable_if action=reinterpret pc=0x000001cf5dac3d00 method=java.util.HashMap.putVal(ILjava/lang/Object;Ljava/lang/Object;ZZ)Ljava/lang/Object; @ 181
Event: 16.908 Thread 0x000001cf5bd7b000 Uncommon trap: reason=unstable_if action=reinterpret pc=0x000001cf5dabf170 method=java.util.HashMap.putVal(ILjava/lang/Object;Ljava/lang/Object;ZZ)Ljava/lang/Object; @ 181
Event: 17.487 Thread 0x000001cf5bd7b000 Uncommon trap: reason=unstable_if action=reinterpret pc=0x000001cf5dabdcf8 method=java.lang.Integer.valueOf(I)Ljava/lang/Integer; @ 10
Event: 17.495 Thread 0x000001cf5bd7b000 Uncommon trap: reason=class_check action=maybe_recompile pc=0x000001cf5da07c18 method=java.io.DataInputStream.readFully([BII)V @ 34
Event: 17.495 Thread 0x000001cf5bd7b000 Uncommon trap: reason=class_check action=maybe_recompile pc=0x000001cf5da07c18 method=java.io.DataInputStream.readFully([BII)V @ 34
Event: 17.495 Thread 0x000001cf5bd7b000 Uncommon trap: reason=class_check action=maybe_recompile pc=0x000001cf5da07c18 method=java.io.DataInputStream.readFully([BII)V @ 34

Classes redefined (0 events):
No events

Internal exceptions (10 events):
Event: 0.374 Thread 0x000001cf5bd7b000 Exception <a 'java/lang/NoSuchMethodError': java.lang.Object.lambda$static$0(Ljava/lang/String;)Ljava/lang/Boolean;> (0x0000000755ece930) thrown at [J:\jenkins\tmp\workspace\build\src\hotspot\src\share\vm\interpreter\linkResolver.cpp, line 620]
Event: 0.385 Thread 0x000001cf5bd7b000 Exception <a 'java/lang/NoSuchFieldError': method resolution failed> (0x0000000755f469b0) thrown at [J:\jenkins\tmp\workspace\build\src\hotspot\src\share\vm\prims\methodHandles.cpp, line 1169]
Event: 0.386 Thread 0x000001cf5bd7b000 Exception <a 'java/lang/NoSuchFieldError': method resolution failed> (0x0000000755f53de0) thrown at [J:\jenkins\tmp\workspace\build\src\hotspot\src\share\vm\prims\methodHandles.cpp, line 1169]
Event: 1.383 Thread 0x000001cf5bd7b000 Exception <a 'sun/nio/fs/WindowsException'> (0x000000075643b288) thrown at [J:\jenkins\tmp\workspace\build\src\hotspot\src\share\vm\prims\jni.cpp, line 711]
Event: 1.383 Thread 0x000001cf5bd7b000 Exception <a 'sun/nio/fs/WindowsException'> (0x000000075643bac0) thrown at [J:\jenkins\tmp\workspace\build\src\hotspot\src\share\vm\prims\jni.cpp, line 711]
Event: 1.906 Thread 0x000001cf5bd7b000 Exception <a 'java/io/FileNotFoundException'> (0x0000000756d724c8) thrown at [J:\jenkins\tmp\workspace\build\src\hotspot\src\share\vm\prims\jni.cpp, line 711]
Event: 1.922 Thread 0x000001cf5bd7b000 Exception <a 'java/lang/ClassNotFoundException': sun/dc/DuctusRenderingEngine> (0x0000000756dc6120) thrown at [J:\jenkins\tmp\workspace\build\src\hotspot\src\share\vm\classfile\systemDictionary.cpp, line 217]
Event: 1.935 Thread 0x000001cf5bd7b000 Exception <a 'java/io/FileNotFoundException'> (0x0000000756dd98e8) thrown at [J:\jenkins\tmp\workspace\build\src\hotspot\src\share\vm\prims\jni.cpp, line 711]
Event: 10.889 Thread 0x000001cf5bd7b000 Implicit null exception at 0x000001cf5d9d93b4 to 0x000001cf5d9da789
Event: 16.876 Thread 0x000001cf5bd7b000 Implicit null exception at 0x000001cf5db6e3ca to 0x000001cf5db6e6f5

Events (10 events):
Event: 17.612 Executing VM operation: RevokeBias
Event: 17.612 Executing VM operation: RevokeBias done
Event: 17.612 Executing VM operation: RevokeBias
Event: 17.612 Executing VM operation: RevokeBias done
Event: 17.612 Executing VM operation: RevokeBias
Event: 17.612 Executing VM operation: RevokeBias done
Event: 17.612 Executing VM operation: RevokeBias
Event: 17.613 Executing VM operation: RevokeBias done
Event: 17.613 Executing VM operation: BulkRevokeBias
Event: 17.613 Executing VM operation: BulkRevokeBias done


Dynamic libraries:
0x00007ff73fa90000 - 0x00007ff73faca000 	G:\adopt\jre\bin\java.exe
0x00007ffc4ebb0000 - 0x00007ffc4ed91000 	C:\WINDOWS\SYSTEM32\ntdll.dll
0x00007ffc4c7a0000 - 0x00007ffc4c851000 	C:\WINDOWS\System32\KERNEL32.DLL
0x00007ffc4b130000 - 0x00007ffc4b3a3000 	C:\WINDOWS\System32\KERNELBASE.dll
0x00007ffc4c100000 - 0x00007ffc4c1a1000 	C:\WINDOWS\System32\ADVAPI32.dll
0x00007ffc4ea30000 - 0x00007ffc4eace000 	C:\WINDOWS\System32\msvcrt.dll
0x00007ffc4e5b0000 - 0x00007ffc4e60b000 	C:\WINDOWS\System32\sechost.dll
0x00007ffc4c220000 - 0x00007ffc4c344000 	C:\WINDOWS\System32\RPCRT4.dll
0x00007ffc4e890000 - 0x00007ffc4ea21000 	C:\WINDOWS\System32\USER32.dll
0x00007ffc4b500000 - 0x00007ffc4b520000 	C:\WINDOWS\System32\win32u.dll
0x00007ffc4e860000 - 0x00007ffc4e888000 	C:\WINDOWS\System32\GDI32.dll
0x00007ffc4b710000 - 0x00007ffc4b8a3000 	C:\WINDOWS\System32\gdi32full.dll
0x00007ffc4b460000 - 0x00007ffc4b4ff000 	C:\WINDOWS\System32\msvcp_win.dll
0x00007ffc4af50000 - 0x00007ffc4b048000 	C:\WINDOWS\System32\ucrtbase.dll
0x00007ffc38a60000 - 0x00007ffc38cc9000 	C:\WINDOWS\WinSxS\amd64_microsoft.windows.common-controls_6595b64144ccf1df_6.0.17134.1902_none_d3fc12d37c93a894\COMCTL32.dll
0x00007ffc4dee0000 - 0x00007ffc4e201000 	C:\WINDOWS\System32\combase.dll
0x00007ffc4b0b0000 - 0x00007ffc4b129000 	C:\WINDOWS\System32\bcryptPrimitives.dll
0x00007ffc4e360000 - 0x00007ffc4e38d000 	C:\WINDOWS\System32\IMM32.DLL
0x00007ffc1d390000 - 0x00007ffc1d47f000 	G:\adopt\jre\bin\msvcr120.dll
0x00007ffc1be90000 - 0x00007ffc1bf36000 	G:\adopt\jre\bin\msvcp120.dll
0x0000000075f80000 - 0x00000000767ea000 	G:\adopt\jre\bin\server\jvm.dll
0x00007ffc4e850000 - 0x00007ffc4e858000 	C:\WINDOWS\System32\PSAPI.DLL
0x00007ffc3c100000 - 0x00007ffc3c109000 	C:\WINDOWS\SYSTEM32\WSOCK32.dll
0x00007ffc46a10000 - 0x00007ffc46a1a000 	C:\WINDOWS\SYSTEM32\VERSION.dll
0x00007ffc4c1b0000 - 0x00007ffc4c21c000 	C:\WINDOWS\System32\WS2_32.dll
0x00007ffc49150000 - 0x00007ffc49173000 	C:\WINDOWS\SYSTEM32\WINMM.dll
0x00007ffc49120000 - 0x00007ffc4914a000 	C:\WINDOWS\SYSTEM32\winmmbase.dll
0x00007ffc4bfd0000 - 0x00007ffc4c019000 	C:\WINDOWS\System32\cfgmgr32.dll
0x00007ffc3bc80000 - 0x00007ffc3bc8f000 	G:\adopt\jre\bin\verify.dll
0x00007ffc362d0000 - 0x00007ffc362f9000 	G:\adopt\jre\bin\java.dll
0x00007ffc3aad0000 - 0x00007ffc3aae6000 	G:\adopt\jre\bin\zip.dll
0x00007ffc4c860000 - 0x00007ffc4dca5000 	C:\WINDOWS\System32\SHELL32.dll
0x00007ffc4ead0000 - 0x00007ffc4eb79000 	C:\WINDOWS\System32\shcore.dll
0x00007ffc4b8b0000 - 0x00007ffc4bfc5000 	C:\WINDOWS\System32\windows.storage.dll
0x00007ffc4de50000 - 0x00007ffc4dea1000 	C:\WINDOWS\System32\shlwapi.dll
0x00007ffc4aeb0000 - 0x00007ffc4aec1000 	C:\WINDOWS\System32\kernel.appcore.dll
0x00007ffc4ae90000 - 0x00007ffc4aeaf000 	C:\WINDOWS\System32\profapi.dll
0x00007ffc4af00000 - 0x00007ffc4af4c000 	C:\WINDOWS\System32\powrprof.dll
0x00007ffc4aed0000 - 0x00007ffc4aeda000 	C:\WINDOWS\System32\FLTLIB.DLL
0x00007ffc3a580000 - 0x00007ffc3a59a000 	G:\adopt\jre\bin\net.dll
0x00007ffc4a6b0000 - 0x00007ffc4a716000 	C:\WINDOWS\system32\mswsock.dll
0x00007ffc2d6e0000 - 0x00007ffc2d6f2000 	G:\adopt\jre\bin\nio.dll
0x00007ffc1c730000 - 0x00007ffc1c787000 	C:\Users\VovanJapan\AppData\Local\Temp\lwjglVovanJapan\3.1.2-build-29\lwjgl.dll
0x00007ffc1e7a0000 - 0x00007ffc1e7dd000 	C:\Users\VOVANJ~1\AppData\Local\Temp\lwjglVovanJapan\3.1.2-build-29\glfw.dll
0x00007ffc492f0000 - 0x00007ffc49388000 	C:\WINDOWS\system32\uxtheme.dll
0x00007ffc1be40000 - 0x00007ffc1be83000 	C:\WINDOWS\SYSTEM32\dinput8.dll
0x00007ffc3a710000 - 0x00007ffc3a720000 	C:\WINDOWS\SYSTEM32\xinput1_4.dll
0x00007ffc4aab0000 - 0x00007ffc4aad7000 	C:\WINDOWS\SYSTEM32\DEVOBJ.dll
0x00007ffc3cb00000 - 0x00007ffc3cb79000 	C:\WINDOWS\SYSTEM32\inputhost.dll
0x00007ffc46860000 - 0x00007ffc469ad000 	C:\WINDOWS\SYSTEM32\wintypes.dll
0x00007ffc48fd0000 - 0x00007ffc490aa000 	C:\WINDOWS\SYSTEM32\CoreMessaging.dll
0x00007ffc46350000 - 0x00007ffc4666e000 	C:\WINDOWS\SYSTEM32\CoreUIComponents.dll
0x00007ffc49f80000 - 0x00007ffc49fb1000 	C:\WINDOWS\SYSTEM32\ntmarta.dll
0x00007ffc49540000 - 0x00007ffc49569000 	C:\WINDOWS\SYSTEM32\dwmapi.dll
0x00007ffc4e430000 - 0x00007ffc4e5a4000 	C:\WINDOWS\System32\MSCTF.dll
0x00007ffc4e610000 - 0x00007ffc4e6d2000 	C:\WINDOWS\System32\OLEAUT32.dll
0x00007ffc49ad0000 - 0x00007ffc49adc000 	C:\WINDOWS\SYSTEM32\HID.DLL
0x00007ffc4c350000 - 0x00007ffc4c79b000 	C:\WINDOWS\System32\SETUPAPI.DLL
0x00007ffc4b050000 - 0x00007ffc4b0a7000 	C:\WINDOWS\System32\WINTRUST.dll
0x00007ffc4aee0000 - 0x00007ffc4aef2000 	C:\WINDOWS\System32\MSASN1.dll
0x00007ffc4b520000 - 0x00007ffc4b702000 	C:\WINDOWS\System32\CRYPT32.dll
0x00007ffc1ac20000 - 0x00007ffc1ad40000 	C:\WINDOWS\SYSTEM32\opengl32.dll
0x00007ffc26520000 - 0x00007ffc2654c000 	C:\WINDOWS\SYSTEM32\GLU32.dll
0x00007ffbf4bd0000 - 0x00007ffbf7558000 	C:\WINDOWS\System32\DriverStore\FileRepository\nv_dispi.inf_amd64_e44a509137af5639\nvoglv64.dll
0x00007ffc4e6e0000 - 0x00007ffc4e832000 	C:\WINDOWS\System32\ole32.dll
0x00007ffc47ab0000 - 0x00007ffc47ac3000 	C:\WINDOWS\SYSTEM32\WTSAPI32.dll
0x00007ffc46690000 - 0x00007ffc466be000 	C:\WINDOWS\SYSTEM32\cryptnet.dll
0x00007ffc4a860000 - 0x00007ffc4a86b000 	C:\WINDOWS\SYSTEM32\cryptbase.dll
0x00007ffc04090000 - 0x00007ffc04349000 	C:\WINDOWS\system32\nvspcap64.dll
0x00007ffc4ac90000 - 0x00007ffc4ace6000 	C:\WINDOWS\SYSTEM32\WINSTA.dll
0x00007ffc3cbb0000 - 0x00007ffc3cc46000 	C:\WINDOWS\System32\TextInputFramework.dll
0x00007ffc1b890000 - 0x00007ffc1b8ec000 	C:\Users\VovanJapan\AppData\Local\Temp\lwjglVovanJapan\3.1.2-build-29\lwjgl_opengl.dll
0x00007ffc16870000 - 0x00007ffc16a05000 	G:\adopt\jre\bin\awt.dll
0x00007ffc49180000 - 0x00007ffc4920b000 	C:\WINDOWS\SYSTEM32\apphelp.dll
0x00007ffc16380000 - 0x00007ffc16413000 	G:\adopt\jre\bin\freetype.dll
0x00007ffc145a0000 - 0x00007ffc1465d000 	G:\adopt\jre\bin\fontmanager.dll
0x00007ffc306c0000 - 0x00007ffc30889000 	C:\WINDOWS\SYSTEM32\dbghelp.dll

VM Arguments:
jvm_args: -Dfoo=bar 
java_command: playn.sample.hello.java.HelloGameJava
java_class_path (initial): G:\GitHub\warpdeath\playn-samples-master\hello\java\target\classes;G:\GitHub\warpdeath\playn-samples-master\hello\core\target\classes;C:\Users\VovanJapan\.m2\repository\io\playn\playn-scene\2.0\playn-scene-2.0.jar;C:\Users\VovanJapan\.m2\repository\io\playn\playn-core\2.0\playn-core-2.0.jar;C:\Users\VovanJapan\.m2\repository\com\samskivert\pythagoras\1.4.3\pythagoras-1.4.3.jar;C:\Users\VovanJapan\.m2\repository\com\threerings\react\1.5.3\react-1.5.3.jar;G:\GitHub\warpdeath\playn-samples-master\hello\assets\target\classes;C:\Users\VovanJapan\.m2\repository\io\playn\playn-java-lwjgl\2.0\playn-java-lwjgl-2.0.jar;C:\Users\VovanJapan\.m2\repository\io\playn\playn-java-base\2.0\playn-java-base-2.0.jar;C:\Users\VovanJapan\.m2\repository\com\googlecode\soundlibs\mp3spi\1.9.5-1\mp3spi-1.9.5-1.jar;C:\Users\VovanJapan\.m2\repository\com\googlecode\soundlibs\jlayer\1.0.1-1\jlayer-1.0.1-1.jar;C:\Users\VovanJapan\.m2\repository\com\googlecode\soundlibs\tritonus-share\0.3.7-1\tritonus-share-0.3.7-1.jar;C:\Users\VovanJapan\.m2\repository\org\java-websocket\Java-WebSocket\1.3.0\Java-WebSocket-1.3.0.jar;C:\Users\VovanJapan\.m2\repository\org\lwjgl\lwjgl\3.1.2\lwjgl-3.1.2.jar;C:\Users\VovanJapan\.m2\repository\org\lwjgl\lwjgl\3.1.2\lwjgl-3.1.2-natives-linux.jar;C:\Users\VovanJapan\.m2\repository\org\lwjgl\lwjgl\3.1.2\lwjgl-3.1.2-natives-windows.jar;C:\Users\VovanJapan\.m2\repository\org\lwjgl\lwjgl\3.1.2\lwjgl-3.1.2-natives-macos.jar;C:\Users\VovanJapan\.m2\repository\org\lwjgl\lwjgl-opengl\3.1.2\lwjgl-opengl-3.1.2.jar;C:\Users\VovanJapan\.m2\repository\org\lwjgl\lwjgl-opengl\3.1.2\lwjgl-opengl-3.1.2-natives-linux.jar;C:\Users\VovanJapan\.m2\repository\org\lwjgl\lwjgl-opengl\3.1.2\lwjgl-opengl-3.1.2-natives-windows.jar;C:\Users\VovanJapan\.m2\repository\org\lwjgl\lwjgl-opengl\3.1.2\lwjgl-opengl-3.1.2-natives-macos.jar;C:\Users\VovanJapan\.m2\repository\org\lwjgl\lwjgl-glfw\3.1.2\lwjgl-glfw-3.1.2.jar;C:\Users\VovanJapan\.m2\repository\org\lwjgl\lwjgl-glfw\3
Launcher Type: SUN_STANDARD

Environment Variables:
PATH=G:\adopt\bin;C:\Program Files (x86)\Common Files\Oracle\Java\javapath;C:\Windows\system32;C:\Windows;C:\Windows\System32\Wbem;C:\Windows\System32\WindowsPowerShell\v1.0\;C:\Program Files\NVIDIA Corporation\NVIDIA NvDLISR;C:\Program Files (x86)\NVIDIA Corporation\PhysX\Common;C:\WINDOWS\system32;C:\WINDOWS;C:\WINDOWS\System32\Wbem;C:\WINDOWS\System32\WindowsPowerShell\v1.0\;C:\WINDOWS\System32\OpenSSH\;C:\Program Files\TortoiseSVN\bin;G:\gtksharp\bin;C:\Users\VovanJapan\AppData\Local\Microsoft\WindowsApps;C:\Users\VovanJapan\AppData\Local\atom\bin;E:\code\bin;C:\mingw-w64\mingw64\bin;G:\IntelliJ\IntelliJ IDEA Community Edition 2020.2.3\bin;;G:\javatest\apache-maven-3.6.3\bin;C:\Users\VovanJapan\AppData\Local\GitHubDesktop\bin
USERNAME=VovanJapan
OS=Windows_NT
PROCESSOR_IDENTIFIER=Intel64 Family 6 Model 60 Stepping 3, GenuineIntel



---------------  S Y S T E M  ---------------

OS: Windows 10.0 , 64 bit Build 17134 (10.0.17134.1425)

CPU:total 4 (initial active 4) (4 cores per cpu, 1 threads per core) family 6 model 60 stepping 3, cmov, cx8, fxsr, mmx, sse, sse2, sse3, ssse3, sse4.1, sse4.2, popcnt, avx, avx2, aes, clmul, erms, lzcnt, tsc, tscinvbit, bmi1, bmi2

Memory: 4k page, physical 20909416k(7847916k free), swap 33661408k(7887880k free)

vm_info: OpenJDK 64-Bit Server VM (25.282-b08) for windows-amd64 JRE (1.8.0_282-b08), built on Jan 20 2021 11:42:17 by "jenkins" with MS VC++ 12.0 (VS2013)

time: Mon Mar 29 00:33:52 2021
timezone: RTZ 2 (ceia)
elapsed time: 17.695625 seconds (0d 0h 0m 17s)

