#
# A fatal error has been detected by the Java Runtime Environment:
#
#  EXCEPTION_ACCESS_VIOLATION (0xc0000005) at pc=0x00007ffc1be9ecfd, pid=25876, tid=0x00000000000053c8
#
# JRE version: OpenJDK Runtime Environment (8.0_282-b08) (build 1.8.0_282-b08)
# Java VM: OpenJDK 64-Bit Server VM (25.282-b08 mixed mode windows-amd64 compressed oops)
# Problematic frame:
# C  [lwjgl_opengl.dll+0xecfd]
#
# Failed to write core dump. Minidumps are not enabled by default on client versions of Windows
#
# If you would like to submit a bug report, please visit:
#   https://github.com/AdoptOpenJDK/openjdk-support/issues
# The crash happened outside the Java Virtual Machine in native code.
# See problematic frame for where to report the bug.
#

---------------  T H R E A D  ---------------

Current thread (0x000001c12e21d000):  JavaThread "Finalizer" daemon [_thread_in_native, id=21448, stack(0x0000002194700000,0x0000002194800000)]

siginfo: ExceptionCode=0xc0000005, reading address 0x00000000000009d8

Registers:
RAX=0x00000000766f9660, RBX=0x000001c12dfbb8f8, RCX=0x0000000000000001, RDX=0x000001c12f9ac300
RSP=0x00000021947ff4a8, RBP=0x00000021947ff510, RSI=0x000001c1379cbea0, RDI=0x0000000000000001
R8 =0x0000000000000001, R9 =0x000001c12f9ac300, R10=0x0000000000000000, R11=0x000001c12f9ac300
R12=0x0000000000000000, R13=0x00000021947ff610, R14=0x00000021947ff500, R15=0x000001c12e21d000
RIP=0x00007ffc1be9ecfd, EFLAGS=0x0000000000010246

Top of Stack: (sp=0x00000021947ff4a8)
0x00000021947ff4a8:   000001c113069ee1 0000000680ea8dc0
0x00000021947ff4b8:   000001c12f9ac300 0000000000000001
0x00000021947ff4c8:   000001c1379cbea0 00000021947ff510
0x00000021947ff4d8:   00000021947ff500 000001c12dfbb8f8
0x00000021947ff4e8:   0000000000000001 0000000000000000
0x00000021947ff4f8:   000001c113069e18 0000000680e024d0
0x00000021947ff508:   0000000000000206 0000000000000001
0x00000021947ff518:   000001c1131c0b1c 000000075abd7f50
0x00000021947ff528:   000001c12e21d000 00000021947ff5f0
0x00000021947ff538:   00000021947ff538 000001c12e931de0
0x00000021947ff548:   000000007617bbf9 00000021947ff880
0x00000021947ff558:   000001c12e21d000 0000000000000009
0x00000021947ff568:   0000000000000000 0000000000000000
0x00000021947ff578:   000001c1131ae6dc 000001c12e21d000
0x00000021947ff588:   000001c12e219ada 000001c1379cbea0
0x00000021947ff598:   0000000000000000 00000000d01e22c0 

Instructions: (pc=0x00007ffc1be9ecfd)
0x00007ffc1be9ecdd:   49 ff a2 00 0f 00 00 cc cc cc cc cc cc cc cc cc
0x00007ffc1be9eced:   cc cc cc 48 8b 01 49 8b d1 41 8b c8 4c 8b 50 18
0x00007ffc1be9ecfd:   49 ff a2 d8 09 00 00 cc cc cc cc cc cc cc cc cc
0x00007ffc1be9ed0d:   cc cc cc 48 8b 01 49 8b d1 41 8b c8 4c 8b 50 18 


Register to memory mapping:

RAX=0x00000000766f9660 is an unknown value
RBX={method} {0x000001c12dfbb900} 'nglDeleteTextures' '(IJ)V' in 'org/lwjgl/opengl/GL11'
RCX=0x0000000000000001 is an unknown value
RDX=0x000001c12f9ac300 is an unknown value
RSP=0x00000021947ff4a8 is pointing into the stack for thread: 0x000001c12e21d000
RBP=0x00000021947ff510 is pointing into the stack for thread: 0x000001c12e21d000
RSI=0x000001c1379cbea0 is pointing into metadata
RDI=0x0000000000000001 is an unknown value
R8 =0x0000000000000001 is an unknown value
R9 =0x000001c12f9ac300 is an unknown value
R10=0x0000000000000000 is an unknown value
R11=0x000001c12f9ac300 is an unknown value
R12=0x0000000000000000 is an unknown value
R13=0x00000021947ff610 is pointing into the stack for thread: 0x000001c12e21d000
R14=0x00000021947ff500 is pointing into the stack for thread: 0x000001c12e21d000
R15=0x000001c12e21d000 is a thread


Stack: [0x0000002194700000,0x0000002194800000],  sp=0x00000021947ff4a8,  free space=1021k
Native frames: (J=compiled Java code, j=interpreted, Vv=VM code, C=native code)
C  [lwjgl_opengl.dll+0xecfd]

Java frames: (J=compiled Java code, j=interpreted, Vv=VM code)
J 1523  org.lwjgl.opengl.GL11.nglDeleteTextures(IJ)V (0 bytes) @ 0x000001c113069e44 [0x000001c113069e00+0x44]
J 1985 C2 playn.scene.ImageLayer.finalize()V (10 bytes) @ 0x000001c1131c0b1c [0x000001c1131c0a00+0x11c]
J 1967 C2 java.lang.ref.Finalizer.access$100(Ljava/lang/ref/Finalizer;Lsun/misc/JavaLangAccess;)V (6 bytes) @ 0x000001c1131ae6dc [0x000001c1131ae500+0x1dc]
j  java.lang.ref.Finalizer$FinalizerThread.run()V+45
v  ~StubRoutines::call_stub

---------------  P R O C E S S  ---------------

Java Threads: ( => current thread )
  0x000001c1363dc800 JavaThread "pool-1-thread-4" [_thread_blocked, id=28040, stack(0x0000002195a00000,0x0000002195b00000)]
  0x000001c13641a000 JavaThread "pool-1-thread-3" [_thread_blocked, id=19948, stack(0x0000002195900000,0x0000002195a00000)]
  0x000001c136419000 JavaThread "pool-1-thread-2" [_thread_blocked, id=30084, stack(0x0000002195800000,0x0000002195900000)]
  0x000001c136413800 JavaThread "pool-1-thread-1" [_thread_blocked, id=21780, stack(0x0000002195700000,0x0000002195800000)]
  0x000001c1362e6000 JavaThread "Java2D Disposer" daemon [_thread_blocked, id=30476, stack(0x0000002195600000,0x0000002195700000)]
  0x000001c12ea16800 JavaThread "Service Thread" daemon [_thread_blocked, id=18772, stack(0x0000002194d00000,0x0000002194e00000)]
  0x000001c12e991000 JavaThread "C1 CompilerThread2" daemon [_thread_blocked, id=30160, stack(0x0000002194c00000,0x0000002194d00000)]
  0x000001c12e98b000 JavaThread "C2 CompilerThread1" daemon [_thread_blocked, id=30452, stack(0x0000002194b00000,0x0000002194c00000)]
  0x000001c12e981800 JavaThread "C2 CompilerThread0" daemon [_thread_blocked, id=8112, stack(0x0000002194a00000,0x0000002194b00000)]
  0x000001c12e97c000 JavaThread "Attach Listener" daemon [_thread_blocked, id=30216, stack(0x0000002194900000,0x0000002194a00000)]
  0x000001c12e97a800 JavaThread "Signal Dispatcher" daemon [_thread_blocked, id=29964, stack(0x0000002194800000,0x0000002194900000)]
=>0x000001c12e21d000 JavaThread "Finalizer" daemon [_thread_in_native, id=21448, stack(0x0000002194700000,0x0000002194800000)]
  0x000001c12e212800 JavaThread "Reference Handler" daemon [_thread_blocked, id=6072, stack(0x0000002194600000,0x0000002194700000)]
  0x000001c111038800 JavaThread "main" [_thread_in_native, id=17080, stack(0x0000002193f00000,0x0000002194000000)]

Other Threads:
  0x000001c12e932800 VMThread [stack: 0x0000002194500000,0x0000002194600000] [id=27388]
  0x000001c12ea1a000 WatcherThread [stack: 0x0000002194e00000,0x0000002194f00000] [id=31612]

VM state:not at safepoint (normal execution)

VM Mutex/Monitor currently owned by a thread: None

heap address: 0x0000000680e00000, size: 5106 MB, Compressed Oops mode: Zero based, Oop shift amount: 3
Narrow klass base: 0x0000000000000000, Narrow klass shift: 3
Compressed class space size: 1073741824 Address: 0x00000007c0000000

Heap:
 PSYoungGen      total 77824K, used 14880K [0x0000000755a00000, 0x000000075b100000, 0x00000007c0000000)
  eden space 69632K, 16% used [0x0000000755a00000,0x0000000756579e10,0x0000000759e00000)
  from space 8192K, 38% used [0x000000075a900000,0x000000075ac0e208,0x000000075b100000)
  to   space 9728K, 0% used [0x0000000759e00000,0x0000000759e00000,0x000000075a780000)
 ParOldGen       total 218624K, used 3359K [0x0000000680e00000, 0x000000068e380000, 0x0000000755a00000)
  object space 218624K, 1% used [0x0000000680e00000,0x0000000681147e00,0x000000068e380000)
 Metaspace       used 14247K, capacity 14461K, committed 14848K, reserved 1062912K
  class space    used 1340K, capacity 1423K, committed 1536K, reserved 1048576K

Card table byte_map: [0x000001c121ee0000,0x000001c1228e0000] byte_map_base: 0x000001c11ead9000

Marking Bits: (ParMarkBitMap*) 0x000000007676b810
 Begin Bits: [0x000001c122f90000, 0x000001c127f58000)
 End Bits:   [0x000001c127f58000, 0x000001c12cf20000)

Polling page: 0x000001c111200000

CodeCache: size=245760Kb used=6982Kb max_used=6995Kb free=238777Kb
 bounds [0x000001c112b20000, 0x000001c113210000, 0x000001c121b20000]
 total_blobs=3047 nmethods=2016 adapters=943
 compilation: enabled

Compilation events (10 events):
Event: 26.785 Thread 0x000001c12e991000 nmethod 2029 0x000001c112c2dc90 code [0x000001c112c2dde0, 0x000001c112c2df98]
Event: 26.796 Thread 0x000001c12e98b000 nmethod 2026 0x000001c113201090 code [0x000001c113201400, 0x000001c113203a68]
Event: 26.884 Thread 0x000001c12e991000 2030       3       pythagoras.f.Vector::<init> (5 bytes)
Event: 26.884 Thread 0x000001c12e991000 nmethod 2030 0x000001c112cb3010 code [0x000001c112cb3180, 0x000001c112cb3398]
Event: 26.884 Thread 0x000001c12e991000 2031       3       pythagoras.f.AbstractVector::<init> (5 bytes)
Event: 26.884 Thread 0x000001c12e991000 nmethod 2031 0x000001c112cb2b90 code [0x000001c112cb2ce0, 0x000001c112cb2e98]
Event: 26.884 Thread 0x000001c12e991000 2032       3       playn.scene.GroupLayer::<init> (34 bytes)
Event: 26.885 Thread 0x000001c12e991000 nmethod 2032 0x000001c112c316d0 code [0x000001c112c318a0, 0x000001c112c31d80]
Event: 26.968 Thread 0x000001c12e991000 2033       3       playn.scene.GroupLayer::close (9 bytes)
Event: 26.969 Thread 0x000001c12e991000 nmethod 2033 0x000001c1131c76d0 code [0x000001c1131c7880, 0x000001c1131c80d0]

GC Heap History (10 events):
Event: 24.802 GC heap before
{Heap before GC invocations=8 (full 0):
 PSYoungGen      total 80384K, used 79896K [0x0000000755a00000, 0x000000075b880000, 0x00000007c0000000)
  eden space 77312K, 100% used [0x0000000755a00000,0x000000075a580000,0x000000075a580000)
  from space 3072K, 84% used [0x000000075a700000,0x000000075a9861f8,0x000000075aa00000)
  to   space 9728K, 0% used [0x000000075af00000,0x000000075af00000,0x000000075b880000)
 ParOldGen       total 218624K, used 2823K [0x0000000680e00000, 0x000000068e380000, 0x0000000755a00000)
  object space 218624K, 1% used [0x0000000680e00000,0x00000006810c1f00,0x000000068e380000)
 Metaspace       used 14233K, capacity 14461K, committed 14848K, reserved 1062912K
  class space    used 1340K, capacity 1423K, committed 1536K, reserved 1048576K
Event: 24.804 GC heap after
Heap after GC invocations=8 (full 0):
 PSYoungGen      total 83968K, used 2488K [0x0000000755a00000, 0x000000075b700000, 0x00000007c0000000)
  eden space 75776K, 0% used [0x0000000755a00000,0x0000000755a00000,0x000000075a400000)
  from space 8192K, 30% used [0x000000075af00000,0x000000075b16e1f8,0x000000075b700000)
  to   space 9728K, 0% used [0x000000075a400000,0x000000075a400000,0x000000075ad80000)
 ParOldGen       total 218624K, used 2855K [0x0000000680e00000, 0x000000068e380000, 0x0000000755a00000)
  object space 218624K, 1% used [0x0000000680e00000,0x00000006810c9f00,0x000000068e380000)
 Metaspace       used 14233K, capacity 14461K, committed 14848K, reserved 1062912K
  class space    used 1340K, capacity 1423K, committed 1536K, reserved 1048576K
}
Event: 25.421 GC heap before
{Heap before GC invocations=9 (full 0):
 PSYoungGen      total 83968K, used 78032K [0x0000000755a00000, 0x000000075b700000, 0x00000007c0000000)
  eden space 75776K, 99% used [0x0000000755a00000,0x000000075a3c5ff0,0x000000075a400000)
  from space 8192K, 30% used [0x000000075af00000,0x000000075b16e1f8,0x000000075b700000)
  to   space 9728K, 0% used [0x000000075a400000,0x000000075a400000,0x000000075ad80000)
 ParOldGen       total 218624K, used 3217K [0x0000000680e00000, 0x000000068e380000, 0x0000000755a00000)
  object space 218624K, 1% used [0x0000000680e00000,0x0000000681124568,0x000000068e380000)
 Metaspace       used 14240K, capacity 14461K, committed 14848K, reserved 1062912K
  class space    used 1340K, capacity 1423K, committed 1536K, reserved 1048576K
Event: 25.423 GC heap after
Heap after GC invocations=9 (full 0):
 PSYoungGen      total 81408K, used 6729K [0x0000000755a00000, 0x000000075b680000, 0x00000007c0000000)
  eden space 74240K, 0% used [0x0000000755a00000,0x0000000755a00000,0x000000075a280000)
  from space 7168K, 93% used [0x000000075a400000,0x000000075aa925e8,0x000000075ab00000)
  to   space 10240K, 0% used [0x000000075ac80000,0x000000075ac80000,0x000000075b680000)
 ParOldGen       total 218624K, used 3249K [0x0000000680e00000, 0x000000068e380000, 0x0000000755a00000)
  object space 218624K, 1% used [0x0000000680e00000,0x000000068112c568,0x000000068e380000)
 Metaspace       used 14240K, capacity 14461K, committed 14848K, reserved 1062912K
  class space    used 1340K, capacity 1423K, committed 1536K, reserved 1048576K
}
Event: 26.072 GC heap before
{Heap before GC invocations=10 (full 0):
 PSYoungGen      total 81408K, used 80969K [0x0000000755a00000, 0x000000075b680000, 0x00000007c0000000)
  eden space 74240K, 100% used [0x0000000755a00000,0x000000075a280000,0x000000075a280000)
  from space 7168K, 93% used [0x000000075a400000,0x000000075aa925e8,0x000000075ab00000)
  to   space 10240K, 0% used [0x000000075ac80000,0x000000075ac80000,0x000000075b680000)
 ParOldGen       total 218624K, used 3255K [0x0000000680e00000, 0x000000068e380000, 0x0000000755a00000)
  object space 218624K, 1% used [0x0000000680e00000,0x000000068112de00,0x000000068e380000)
 Metaspace       used 14242K, capacity 14461K, committed 14848K, reserved 1062912K
  class space    used 1340K, capacity 1423K, committed 1536K, reserved 1048576K
Event: 26.074 GC heap after
Heap after GC invocations=10 (full 0):
 PSYoungGen      total 80384K, used 4496K [0x0000000755a00000, 0x000000075b400000, 0x00000007c0000000)
  eden space 72704K, 0% used [0x0000000755a00000,0x0000000755a00000,0x000000075a100000)
  from space 7680K, 58% used [0x000000075ac80000,0x000000075b0e43f0,0x000000075b400000)
  to   space 9728K, 0% used [0x000000075a100000,0x000000075a100000,0x000000075aa80000)
 ParOldGen       total 218624K, used 3271K [0x0000000680e00000, 0x000000068e380000, 0x0000000755a00000)
  object space 218624K, 1% used [0x0000000680e00000,0x0000000681131e00,0x000000068e380000)
 Metaspace       used 14242K, capacity 14461K, committed 14848K, reserved 1062912K
  class space    used 1340K, capacity 1423K, committed 1536K, reserved 1048576K
}
Event: 26.744 GC heap before
{Heap before GC invocations=11 (full 0):
 PSYoungGen      total 80384K, used 77200K [0x0000000755a00000, 0x000000075b400000, 0x00000007c0000000)
  eden space 72704K, 100% used [0x0000000755a00000,0x000000075a100000,0x000000075a100000)
  from space 7680K, 58% used [0x000000075ac80000,0x000000075b0e43f0,0x000000075b400000)
  to   space 9728K, 0% used [0x000000075a100000,0x000000075a100000,0x000000075aa80000)
 ParOldGen       total 218624K, used 3271K [0x0000000680e00000, 0x000000068e380000, 0x0000000755a00000)
  object space 218624K, 1% used [0x0000000680e00000,0x0000000681131e00,0x000000068e380000)
 Metaspace       used 14242K, capacity 14461K, committed 14848K, reserved 1062912K
  class space    used 1340K, capacity 1423K, committed 1536K, reserved 1048576K
Event: 26.746 GC heap after
Heap after GC invocations=11 (full 0):
 PSYoungGen      total 74240K, used 2744K [0x0000000755a00000, 0x000000075b280000, 0x00000007c0000000)
  eden space 71168K, 0% used [0x0000000755a00000,0x0000000755a00000,0x0000000759f80000)
  from space 3072K, 89% used [0x000000075a100000,0x000000075a3ae1f8,0x000000075a400000)
  to   space 9728K, 0% used [0x000000075a900000,0x000000075a900000,0x000000075b280000)
 ParOldGen       total 218624K, used 3311K [0x0000000680e00000, 0x000000068e380000, 0x0000000755a00000)
  object space 218624K, 1% used [0x0000000680e00000,0x000000068113be00,0x000000068e380000)
 Metaspace       used 14242K, capacity 14461K, committed 14848K, reserved 1062912K
  class space    used 1340K, capacity 1423K, committed 1536K, reserved 1048576K
}
Event: 27.349 GC heap before
{Heap before GC invocations=12 (full 0):
 PSYoungGen      total 74240K, used 73912K [0x0000000755a00000, 0x000000075b280000, 0x00000007c0000000)
  eden space 71168K, 100% used [0x0000000755a00000,0x0000000759f80000,0x0000000759f80000)
  from space 3072K, 89% used [0x000000075a100000,0x000000075a3ae1f8,0x000000075a400000)
  to   space 9728K, 0% used [0x000000075a900000,0x000000075a900000,0x000000075b280000)
 ParOldGen       total 218624K, used 3311K [0x0000000680e00000, 0x000000068e380000, 0x0000000755a00000)
  object space 218624K, 1% used [0x0000000680e00000,0x000000068113be00,0x000000068e380000)
 Metaspace       used 14247K, capacity 14461K, committed 14848K, reserved 1062912K
  class space    used 1340K, capacity 1423K, committed 1536K, reserved 1048576K
Event: 27.351 GC heap after
Heap after GC invocations=12 (full 0):
 PSYoungGen      total 77824K, used 3128K [0x0000000755a00000, 0x000000075b100000, 0x00000007c0000000)
  eden space 69632K, 0% used [0x0000000755a00000,0x0000000755a00000,0x0000000759e00000)
  from space 8192K, 38% used [0x000000075a900000,0x000000075ac0e208,0x000000075b100000)
  to   space 9728K, 0% used [0x0000000759e00000,0x0000000759e00000,0x000000075a780000)
 ParOldGen       total 218624K, used 3359K [0x0000000680e00000, 0x000000068e380000, 0x0000000755a00000)
  object space 218624K, 1% used [0x0000000680e00000,0x0000000681147e00,0x000000068e380000)
 Metaspace       used 14247K, capacity 14461K, committed 14848K, reserved 1062912K
  class space    used 1340K, capacity 1423K, committed 1536K, reserved 1048576K
}

Deoptimization events (10 events):
Event: 0.541 Thread 0x000001c111038800 Uncommon trap: reason=unstable_if action=reinterpret pc=0x000001c112c660fc method=java.lang.String.indexOf([CII[CIII)I @ 123
Event: 2.373 Thread 0x000001c111038800 Uncommon trap: reason=unstable_if action=reinterpret pc=0x000001c112e68f50 method=playn.core.Game.onFrame()V @ 28
Event: 6.998 Thread 0x000001c111038800 Uncommon trap: reason=unstable_if action=reinterpret pc=0x000001c112c8fa80 method=java.lang.CharacterData.of(I)Ljava/lang/CharacterData; @ 4
Event: 7.105 Thread 0x000001c111038800 Uncommon trap: reason=class_check action=maybe_recompile pc=0x000001c112f4dd98 method=java.io.DataInputStream.readFully([BII)V @ 34
Event: 7.105 Thread 0x000001c111038800 Uncommon trap: reason=class_check action=maybe_recompile pc=0x000001c112f4dd98 method=java.io.DataInputStream.readFully([BII)V @ 34
Event: 7.105 Thread 0x000001c111038800 Uncommon trap: reason=class_check action=maybe_recompile pc=0x000001c112f4dd98 method=java.io.DataInputStream.readFully([BII)V @ 34
Event: 7.128 Thread 0x000001c111038800 Uncommon trap: reason=unstable_if action=reinterpret pc=0x000001c112f11958 method=playn.scene.ImageLayer.width()F @ 33
Event: 21.641 Thread 0x000001c12e21d000 Uncommon trap: reason=unstable_if action=reinterpret pc=0x000001c11317a4c8 method=java.lang.ref.Finalizer.remove()V @ 10
Event: 22.948 Thread 0x000001c12e21d000 Uncommon trap: reason=unstable_if action=reinterpret pc=0x000001c113179ab0 method=java.lang.ref.Finalizer.remove()V @ 10
Event: 24.097 Thread 0x000001c12e21d000 Uncommon trap: reason=unstable_if action=reinterpret pc=0x000001c1131792b8 method=java.lang.ref.Finalizer.remove()V @ 10

Classes redefined (0 events):
No events

Internal exceptions (10 events):
Event: 0.390 Thread 0x000001c111038800 Exception <a 'java/security/PrivilegedActionException'> (0x0000000755e2fa10) thrown at [J:\jenkins\tmp\workspace\build\src\hotspot\src\share\vm\prims\jvm.cpp, line 1523]
Event: 0.420 Thread 0x000001c111038800 Exception <a 'java/lang/NoSuchMethodError': java.lang.Object.lambda$static$0(Ljava/lang/String;)Ljava/lang/Boolean;> (0x0000000755ece930) thrown at [J:\jenkins\tmp\workspace\build\src\hotspot\src\share\vm\interpreter\linkResolver.cpp, line 620]
Event: 0.430 Thread 0x000001c111038800 Exception <a 'java/lang/NoSuchFieldError': method resolution failed> (0x0000000755f466d8) thrown at [J:\jenkins\tmp\workspace\build\src\hotspot\src\share\vm\prims\methodHandles.cpp, line 1169]
Event: 0.431 Thread 0x000001c111038800 Exception <a 'java/lang/NoSuchFieldError': method resolution failed> (0x0000000755f53b08) thrown at [J:\jenkins\tmp\workspace\build\src\hotspot\src\share\vm\prims\methodHandles.cpp, line 1169]
Event: 1.199 Thread 0x000001c111038800 Exception <a 'sun/nio/fs/WindowsException'> (0x000000075643b200) thrown at [J:\jenkins\tmp\workspace\build\src\hotspot\src\share\vm\prims\jni.cpp, line 711]
Event: 1.199 Thread 0x000001c111038800 Exception <a 'sun/nio/fs/WindowsException'> (0x000000075643ba38) thrown at [J:\jenkins\tmp\workspace\build\src\hotspot\src\share\vm\prims\jni.cpp, line 711]
Event: 1.666 Thread 0x000001c111038800 Exception <a 'java/io/FileNotFoundException'> (0x0000000756d724c8) thrown at [J:\jenkins\tmp\workspace\build\src\hotspot\src\share\vm\prims\jni.cpp, line 711]
Event: 1.681 Thread 0x000001c111038800 Exception <a 'java/lang/ClassNotFoundException': sun/dc/DuctusRenderingEngine> (0x0000000756dc6120) thrown at [J:\jenkins\tmp\workspace\build\src\hotspot\src\share\vm\classfile\systemDictionary.cpp, line 217]
Event: 1.694 Thread 0x000001c111038800 Exception <a 'java/io/FileNotFoundException'> (0x0000000756dd98e8) thrown at [J:\jenkins\tmp\workspace\build\src\hotspot\src\share\vm\prims\jni.cpp, line 711]
Event: 7.128 Thread 0x000001c111038800 Implicit null exception at 0x000001c112f10b12 to 0x000001c112f11935

Events (10 events):
Event: 25.424 Thread 0x000001c12e991000 flushing nmethod 0x000001c112c90a50
Event: 25.424 Thread 0x000001c12e991000 flushing nmethod 0x000001c112cb2b90
Event: 26.072 Executing VM operation: ParallelGCFailedAllocation
Event: 26.074 Executing VM operation: ParallelGCFailedAllocation done
Event: 26.738 Executing VM operation: ParallelGCFailedAllocation
Event: 26.746 Executing VM operation: ParallelGCFailedAllocation done
Event: 27.318 loading class playn/sample/hello/core/HelloGame$Menu
Event: 27.318 loading class playn/sample/hello/core/HelloGame$Menu done
Event: 27.339 Executing VM operation: ParallelGCFailedAllocation
Event: 27.351 Executing VM operation: ParallelGCFailedAllocation done


Dynamic libraries:
0x00007ff73fa90000 - 0x00007ff73faca000 	G:\adopt\jre\bin\java.exe
0x00007ffc4ebb0000 - 0x00007ffc4ed91000 	C:\WINDOWS\SYSTEM32\ntdll.dll
0x00007ffc4c7a0000 - 0x00007ffc4c851000 	C:\WINDOWS\System32\KERNEL32.DLL
0x00007ffc4b130000 - 0x00007ffc4b3a3000 	C:\WINDOWS\System32\KERNELBASE.dll
0x00007ffc4c100000 - 0x00007ffc4c1a1000 	C:\WINDOWS\System32\ADVAPI32.dll
0x00007ffc4ea30000 - 0x00007ffc4eace000 	C:\WINDOWS\System32\msvcrt.dll
0x00007ffc4e5b0000 - 0x00007ffc4e60b000 	C:\WINDOWS\System32\sechost.dll
0x00007ffc4c220000 - 0x00007ffc4c344000 	C:\WINDOWS\System32\RPCRT4.dll
0x00007ffc4e890000 - 0x00007ffc4ea21000 	C:\WINDOWS\System32\USER32.dll
0x00007ffc4b500000 - 0x00007ffc4b520000 	C:\WINDOWS\System32\win32u.dll
0x00007ffc4e860000 - 0x00007ffc4e888000 	C:\WINDOWS\System32\GDI32.dll
0x00007ffc4b710000 - 0x00007ffc4b8a3000 	C:\WINDOWS\System32\gdi32full.dll
0x00007ffc4b460000 - 0x00007ffc4b4ff000 	C:\WINDOWS\System32\msvcp_win.dll
0x00007ffc4af50000 - 0x00007ffc4b048000 	C:\WINDOWS\System32\ucrtbase.dll
0x00007ffc38a60000 - 0x00007ffc38cc9000 	C:\WINDOWS\WinSxS\amd64_microsoft.windows.common-controls_6595b64144ccf1df_6.0.17134.1902_none_d3fc12d37c93a894\COMCTL32.dll
0x00007ffc4dee0000 - 0x00007ffc4e201000 	C:\WINDOWS\System32\combase.dll
0x00007ffc4b0b0000 - 0x00007ffc4b129000 	C:\WINDOWS\System32\bcryptPrimitives.dll
0x00007ffc4e360000 - 0x00007ffc4e38d000 	C:\WINDOWS\System32\IMM32.DLL
0x00007ffc1d350000 - 0x00007ffc1d43f000 	G:\adopt\jre\bin\msvcr120.dll
0x00007ffc1e790000 - 0x00007ffc1e836000 	G:\adopt\jre\bin\msvcp120.dll
0x0000000075f80000 - 0x00000000767ea000 	G:\adopt\jre\bin\server\jvm.dll
0x00007ffc4e850000 - 0x00007ffc4e858000 	C:\WINDOWS\System32\PSAPI.DLL
0x00007ffc3c100000 - 0x00007ffc3c109000 	C:\WINDOWS\SYSTEM32\WSOCK32.dll
0x00007ffc4c1b0000 - 0x00007ffc4c21c000 	C:\WINDOWS\System32\WS2_32.dll
0x00007ffc49150000 - 0x00007ffc49173000 	C:\WINDOWS\SYSTEM32\WINMM.dll
0x00007ffc46a10000 - 0x00007ffc46a1a000 	C:\WINDOWS\SYSTEM32\VERSION.dll
0x00007ffc49120000 - 0x00007ffc4914a000 	C:\WINDOWS\SYSTEM32\WINMMBASE.dll
0x00007ffc4bfd0000 - 0x00007ffc4c019000 	C:\WINDOWS\System32\cfgmgr32.dll
0x00007ffc3bc90000 - 0x00007ffc3bc9f000 	G:\adopt\jre\bin\verify.dll
0x00007ffc3bbf0000 - 0x00007ffc3bc19000 	G:\adopt\jre\bin\java.dll
0x00007ffc3aad0000 - 0x00007ffc3aae6000 	G:\adopt\jre\bin\zip.dll
0x00007ffc4c860000 - 0x00007ffc4dca5000 	C:\WINDOWS\System32\SHELL32.dll
0x00007ffc4ead0000 - 0x00007ffc4eb79000 	C:\WINDOWS\System32\shcore.dll
0x00007ffc4b8b0000 - 0x00007ffc4bfc5000 	C:\WINDOWS\System32\windows.storage.dll
0x00007ffc4de50000 - 0x00007ffc4dea1000 	C:\WINDOWS\System32\shlwapi.dll
0x00007ffc4aeb0000 - 0x00007ffc4aec1000 	C:\WINDOWS\System32\kernel.appcore.dll
0x00007ffc4ae90000 - 0x00007ffc4aeaf000 	C:\WINDOWS\System32\profapi.dll
0x00007ffc4af00000 - 0x00007ffc4af4c000 	C:\WINDOWS\System32\powrprof.dll
0x00007ffc4aed0000 - 0x00007ffc4aeda000 	C:\WINDOWS\System32\FLTLIB.DLL
0x00007ffc3a580000 - 0x00007ffc3a59a000 	G:\adopt\jre\bin\net.dll
0x00007ffc4a6b0000 - 0x00007ffc4a716000 	C:\WINDOWS\system32\mswsock.dll
0x00007ffc38d60000 - 0x00007ffc38d72000 	G:\adopt\jre\bin\nio.dll
0x00007ffc1c730000 - 0x00007ffc1c787000 	C:\Users\VovanJapan\AppData\Local\Temp\lwjglVovanJapan\3.1.2-build-29\lwjgl.dll
0x00007ffc38d20000 - 0x00007ffc38d5d000 	C:\Users\VOVANJ~1\AppData\Local\Temp\lwjglVovanJapan\3.1.2-build-29\glfw.dll
0x00007ffc492f0000 - 0x00007ffc49388000 	C:\WINDOWS\system32\uxtheme.dll
0x00007ffc1bef0000 - 0x00007ffc1bf33000 	C:\WINDOWS\SYSTEM32\dinput8.dll
0x00007ffc3a710000 - 0x00007ffc3a720000 	C:\WINDOWS\SYSTEM32\xinput1_4.dll
0x00007ffc4aab0000 - 0x00007ffc4aad7000 	C:\WINDOWS\SYSTEM32\DEVOBJ.dll
0x00007ffc49540000 - 0x00007ffc49569000 	C:\WINDOWS\SYSTEM32\dwmapi.dll
0x00007ffc3cb00000 - 0x00007ffc3cb79000 	C:\WINDOWS\SYSTEM32\inputhost.dll
0x00007ffc48fd0000 - 0x00007ffc490aa000 	C:\WINDOWS\SYSTEM32\CoreMessaging.dll
0x00007ffc46860000 - 0x00007ffc469ad000 	C:\WINDOWS\SYSTEM32\wintypes.dll
0x00007ffc46350000 - 0x00007ffc4666e000 	C:\WINDOWS\SYSTEM32\CoreUIComponents.dll
0x00007ffc49f80000 - 0x00007ffc49fb1000 	C:\WINDOWS\SYSTEM32\ntmarta.dll
0x00007ffc4e430000 - 0x00007ffc4e5a4000 	C:\WINDOWS\System32\MSCTF.dll
0x00007ffc4e610000 - 0x00007ffc4e6d2000 	C:\WINDOWS\System32\OLEAUT32.dll
0x00007ffc49ad0000 - 0x00007ffc49adc000 	C:\WINDOWS\SYSTEM32\HID.DLL
0x00007ffc4c350000 - 0x00007ffc4c79b000 	C:\WINDOWS\System32\SETUPAPI.DLL
0x00007ffc4b050000 - 0x00007ffc4b0a7000 	C:\WINDOWS\System32\WINTRUST.dll
0x00007ffc4aee0000 - 0x00007ffc4aef2000 	C:\WINDOWS\System32\MSASN1.dll
0x00007ffc4b520000 - 0x00007ffc4b702000 	C:\WINDOWS\System32\CRYPT32.dll
0x00007ffc1ae60000 - 0x00007ffc1af80000 	C:\WINDOWS\SYSTEM32\opengl32.dll
0x00007ffc362d0000 - 0x00007ffc362fc000 	C:\WINDOWS\SYSTEM32\GLU32.dll
0x00007ffbf4bd0000 - 0x00007ffbf7558000 	C:\WINDOWS\System32\DriverStore\FileRepository\nv_dispi.inf_amd64_e44a509137af5639\nvoglv64.dll
0x00007ffc4e6e0000 - 0x00007ffc4e832000 	C:\WINDOWS\System32\ole32.dll
0x00007ffc47ab0000 - 0x00007ffc47ac3000 	C:\WINDOWS\SYSTEM32\WTSAPI32.dll
0x00007ffc46690000 - 0x00007ffc466be000 	C:\WINDOWS\SYSTEM32\cryptnet.dll
0x00007ffc4a860000 - 0x00007ffc4a86b000 	C:\WINDOWS\SYSTEM32\cryptbase.dll
0x00007ffc04090000 - 0x00007ffc04349000 	C:\WINDOWS\system32\nvspcap64.dll
0x00007ffc4ac90000 - 0x00007ffc4ace6000 	C:\WINDOWS\SYSTEM32\WINSTA.dll
0x00007ffc3cbb0000 - 0x00007ffc3cc46000 	C:\WINDOWS\System32\TextInputFramework.dll
0x00007ffc1be90000 - 0x00007ffc1beec000 	C:\Users\VovanJapan\AppData\Local\Temp\lwjglVovanJapan\3.1.2-build-29\lwjgl_opengl.dll
0x00007ffc1acc0000 - 0x00007ffc1ae55000 	G:\adopt\jre\bin\awt.dll
0x00007ffc49180000 - 0x00007ffc4920b000 	C:\WINDOWS\SYSTEM32\apphelp.dll
0x00007ffc1b850000 - 0x00007ffc1b8e3000 	G:\adopt\jre\bin\freetype.dll
0x00007ffc1ac00000 - 0x00007ffc1acbd000 	G:\adopt\jre\bin\fontmanager.dll
0x00007ffc306c0000 - 0x00007ffc30889000 	C:\WINDOWS\SYSTEM32\dbghelp.dll

VM Arguments:
jvm_args: -Dfoo=bar 
java_command: playn.sample.hello.java.HelloGameJava
java_class_path (initial): G:\GitHub\warpdeath\playn-samples-master\hello\java\target\classes;G:\GitHub\warpdeath\playn-samples-master\hello\core\target\classes;C:\Users\VovanJapan\.m2\repository\io\playn\playn-scene\2.0\playn-scene-2.0.jar;C:\Users\VovanJapan\.m2\repository\io\playn\playn-core\2.0\playn-core-2.0.jar;C:\Users\VovanJapan\.m2\repository\com\samskivert\pythagoras\1.4.3\pythagoras-1.4.3.jar;C:\Users\VovanJapan\.m2\repository\com\threerings\react\1.5.3\react-1.5.3.jar;G:\GitHub\warpdeath\playn-samples-master\hello\assets\target\classes;C:\Users\VovanJapan\.m2\repository\io\playn\playn-java-lwjgl\2.0\playn-java-lwjgl-2.0.jar;C:\Users\VovanJapan\.m2\repository\io\playn\playn-java-base\2.0\playn-java-base-2.0.jar;C:\Users\VovanJapan\.m2\repository\com\googlecode\soundlibs\mp3spi\1.9.5-1\mp3spi-1.9.5-1.jar;C:\Users\VovanJapan\.m2\repository\com\googlecode\soundlibs\jlayer\1.0.1-1\jlayer-1.0.1-1.jar;C:\Users\VovanJapan\.m2\repository\com\googlecode\soundlibs\tritonus-share\0.3.7-1\tritonus-share-0.3.7-1.jar;C:\Users\VovanJapan\.m2\repository\org\java-websocket\Java-WebSocket\1.3.0\Java-WebSocket-1.3.0.jar;C:\Users\VovanJapan\.m2\repository\org\lwjgl\lwjgl\3.1.2\lwjgl-3.1.2.jar;C:\Users\VovanJapan\.m2\repository\org\lwjgl\lwjgl\3.1.2\lwjgl-3.1.2-natives-linux.jar;C:\Users\VovanJapan\.m2\repository\org\lwjgl\lwjgl\3.1.2\lwjgl-3.1.2-natives-windows.jar;C:\Users\VovanJapan\.m2\repository\org\lwjgl\lwjgl\3.1.2\lwjgl-3.1.2-natives-macos.jar;C:\Users\VovanJapan\.m2\repository\org\lwjgl\lwjgl-opengl\3.1.2\lwjgl-opengl-3.1.2.jar;C:\Users\VovanJapan\.m2\repository\org\lwjgl\lwjgl-opengl\3.1.2\lwjgl-opengl-3.1.2-natives-linux.jar;C:\Users\VovanJapan\.m2\repository\org\lwjgl\lwjgl-opengl\3.1.2\lwjgl-opengl-3.1.2-natives-windows.jar;C:\Users\VovanJapan\.m2\repository\org\lwjgl\lwjgl-opengl\3.1.2\lwjgl-opengl-3.1.2-natives-macos.jar;C:\Users\VovanJapan\.m2\repository\org\lwjgl\lwjgl-glfw\3.1.2\lwjgl-glfw-3.1.2.jar;C:\Users\VovanJapan\.m2\repository\org\lwjgl\lwjgl-glfw\3
Launcher Type: SUN_STANDARD

Environment Variables:
PATH=G:\adopt\bin;C:\Program Files (x86)\Common Files\Oracle\Java\javapath;C:\Windows\system32;C:\Windows;C:\Windows\System32\Wbem;C:\Windows\System32\WindowsPowerShell\v1.0\;C:\Program Files\NVIDIA Corporation\NVIDIA NvDLISR;C:\Program Files (x86)\NVIDIA Corporation\PhysX\Common;C:\WINDOWS\system32;C:\WINDOWS;C:\WINDOWS\System32\Wbem;C:\WINDOWS\System32\WindowsPowerShell\v1.0\;C:\WINDOWS\System32\OpenSSH\;C:\Program Files\TortoiseSVN\bin;G:\gtksharp\bin;C:\Users\VovanJapan\AppData\Local\Microsoft\WindowsApps;C:\Users\VovanJapan\AppData\Local\atom\bin;E:\code\bin;C:\mingw-w64\mingw64\bin;G:\IntelliJ\IntelliJ IDEA Community Edition 2020.2.3\bin;;G:\javatest\apache-maven-3.6.3\bin;C:\Users\VovanJapan\AppData\Local\GitHubDesktop\bin
USERNAME=VovanJapan
OS=Windows_NT
PROCESSOR_IDENTIFIER=Intel64 Family 6 Model 60 Stepping 3, GenuineIntel



---------------  S Y S T E M  ---------------

OS: Windows 10.0 , 64 bit Build 17134 (10.0.17134.1425)

CPU:total 4 (initial active 4) (4 cores per cpu, 1 threads per core) family 6 model 60 stepping 3, cmov, cx8, fxsr, mmx, sse, sse2, sse3, ssse3, sse4.1, sse4.2, popcnt, avx, avx2, aes, clmul, erms, lzcnt, tsc, tscinvbit, bmi1, bmi2

Memory: 4k page, physical 20909416k(9341632k free), swap 33648660k(7609160k free)

vm_info: OpenJDK 64-Bit Server VM (25.282-b08) for windows-amd64 JRE (1.8.0_282-b08), built on Jan 20 2021 11:42:17 by "jenkins" with MS VC++ 12.0 (VS2013)

time: Mon Mar 29 01:22:59 2021
timezone: RTZ 2 (ceia)
elapsed time: 27.419030 seconds (0d 0h 0m 27s)

