#
# A fatal error has been detected by the Java Runtime Environment:
#
#  EXCEPTION_ACCESS_VIOLATION (0xc0000005) at pc=0x00007ffc1a28ecfd, pid=29244, tid=0x00000000000087e4
#
# JRE version: OpenJDK Runtime Environment (8.0_282-b08) (build 1.8.0_282-b08)
# Java VM: OpenJDK 64-Bit Server VM (25.282-b08 mixed mode windows-amd64 compressed oops)
# Problematic frame:
# C  [lwjgl_opengl.dll+0xecfd]
#
# Failed to write core dump. Minidumps are not enabled by default on client versions of Windows
#
# If you would like to submit a bug report, please visit:
#   https://github.com/AdoptOpenJDK/openjdk-support/issues
# The crash happened outside the Java Virtual Machine in native code.
# See problematic frame for where to report the bug.
#

---------------  T H R E A D  ---------------

Current thread (0x000002187fb4d800):  JavaThread "Finalizer" daemon [_thread_in_native, id=34788, stack(0x00000022bf900000,0x00000022bfa00000)]

siginfo: ExceptionCode=0xc0000005, reading address 0x00000000000009d8

Registers:
RAX=0x00000000766f9660, RBX=0x000002180109a8a0, RCX=0x0000000000000001, RDX=0x00000218024d0720
RSP=0x00000022bf9ff0e8, RBP=0x00000022bf9ff168, RSI=0x00000218024d0720, RDI=0x0000000000000118
R8 =0x0000000000000001, R9 =0x00000218024d0720, R10=0x0000000000000000, R11=0x0000000076181670
R12=0x0000000000000000, R13=0x000002180109a8a0, R14=0x00000022bf9ff198, R15=0x000002187fb4d800
RIP=0x00007ffc1a28ecfd, EFLAGS=0x0000000000010202

Top of Stack: (sp=0x00000022bf9ff0e8)
0x00000022bf9ff0e8:   0000021865669c8e 00000022bf9ff138
0x00000022bf9ff0f8:   0000021800e75358 0000000000000000
0x00000022bf9ff108:   0000021800e70368 0000000000000000
0x00000022bf9ff118:   00000022bf9ff130 00000022bf9ff180
0x00000022bf9ff128:   00000022bf9ff128 0000000000000000
0x00000022bf9ff138:   00000022bf9ff198 00000218010b80d0
0x00000022bf9ff148:   0000000000000000 000002180109a8a0
0x00000022bf9ff158:   0000000000000000 00000022bf9ff188
0x00000022bf9ff168:   00000022bf9ff1e0 00000218656580bd
0x00000022bf9ff178:   000000075aa96b98 0000021865662ab8
0x00000022bf9ff188:   00000218024d0720 000000075aa86038
0x00000022bf9ff198:   0000000000000001 00000022bf9ff1a0
0x00000022bf9ff1a8:   000002180109a940 00000022bf9ff1f0
0x00000022bf9ff1b8:   00000218010b80d0 0000000000000000
0x00000022bf9ff1c8:   000002180109a958 00000022bf9ff188
0x00000022bf9ff1d8:   00000022bf9ff1f0 00000022bf9ff238 

Instructions: (pc=0x00007ffc1a28ecfd)
0x00007ffc1a28ecdd:   49 ff a2 00 0f 00 00 cc cc cc cc cc cc cc cc cc
0x00007ffc1a28eced:   cc cc cc 48 8b 01 49 8b d1 41 8b c8 4c 8b 50 18
0x00007ffc1a28ecfd:   49 ff a2 d8 09 00 00 cc cc cc cc cc cc cc cc cc
0x00007ffc1a28ed0d:   cc cc cc 48 8b 01 49 8b d1 41 8b c8 4c 8b 50 18 


Register to memory mapping:

RAX=0x00000000766f9660 is an unknown value
RBX={method} {0x000002180109a8a8} 'nglDeleteTextures' '(IJ)V' in 'org/lwjgl/opengl/GL11'
RCX=0x0000000000000001 is an unknown value
RDX=0x00000218024d0720 is an unknown value
RSP=0x00000022bf9ff0e8 is pointing into the stack for thread: 0x000002187fb4d800
RBP=0x00000022bf9ff168 is pointing into the stack for thread: 0x000002187fb4d800
RSI=0x00000218024d0720 is an unknown value
RDI=0x0000000000000118 is an unknown value
R8 =0x0000000000000001 is an unknown value
R9 =0x00000218024d0720 is an unknown value
R10=0x0000000000000000 is an unknown value
R11=0x0000000076181670 is an unknown value
R12=0x0000000000000000 is an unknown value
R13={method} {0x000002180109a8a8} 'nglDeleteTextures' '(IJ)V' in 'org/lwjgl/opengl/GL11'
R14=0x00000022bf9ff198 is pointing into the stack for thread: 0x000002187fb4d800
R15=0x000002187fb4d800 is a thread


Stack: [0x00000022bf900000,0x00000022bfa00000],  sp=0x00000022bf9ff0e8,  free space=1020k
Native frames: (J=compiled Java code, j=interpreted, Vv=VM code, C=native code)
C  [lwjgl_opengl.dll+0xecfd]

Java frames: (J=compiled Java code, j=interpreted, Vv=VM code)
j  org.lwjgl.opengl.GL11.nglDeleteTextures(IJ)V+0
j  org.lwjgl.opengl.GL11.glDeleteTextures(Ljava/nio/IntBuffer;)V+8
j  playn.java.LWJGLGL20.glDeleteTextures(ILjava/nio/IntBuffer;)V+1
J 1101 C1 playn.core.Texture.release()V (52 bytes) @ 0x0000021865afc5a4 [0x0000021865afbf40+0x664]
J 1003 C1 playn.scene.ImageLayer.setTile(Lplayn/core/Tile;)Lplayn/scene/ImageLayer; (47 bytes) @ 0x0000021865aaa784 [0x0000021865aaa5c0+0x1c4]
j  playn.scene.ImageLayer.finalize()V+5
j  java.lang.System$2.invokeFinalize(Ljava/lang/Object;)V+1
j  java.lang.ref.Finalizer.runFinalizer(Lsun/misc/JavaLangAccess;)V+46
j  java.lang.ref.Finalizer.access$100(Ljava/lang/ref/Finalizer;Lsun/misc/JavaLangAccess;)V+2
j  java.lang.ref.Finalizer$FinalizerThread.run()V+45
v  ~StubRoutines::call_stub

---------------  P R O C E S S  ---------------

Java Threads: ( => current thread )
  0x00000218090a4800 JavaThread "Direct Clip" daemon [_thread_blocked, id=31116, stack(0x00000022c1300000,0x00000022c1400000)]
  0x00000218090a2800 JavaThread "Direct Clip" daemon [_thread_blocked, id=12724, stack(0x00000022c1200000,0x00000022c1300000)]
  0x00000218090a4000 JavaThread "Direct Clip" daemon [_thread_blocked, id=10144, stack(0x00000022c1100000,0x00000022c1200000)]
  0x00000218090a9800 JavaThread "Java Sound Event Dispatcher" daemon [_thread_blocked, id=15632, stack(0x00000022c0e00000,0x00000022c0f00000)]
  0x00000218090a7000 JavaThread "pool-1-thread-4" [_thread_in_vm, id=20720, stack(0x00000022c0b00000,0x00000022c0c00000)]
  0x0000021809087000 JavaThread "pool-1-thread-3" [_thread_in_Java, id=13960, stack(0x00000022c0a00000,0x00000022c0b00000)]
  0x0000021809086000 JavaThread "pool-1-thread-2" [_thread_blocked, id=34184, stack(0x00000022c0900000,0x00000022c0a00000)]
  0x0000021809085800 JavaThread "pool-1-thread-1" [_thread_blocked, id=35748, stack(0x00000022c0800000,0x00000022c0900000)]
  0x0000021808fe1800 JavaThread "Java2D Disposer" daemon [_thread_blocked, id=8340, stack(0x00000022c0700000,0x00000022c0800000)]
  0x0000021801597000 JavaThread "Service Thread" daemon [_thread_blocked, id=18452, stack(0x00000022bff00000,0x00000022c0000000)]
  0x0000021801526000 JavaThread "C1 CompilerThread2" daemon [_thread_blocked, id=20148, stack(0x00000022bfe00000,0x00000022bff00000)]
  0x000002180151c800 JavaThread "C2 CompilerThread1" daemon [_thread_in_native, id=35156, stack(0x00000022bfd00000,0x00000022bfe00000)]
  0x0000021801520000 JavaThread "C2 CompilerThread0" daemon [_thread_in_native, id=8400, stack(0x00000022bfc00000,0x00000022bfd00000)]
  0x000002180150d800 JavaThread "Attach Listener" daemon [_thread_blocked, id=20900, stack(0x00000022bfb00000,0x00000022bfc00000)]
  0x000002180150b000 JavaThread "Signal Dispatcher" daemon [_thread_blocked, id=33904, stack(0x00000022bfa00000,0x00000022bfb00000)]
=>0x000002187fb4d800 JavaThread "Finalizer" daemon [_thread_in_native, id=34788, stack(0x00000022bf900000,0x00000022bfa00000)]
  0x00000218014e6000 JavaThread "Reference Handler" daemon [_thread_blocked, id=30936, stack(0x00000022bf800000,0x00000022bf900000)]
  0x0000021863c87800 JavaThread "main" [_thread_in_native, id=29860, stack(0x00000022bf200000,0x00000022bf300000)]

Other Threads:
  0x00000218014c2000 VMThread [stack: 0x00000022bf700000,0x00000022bf800000] [id=21652]
  0x00000218015b2000 WatcherThread [stack: 0x00000022c0000000,0x00000022c0100000] [id=28820]

VM state:not at safepoint (normal execution)

VM Mutex/Monitor currently owned by a thread: None

heap address: 0x0000000680e00000, size: 5106 MB, Compressed Oops mode: Zero based, Oop shift amount: 3
Narrow klass base: 0x0000000000000000, Narrow klass shift: 3
Compressed class space size: 1073741824 Address: 0x00000007c0000000

Heap:
 PSYoungGen      total 95744K, used 23393K [0x0000000755a00000, 0x000000075c480000, 0x00000007c0000000)
  eden space 82432K, 12% used [0x0000000755a00000,0x00000007563dd9f0,0x000000075aa80000)
  from space 13312K, 99% used [0x000000075aa80000,0x000000075b77aa20,0x000000075b780000)
  to   space 13312K, 0% used [0x000000075b780000,0x000000075b780000,0x000000075c480000)
 ParOldGen       total 218624K, used 6960K [0x0000000680e00000, 0x000000068e380000, 0x0000000755a00000)
  object space 218624K, 3% used [0x0000000680e00000,0x00000006814cc000,0x000000068e380000)
 Metaspace       used 13807K, capacity 14027K, committed 14336K, reserved 1062912K
  class space    used 1357K, capacity 1430K, committed 1536K, reserved 1048576K

Card table byte_map: [0x0000021874a10000,0x0000021875410000] byte_map_base: 0x0000021871609000

Marking Bits: (ParMarkBitMap*) 0x000000007676b810
 Begin Bits: [0x0000021875ac0000, 0x000002187aa88000)
 End Bits:   [0x000002187aa88000, 0x000002187fa50000)

Polling page: 0x0000021863c20000

CodeCache: size=245760Kb used=4965Kb max_used=4975Kb free=240794Kb
 bounds [0x0000021865650000, 0x0000021865b30000, 0x0000021874650000]
 total_blobs=2146 nmethods=1137 adapters=922
 compilation: enabled

Compilation events (10 events):
Event: 1.919 Thread 0x0000021801520000 1126       4       javazoom.jl.decoder.Equalizer::getBandFactors (36 bytes)
Event: 1.921 Thread 0x0000021801520000 nmethod 1126 0x0000021865b23150 code [0x0000021865b232e0, 0x0000021865b23818]
Event: 1.921 Thread 0x0000021801520000 1127   !   4       javazoom.spi.mpeg.sampled.convert.DecodedMpegAudioInputStream::execute (290 bytes)
Event: 1.926 Thread 0x0000021801526000 1128       3       javax.sound.sampled.AudioFormat::matches (139 bytes)
Event: 1.926 Thread 0x0000021801526000 nmethod 1128 0x0000021865b25290 code [0x0000021865b25480, 0x0000021865b26790]
Event: 1.931 Thread 0x0000021801526000 1129       3       java.io.ExpiringCache::entryFor (57 bytes)
Event: 1.931 Thread 0x0000021801526000 nmethod 1129 0x0000021865b24a10 code [0x0000021865b24ba0, 0x0000021865b25100]
Event: 1.941 Thread 0x0000021801526000 1131       3       sun.misc.VM::addFinalRefCount (24 bytes)
Event: 1.941 Thread 0x0000021801526000 nmethod 1131 0x0000021865b24610 code [0x0000021865b24760, 0x0000021865b24918]
Event: 1.941 Thread 0x0000021801526000 1132   !   3       java.lang.ref.Reference::tryHandlePending (115 bytes)

GC Heap History (2 events):
Event: 1.932 GC heap before
{Heap before GC invocations=1 (full 0):
 PSYoungGen      total 95744K, used 82432K [0x0000000755a00000, 0x000000075c480000, 0x00000007c0000000)
  eden space 82432K, 100% used [0x0000000755a00000,0x000000075aa80000,0x000000075aa80000)
  from space 13312K, 0% used [0x000000075b780000,0x000000075b780000,0x000000075c480000)
  to   space 13312K, 0% used [0x000000075aa80000,0x000000075aa80000,0x000000075b780000)
 ParOldGen       total 218624K, used 0K [0x0000000680e00000, 0x000000068e380000, 0x0000000755a00000)
  object space 218624K, 0% used [0x0000000680e00000,0x0000000680e00000,0x000000068e380000)
 Metaspace       used 13784K, capacity 14027K, committed 14336K, reserved 1062912K
  class space    used 1355K, capacity 1430K, committed 1536K, reserved 1048576K
Event: 1.941 GC heap after
Heap after GC invocations=1 (full 0):
 PSYoungGen      total 95744K, used 13290K [0x0000000755a00000, 0x000000075c480000, 0x00000007c0000000)
  eden space 82432K, 0% used [0x0000000755a00000,0x0000000755a00000,0x000000075aa80000)
  from space 13312K, 99% used [0x000000075aa80000,0x000000075b77aa20,0x000000075b780000)
  to   space 13312K, 0% used [0x000000075b780000,0x000000075b780000,0x000000075c480000)
 ParOldGen       total 218624K, used 6960K [0x0000000680e00000, 0x000000068e380000, 0x0000000755a00000)
  object space 218624K, 3% used [0x0000000680e00000,0x00000006814cc000,0x000000068e380000)
 Metaspace       used 13784K, capacity 14027K, committed 14336K, reserved 1062912K
  class space    used 1355K, capacity 1430K, committed 1536K, reserved 1048576K
}

Deoptimization events (9 events):
Event: 0.175 Thread 0x0000021863c87800 Uncommon trap: reason=unstable_if action=reinterpret pc=0x00000218657c1910 method=java.lang.String.indexOf([CII[CIII)I @ 123
Event: 0.322 Thread 0x0000021863c87800 Uncommon trap: reason=unstable_if action=reinterpret pc=0x0000021865827870 method=java.lang.String.indexOf([CII[CIII)I @ 3
Event: 0.325 Thread 0x0000021863c87800 Uncommon trap: reason=unstable_if action=reinterpret pc=0x00000218657a4e3c method=java.lang.String.indexOf([CII[CIII)I @ 123
Event: 1.464 Thread 0x0000021809086000 Uncommon trap: reason=unstable_if action=reinterpret pc=0x00000218659b9ef4 method=java.awt.image.ComponentColorModel.coerceData(Ljava/awt/image/WritableRaster;Z)Ljava/awt/image/ColorModel; @ 125
Event: 1.476 Thread 0x00000218090a7000 Uncommon trap: reason=unstable_if action=reinterpret pc=0x00000218659b9ef4 method=java.awt.image.ComponentColorModel.coerceData(Ljava/awt/image/WritableRaster;Z)Ljava/awt/image/ColorModel; @ 125
Event: 1.674 Thread 0x0000021809085800 Uncommon trap: reason=unstable_if action=reinterpret pc=0x0000021865a0e950 method=javazoom.jl.decoder.BitReserve.hputbuf(I)V @ 110
Event: 1.721 Thread 0x0000021809085800 Uncommon trap: reason=unstable_if action=reinterpret pc=0x0000021865a2615c method=javazoom.jl.decoder.BitReserve.hgetbits(I)I @ 22
Event: 1.723 Thread 0x0000021809085800 Uncommon trap: reason=unstable_if action=reinterpret pc=0x00000218659efbc8 method=javazoom.jl.decoder.BitReserve.hgetbits(I)I @ 22
Event: 1.820 Thread 0x0000021809087000 Uncommon trap: reason=unstable_if action=reinterpret pc=0x0000021865ab02bc method=javazoom.jl.decoder.huffcodetab.huffman_decoder(Ljavazoom/jl/decoder/huffcodetab;[I[I[I[ILjavazoom/jl/decoder/BitReserve;)I @ 31

Classes redefined (0 events):
No events

Internal exceptions (10 events):
Event: 0.178 Thread 0x0000021863c87800 Exception <a 'java/security/PrivilegedActionException'> (0x0000000755e2f888) thrown at [J:\jenkins\tmp\workspace\build\src\hotspot\src\share\vm\prims\jvm.cpp, line 1523]
Event: 0.178 Thread 0x0000021863c87800 Exception <a 'java/security/PrivilegedActionException'> (0x0000000755e2fa98) thrown at [J:\jenkins\tmp\workspace\build\src\hotspot\src\share\vm\prims\jvm.cpp, line 1523]
Event: 0.203 Thread 0x0000021863c87800 Exception <a 'java/lang/NoSuchMethodError': java.lang.Object.lambda$static$0(Ljava/lang/String;)Ljava/lang/Boolean;> (0x0000000755ece9b8) thrown at [J:\jenkins\tmp\workspace\build\src\hotspot\src\share\vm\interpreter\linkResolver.cpp, line 620]
Event: 0.213 Thread 0x0000021863c87800 Exception <a 'java/lang/NoSuchFieldError': method resolution failed> (0x0000000755f46760) thrown at [J:\jenkins\tmp\workspace\build\src\hotspot\src\share\vm\prims\methodHandles.cpp, line 1169]
Event: 0.214 Thread 0x0000021863c87800 Exception <a 'java/lang/NoSuchFieldError': method resolution failed> (0x0000000755f53b90) thrown at [J:\jenkins\tmp\workspace\build\src\hotspot\src\share\vm\prims\methodHandles.cpp, line 1169]
Event: 0.982 Thread 0x0000021863c87800 Exception <a 'sun/nio/fs/WindowsException'> (0x000000075643b298) thrown at [J:\jenkins\tmp\workspace\build\src\hotspot\src\share\vm\prims\jni.cpp, line 711]
Event: 0.983 Thread 0x0000021863c87800 Exception <a 'sun/nio/fs/WindowsException'> (0x000000075643bad0) thrown at [J:\jenkins\tmp\workspace\build\src\hotspot\src\share\vm\prims\jni.cpp, line 711]
Event: 1.359 Thread 0x0000021863c87800 Exception <a 'java/io/FileNotFoundException'> (0x0000000756d72fc8) thrown at [J:\jenkins\tmp\workspace\build\src\hotspot\src\share\vm\prims\jni.cpp, line 711]
Event: 1.373 Thread 0x0000021863c87800 Exception <a 'java/lang/ClassNotFoundException': sun/dc/DuctusRenderingEngine> (0x0000000756dc6c20) thrown at [J:\jenkins\tmp\workspace\build\src\hotspot\src\share\vm\classfile\systemDictionary.cpp, line 217]
Event: 1.384 Thread 0x0000021863c87800 Exception <a 'java/io/FileNotFoundException'> (0x0000000756dda3e8) thrown at [J:\jenkins\tmp\workspace\build\src\hotspot\src\share\vm\prims\jni.cpp, line 711]

Events (10 events):
Event: 1.867 Thread 0x0000021809087000 DEOPT PACKING pc=0x0000021865a6cbe8 sp=0x00000022c0afee70
Event: 1.867 Thread 0x0000021809087000 DEOPT UNPACKING pc=0x00000218656975d8 sp=0x00000022c0afebb0 mode 0
Event: 1.869 Thread 0x0000021809087000 DEOPT PACKING pc=0x0000021865a6cbe8 sp=0x00000022c0afee70
Event: 1.869 Thread 0x0000021809087000 DEOPT UNPACKING pc=0x00000218656975d8 sp=0x00000022c0afebb0 mode 0
Event: 1.878 Thread 0x0000021809087000 DEOPT PACKING pc=0x0000021865a84043 sp=0x00000022c0afef10
Event: 1.878 Thread 0x0000021809087000 DEOPT UNPACKING pc=0x00000218656975d8 sp=0x00000022c0afec00 mode 0
Event: 1.894 Thread 0x00000218090a2800 Thread added: 0x00000218090a2800
Event: 1.931 Thread 0x00000218090a4800 Thread added: 0x00000218090a4800
Event: 1.932 Executing VM operation: ParallelGCFailedAllocation
Event: 1.941 Executing VM operation: ParallelGCFailedAllocation done


Dynamic libraries:
0x00007ff73fa90000 - 0x00007ff73faca000 	G:\adopt\jre\bin\java.exe
0x00007ffc4ebb0000 - 0x00007ffc4ed91000 	C:\WINDOWS\SYSTEM32\ntdll.dll
0x00007ffc4c7a0000 - 0x00007ffc4c851000 	C:\WINDOWS\System32\KERNEL32.DLL
0x00007ffc4b130000 - 0x00007ffc4b3a3000 	C:\WINDOWS\System32\KERNELBASE.dll
0x00007ffc4c100000 - 0x00007ffc4c1a1000 	C:\WINDOWS\System32\ADVAPI32.dll
0x00007ffc4ea30000 - 0x00007ffc4eace000 	C:\WINDOWS\System32\msvcrt.dll
0x00007ffc4e5b0000 - 0x00007ffc4e60b000 	C:\WINDOWS\System32\sechost.dll
0x00007ffc4c220000 - 0x00007ffc4c344000 	C:\WINDOWS\System32\RPCRT4.dll
0x00007ffc4e890000 - 0x00007ffc4ea21000 	C:\WINDOWS\System32\USER32.dll
0x00007ffc4b500000 - 0x00007ffc4b520000 	C:\WINDOWS\System32\win32u.dll
0x00007ffc4e860000 - 0x00007ffc4e888000 	C:\WINDOWS\System32\GDI32.dll
0x00007ffc4b710000 - 0x00007ffc4b8a3000 	C:\WINDOWS\System32\gdi32full.dll
0x00007ffc4b460000 - 0x00007ffc4b4ff000 	C:\WINDOWS\System32\msvcp_win.dll
0x00007ffc4af50000 - 0x00007ffc4b048000 	C:\WINDOWS\System32\ucrtbase.dll
0x00007ffc38a60000 - 0x00007ffc38cc9000 	C:\WINDOWS\WinSxS\amd64_microsoft.windows.common-controls_6595b64144ccf1df_6.0.17134.1902_none_d3fc12d37c93a894\COMCTL32.dll
0x00007ffc4dee0000 - 0x00007ffc4e201000 	C:\WINDOWS\System32\combase.dll
0x00007ffc4b0b0000 - 0x00007ffc4b129000 	C:\WINDOWS\System32\bcryptPrimitives.dll
0x00007ffc4e360000 - 0x00007ffc4e38d000 	C:\WINDOWS\System32\IMM32.DLL
0x00007ffc153b0000 - 0x00007ffc1549f000 	G:\adopt\jre\bin\msvcr120.dll
0x00007ffc15300000 - 0x00007ffc153a6000 	G:\adopt\jre\bin\msvcp120.dll
0x0000000075f80000 - 0x00000000767ea000 	G:\adopt\jre\bin\server\jvm.dll
0x00007ffc4e850000 - 0x00007ffc4e858000 	C:\WINDOWS\System32\PSAPI.DLL
0x00007ffc3a740000 - 0x00007ffc3a749000 	C:\WINDOWS\SYSTEM32\WSOCK32.dll
0x00007ffc49150000 - 0x00007ffc49173000 	C:\WINDOWS\SYSTEM32\WINMM.dll
0x00007ffc4c1b0000 - 0x00007ffc4c21c000 	C:\WINDOWS\System32\WS2_32.dll
0x00007ffc46a10000 - 0x00007ffc46a1a000 	C:\WINDOWS\SYSTEM32\VERSION.dll
0x00007ffc49120000 - 0x00007ffc4914a000 	C:\WINDOWS\SYSTEM32\WINMMBASE.dll
0x00007ffc4bfd0000 - 0x00007ffc4c019000 	C:\WINDOWS\System32\cfgmgr32.dll
0x00007ffc38e80000 - 0x00007ffc38e8f000 	G:\adopt\jre\bin\verify.dll
0x00007ffc1f500000 - 0x00007ffc1f529000 	G:\adopt\jre\bin\java.dll
0x00007ffc27030000 - 0x00007ffc27046000 	G:\adopt\jre\bin\zip.dll
0x00007ffc4c860000 - 0x00007ffc4dca5000 	C:\WINDOWS\System32\SHELL32.dll
0x00007ffc4ead0000 - 0x00007ffc4eb79000 	C:\WINDOWS\System32\shcore.dll
0x00007ffc4b8b0000 - 0x00007ffc4bfc5000 	C:\WINDOWS\System32\windows.storage.dll
0x00007ffc4de50000 - 0x00007ffc4dea1000 	C:\WINDOWS\System32\shlwapi.dll
0x00007ffc4aeb0000 - 0x00007ffc4aec1000 	C:\WINDOWS\System32\kernel.appcore.dll
0x00007ffc4ae90000 - 0x00007ffc4aeaf000 	C:\WINDOWS\System32\profapi.dll
0x00007ffc4af00000 - 0x00007ffc4af4c000 	C:\WINDOWS\System32\powrprof.dll
0x00007ffc4aed0000 - 0x00007ffc4aeda000 	C:\WINDOWS\System32\FLTLIB.DLL
0x00007ffc1f690000 - 0x00007ffc1f6aa000 	G:\adopt\jre\bin\net.dll
0x00007ffc4a6b0000 - 0x00007ffc4a716000 	C:\WINDOWS\system32\mswsock.dll
0x00007ffc1f2e0000 - 0x00007ffc1f2f2000 	G:\adopt\jre\bin\nio.dll
0x00007ffc1b2f0000 - 0x00007ffc1b347000 	C:\Users\VovanJapan\AppData\Local\Temp\lwjglVovanJapan\3.1.2-build-29\lwjgl.dll
0x00007ffc1d360000 - 0x00007ffc1d39d000 	C:\Users\VOVANJ~1\AppData\Local\Temp\lwjglVovanJapan\3.1.2-build-29\glfw.dll
0x00007ffc492f0000 - 0x00007ffc49388000 	C:\WINDOWS\system32\uxtheme.dll
0x00007ffc1b120000 - 0x00007ffc1b163000 	C:\WINDOWS\SYSTEM32\dinput8.dll
0x00007ffc3a710000 - 0x00007ffc3a720000 	C:\WINDOWS\SYSTEM32\xinput1_4.dll
0x00007ffc4aab0000 - 0x00007ffc4aad7000 	C:\WINDOWS\SYSTEM32\DEVOBJ.dll
0x00007ffc49540000 - 0x00007ffc49569000 	C:\WINDOWS\SYSTEM32\dwmapi.dll
0x00007ffc3cb00000 - 0x00007ffc3cb79000 	C:\WINDOWS\SYSTEM32\inputhost.dll
0x00007ffc48fd0000 - 0x00007ffc490aa000 	C:\WINDOWS\SYSTEM32\CoreMessaging.dll
0x00007ffc46860000 - 0x00007ffc469ad000 	C:\WINDOWS\SYSTEM32\wintypes.dll
0x00007ffc46350000 - 0x00007ffc4666e000 	C:\WINDOWS\SYSTEM32\CoreUIComponents.dll
0x00007ffc49f80000 - 0x00007ffc49fb1000 	C:\WINDOWS\SYSTEM32\ntmarta.dll
0x00007ffc4e430000 - 0x00007ffc4e5a4000 	C:\WINDOWS\System32\MSCTF.dll
0x00007ffc4e610000 - 0x00007ffc4e6d2000 	C:\WINDOWS\System32\OLEAUT32.dll
0x00007ffc49ad0000 - 0x00007ffc49adc000 	C:\WINDOWS\SYSTEM32\HID.DLL
0x00007ffc4c350000 - 0x00007ffc4c79b000 	C:\WINDOWS\System32\SETUPAPI.DLL
0x00007ffc4b050000 - 0x00007ffc4b0a7000 	C:\WINDOWS\System32\WINTRUST.dll
0x00007ffc4aee0000 - 0x00007ffc4aef2000 	C:\WINDOWS\System32\MSASN1.dll
0x00007ffc4b520000 - 0x00007ffc4b702000 	C:\WINDOWS\System32\CRYPT32.dll
0x00007ffc11a50000 - 0x00007ffc11b70000 	C:\WINDOWS\SYSTEM32\opengl32.dll
0x00007ffc1d4a0000 - 0x00007ffc1d4cc000 	C:\WINDOWS\SYSTEM32\GLU32.dll
0x00007ffbf28b0000 - 0x00007ffbf5238000 	C:\WINDOWS\System32\DriverStore\FileRepository\nv_dispi.inf_amd64_e44a509137af5639\nvoglv64.dll
0x00007ffc4e6e0000 - 0x00007ffc4e832000 	C:\WINDOWS\System32\ole32.dll
0x00007ffc47ab0000 - 0x00007ffc47ac3000 	C:\WINDOWS\SYSTEM32\WTSAPI32.dll
0x00007ffc46690000 - 0x00007ffc466be000 	C:\WINDOWS\SYSTEM32\cryptnet.dll
0x00007ffc4a860000 - 0x00007ffc4a86b000 	C:\WINDOWS\SYSTEM32\cryptbase.dll
0x00007ffc04090000 - 0x00007ffc04349000 	C:\WINDOWS\system32\nvspcap64.dll
0x00007ffc4ac90000 - 0x00007ffc4ace6000 	C:\WINDOWS\SYSTEM32\WINSTA.dll
0x00007ffc3cbb0000 - 0x00007ffc3cc46000 	C:\WINDOWS\System32\TextInputFramework.dll
0x00007ffc1a280000 - 0x00007ffc1a2dc000 	C:\Users\VovanJapan\AppData\Local\Temp\lwjglVovanJapan\3.1.2-build-29\lwjgl_opengl.dll
0x00007ffc118b0000 - 0x00007ffc11a45000 	G:\adopt\jre\bin\awt.dll
0x00007ffc49180000 - 0x00007ffc4920b000 	C:\WINDOWS\SYSTEM32\apphelp.dll
0x00007ffc36f80000 - 0x00007ffc36f8c000 	G:\adopt\jre\bin\jsound.dll
0x00007ffc366e0000 - 0x00007ffc366eb000 	G:\adopt\jre\bin\jsoundds.dll
0x00007ffc18a90000 - 0x00007ffc18b1f000 	C:\WINDOWS\SYSTEM32\DSOUND.dll
0x00007ffc44110000 - 0x00007ffc44186000 	C:\WINDOWS\SYSTEM32\MMDevAPI.DLL
0x00007ffc47880000 - 0x00007ffc47a35000 	C:\WINDOWS\SYSTEM32\PROPSYS.dll
0x00007ffc3a6a0000 - 0x00007ffc3a6e4000 	C:\WINDOWS\SYSTEM32\wdmaud.drv
0x00007ffc37ca0000 - 0x00007ffc37ca9000 	C:\WINDOWS\SYSTEM32\ksuser.dll
0x00007ffc469b0000 - 0x00007ffc469ba000 	C:\WINDOWS\SYSTEM32\AVRT.dll
0x00007ffc29710000 - 0x00007ffc2983c000 	C:\WINDOWS\SYSTEM32\AUDIOSES.DLL
0x00007ffc3a690000 - 0x00007ffc3a69d000 	C:\WINDOWS\SYSTEM32\msacm32.drv
0x00007ffc278d0000 - 0x00007ffc278ec000 	C:\WINDOWS\SYSTEM32\MSACM32.dll
0x00007ffc3a680000 - 0x00007ffc3a68a000 	C:\WINDOWS\SYSTEM32\midimap.dll
0x00007ffc4e390000 - 0x00007ffc4e430000 	C:\WINDOWS\System32\clbcatq.dll
0x00007ffc306c0000 - 0x00007ffc30889000 	C:\WINDOWS\SYSTEM32\dbghelp.dll

VM Arguments:
jvm_args: -Dfoo=bar 
java_command: playn.sample.hello.java.HelloGameJava
java_class_path (initial): G:\GitHub\warpdeath\playn-samples-master\hello\java\target\classes;G:\GitHub\warpdeath\playn-samples-master\hello\core\target\classes;C:\Users\VovanJapan\.m2\repository\io\playn\playn-scene\2.0\playn-scene-2.0.jar;C:\Users\VovanJapan\.m2\repository\io\playn\playn-core\2.0\playn-core-2.0.jar;C:\Users\VovanJapan\.m2\repository\com\samskivert\pythagoras\1.4.3\pythagoras-1.4.3.jar;C:\Users\VovanJapan\.m2\repository\com\threerings\react\1.5.3\react-1.5.3.jar;G:\GitHub\warpdeath\playn-samples-master\hello\assets\target\classes;C:\Users\VovanJapan\.m2\repository\io\playn\playn-java-lwjgl\2.0\playn-java-lwjgl-2.0.jar;C:\Users\VovanJapan\.m2\repository\io\playn\playn-java-base\2.0\playn-java-base-2.0.jar;C:\Users\VovanJapan\.m2\repository\com\googlecode\soundlibs\mp3spi\1.9.5-1\mp3spi-1.9.5-1.jar;C:\Users\VovanJapan\.m2\repository\com\googlecode\soundlibs\jlayer\1.0.1-1\jlayer-1.0.1-1.jar;C:\Users\VovanJapan\.m2\repository\com\googlecode\soundlibs\tritonus-share\0.3.7-1\tritonus-share-0.3.7-1.jar;C:\Users\VovanJapan\.m2\repository\org\java-websocket\Java-WebSocket\1.3.0\Java-WebSocket-1.3.0.jar;C:\Users\VovanJapan\.m2\repository\org\lwjgl\lwjgl\3.1.2\lwjgl-3.1.2.jar;C:\Users\VovanJapan\.m2\repository\org\lwjgl\lwjgl\3.1.2\lwjgl-3.1.2-natives-linux.jar;C:\Users\VovanJapan\.m2\repository\org\lwjgl\lwjgl\3.1.2\lwjgl-3.1.2-natives-windows.jar;C:\Users\VovanJapan\.m2\repository\org\lwjgl\lwjgl\3.1.2\lwjgl-3.1.2-natives-macos.jar;C:\Users\VovanJapan\.m2\repository\org\lwjgl\lwjgl-opengl\3.1.2\lwjgl-opengl-3.1.2.jar;C:\Users\VovanJapan\.m2\repository\org\lwjgl\lwjgl-opengl\3.1.2\lwjgl-opengl-3.1.2-natives-linux.jar;C:\Users\VovanJapan\.m2\repository\org\lwjgl\lwjgl-opengl\3.1.2\lwjgl-opengl-3.1.2-natives-windows.jar;C:\Users\VovanJapan\.m2\repository\org\lwjgl\lwjgl-opengl\3.1.2\lwjgl-opengl-3.1.2-natives-macos.jar;C:\Users\VovanJapan\.m2\repository\org\lwjgl\lwjgl-glfw\3.1.2\lwjgl-glfw-3.1.2.jar;C:\Users\VovanJapan\.m2\repository\org\lwjgl\lwjgl-glfw\3
Launcher Type: SUN_STANDARD

Environment Variables:
PATH=G:\adopt\bin;C:\Program Files (x86)\Common Files\Oracle\Java\javapath;C:\Windows\system32;C:\Windows;C:\Windows\System32\Wbem;C:\Windows\System32\WindowsPowerShell\v1.0\;C:\Program Files\NVIDIA Corporation\NVIDIA NvDLISR;C:\Program Files (x86)\NVIDIA Corporation\PhysX\Common;C:\WINDOWS\system32;C:\WINDOWS;C:\WINDOWS\System32\Wbem;C:\WINDOWS\System32\WindowsPowerShell\v1.0\;C:\WINDOWS\System32\OpenSSH\;C:\Program Files\TortoiseSVN\bin;G:\gtksharp\bin;C:\Users\VovanJapan\AppData\Local\Microsoft\WindowsApps;C:\Users\VovanJapan\AppData\Local\atom\bin;E:\code\bin;C:\mingw-w64\mingw64\bin;G:\IntelliJ\IntelliJ IDEA Community Edition 2020.2.3\bin;;G:\javatest\apache-maven-3.6.3\bin;C:\Users\VovanJapan\AppData\Local\GitHubDesktop\bin
USERNAME=VovanJapan
OS=Windows_NT
PROCESSOR_IDENTIFIER=Intel64 Family 6 Model 60 Stepping 3, GenuineIntel



---------------  S Y S T E M  ---------------

OS: Windows 10.0 , 64 bit Build 17134 (10.0.17134.1425)

CPU:total 4 (initial active 4) (4 cores per cpu, 1 threads per core) family 6 model 60 stepping 3, cmov, cx8, fxsr, mmx, sse, sse2, sse3, ssse3, sse4.1, sse4.2, popcnt, avx, avx2, aes, clmul, erms, lzcnt, tsc, tscinvbit, bmi1, bmi2

Memory: 4k page, physical 20909416k(8577828k free), swap 33647492k(9202896k free)

vm_info: OpenJDK 64-Bit Server VM (25.282-b08) for windows-amd64 JRE (1.8.0_282-b08), built on Jan 20 2021 11:42:17 by "jenkins" with MS VC++ 12.0 (VS2013)

time: Tue Mar 30 14:49:20 2021
timezone: RTZ 2 (ceia)
elapsed time: 1.992846 seconds (0d 0h 0m 1s)

