#
# A fatal error has been detected by the Java Runtime Environment:
#
#  EXCEPTION_ACCESS_VIOLATION (0xc0000005) at pc=0x00007ffc1b7eecfd, pid=21680, tid=0x00000000000062b8
#
# JRE version: OpenJDK Runtime Environment (8.0_282-b08) (build 1.8.0_282-b08)
# Java VM: OpenJDK 64-Bit Server VM (25.282-b08 mixed mode windows-amd64 compressed oops)
# Problematic frame:
# C  [lwjgl_opengl.dll+0xecfd]
#
# Failed to write core dump. Minidumps are not enabled by default on client versions of Windows
#
# If you would like to submit a bug report, please visit:
#   https://github.com/AdoptOpenJDK/openjdk-support/issues
# The crash happened outside the Java Virtual Machine in native code.
# See problematic frame for where to report the bug.
#

---------------  T H R E A D  ---------------

Current thread (0x0000017d2444f000):  JavaThread "Finalizer" daemon [_thread_in_native, id=25272, stack(0x0000001e95200000,0x0000001e95300000)]

siginfo: ExceptionCode=0xc0000005, reading address 0x00000000000009d8

Registers:
RAX=0x00000000766f9660, RBX=0x0000017d23aa98f8, RCX=0x0000000000000001, RDX=0x0000017d253c0b80
RSP=0x0000001e952fef08, RBP=0x0000001e952fef88, RSI=0x0000017d253c0b80, RDI=0x0000000000000118
R8 =0x0000000000000001, R9 =0x0000017d253c0b80, R10=0x0000000000000000, R11=0x0000000076181670
R12=0x0000000000000000, R13=0x0000017d23aa98f8, R14=0x0000001e952fefb8, R15=0x0000017d2444f000
RIP=0x00007ffc1b7eecfd, EFLAGS=0x0000000000010202

Top of Stack: (sp=0x0000001e952fef08)
0x0000001e952fef08:   0000017d08629c8e 0000001e952fef58
0x0000001e952fef18:   0000017d23885358 0000000000000000
0x0000001e952fef28:   0000017d23880368 0000000000000000
0x0000001e952fef38:   0000001e952fef50 0000001e952fefa0
0x0000001e952fef48:   0000001e952fef48 0000000000000000
0x0000001e952fef58:   0000001e952fefb8 0000017d23ac71b0
0x0000001e952fef68:   0000000000000000 0000017d23aa98f8
0x0000001e952fef78:   0000000000000000 0000001e952fefa8
0x0000001e952fef88:   0000001e952ff000 0000017d086180bd
0x0000001e952fef98:   000000075aa94350 0000017d08622ab8
0x0000001e952fefa8:   0000017d253c0b80 000000075aa99988
0x0000001e952fefb8:   0000000000000001 0000001e952fefc0
0x0000001e952fefc8:   0000017d23aa9998 0000001e952ff010
0x0000001e952fefd8:   0000017d23ac71b0 0000000000000000
0x0000001e952fefe8:   0000017d23aa99b0 0000001e952fefa8
0x0000001e952feff8:   0000001e952ff010 0000001e952ff058 

Instructions: (pc=0x00007ffc1b7eecfd)
0x00007ffc1b7eecdd:   49 ff a2 00 0f 00 00 cc cc cc cc cc cc cc cc cc
0x00007ffc1b7eeced:   cc cc cc 48 8b 01 49 8b d1 41 8b c8 4c 8b 50 18
0x00007ffc1b7eecfd:   49 ff a2 d8 09 00 00 cc cc cc cc cc cc cc cc cc
0x00007ffc1b7eed0d:   cc cc cc 48 8b 01 49 8b d1 41 8b c8 4c 8b 50 18 


Register to memory mapping:

RAX=0x00000000766f9660 is an unknown value
RBX={method} {0x0000017d23aa9900} 'nglDeleteTextures' '(IJ)V' in 'org/lwjgl/opengl/GL11'
RCX=0x0000000000000001 is an unknown value
RDX=0x0000017d253c0b80 is an unknown value
RSP=0x0000001e952fef08 is pointing into the stack for thread: 0x0000017d2444f000
RBP=0x0000001e952fef88 is pointing into the stack for thread: 0x0000017d2444f000
RSI=0x0000017d253c0b80 is an unknown value
RDI=0x0000000000000118 is an unknown value
R8 =0x0000000000000001 is an unknown value
R9 =0x0000017d253c0b80 is an unknown value
R10=0x0000000000000000 is an unknown value
R11=0x0000000076181670 is an unknown value
R12=0x0000000000000000 is an unknown value
R13={method} {0x0000017d23aa9900} 'nglDeleteTextures' '(IJ)V' in 'org/lwjgl/opengl/GL11'
R14=0x0000001e952fefb8 is pointing into the stack for thread: 0x0000017d2444f000
R15=0x0000017d2444f000 is a thread


Stack: [0x0000001e95200000,0x0000001e95300000],  sp=0x0000001e952fef08,  free space=1019k
Native frames: (J=compiled Java code, j=interpreted, Vv=VM code, C=native code)
C  [lwjgl_opengl.dll+0xecfd]

Java frames: (J=compiled Java code, j=interpreted, Vv=VM code)
j  org.lwjgl.opengl.GL11.nglDeleteTextures(IJ)V+0
j  org.lwjgl.opengl.GL11.glDeleteTextures(Ljava/nio/IntBuffer;)V+8
j  playn.java.LWJGLGL20.glDeleteTextures(ILjava/nio/IntBuffer;)V+1
J 1074 C1 playn.core.Texture.release()V (52 bytes) @ 0x0000017d08a6f6a4 [0x0000017d08a6f040+0x664]
J 937 C1 playn.scene.ImageLayer.setTile(Lplayn/core/Tile;)Lplayn/scene/ImageLayer; (47 bytes) @ 0x0000017d089d6ec4 [0x0000017d089d6d00+0x1c4]
j  playn.scene.ImageLayer.finalize()V+5
j  java.lang.System$2.invokeFinalize(Ljava/lang/Object;)V+1
j  java.lang.ref.Finalizer.runFinalizer(Lsun/misc/JavaLangAccess;)V+46
j  java.lang.ref.Finalizer.access$100(Ljava/lang/ref/Finalizer;Lsun/misc/JavaLangAccess;)V+2
j  java.lang.ref.Finalizer$FinalizerThread.run()V+45
v  ~StubRoutines::call_stub

---------------  P R O C E S S  ---------------

Java Threads: ( => current thread )
  0x0000017d2c6d8000 JavaThread "Direct Clip" daemon [_thread_new, id=20792, stack(0x0000000000000000,0x0000000000000000)]
  0x0000017d2c6d5000 JavaThread "Direct Clip" daemon [_thread_blocked, id=32160, stack(0x0000001e97000000,0x0000001e97100000)]
  0x0000017d2c6d9000 JavaThread "Direct Clip" daemon [_thread_blocked, id=3952, stack(0x0000001e96f00000,0x0000001e97000000)]
  0x0000017d2c6db000 JavaThread "Direct Clip" daemon [_thread_blocked, id=34016, stack(0x0000001e96e00000,0x0000001e96f00000)]
  0x0000017d25571800 JavaThread "Direct Clip" daemon [_thread_blocked, id=25096, stack(0x0000001e96d00000,0x0000001e96e00000)]
  0x0000017d2556d800 JavaThread "Direct Clip" daemon [_thread_blocked, id=31612, stack(0x0000001e96c00000,0x0000001e96d00000)]
  0x0000017d25570800 JavaThread "Direct Clip" daemon [_thread_blocked, id=30096, stack(0x0000001e96b00000,0x0000001e96c00000)]
  0x0000017d25570000 JavaThread "Java Sound Event Dispatcher" daemon [_thread_blocked, id=33256, stack(0x0000001e96800000,0x0000001e96900000)]
  0x0000017d25572000 JavaThread "pool-1-thread-4" [_thread_blocked, id=27204, stack(0x0000001e96500000,0x0000001e96600000)]
  0x0000017d25573000 JavaThread "pool-1-thread-3" [_thread_in_native, id=15472, stack(0x0000001e96400000,0x0000001e96500000)]
  0x0000017d2556c000 JavaThread "pool-1-thread-2" [_thread_blocked, id=21272, stack(0x0000001e96300000,0x0000001e96400000)]
  0x0000017d2556e800 JavaThread "pool-1-thread-1" [_thread_blocked, id=28936, stack(0x0000001e96200000,0x0000001e96300000)]
  0x0000017d2556c800 JavaThread "Java2D Disposer" daemon [_thread_blocked, id=5544, stack(0x0000001e96100000,0x0000001e96200000)]
  0x0000017d244fb000 JavaThread "Service Thread" daemon [_thread_blocked, id=11836, stack(0x0000001e95800000,0x0000001e95900000)]
  0x0000017d24482000 JavaThread "C1 CompilerThread2" daemon [_thread_blocked, id=29304, stack(0x0000001e95700000,0x0000001e95800000)]
  0x0000017d2447e000 JavaThread "C2 CompilerThread1" daemon [_thread_blocked, id=35308, stack(0x0000001e95600000,0x0000001e95700000)]
  0x0000017d24481800 JavaThread "C2 CompilerThread0" daemon [_thread_in_native, id=32404, stack(0x0000001e95500000,0x0000001e95600000)]
  0x0000017d24474800 JavaThread "Attach Listener" daemon [_thread_blocked, id=33984, stack(0x0000001e95400000,0x0000001e95500000)]
  0x0000017d24472000 JavaThread "Signal Dispatcher" daemon [_thread_blocked, id=31344, stack(0x0000001e95300000,0x0000001e95400000)]
=>0x0000017d2444f000 JavaThread "Finalizer" daemon [_thread_in_native, id=25272, stack(0x0000001e95200000,0x0000001e95300000)]
  0x0000017d24447000 JavaThread "Reference Handler" daemon [_thread_blocked, id=7236, stack(0x0000001e95100000,0x0000001e95200000)]
  0x0000017d06d07800 JavaThread "main" [_thread_in_native, id=35672, stack(0x0000001e94b00000,0x0000001e94c00000)]

Other Threads:
  0x0000017d24422000 VMThread [stack: 0x0000001e95000000,0x0000001e95100000] [id=26680]
  0x0000017d2450e800 WatcherThread [stack: 0x0000001e95900000,0x0000001e95a00000] [id=15348]

VM state:not at safepoint (normal execution)

VM Mutex/Monitor currently owned by a thread: None

heap address: 0x0000000680e00000, size: 5106 MB, Compressed Oops mode: Zero based, Oop shift amount: 3
Narrow klass base: 0x0000000000000000, Narrow klass shift: 3
Compressed class space size: 1073741824 Address: 0x00000007c0000000

Heap:
 PSYoungGen      total 95744K, used 35068K [0x0000000755a00000, 0x000000075c480000, 0x00000007c0000000)
  eden space 82432K, 29% used [0x0000000755a00000,0x0000000757180b20,0x000000075aa80000)
  from space 13312K, 82% used [0x000000075aa80000,0x000000075b53e518,0x000000075b780000)
  to   space 13312K, 0% used [0x000000075b780000,0x000000075b780000,0x000000075c480000)
 ParOldGen       total 218624K, used 16K [0x0000000680e00000, 0x000000068e380000, 0x0000000755a00000)
  object space 218624K, 0% used [0x0000000680e00000,0x0000000680e04000,0x000000068e380000)
 Metaspace       used 14255K, capacity 14535K, committed 14848K, reserved 1062912K
  class space    used 1405K, capacity 1494K, committed 1536K, reserved 1048576K

Card table byte_map: [0x0000017d179d0000,0x0000017d183d0000] byte_map_base: 0x0000017d145c9000

Marking Bits: (ParMarkBitMap*) 0x000000007676b810
 Begin Bits: [0x0000017d18a80000, 0x0000017d1da48000)
 End Bits:   [0x0000017d1da48000, 0x0000017d22a10000)

Polling page: 0x0000017d06c80000

CodeCache: size=245760Kb used=5051Kb max_used=5051Kb free=240708Kb
 bounds [0x0000017d08610000, 0x0000017d08b10000, 0x0000017d17610000]
 total_blobs=2233 nmethods=1208 adapters=938
 compilation: enabled

Compilation events (10 events):
Event: 2.052 Thread 0x0000017d24482000 nmethod 1180 0x0000017d08adbd50 code [0x0000017d08adbea0, 0x0000017d08adc058]
Event: 2.052 Thread 0x0000017d24482000 1181   !   3       java.lang.ref.Reference::tryHandlePending (115 bytes)
Event: 2.053 Thread 0x0000017d24482000 nmethod 1181 0x0000017d08aedd50 code [0x0000017d08aedf80, 0x0000017d08aeec50]
Event: 2.053 Thread 0x0000017d24482000 1182   !   3       java.lang.ref.ReferenceQueue::enqueue (119 bytes)
Event: 2.053 Thread 0x0000017d24482000 nmethod 1182 0x0000017d08adf010 code [0x0000017d08adf1a0, 0x0000017d08adf930]
Event: 2.053 Thread 0x0000017d24482000 1183       3       java.lang.ref.Reference::clear (6 bytes)
Event: 2.053 Thread 0x0000017d24482000 nmethod 1183 0x0000017d08aeae10 code [0x0000017d08aeaf60, 0x0000017d08aeb0d8]
Event: 2.053 Thread 0x0000017d24482000 1190       3       java.lang.ref.Finalizer::hasBeenFinalized (14 bytes)
Event: 2.053 Thread 0x0000017d24482000 nmethod 1190 0x0000017d08aeaa90 code [0x0000017d08aeabe0, 0x0000017d08aead98]
Event: 2.053 Thread 0x0000017d24482000 1191   !   3       java.lang.ref.Finalizer::remove (94 bytes)

GC Heap History (2 events):
Event: 2.043 GC heap before
{Heap before GC invocations=1 (full 0):
 PSYoungGen      total 95744K, used 79309K [0x0000000755a00000, 0x000000075c480000, 0x00000007c0000000)
  eden space 82432K, 96% used [0x0000000755a00000,0x000000075a773420,0x000000075aa80000)
  from space 13312K, 0% used [0x000000075b780000,0x000000075b780000,0x000000075c480000)
  to   space 13312K, 0% used [0x000000075aa80000,0x000000075aa80000,0x000000075b780000)
 ParOldGen       total 218624K, used 0K [0x0000000680e00000, 0x000000068e380000, 0x0000000755a00000)
  object space 218624K, 0% used [0x0000000680e00000,0x0000000680e00000,0x000000068e380000)
 Metaspace       used 14236K, capacity 14471K, committed 14848K, reserved 1062912K
  class space    used 1405K, capacity 1494K, committed 1536K, reserved 1048576K
Event: 2.052 GC heap after
Heap after GC invocations=1 (full 0):
 PSYoungGen      total 95744K, used 11001K [0x0000000755a00000, 0x000000075c480000, 0x00000007c0000000)
  eden space 82432K, 0% used [0x0000000755a00000,0x0000000755a00000,0x000000075aa80000)
  from space 13312K, 82% used [0x000000075aa80000,0x000000075b53e518,0x000000075b780000)
  to   space 13312K, 0% used [0x000000075b780000,0x000000075b780000,0x000000075c480000)
 ParOldGen       total 218624K, used 16K [0x0000000680e00000, 0x000000068e380000, 0x0000000755a00000)
  object space 218624K, 0% used [0x0000000680e00000,0x0000000680e04000,0x000000068e380000)
 Metaspace       used 14236K, capacity 14471K, committed 14848K, reserved 1062912K
  class space    used 1405K, capacity 1494K, committed 1536K, reserved 1048576K
}

Deoptimization events (10 events):
Event: 1.650 Thread 0x0000017d25573000 Uncommon trap: reason=unstable_if action=reinterpret pc=0x0000017d089c0118 method=java.io.BufferedInputStream.read([BII)I @ 104
Event: 1.650 Thread 0x0000017d25573000 Uncommon trap: reason=unstable_if action=reinterpret pc=0x0000017d089ad9dc method=java.io.BufferedInputStream.read1([BII)I @ 22
Event: 1.697 Thread 0x0000017d25572000 Uncommon trap: reason=unstable_if action=reinterpret pc=0x0000017d089afcf8 method=javazoom.jl.decoder.Bitstream.isSyncMark(III)Z @ 7
Event: 1.697 Thread 0x0000017d25572000 Uncommon trap: reason=unstable_if action=reinterpret pc=0x0000017d089aa4b8 method=javazoom.jl.decoder.Bitstream.isSyncMark(III)Z @ 7
Event: 1.749 Thread 0x0000017d25572000 Uncommon trap: reason=unstable_if action=reinterpret pc=0x0000017d08a25920 method=javazoom.jl.decoder.huffcodetab.huffman_decoder(Ljavazoom/jl/decoder/huffcodetab;[I[I[I[ILjavazoom/jl/decoder/BitReserve;)I @ 370
Event: 1.772 Thread 0x0000017d25572000 Uncommon trap: reason=unstable_if action=reinterpret pc=0x0000017d089f1488 method=javazoom.jl.decoder.BitReserve.hgetbits(I)I @ 22
Event: 1.779 Thread 0x0000017d25572000 Uncommon trap: reason=unstable_if action=reinterpret pc=0x0000017d08a64a78 method=javazoom.jl.decoder.BitReserve.hgetbits(I)I @ 22
Event: 1.840 Thread 0x0000017d25572000 Uncommon trap: reason=unstable_if action=reinterpret pc=0x0000017d089b8298 method=java.io.BufferedInputStream.read1([BII)I @ 60
Event: 1.840 Thread 0x0000017d25572000 Uncommon trap: reason=unstable_if action=reinterpret pc=0x0000017d089aaa74 method=java.io.PushbackInputStream.read([BII)I @ 122
Event: 1.910 Thread 0x0000017d25573000 Uncommon trap: reason=unstable_if action=reinterpret pc=0x0000017d08a99490 method=javazoom.jl.decoder.LayerIIIDecoder.stereo(I)V @ 1914

Classes redefined (0 events):
No events

Internal exceptions (10 events):
Event: 0.172 Thread 0x0000017d06d07800 Exception <a 'java/security/PrivilegedActionException'> (0x0000000755e2f800) thrown at [J:\jenkins\tmp\workspace\build\src\hotspot\src\share\vm\prims\jvm.cpp, line 1523]
Event: 0.172 Thread 0x0000017d06d07800 Exception <a 'java/security/PrivilegedActionException'> (0x0000000755e2fa10) thrown at [J:\jenkins\tmp\workspace\build\src\hotspot\src\share\vm\prims\jvm.cpp, line 1523]
Event: 0.198 Thread 0x0000017d06d07800 Exception <a 'java/lang/NoSuchMethodError': java.lang.Object.lambda$static$0(Ljava/lang/String;)Ljava/lang/Boolean;> (0x0000000755ece930) thrown at [J:\jenkins\tmp\workspace\build\src\hotspot\src\share\vm\interpreter\linkResolver.cpp, line 620]
Event: 0.209 Thread 0x0000017d06d07800 Exception <a 'java/lang/NoSuchFieldError': method resolution failed> (0x0000000755f466d8) thrown at [J:\jenkins\tmp\workspace\build\src\hotspot\src\share\vm\prims\methodHandles.cpp, line 1169]
Event: 0.211 Thread 0x0000017d06d07800 Exception <a 'java/lang/NoSuchFieldError': method resolution failed> (0x0000000755f53b08) thrown at [J:\jenkins\tmp\workspace\build\src\hotspot\src\share\vm\prims\methodHandles.cpp, line 1169]
Event: 0.962 Thread 0x0000017d06d07800 Exception <a 'sun/nio/fs/WindowsException'> (0x000000075643b200) thrown at [J:\jenkins\tmp\workspace\build\src\hotspot\src\share\vm\prims\jni.cpp, line 711]
Event: 0.963 Thread 0x0000017d06d07800 Exception <a 'sun/nio/fs/WindowsException'> (0x000000075643ba38) thrown at [J:\jenkins\tmp\workspace\build\src\hotspot\src\share\vm\prims\jni.cpp, line 711]
Event: 1.343 Thread 0x0000017d06d07800 Exception <a 'java/io/FileNotFoundException'> (0x0000000756d730d8) thrown at [J:\jenkins\tmp\workspace\build\src\hotspot\src\share\vm\prims\jni.cpp, line 711]
Event: 1.358 Thread 0x0000017d06d07800 Exception <a 'java/lang/ClassNotFoundException': sun/dc/DuctusRenderingEngine> (0x0000000756dc6d30) thrown at [J:\jenkins\tmp\workspace\build\src\hotspot\src\share\vm\classfile\systemDictionary.cpp, line 217]
Event: 1.375 Thread 0x0000017d06d07800 Exception <a 'java/io/FileNotFoundException'> (0x0000000756dda4f8) thrown at [J:\jenkins\tmp\workspace\build\src\hotspot\src\share\vm\prims\jni.cpp, line 711]

Events (10 events):
Event: 2.004 Thread 0x0000017d2556c000 DEOPT PACKING pc=0x0000017d08a63727 sp=0x0000001e963febd0
Event: 2.004 Thread 0x0000017d2556c000 DEOPT UNPACKING pc=0x0000017d086575d8 sp=0x0000001e963fe910 mode 0
Event: 2.004 Thread 0x0000017d2556c000 DEOPT PACKING pc=0x0000017d08a67b51 sp=0x0000001e963febd0
Event: 2.004 Thread 0x0000017d2556c000 DEOPT UNPACKING pc=0x0000017d086575d8 sp=0x0000001e963fe910 mode 0
Event: 2.012 Thread 0x0000017d25571800 Thread added: 0x0000017d25571800
Event: 2.025 Thread 0x0000017d2556e800 DEOPT PACKING pc=0x0000017d08a80e43 sp=0x0000001e962fe820
Event: 2.025 Thread 0x0000017d2556e800 DEOPT UNPACKING pc=0x0000017d086575d8 sp=0x0000001e962fe510 mode 0
Event: 2.041 Thread 0x0000017d2c6db000 Thread added: 0x0000017d2c6db000
Event: 2.043 Executing VM operation: ParallelGCFailedAllocation
Event: 2.052 Executing VM operation: ParallelGCFailedAllocation done


Dynamic libraries:
0x00007ff73fa90000 - 0x00007ff73faca000 	G:\adopt\jre\bin\java.exe
0x00007ffc4ebb0000 - 0x00007ffc4ed91000 	C:\WINDOWS\SYSTEM32\ntdll.dll
0x00007ffc4c7a0000 - 0x00007ffc4c851000 	C:\WINDOWS\System32\KERNEL32.DLL
0x00007ffc4b130000 - 0x00007ffc4b3a3000 	C:\WINDOWS\System32\KERNELBASE.dll
0x00007ffc4c100000 - 0x00007ffc4c1a1000 	C:\WINDOWS\System32\ADVAPI32.dll
0x00007ffc4ea30000 - 0x00007ffc4eace000 	C:\WINDOWS\System32\msvcrt.dll
0x00007ffc4e5b0000 - 0x00007ffc4e60b000 	C:\WINDOWS\System32\sechost.dll
0x00007ffc4c220000 - 0x00007ffc4c344000 	C:\WINDOWS\System32\RPCRT4.dll
0x00007ffc4e890000 - 0x00007ffc4ea21000 	C:\WINDOWS\System32\USER32.dll
0x00007ffc4b500000 - 0x00007ffc4b520000 	C:\WINDOWS\System32\win32u.dll
0x00007ffc4e860000 - 0x00007ffc4e888000 	C:\WINDOWS\System32\GDI32.dll
0x00007ffc4b710000 - 0x00007ffc4b8a3000 	C:\WINDOWS\System32\gdi32full.dll
0x00007ffc4b460000 - 0x00007ffc4b4ff000 	C:\WINDOWS\System32\msvcp_win.dll
0x00007ffc4af50000 - 0x00007ffc4b048000 	C:\WINDOWS\System32\ucrtbase.dll
0x00007ffc38a60000 - 0x00007ffc38cc9000 	C:\WINDOWS\WinSxS\amd64_microsoft.windows.common-controls_6595b64144ccf1df_6.0.17134.1902_none_d3fc12d37c93a894\COMCTL32.dll
0x00007ffc4dee0000 - 0x00007ffc4e201000 	C:\WINDOWS\System32\combase.dll
0x00007ffc4b0b0000 - 0x00007ffc4b129000 	C:\WINDOWS\System32\bcryptPrimitives.dll
0x00007ffc4e360000 - 0x00007ffc4e38d000 	C:\WINDOWS\System32\IMM32.DLL
0x00007ffc1be50000 - 0x00007ffc1bf3f000 	G:\adopt\jre\bin\msvcr120.dll
0x00007ffc1d380000 - 0x00007ffc1d426000 	G:\adopt\jre\bin\msvcp120.dll
0x0000000075f80000 - 0x00000000767ea000 	G:\adopt\jre\bin\server\jvm.dll
0x00007ffc4e850000 - 0x00007ffc4e858000 	C:\WINDOWS\System32\PSAPI.DLL
0x00007ffc3bfc0000 - 0x00007ffc3bfc9000 	C:\WINDOWS\SYSTEM32\WSOCK32.dll
0x00007ffc49150000 - 0x00007ffc49173000 	C:\WINDOWS\SYSTEM32\WINMM.dll
0x00007ffc4c1b0000 - 0x00007ffc4c21c000 	C:\WINDOWS\System32\WS2_32.dll
0x00007ffc46a10000 - 0x00007ffc46a1a000 	C:\WINDOWS\SYSTEM32\VERSION.dll
0x00007ffc49120000 - 0x00007ffc4914a000 	C:\WINDOWS\SYSTEM32\WINMMBASE.dll
0x00007ffc4bfd0000 - 0x00007ffc4c019000 	C:\WINDOWS\System32\cfgmgr32.dll
0x00007ffc3bc10000 - 0x00007ffc3bc1f000 	G:\adopt\jre\bin\verify.dll
0x00007ffc1d630000 - 0x00007ffc1d659000 	G:\adopt\jre\bin\java.dll
0x00007ffc3a580000 - 0x00007ffc3a596000 	G:\adopt\jre\bin\zip.dll
0x00007ffc4c860000 - 0x00007ffc4dca5000 	C:\WINDOWS\System32\SHELL32.dll
0x00007ffc4ead0000 - 0x00007ffc4eb79000 	C:\WINDOWS\System32\shcore.dll
0x00007ffc4b8b0000 - 0x00007ffc4bfc5000 	C:\WINDOWS\System32\windows.storage.dll
0x00007ffc4de50000 - 0x00007ffc4dea1000 	C:\WINDOWS\System32\shlwapi.dll
0x00007ffc4aeb0000 - 0x00007ffc4aec1000 	C:\WINDOWS\System32\kernel.appcore.dll
0x00007ffc4ae90000 - 0x00007ffc4aeaf000 	C:\WINDOWS\System32\profapi.dll
0x00007ffc4af00000 - 0x00007ffc4af4c000 	C:\WINDOWS\System32\powrprof.dll
0x00007ffc4aed0000 - 0x00007ffc4aeda000 	C:\WINDOWS\System32\FLTLIB.DLL
0x00007ffc38d10000 - 0x00007ffc38d2a000 	G:\adopt\jre\bin\net.dll
0x00007ffc4a6b0000 - 0x00007ffc4a716000 	C:\WINDOWS\system32\mswsock.dll
0x00007ffc28ec0000 - 0x00007ffc28ed2000 	G:\adopt\jre\bin\nio.dll
0x00007ffc1b890000 - 0x00007ffc1b8e7000 	C:\Users\VovanJapan\AppData\Local\Temp\lwjglVovanJapan\3.1.2-build-29\lwjgl.dll
0x00007ffc1d5f0000 - 0x00007ffc1d62d000 	C:\Users\VOVANJ~1\AppData\Local\Temp\lwjglVovanJapan\3.1.2-build-29\glfw.dll
0x00007ffc492f0000 - 0x00007ffc49388000 	C:\WINDOWS\system32\uxtheme.dll
0x00007ffc1b840000 - 0x00007ffc1b883000 	C:\WINDOWS\SYSTEM32\dinput8.dll
0x00007ffc3a710000 - 0x00007ffc3a720000 	C:\WINDOWS\SYSTEM32\xinput1_4.dll
0x00007ffc4aab0000 - 0x00007ffc4aad7000 	C:\WINDOWS\SYSTEM32\DEVOBJ.dll
0x00007ffc3cb00000 - 0x00007ffc3cb79000 	C:\WINDOWS\SYSTEM32\inputhost.dll
0x00007ffc48fd0000 - 0x00007ffc490aa000 	C:\WINDOWS\SYSTEM32\CoreMessaging.dll
0x00007ffc46860000 - 0x00007ffc469ad000 	C:\WINDOWS\SYSTEM32\wintypes.dll
0x00007ffc46350000 - 0x00007ffc4666e000 	C:\WINDOWS\SYSTEM32\CoreUIComponents.dll
0x00007ffc49f80000 - 0x00007ffc49fb1000 	C:\WINDOWS\SYSTEM32\ntmarta.dll
0x00007ffc49540000 - 0x00007ffc49569000 	C:\WINDOWS\SYSTEM32\dwmapi.dll
0x00007ffc4e430000 - 0x00007ffc4e5a4000 	C:\WINDOWS\System32\MSCTF.dll
0x00007ffc4e610000 - 0x00007ffc4e6d2000 	C:\WINDOWS\System32\OLEAUT32.dll
0x00007ffc49ad0000 - 0x00007ffc49adc000 	C:\WINDOWS\SYSTEM32\HID.DLL
0x00007ffc4c350000 - 0x00007ffc4c79b000 	C:\WINDOWS\System32\SETUPAPI.DLL
0x00007ffc4b050000 - 0x00007ffc4b0a7000 	C:\WINDOWS\System32\WINTRUST.dll
0x00007ffc4aee0000 - 0x00007ffc4aef2000 	C:\WINDOWS\System32\MSASN1.dll
0x00007ffc4b520000 - 0x00007ffc4b702000 	C:\WINDOWS\System32\CRYPT32.dll
0x00007ffc1abf0000 - 0x00007ffc1ad10000 	C:\WINDOWS\SYSTEM32\opengl32.dll
0x00007ffc1cbc0000 - 0x00007ffc1cbec000 	C:\WINDOWS\SYSTEM32\GLU32.dll
0x00007ffbf4bd0000 - 0x00007ffbf7558000 	C:\WINDOWS\System32\DriverStore\FileRepository\nv_dispi.inf_amd64_e44a509137af5639\nvoglv64.dll
0x00007ffc4e6e0000 - 0x00007ffc4e832000 	C:\WINDOWS\System32\ole32.dll
0x00007ffc47ab0000 - 0x00007ffc47ac3000 	C:\WINDOWS\SYSTEM32\WTSAPI32.dll
0x00007ffc46690000 - 0x00007ffc466be000 	C:\WINDOWS\SYSTEM32\cryptnet.dll
0x00007ffc4a860000 - 0x00007ffc4a86b000 	C:\WINDOWS\SYSTEM32\cryptbase.dll
0x00007ffc04090000 - 0x00007ffc04349000 	C:\WINDOWS\system32\nvspcap64.dll
0x00007ffc4ac90000 - 0x00007ffc4ace6000 	C:\WINDOWS\SYSTEM32\WINSTA.dll
0x00007ffc3cbb0000 - 0x00007ffc3cc46000 	C:\WINDOWS\System32\TextInputFramework.dll
0x00007ffc1b7e0000 - 0x00007ffc1b83c000 	C:\Users\VovanJapan\AppData\Local\Temp\lwjglVovanJapan\3.1.2-build-29\lwjgl_opengl.dll
0x00007ffc16a60000 - 0x00007ffc16bf5000 	G:\adopt\jre\bin\awt.dll
0x00007ffc49180000 - 0x00007ffc4920b000 	C:\WINDOWS\SYSTEM32\apphelp.dll
0x00007ffc16780000 - 0x00007ffc16813000 	G:\adopt\jre\bin\freetype.dll
0x00007ffc138d0000 - 0x00007ffc1398d000 	G:\adopt\jre\bin\fontmanager.dll
0x00007ffc38dd0000 - 0x00007ffc38ddc000 	G:\adopt\jre\bin\jsound.dll
0x00007ffc36f80000 - 0x00007ffc36f8b000 	G:\adopt\jre\bin\jsoundds.dll
0x00007ffc18a90000 - 0x00007ffc18b1f000 	C:\WINDOWS\SYSTEM32\DSOUND.dll
0x00007ffc44110000 - 0x00007ffc44186000 	C:\WINDOWS\SYSTEM32\MMDevAPI.DLL
0x00007ffc47880000 - 0x00007ffc47a35000 	C:\WINDOWS\SYSTEM32\PROPSYS.dll
0x00007ffc3a6a0000 - 0x00007ffc3a6e4000 	C:\WINDOWS\SYSTEM32\wdmaud.drv
0x00007ffc469b0000 - 0x00007ffc469ba000 	C:\WINDOWS\SYSTEM32\AVRT.dll
0x00007ffc37ca0000 - 0x00007ffc37ca9000 	C:\WINDOWS\SYSTEM32\ksuser.dll
0x00007ffc29710000 - 0x00007ffc2983c000 	C:\WINDOWS\SYSTEM32\AUDIOSES.DLL
0x00007ffc3a690000 - 0x00007ffc3a69d000 	C:\WINDOWS\SYSTEM32\msacm32.drv
0x00007ffc278d0000 - 0x00007ffc278ec000 	C:\WINDOWS\SYSTEM32\MSACM32.dll
0x00007ffc3a680000 - 0x00007ffc3a68a000 	C:\WINDOWS\SYSTEM32\midimap.dll
0x00007ffc4e390000 - 0x00007ffc4e430000 	C:\WINDOWS\System32\clbcatq.dll
0x00007ffc306c0000 - 0x00007ffc30889000 	C:\WINDOWS\SYSTEM32\dbghelp.dll

VM Arguments:
jvm_args: -Dfoo=bar 
java_command: playn.sample.hello.java.HelloGameJava
java_class_path (initial): G:\GitHub\warpdeath\playn-samples-master\hello\java\target\classes;G:\GitHub\warpdeath\playn-samples-master\hello\core\target\classes;C:\Users\VovanJapan\.m2\repository\io\playn\playn-scene\2.0\playn-scene-2.0.jar;C:\Users\VovanJapan\.m2\repository\io\playn\playn-core\2.0\playn-core-2.0.jar;C:\Users\VovanJapan\.m2\repository\com\samskivert\pythagoras\1.4.3\pythagoras-1.4.3.jar;C:\Users\VovanJapan\.m2\repository\com\threerings\react\1.5.3\react-1.5.3.jar;G:\GitHub\warpdeath\playn-samples-master\hello\assets\target\classes;C:\Users\VovanJapan\.m2\repository\io\playn\playn-java-lwjgl\2.0\playn-java-lwjgl-2.0.jar;C:\Users\VovanJapan\.m2\repository\io\playn\playn-java-base\2.0\playn-java-base-2.0.jar;C:\Users\VovanJapan\.m2\repository\com\googlecode\soundlibs\mp3spi\1.9.5-1\mp3spi-1.9.5-1.jar;C:\Users\VovanJapan\.m2\repository\com\googlecode\soundlibs\jlayer\1.0.1-1\jlayer-1.0.1-1.jar;C:\Users\VovanJapan\.m2\repository\com\googlecode\soundlibs\tritonus-share\0.3.7-1\tritonus-share-0.3.7-1.jar;C:\Users\VovanJapan\.m2\repository\org\java-websocket\Java-WebSocket\1.3.0\Java-WebSocket-1.3.0.jar;C:\Users\VovanJapan\.m2\repository\org\lwjgl\lwjgl\3.1.2\lwjgl-3.1.2.jar;C:\Users\VovanJapan\.m2\repository\org\lwjgl\lwjgl\3.1.2\lwjgl-3.1.2-natives-linux.jar;C:\Users\VovanJapan\.m2\repository\org\lwjgl\lwjgl\3.1.2\lwjgl-3.1.2-natives-windows.jar;C:\Users\VovanJapan\.m2\repository\org\lwjgl\lwjgl\3.1.2\lwjgl-3.1.2-natives-macos.jar;C:\Users\VovanJapan\.m2\repository\org\lwjgl\lwjgl-opengl\3.1.2\lwjgl-opengl-3.1.2.jar;C:\Users\VovanJapan\.m2\repository\org\lwjgl\lwjgl-opengl\3.1.2\lwjgl-opengl-3.1.2-natives-linux.jar;C:\Users\VovanJapan\.m2\repository\org\lwjgl\lwjgl-opengl\3.1.2\lwjgl-opengl-3.1.2-natives-windows.jar;C:\Users\VovanJapan\.m2\repository\org\lwjgl\lwjgl-opengl\3.1.2\lwjgl-opengl-3.1.2-natives-macos.jar;C:\Users\VovanJapan\.m2\repository\org\lwjgl\lwjgl-glfw\3.1.2\lwjgl-glfw-3.1.2.jar;C:\Users\VovanJapan\.m2\repository\org\lwjgl\lwjgl-glfw\3
Launcher Type: SUN_STANDARD

Environment Variables:
PATH=G:\adopt\bin;C:\Program Files (x86)\Common Files\Oracle\Java\javapath;C:\Windows\system32;C:\Windows;C:\Windows\System32\Wbem;C:\Windows\System32\WindowsPowerShell\v1.0\;C:\Program Files\NVIDIA Corporation\NVIDIA NvDLISR;C:\Program Files (x86)\NVIDIA Corporation\PhysX\Common;C:\WINDOWS\system32;C:\WINDOWS;C:\WINDOWS\System32\Wbem;C:\WINDOWS\System32\WindowsPowerShell\v1.0\;C:\WINDOWS\System32\OpenSSH\;C:\Program Files\TortoiseSVN\bin;G:\gtksharp\bin;C:\Users\VovanJapan\AppData\Local\Microsoft\WindowsApps;C:\Users\VovanJapan\AppData\Local\atom\bin;E:\code\bin;C:\mingw-w64\mingw64\bin;G:\IntelliJ\IntelliJ IDEA Community Edition 2020.2.3\bin;;G:\javatest\apache-maven-3.6.3\bin;C:\Users\VovanJapan\AppData\Local\GitHubDesktop\bin
USERNAME=VovanJapan
OS=Windows_NT
PROCESSOR_IDENTIFIER=Intel64 Family 6 Model 60 Stepping 3, GenuineIntel



---------------  S Y S T E M  ---------------

OS: Windows 10.0 , 64 bit Build 17134 (10.0.17134.1425)

CPU:total 4 (initial active 4) (4 cores per cpu, 1 threads per core) family 6 model 60 stepping 3, cmov, cx8, fxsr, mmx, sse, sse2, sse3, ssse3, sse4.1, sse4.2, popcnt, avx, avx2, aes, clmul, erms, lzcnt, tsc, tscinvbit, bmi1, bmi2

Memory: 4k page, physical 20909416k(9785912k free), swap 33647540k(10655168k free)

vm_info: OpenJDK 64-Bit Server VM (25.282-b08) for windows-amd64 JRE (1.8.0_282-b08), built on Jan 20 2021 11:42:17 by "jenkins" with MS VC++ 12.0 (VS2013)

time: Mon Mar 29 23:19:30 2021
timezone: RTZ 2 (ceia)
elapsed time: 2.105964 seconds (0d 0h 0m 2s)

