#
# A fatal error has been detected by the Java Runtime Environment:
#
#  EXCEPTION_ACCESS_VIOLATION (0xc0000005) at pc=0x00007ffc1b89ecfd, pid=4212, tid=0x0000000000007d10
#
# JRE version: OpenJDK Runtime Environment (8.0_282-b08) (build 1.8.0_282-b08)
# Java VM: OpenJDK 64-Bit Server VM (25.282-b08 mixed mode windows-amd64 compressed oops)
# Problematic frame:
# C  [lwjgl_opengl.dll+0xecfd]
#
# Failed to write core dump. Minidumps are not enabled by default on client versions of Windows
#
# If you would like to submit a bug report, please visit:
#   https://github.com/AdoptOpenJDK/openjdk-support/issues
# The crash happened outside the Java Virtual Machine in native code.
# See problematic frame for where to report the bug.
#

---------------  T H R E A D  ---------------

Current thread (0x000001b4e75dc800):  JavaThread "Finalizer" daemon [_thread_in_native, id=32016, stack(0x0000009aeb600000,0x0000009aeb700000)]

siginfo: ExceptionCode=0xc0000005, reading address 0x00000000000009d8

Registers:
RAX=0x00000000766f9660, RBX=0x000001b4e736c970, RCX=0x0000000000000001, RDX=0x000001b4e8cb6c40
RSP=0x0000009aeb6ff3e8, RBP=0x0000009aeb6ff450, RSI=0x0000000000000001, RDI=0x000000075ac56ad8
R8 =0x0000000000000001, R9 =0x000001b4e8cb6c40, R10=0x0000000000000000, R11=0x000001b4e8cb6c40
R12=0x0000000000000000, R13=0x000001b4cc474c04, R14=0x0000009aeb6ff440, R15=0x000001b4e75dc800
RIP=0x00007ffc1b89ecfd, EFLAGS=0x0000000000010246

Top of Stack: (sp=0x0000009aeb6ff3e8)
0x0000009aeb6ff3e8:   000001b4cc2cb661 0000000000000001
0x0000009aeb6ff3f8:   000001b4e8cb6c40 000000075ac56ad8
0x0000009aeb6ff408:   0000000000000001 0000009aeb6ff450
0x0000009aeb6ff418:   0000009aeb6ff440 000001b4e736c970
0x0000009aeb6ff428:   0000000000000001 00000000eb58ad5b
0x0000009aeb6ff438:   000001b4cc2cb598 000000075aabd098
0x0000009aeb6ff448:   0000000000000202 000000075b2dfc40
0x0000009aeb6ff458:   000001b4cc479318 000000075b2dfc40
0x0000009aeb6ff468:   0000009aeb6ff468 000001b4f1efe960
0x0000009aeb6ff478:   0000009aeb6ff4b8 000001b4f1f6a478
0x0000009aeb6ff488:   000001b4f25f0178 000001b4f1efe988
0x0000009aeb6ff498:   0000000000000000 0000009aeb6ff4c0
0x0000009aeb6ff4a8:   0000000000000000 0000000000000000
0x0000009aeb6ff4b8:   000001b4cc474c04 000001b4cc474c04
0x0000009aeb6ff4c8:   0000000000000000 0000000000000000
0x0000009aeb6ff4d8:   000000075be555a0 0000000000000000 

Instructions: (pc=0x00007ffc1b89ecfd)
0x00007ffc1b89ecdd:   49 ff a2 00 0f 00 00 cc cc cc cc cc cc cc cc cc
0x00007ffc1b89eced:   cc cc cc 48 8b 01 49 8b d1 41 8b c8 4c 8b 50 18
0x00007ffc1b89ecfd:   49 ff a2 d8 09 00 00 cc cc cc cc cc cc cc cc cc
0x00007ffc1b89ed0d:   cc cc cc 48 8b 01 49 8b d1 41 8b c8 4c 8b 50 18 


Register to memory mapping:

RAX=0x00000000766f9660 is an unknown value
RBX={method} {0x000001b4e736c978} 'nglDeleteTextures' '(IJ)V' in 'org/lwjgl/opengl/GL11'
RCX=0x0000000000000001 is an unknown value
RDX=0x000001b4e8cb6c40 is an unknown value
RSP=0x0000009aeb6ff3e8 is pointing into the stack for thread: 0x000001b4e75dc800
RBP=0x0000009aeb6ff450 is pointing into the stack for thread: 0x000001b4e75dc800
RSI=0x0000000000000001 is an unknown value
RDI=0x000000075ac56ad8 is an oop
java.nio.DirectIntBufferU 
 - klass: 'java/nio/DirectIntBufferU'
R8 =0x0000000000000001 is an unknown value
R9 =0x000001b4e8cb6c40 is an unknown value
R10=0x0000000000000000 is an unknown value
R11=0x000001b4e8cb6c40 is an unknown value
R12=0x0000000000000000 is an unknown value
R13=0x000001b4cc474c04 is at entry_point+516 in (nmethod*)0x000001b4cc474890
R14=0x0000009aeb6ff440 is pointing into the stack for thread: 0x000001b4e75dc800
R15=0x000001b4e75dc800 is a thread


Stack: [0x0000009aeb600000,0x0000009aeb700000],  sp=0x0000009aeb6ff3e8,  free space=1020k
Native frames: (J=compiled Java code, j=interpreted, Vv=VM code, C=native code)
C  [lwjgl_opengl.dll+0xecfd]

Java frames: (J=compiled Java code, j=interpreted, Vv=VM code)
J 1267  org.lwjgl.opengl.GL11.nglDeleteTextures(IJ)V (0 bytes) @ 0x000001b4cc2cb5c4 [0x000001b4cc2cb580+0x44]
J 1848 C2 playn.scene.ImageLayer.finalize()V (10 bytes) @ 0x000001b4cc479318 [0x000001b4cc4791c0+0x158]
J 1845 C2 java.lang.ref.Finalizer.runFinalizer(Lsun/misc/JavaLangAccess;)V (62 bytes) @ 0x000001b4cc474c04 [0x000001b4cc474a00+0x204]
J 1977% C1 java.lang.ref.Finalizer$FinalizerThread.run()V (55 bytes) @ 0x000001b4cc4fd69c [0x000001b4cc4fcc80+0xa1c]
v  ~StubRoutines::call_stub

---------------  P R O C E S S  ---------------

Java Threads: ( => current thread )
  0x000001b4f119b800 JavaThread "pool-1-thread-4" [_thread_blocked, id=23652, stack(0x0000009aec800000,0x0000009aec900000)]
  0x000001b4f10c6800 JavaThread "pool-1-thread-3" [_thread_blocked, id=21044, stack(0x0000009aec700000,0x0000009aec800000)]
  0x000001b4f103c800 JavaThread "pool-1-thread-2" [_thread_blocked, id=16312, stack(0x0000009aec600000,0x0000009aec700000)]
  0x000001b4f103b800 JavaThread "pool-1-thread-1" [_thread_blocked, id=21432, stack(0x0000009aec500000,0x0000009aec600000)]
  0x000001b4f12db000 JavaThread "Java2D Disposer" daemon [_thread_blocked, id=35700, stack(0x0000009aec400000,0x0000009aec500000)]
  0x000001b4e7dc3000 JavaThread "Service Thread" daemon [_thread_blocked, id=35072, stack(0x0000009aebc00000,0x0000009aebd00000)]
  0x000001b4e7d51000 JavaThread "C1 CompilerThread2" daemon [_thread_blocked, id=32320, stack(0x0000009aebb00000,0x0000009aebc00000)]
  0x000001b4e7d4b000 JavaThread "C2 CompilerThread1" daemon [_thread_blocked, id=34528, stack(0x0000009aeba00000,0x0000009aebb00000)]
  0x000001b4e7d44800 JavaThread "C2 CompilerThread0" daemon [_thread_blocked, id=4156, stack(0x0000009aeb900000,0x0000009aeba00000)]
  0x000001b4e7d3c000 JavaThread "Attach Listener" daemon [_thread_blocked, id=17240, stack(0x0000009aeb800000,0x0000009aeb900000)]
  0x000001b4e7d3b000 JavaThread "Signal Dispatcher" daemon [_thread_blocked, id=4128, stack(0x0000009aeb700000,0x0000009aeb800000)]
=>0x000001b4e75dc800 JavaThread "Finalizer" daemon [_thread_in_native, id=32016, stack(0x0000009aeb600000,0x0000009aeb700000)]
  0x000001b4e75d4800 JavaThread "Reference Handler" daemon [_thread_blocked, id=24920, stack(0x0000009aeb500000,0x0000009aeb600000)]
  0x000001b4ca5b9800 JavaThread "main" [_thread_in_native, id=25780, stack(0x0000009aeaf00000,0x0000009aeb000000)]

Other Threads:
  0x000001b4e7cf3000 VMThread [stack: 0x0000009aeb400000,0x0000009aeb500000] [id=12852]
  0x000001b4e7dce800 WatcherThread [stack: 0x0000009aebd00000,0x0000009aebe00000] [id=31864]

VM state:not at safepoint (normal execution)

VM Mutex/Monitor currently owned by a thread: None

heap address: 0x0000000680e00000, size: 5106 MB, Compressed Oops mode: Zero based, Oop shift amount: 3
Narrow klass base: 0x0000000000000000, Narrow klass shift: 3
Compressed class space size: 1073741824 Address: 0x00000007c0000000

Heap:
 PSYoungGen      total 95744K, used 15669K [0x0000000755a00000, 0x000000075c480000, 0x00000007c0000000)
  eden space 82432K, 2% used [0x0000000755a00000,0x0000000755c54f60,0x000000075aa80000)
  from space 13312K, 99% used [0x000000075aa80000,0x000000075b778500,0x000000075b780000)
  to   space 13312K, 0% used [0x000000075b780000,0x000000075b780000,0x000000075c480000)
 ParOldGen       total 218624K, used 7944K [0x0000000680e00000, 0x000000068e380000, 0x0000000755a00000)
  object space 218624K, 3% used [0x0000000680e00000,0x00000006815c22c8,0x000000068e380000)
 Metaspace       used 14349K, capacity 14621K, committed 14848K, reserved 1062912K
  class space    used 1346K, capacity 1455K, committed 1536K, reserved 1048576K

Card table byte_map: [0x000001b4db230000,0x000001b4dbc30000] byte_map_base: 0x000001b4d7e29000

Marking Bits: (ParMarkBitMap*) 0x000000007676b810
 Begin Bits: [0x000001b4dc2e0000, 0x000001b4e12a8000)
 End Bits:   [0x000001b4e12a8000, 0x000001b4e6270000)

Polling page: 0x000001b4cbe40000

CodeCache: size=245760Kb used=7084Kb max_used=7096Kb free=238675Kb
 bounds [0x000001b4cbe70000, 0x000001b4cc570000, 0x000001b4dae70000]
 total_blobs=3076 nmethods=2045 adapters=943
 compilation: enabled

Compilation events (10 events):
Event: 32.152 Thread 0x000001b4e7d51000 2040       3       playn.scene.GroupLayer::disposeAll (61 bytes)
Event: 32.153 Thread 0x000001b4e7d51000 nmethod 2040 0x000001b4cc541890 code [0x000001b4cc541ac0, 0x000001b4cc5427b0]
Event: 32.306 Thread 0x000001b4e7d51000 2041       3       react.Cons::listener (9 bytes)
Event: 32.306 Thread 0x000001b4e7d51000 nmethod 2041 0x000001b4cc541190 code [0x000001b4cc541300, 0x000001b4cc541530]
Event: 32.375 Thread 0x000001b4e7d44800 2042  s    4       java.util.Hashtable::remove (133 bytes)
Event: 32.375 Thread 0x000001b4e7d4b000 2043   !   4       sun.java2d.Disposer::clearDeferredRecords (70 bytes)
Event: 32.375 Thread 0x000001b4e7d4b000 nmethod 2043 0x000001b4cc4e8110 code [0x000001b4cc4e8240, 0x000001b4cc4e8298]
Event: 32.376 Thread 0x000001b4e7d4b000 2044       4       sun.java2d.DefaultDisposerRecord::dispose (12 bytes)
Event: 32.376 Thread 0x000001b4e7d4b000 nmethod 2044 0x000001b4cc540f10 code [0x000001b4cc541060, 0x000001b4cc5410e8]
Event: 32.378 Thread 0x000001b4e7d44800 nmethod 2042 0x000001b4cc544310 code [0x000001b4cc544480, 0x000001b4cc544a38]

GC Heap History (6 events):
Event: 10.137 GC heap before
{Heap before GC invocations=1 (full 0):
 PSYoungGen      total 95744K, used 82432K [0x0000000755a00000, 0x000000075c480000, 0x00000007c0000000)
  eden space 82432K, 100% used [0x0000000755a00000,0x000000075aa80000,0x000000075aa80000)
  from space 13312K, 0% used [0x000000075b780000,0x000000075b780000,0x000000075c480000)
  to   space 13312K, 0% used [0x000000075aa80000,0x000000075aa80000,0x000000075b780000)
 ParOldGen       total 218624K, used 0K [0x0000000680e00000, 0x000000068e380000, 0x0000000755a00000)
  object space 218624K, 0% used [0x0000000680e00000,0x0000000680e00000,0x000000068e380000)
 Metaspace       used 14283K, capacity 14461K, committed 14848K, reserved 1062912K
  class space    used 1341K, capacity 1423K, committed 1536K, reserved 1048576K
Event: 10.159 GC heap after
Heap after GC invocations=1 (full 0):
 PSYoungGen      total 95744K, used 13285K [0x0000000755a00000, 0x000000075c480000, 0x00000007c0000000)
  eden space 82432K, 0% used [0x0000000755a00000,0x0000000755a00000,0x000000075aa80000)
  from space 13312K, 99% used [0x000000075aa80000,0x000000075b779400,0x000000075b780000)
  to   space 13312K, 0% used [0x000000075b780000,0x000000075b780000,0x000000075c480000)
 ParOldGen       total 218624K, used 2296K [0x0000000680e00000, 0x000000068e380000, 0x0000000755a00000)
  object space 218624K, 1% used [0x0000000680e00000,0x000000068103e2c8,0x000000068e380000)
 Metaspace       used 14283K, capacity 14461K, committed 14848K, reserved 1062912K
  class space    used 1341K, capacity 1423K, committed 1536K, reserved 1048576K
}
Event: 23.082 GC heap before
{Heap before GC invocations=2 (full 0):
 PSYoungGen      total 95744K, used 95717K [0x0000000755a00000, 0x000000075c480000, 0x00000007c0000000)
  eden space 82432K, 100% used [0x0000000755a00000,0x000000075aa80000,0x000000075aa80000)
  from space 13312K, 99% used [0x000000075aa80000,0x000000075b779400,0x000000075b780000)
  to   space 13312K, 0% used [0x000000075b780000,0x000000075b780000,0x000000075c480000)
 ParOldGen       total 218624K, used 2296K [0x0000000680e00000, 0x000000068e380000, 0x0000000755a00000)
  object space 218624K, 1% used [0x0000000680e00000,0x000000068103e2c8,0x000000068e380000)
 Metaspace       used 14312K, capacity 14525K, committed 14848K, reserved 1062912K
  class space    used 1341K, capacity 1423K, committed 1536K, reserved 1048576K
Event: 23.110 GC heap after
Heap after GC invocations=2 (full 0):
 PSYoungGen      total 95744K, used 13285K [0x0000000755a00000, 0x000000075c480000, 0x00000007c0000000)
  eden space 82432K, 0% used [0x0000000755a00000,0x0000000755a00000,0x000000075aa80000)
  from space 13312K, 99% used [0x000000075b780000,0x000000075c479680,0x000000075c480000)
  to   space 13312K, 0% used [0x000000075aa80000,0x000000075aa80000,0x000000075b780000)
 ParOldGen       total 218624K, used 6520K [0x0000000680e00000, 0x000000068e380000, 0x0000000755a00000)
  object space 218624K, 2% used [0x0000000680e00000,0x000000068145e2c8,0x000000068e380000)
 Metaspace       used 14312K, capacity 14525K, committed 14848K, reserved 1062912K
  class space    used 1341K, capacity 1423K, committed 1536K, reserved 1048576K
}
Event: 32.355 GC heap before
{Heap before GC invocations=3 (full 0):
 PSYoungGen      total 95744K, used 95717K [0x0000000755a00000, 0x000000075c480000, 0x00000007c0000000)
  eden space 82432K, 100% used [0x0000000755a00000,0x000000075aa80000,0x000000075aa80000)
  from space 13312K, 99% used [0x000000075b780000,0x000000075c479680,0x000000075c480000)
  to   space 13312K, 0% used [0x000000075aa80000,0x000000075aa80000,0x000000075b780000)
 ParOldGen       total 218624K, used 6520K [0x0000000680e00000, 0x000000068e380000, 0x0000000755a00000)
  object space 218624K, 2% used [0x0000000680e00000,0x000000068145e2c8,0x000000068e380000)
 Metaspace       used 14338K, capacity 14589K, committed 14848K, reserved 1062912K
  class space    used 1342K, capacity 1423K, committed 1536K, reserved 1048576K
Event: 32.374 GC heap after
Heap after GC invocations=3 (full 0):
 PSYoungGen      total 95744K, used 13281K [0x0000000755a00000, 0x000000075c480000, 0x00000007c0000000)
  eden space 82432K, 0% used [0x0000000755a00000,0x0000000755a00000,0x000000075aa80000)
  from space 13312K, 99% used [0x000000075aa80000,0x000000075b778500,0x000000075b780000)
  to   space 13312K, 0% used [0x000000075b780000,0x000000075b780000,0x000000075c480000)
 ParOldGen       total 218624K, used 7944K [0x0000000680e00000, 0x000000068e380000, 0x0000000755a00000)
  object space 218624K, 3% used [0x0000000680e00000,0x00000006815c22c8,0x000000068e380000)
 Metaspace       used 14338K, capacity 14589K, committed 14848K, reserved 1062912K
  class space    used 1342K, capacity 1423K, committed 1536K, reserved 1048576K
}

Deoptimization events (10 events):
Event: 31.821 Thread 0x000001b4f10c6800 Uncommon trap: reason=class_check action=maybe_recompile pc=0x000001b4cc505764 method=sun.java2d.Disposer.add(Ljava/lang/Object;Lsun/java2d/DisposerRecord;)V @ 1
Event: 31.823 Thread 0x000001b4f10c6800 Uncommon trap: reason=unstable_if action=reinterpret pc=0x000001b4cc4b1298 method=java.awt.image.BufferedImage.coerceData(Z)V @ 18
Event: 31.835 Thread 0x000001b4ca5b9800 Uncommon trap: reason=class_check action=maybe_recompile pc=0x000001b4cc2028e0 method=react.Reactor.notify(Lreact/Reactor$Notifier;Ljava/lang/Object;Ljava/lang/Object;Ljava/lang/Object;)V @ 96
Event: 31.836 Thread 0x000001b4ca5b9800 Uncommon trap: reason=class_check action=maybe_recompile pc=0x000001b4cc2028e0 method=react.Reactor.notify(Lreact/Reactor$Notifier;Ljava/lang/Object;Ljava/lang/Object;Ljava/lang/Object;)V @ 96
Event: 32.102 Thread 0x000001b4ca5b9800 Uncommon trap: reason=unstable_if action=reinterpret pc=0x000001b4cc2f27d4 method=react.RFuture.isCompleteNow()Z @ 4
Event: 32.102 Thread 0x000001b4ca5b9800 Uncommon trap: reason=unstable_if action=reinterpret pc=0x000001b4cc449e8c method=playn.scene.ImageLayer.setTile(Lplayn/core/Tile;)Lplayn/scene/ImageLayer; @ 5
Event: 32.103 Thread 0x000001b4f103c800 Uncommon trap: reason=class_check action=maybe_recompile pc=0x000001b4cc505764 method=sun.java2d.Disposer.add(Ljava/lang/Object;Lsun/java2d/DisposerRecord;)V @ 1
Event: 32.119 Thread 0x000001b4ca5b9800 Uncommon trap: reason=class_check action=maybe_recompile pc=0x000001b4cc2028e0 method=react.Reactor.notify(Lreact/Reactor$Notifier;Ljava/lang/Object;Ljava/lang/Object;Ljava/lang/Object;)V @ 96
Event: 32.119 Thread 0x000001b4ca5b9800 Uncommon trap: reason=class_check action=maybe_recompile pc=0x000001b4cc2028e0 method=react.Reactor.notify(Lreact/Reactor$Notifier;Ljava/lang/Object;Ljava/lang/Object;Ljava/lang/Object;)V @ 96
Event: 32.382 Thread 0x000001b4e75dc800 Uncommon trap: reason=unstable_if action=reinterpret pc=0x000001b4cc4e9a94 method=playn.core.Texture.finalize()V @ 4

Classes redefined (0 events):
No events

Internal exceptions (10 events):
Event: 0.992 Thread 0x000001b4ca5b9800 Exception <a 'sun/nio/fs/WindowsException'> (0x000000075643ba38) thrown at [J:\jenkins\tmp\workspace\build\src\hotspot\src\share\vm\prims\jni.cpp, line 711]
Event: 1.375 Thread 0x000001b4ca5b9800 Exception <a 'java/io/FileNotFoundException'> (0x0000000756d730d8) thrown at [J:\jenkins\tmp\workspace\build\src\hotspot\src\share\vm\prims\jni.cpp, line 711]
Event: 1.390 Thread 0x000001b4ca5b9800 Exception <a 'java/lang/ClassNotFoundException': sun/dc/DuctusRenderingEngine> (0x0000000756dc6d30) thrown at [J:\jenkins\tmp\workspace\build\src\hotspot\src\share\vm\classfile\systemDictionary.cpp, line 217]
Event: 1.403 Thread 0x000001b4ca5b9800 Exception <a 'java/io/FileNotFoundException'> (0x0000000756dda4f8) thrown at [J:\jenkins\tmp\workspace\build\src\hotspot\src\share\vm\prims\jni.cpp, line 711]
Event: 3.464 Thread 0x000001b4ca5b9800 Implicit null exception at 0x000001b4cc218770 to 0x000001b4cc218959
Event: 10.170 Thread 0x000001b4e75d4800 Implicit null exception at 0x000001b4cc46a9ff to 0x000001b4cc46b089
Event: 23.112 Thread 0x000001b4f12db000 Implicit null exception at 0x000001b4cc470e35 to 0x000001b4cc4710c1
Event: 31.821 Thread 0x000001b4ca5b9800 Implicit null exception at 0x000001b4cc20fda2 to 0x000001b4cc210859
Event: 31.821 Thread 0x000001b4ca5b9800 Implicit null exception at 0x000001b4cc209b45 to 0x000001b4cc209b85
Event: 32.102 Thread 0x000001b4ca5b9800 Implicit null exception at 0x000001b4cc449615 to 0x000001b4cc449e81

Events (10 events):
Event: 32.382 Thread 0x000001b4e75dc800 DEOPT PACKING pc=0x000001b4cc4e9a94 sp=0x0000009aeb6ff490
Event: 32.382 Thread 0x000001b4e75dc800 DEOPT UNPACKING pc=0x000001b4cbeb5583 sp=0x0000009aeb6ff430 mode 2
Event: 32.382 loading class playn/core/Graphics$2
Event: 32.382 loading class playn/core/Graphics$2 done
Event: 32.383 loading class react/UnitSlot$2
Event: 32.383 loading class react/UnitSlot$2 done
Event: 32.383 loading class react/UnitSlot$1
Event: 32.383 loading class react/UnitSlot$1 done
Event: 32.383 Executing VM operation: RevokeBias
Event: 32.383 Executing VM operation: RevokeBias done


Dynamic libraries:
0x00007ff73fa90000 - 0x00007ff73faca000 	G:\adopt\jre\bin\java.exe
0x00007ffc4ebb0000 - 0x00007ffc4ed91000 	C:\WINDOWS\SYSTEM32\ntdll.dll
0x00007ffc4c7a0000 - 0x00007ffc4c851000 	C:\WINDOWS\System32\KERNEL32.DLL
0x00007ffc4b130000 - 0x00007ffc4b3a3000 	C:\WINDOWS\System32\KERNELBASE.dll
0x00007ffc4c100000 - 0x00007ffc4c1a1000 	C:\WINDOWS\System32\ADVAPI32.dll
0x00007ffc4ea30000 - 0x00007ffc4eace000 	C:\WINDOWS\System32\msvcrt.dll
0x00007ffc4e5b0000 - 0x00007ffc4e60b000 	C:\WINDOWS\System32\sechost.dll
0x00007ffc4c220000 - 0x00007ffc4c344000 	C:\WINDOWS\System32\RPCRT4.dll
0x00007ffc4e890000 - 0x00007ffc4ea21000 	C:\WINDOWS\System32\USER32.dll
0x00007ffc4b500000 - 0x00007ffc4b520000 	C:\WINDOWS\System32\win32u.dll
0x00007ffc4e860000 - 0x00007ffc4e888000 	C:\WINDOWS\System32\GDI32.dll
0x00007ffc4b710000 - 0x00007ffc4b8a3000 	C:\WINDOWS\System32\gdi32full.dll
0x00007ffc4b460000 - 0x00007ffc4b4ff000 	C:\WINDOWS\System32\msvcp_win.dll
0x00007ffc4af50000 - 0x00007ffc4b048000 	C:\WINDOWS\System32\ucrtbase.dll
0x00007ffc38a60000 - 0x00007ffc38cc9000 	C:\WINDOWS\WinSxS\amd64_microsoft.windows.common-controls_6595b64144ccf1df_6.0.17134.1902_none_d3fc12d37c93a894\COMCTL32.dll
0x00007ffc4dee0000 - 0x00007ffc4e201000 	C:\WINDOWS\System32\combase.dll
0x00007ffc4b0b0000 - 0x00007ffc4b129000 	C:\WINDOWS\System32\bcryptPrimitives.dll
0x00007ffc4e360000 - 0x00007ffc4e38d000 	C:\WINDOWS\System32\IMM32.DLL
0x00007ffc1be50000 - 0x00007ffc1bf3f000 	G:\adopt\jre\bin\msvcr120.dll
0x00007ffc1e790000 - 0x00007ffc1e836000 	G:\adopt\jre\bin\msvcp120.dll
0x0000000075f80000 - 0x00000000767ea000 	G:\adopt\jre\bin\server\jvm.dll
0x00007ffc4e850000 - 0x00007ffc4e858000 	C:\WINDOWS\System32\PSAPI.DLL
0x00007ffc46a10000 - 0x00007ffc46a1a000 	C:\WINDOWS\SYSTEM32\VERSION.dll
0x00007ffc49150000 - 0x00007ffc49173000 	C:\WINDOWS\SYSTEM32\WINMM.dll
0x00007ffc3c100000 - 0x00007ffc3c109000 	C:\WINDOWS\SYSTEM32\WSOCK32.dll
0x00007ffc4c1b0000 - 0x00007ffc4c21c000 	C:\WINDOWS\System32\WS2_32.dll
0x00007ffc49120000 - 0x00007ffc4914a000 	C:\WINDOWS\SYSTEM32\winmmbase.dll
0x00007ffc4bfd0000 - 0x00007ffc4c019000 	C:\WINDOWS\System32\cfgmgr32.dll
0x00007ffc3bc80000 - 0x00007ffc3bc8f000 	G:\adopt\jre\bin\verify.dll
0x00007ffc38d50000 - 0x00007ffc38d79000 	G:\adopt\jre\bin\java.dll
0x00007ffc3a580000 - 0x00007ffc3a596000 	G:\adopt\jre\bin\zip.dll
0x00007ffc4c860000 - 0x00007ffc4dca5000 	C:\WINDOWS\System32\SHELL32.dll
0x00007ffc4ead0000 - 0x00007ffc4eb79000 	C:\WINDOWS\System32\shcore.dll
0x00007ffc4b8b0000 - 0x00007ffc4bfc5000 	C:\WINDOWS\System32\windows.storage.dll
0x00007ffc4de50000 - 0x00007ffc4dea1000 	C:\WINDOWS\System32\shlwapi.dll
0x00007ffc4aeb0000 - 0x00007ffc4aec1000 	C:\WINDOWS\System32\kernel.appcore.dll
0x00007ffc4ae90000 - 0x00007ffc4aeaf000 	C:\WINDOWS\System32\profapi.dll
0x00007ffc4af00000 - 0x00007ffc4af4c000 	C:\WINDOWS\System32\powrprof.dll
0x00007ffc4aed0000 - 0x00007ffc4aeda000 	C:\WINDOWS\System32\FLTLIB.DLL
0x00007ffc38d30000 - 0x00007ffc38d4a000 	G:\adopt\jre\bin\net.dll
0x00007ffc4a6b0000 - 0x00007ffc4a716000 	C:\WINDOWS\system32\mswsock.dll
0x00007ffc362e0000 - 0x00007ffc362f2000 	G:\adopt\jre\bin\nio.dll
0x00007ffc1d3d0000 - 0x00007ffc1d427000 	C:\Users\VovanJapan\AppData\Local\Temp\lwjglVovanJapan\3.1.2-build-29\lwjgl.dll
0x00007ffc1d390000 - 0x00007ffc1d3cd000 	C:\Users\VOVANJ~1\AppData\Local\Temp\lwjglVovanJapan\3.1.2-build-29\glfw.dll
0x00007ffc492f0000 - 0x00007ffc49388000 	C:\WINDOWS\system32\uxtheme.dll
0x00007ffc1c740000 - 0x00007ffc1c783000 	C:\WINDOWS\SYSTEM32\dinput8.dll
0x00007ffc3a710000 - 0x00007ffc3a720000 	C:\WINDOWS\SYSTEM32\xinput1_4.dll
0x00007ffc4aab0000 - 0x00007ffc4aad7000 	C:\WINDOWS\SYSTEM32\DEVOBJ.dll
0x00007ffc3cb00000 - 0x00007ffc3cb79000 	C:\WINDOWS\SYSTEM32\inputhost.dll
0x00007ffc46860000 - 0x00007ffc469ad000 	C:\WINDOWS\SYSTEM32\wintypes.dll
0x00007ffc46350000 - 0x00007ffc4666e000 	C:\WINDOWS\SYSTEM32\CoreUIComponents.dll
0x00007ffc48fd0000 - 0x00007ffc490aa000 	C:\WINDOWS\SYSTEM32\CoreMessaging.dll
0x00007ffc49f80000 - 0x00007ffc49fb1000 	C:\WINDOWS\SYSTEM32\ntmarta.dll
0x00007ffc49540000 - 0x00007ffc49569000 	C:\WINDOWS\SYSTEM32\dwmapi.dll
0x00007ffc4e430000 - 0x00007ffc4e5a4000 	C:\WINDOWS\System32\MSCTF.dll
0x00007ffc4e610000 - 0x00007ffc4e6d2000 	C:\WINDOWS\System32\OLEAUT32.dll
0x00007ffc49ad0000 - 0x00007ffc49adc000 	C:\WINDOWS\SYSTEM32\HID.DLL
0x00007ffc4c350000 - 0x00007ffc4c79b000 	C:\WINDOWS\System32\SETUPAPI.DLL
0x00007ffc4b050000 - 0x00007ffc4b0a7000 	C:\WINDOWS\System32\WINTRUST.dll
0x00007ffc4aee0000 - 0x00007ffc4aef2000 	C:\WINDOWS\System32\MSASN1.dll
0x00007ffc4b520000 - 0x00007ffc4b702000 	C:\WINDOWS\System32\CRYPT32.dll
0x00007ffc17020000 - 0x00007ffc17140000 	C:\WINDOWS\SYSTEM32\opengl32.dll
0x00007ffc26520000 - 0x00007ffc2654c000 	C:\WINDOWS\SYSTEM32\GLU32.dll
0x00007ffbf4bd0000 - 0x00007ffbf7558000 	C:\WINDOWS\System32\DriverStore\FileRepository\nv_dispi.inf_amd64_e44a509137af5639\nvoglv64.dll
0x00007ffc4e6e0000 - 0x00007ffc4e832000 	C:\WINDOWS\System32\ole32.dll
0x00007ffc47ab0000 - 0x00007ffc47ac3000 	C:\WINDOWS\SYSTEM32\WTSAPI32.dll
0x00007ffc46690000 - 0x00007ffc466be000 	C:\WINDOWS\SYSTEM32\cryptnet.dll
0x00007ffc4a860000 - 0x00007ffc4a86b000 	C:\WINDOWS\SYSTEM32\cryptbase.dll
0x00007ffc04090000 - 0x00007ffc04349000 	C:\WINDOWS\system32\nvspcap64.dll
0x00007ffc4ac90000 - 0x00007ffc4ace6000 	C:\WINDOWS\SYSTEM32\WINSTA.dll
0x00007ffc3cbb0000 - 0x00007ffc3cc46000 	C:\WINDOWS\System32\TextInputFramework.dll
0x00007ffc1b890000 - 0x00007ffc1b8ec000 	C:\Users\VovanJapan\AppData\Local\Temp\lwjglVovanJapan\3.1.2-build-29\lwjgl_opengl.dll
0x00007ffc16a60000 - 0x00007ffc16bf5000 	G:\adopt\jre\bin\awt.dll
0x00007ffc49180000 - 0x00007ffc4920b000 	C:\WINDOWS\SYSTEM32\apphelp.dll
0x00007ffc167e0000 - 0x00007ffc16873000 	G:\adopt\jre\bin\freetype.dll
0x00007ffc15f50000 - 0x00007ffc1600d000 	G:\adopt\jre\bin\fontmanager.dll
0x00007ffc306c0000 - 0x00007ffc30889000 	C:\WINDOWS\SYSTEM32\dbghelp.dll

VM Arguments:
jvm_args: -Dfoo=bar 
java_command: playn.sample.hello.java.HelloGameJava
java_class_path (initial): G:\GitHub\warpdeath\playn-samples-master\hello\java\target\classes;G:\GitHub\warpdeath\playn-samples-master\hello\core\target\classes;C:\Users\VovanJapan\.m2\repository\io\playn\playn-scene\2.0\playn-scene-2.0.jar;C:\Users\VovanJapan\.m2\repository\io\playn\playn-core\2.0\playn-core-2.0.jar;C:\Users\VovanJapan\.m2\repository\com\samskivert\pythagoras\1.4.3\pythagoras-1.4.3.jar;C:\Users\VovanJapan\.m2\repository\com\threerings\react\1.5.3\react-1.5.3.jar;G:\GitHub\warpdeath\playn-samples-master\hello\assets\target\classes;C:\Users\VovanJapan\.m2\repository\io\playn\playn-java-lwjgl\2.0\playn-java-lwjgl-2.0.jar;C:\Users\VovanJapan\.m2\repository\io\playn\playn-java-base\2.0\playn-java-base-2.0.jar;C:\Users\VovanJapan\.m2\repository\com\googlecode\soundlibs\mp3spi\1.9.5-1\mp3spi-1.9.5-1.jar;C:\Users\VovanJapan\.m2\repository\com\googlecode\soundlibs\jlayer\1.0.1-1\jlayer-1.0.1-1.jar;C:\Users\VovanJapan\.m2\repository\com\googlecode\soundlibs\tritonus-share\0.3.7-1\tritonus-share-0.3.7-1.jar;C:\Users\VovanJapan\.m2\repository\org\java-websocket\Java-WebSocket\1.3.0\Java-WebSocket-1.3.0.jar;C:\Users\VovanJapan\.m2\repository\org\lwjgl\lwjgl\3.1.2\lwjgl-3.1.2.jar;C:\Users\VovanJapan\.m2\repository\org\lwjgl\lwjgl\3.1.2\lwjgl-3.1.2-natives-linux.jar;C:\Users\VovanJapan\.m2\repository\org\lwjgl\lwjgl\3.1.2\lwjgl-3.1.2-natives-windows.jar;C:\Users\VovanJapan\.m2\repository\org\lwjgl\lwjgl\3.1.2\lwjgl-3.1.2-natives-macos.jar;C:\Users\VovanJapan\.m2\repository\org\lwjgl\lwjgl-opengl\3.1.2\lwjgl-opengl-3.1.2.jar;C:\Users\VovanJapan\.m2\repository\org\lwjgl\lwjgl-opengl\3.1.2\lwjgl-opengl-3.1.2-natives-linux.jar;C:\Users\VovanJapan\.m2\repository\org\lwjgl\lwjgl-opengl\3.1.2\lwjgl-opengl-3.1.2-natives-windows.jar;C:\Users\VovanJapan\.m2\repository\org\lwjgl\lwjgl-opengl\3.1.2\lwjgl-opengl-3.1.2-natives-macos.jar;C:\Users\VovanJapan\.m2\repository\org\lwjgl\lwjgl-glfw\3.1.2\lwjgl-glfw-3.1.2.jar;C:\Users\VovanJapan\.m2\repository\org\lwjgl\lwjgl-glfw\3
Launcher Type: SUN_STANDARD

Environment Variables:
PATH=G:\adopt\bin;C:\Program Files (x86)\Common Files\Oracle\Java\javapath;C:\Windows\system32;C:\Windows;C:\Windows\System32\Wbem;C:\Windows\System32\WindowsPowerShell\v1.0\;C:\Program Files\NVIDIA Corporation\NVIDIA NvDLISR;C:\Program Files (x86)\NVIDIA Corporation\PhysX\Common;C:\WINDOWS\system32;C:\WINDOWS;C:\WINDOWS\System32\Wbem;C:\WINDOWS\System32\WindowsPowerShell\v1.0\;C:\WINDOWS\System32\OpenSSH\;C:\Program Files\TortoiseSVN\bin;G:\gtksharp\bin;C:\Users\VovanJapan\AppData\Local\Microsoft\WindowsApps;C:\Users\VovanJapan\AppData\Local\atom\bin;E:\code\bin;C:\mingw-w64\mingw64\bin;G:\IntelliJ\IntelliJ IDEA Community Edition 2020.2.3\bin;;G:\javatest\apache-maven-3.6.3\bin;C:\Users\VovanJapan\AppData\Local\GitHubDesktop\bin
USERNAME=VovanJapan
OS=Windows_NT
PROCESSOR_IDENTIFIER=Intel64 Family 6 Model 60 Stepping 3, GenuineIntel



---------------  S Y S T E M  ---------------

OS: Windows 10.0 , 64 bit Build 17134 (10.0.17134.1425)

CPU:total 4 (initial active 4) (4 cores per cpu, 1 threads per core) family 6 model 60 stepping 3, cmov, cx8, fxsr, mmx, sse, sse2, sse3, ssse3, sse4.1, sse4.2, popcnt, avx, avx2, aes, clmul, erms, lzcnt, tsc, tscinvbit, bmi1, bmi2

Memory: 4k page, physical 20909416k(7872348k free), swap 33648660k(6362676k free)

vm_info: OpenJDK 64-Bit Server VM (25.282-b08) for windows-amd64 JRE (1.8.0_282-b08), built on Jan 20 2021 11:42:17 by "jenkins" with MS VC++ 12.0 (VS2013)

time: Mon Mar 29 18:09:23 2021
timezone: RTZ 2 (ceia)
elapsed time: 32.428251 seconds (0d 0h 0m 32s)

