#
# A fatal error has been detected by the Java Runtime Environment:
#
#  EXCEPTION_ACCESS_VIOLATION (0xc0000005) at pc=0x00007ffcca06ecfd, pid=16088, tid=19264
#
# JRE version: OpenJDK Runtime Environment (11.0.2+9) (build 11.0.2+9)
# Java VM: OpenJDK 64-Bit Server VM (11.0.2+9, mixed mode, tiered, compressed oops, g1 gc, windows-amd64)
# Problematic frame:
# C  [lwjgl_opengl.dll+0xecfd]
#
# No core dump will be written. Minidumps are not enabled by default on client versions of Windows
#
# If you would like to submit a bug report, please visit:
#   http://bugreport.java.com/bugreport/crash.jsp
# The crash happened outside the Java Virtual Machine in native code.
# See problematic frame for where to report the bug.
#

---------------  S U M M A R Y ------------

Command Line: -Dfoo=bar playn.sample.hello.java.HelloGameJava

Host: Intel(R) Core(TM) i5-4570 CPU @ 3.20GHz, 4 cores, 19G,  Windows 10 , 64 bit Build 19041 (10.0.19041.662)
Time: Mon Jun 14 15:01:12 2021 RTZ 2 (зима) elapsed time: 10 seconds (0d 0h 0m 10s)

---------------  T H R E A D  ---------------

Current thread (0x0000029c64936000):  JavaThread "Finalizer" daemon [_thread_in_native, id=19264, stack(0x000000f586800000,0x000000f586900000)]

Stack: [0x000000f586800000,0x000000f586900000],  sp=0x000000f5868ff1c8,  free space=1020k
Native frames: (J=compiled Java code, j=interpreted, Vv=VM code, C=native code)
C  [lwjgl_opengl.dll+0xecfd]

Java frames: (J=compiled Java code, j=interpreted, Vv=VM code)
J 1820  org.lwjgl.opengl.GL11.nglDeleteTextures(IJ)V (0 bytes) @ 0x0000029c4e18a514 [0x0000029c4e18a4c0+0x0000000000000054]
J 2551 c2 playn.scene.ImageLayer.finalize()V (10 bytes) @ 0x0000029c4e0a0fe8 [0x0000029c4e0a0e60+0x0000000000000188]
J 2731 c1 java.lang.ref.Finalizer.runFinalizer(Ljdk/internal/misc/JavaLangAccess;)V java.base@11.0.2 (117 bytes) @ 0x0000029c47037ef4 [0x0000029c47037840+0x00000000000006b4]
j  java.lang.ref.Finalizer$FinalizerThread.run()V+46 java.base@11.0.2
v  ~StubRoutines::call_stub

siginfo: EXCEPTION_ACCESS_VIOLATION (0xc0000005), reading address 0x00000000000009d8


Register to memory mapping:

RIP=0x00007ffcca06ecfd lwjgl_opengl.dll
RAX=0x00007ffc791a1ca0 jvm.dll
RBX={method} {0x0000029c656e7220} 'nglDeleteTextures' '(IJ)V' in 'org/lwjgl/opengl/GL11'
RCX=0x0000000000000001 is an unknown value
RDX=0x0000029c653c6420 points into unknown readable memory: 08 00 00 00 02 00 00 00
RSP=0x000000f5868ff1c8 is pointing into the stack for thread: 0x0000029c64936000
RBP=0x000000f5868ff230 is pointing into the stack for thread: 0x0000029c64936000
RSI=0x0000000000041510 is an unknown value
RDI=0x000000000000b320 is an unknown value
R8 =0x0000000000000001 is an unknown value
R9 =0x0000029c653c6420 points into unknown readable memory: 02 00 00 00 02 00 00 00
R10=0x0 is NULL
R11=0x0 is NULL
R12=0x0 is NULL
R13=0x000000f5868ff308 is pointing into the stack for thread: 0x0000029c64936000
R14=0x000000f5868ff220 is pointing into the stack for thread: 0x0000029c64936000
R15=0x0000029c64936000 is a thread


Registers:
RAX=0x00007ffc791a1ca0, RBX=0x0000029c656e7218, RCX=0x0000000000000001, RDX=0x0000029c653c6420
RSP=0x000000f5868ff1c8, RBP=0x000000f5868ff230, RSI=0x0000000000041510, RDI=0x000000000000b320
R8 =0x0000000000000001, R9 =0x0000029c653c6420, R10=0x0000000000000000, R11=0x0000000000000000
R12=0x0000000000000000, R13=0x000000f5868ff308, R14=0x000000f5868ff220, R15=0x0000029c64936000
RIP=0x00007ffcca06ecfd, EFLAGS=0x0000000000010246

Top of Stack: (sp=0x000000f5868ff1c8)
0x000000f5868ff1c8:   0000029c4e18a5b4 00000006c0e498a0
0x000000f5868ff1d8:   0000029c653c6420 000000000000b320
0x000000f5868ff1e8:   0000000000041510 000000f5868ff230
0x000000f5868ff1f8:   000000f5868ff220 0000029c656e7218
0x000000f5868ff208:   0000000000000001 0000000000000002
0x000000f5868ff218:   0000029c4e18a4e8 00000006c2058bc8
0x000000f5868ff228:   0000000000000202 00000006d17e99f8
0x000000f5868ff238:   0000029c4e0a0fe8 0000000000004e45
0x000000f5868ff248:   00000006c0e37688 00000006c0e363b8
0x000000f5868ff258:   0000000000000003 00000006d17e99f8
0x000000f5868ff268:   d81c9317d81c9314 00000006c0e498a0
0x000000f5868ff278:   00000006d1a91fe0 00000006d1a91fe0
0x000000f5868ff288:   000000f5868ff2d8 000000f5868ff360
0x000000f5868ff298:   0000029c47037ef4 000000f5868ff2d8
0x000000f5868ff2a8:   00000006c0e363b8 000000f5868ff310
0x000000f5868ff2b8:   0000029c64171af8 0000029c6456dcf8 

Instructions: (pc=0x00007ffcca06ecfd)
0x00007ffcca06ecdd:   49 ff a2 00 0f 00 00 cc cc cc cc cc cc cc cc cc
0x00007ffcca06eced:   cc cc cc 48 8b 01 49 8b d1 41 8b c8 4c 8b 50 18
0x00007ffcca06ecfd:   49 ff a2 d8 09 00 00 cc cc cc cc cc cc cc cc cc
0x00007ffcca06ed0d:   cc cc cc 48 8b 01 49 8b d1 41 8b c8 4c 8b 50 18 


Stack slot to memory mapping:
stack at sp + 0 slots: 0x0000029c4e18a5b4 is at entry_point+244 in (nmethod*)0x0000029c4e18a310
stack at sp + 1 slots: 0x00000006c0e498a0 is an oop: playn.java.LWJGLGL20 
{0x00000006c0e498a0} - klass: 'playn/java/LWJGLGL20'
stack at sp + 2 slots: 0x0000029c653c6420 points into unknown readable memory: 05 00 00 00 02 00 00 00
stack at sp + 3 slots: 0x000000000000b320 is an unknown value
stack at sp + 4 slots: 0x0000000000041510 is an unknown value
stack at sp + 5 slots: 0x000000f5868ff230 is pointing into the stack for thread: 0x0000029c64936000
stack at sp + 6 slots: 0x000000f5868ff220 is pointing into the stack for thread: 0x0000029c64936000
stack at sp + 7 slots: {method} {0x0000029c656e7220} 'nglDeleteTextures' '(IJ)V' in 'org/lwjgl/opengl/GL11'


---------------  P R O C E S S  ---------------

Threads class SMR info:
_java_thread_list=0x0000029c6d3121b0, length=31, elements={
0x0000029c3e25e800, 0x0000029c6492c000, 0x0000029c64936000, 0x0000029c6498a000,
0x0000029c6498b000, 0x0000029c6498d800, 0x0000029c6499b800, 0x0000029c649c0800,
0x0000029c64b45800, 0x0000029c64b36800, 0x0000029c67164000, 0x0000029c67166000,
0x0000029c67332800, 0x0000029c67333800, 0x0000029c6733f000, 0x0000029c67361000,
0x0000029c67396000, 0x0000029c67264000, 0x0000029c6746c000, 0x0000029c6755d000,
0x0000029c679ce000, 0x0000029c679cb800, 0x0000029c679cc800, 0x0000029c679cd800,
0x0000029c674f3800, 0x0000029c674f1000, 0x0000029c674f2000, 0x0000029c674f0000,
0x0000029c674ee800, 0x0000029c674f5000, 0x0000029c674f2800
}

Java Threads: ( => current thread )
  0x0000029c3e25e800 JavaThread "main" [_thread_in_native, id=6856, stack(0x000000f586000000,0x000000f586100000)]
  0x0000029c6492c000 JavaThread "Reference Handler" daemon [_thread_blocked, id=13724, stack(0x000000f586700000,0x000000f586800000)]
=>0x0000029c64936000 JavaThread "Finalizer" daemon [_thread_in_native, id=19264, stack(0x000000f586800000,0x000000f586900000)]
  0x0000029c6498a000 JavaThread "Signal Dispatcher" daemon [_thread_blocked, id=14308, stack(0x000000f586a00000,0x000000f586b00000)]
  0x0000029c6498b000 JavaThread "Attach Listener" daemon [_thread_blocked, id=17300, stack(0x000000f586b00000,0x000000f586c00000)]
  0x0000029c6498d800 JavaThread "C2 CompilerThread0" daemon [_thread_blocked, id=18640, stack(0x000000f586c00000,0x000000f586d00000)]
  0x0000029c6499b800 JavaThread "C1 CompilerThread0" daemon [_thread_blocked, id=20084, stack(0x000000f586d00000,0x000000f586e00000)]
  0x0000029c649c0800 JavaThread "Sweeper thread" daemon [_thread_blocked, id=14504, stack(0x000000f586e00000,0x000000f586f00000)]
  0x0000029c64b45800 JavaThread "Service Thread" daemon [_thread_blocked, id=6888, stack(0x000000f586f00000,0x000000f587000000)]
  0x0000029c64b36800 JavaThread "Common-Cleaner" daemon [_thread_blocked, id=18860, stack(0x000000f587100000,0x000000f587200000)]
  0x0000029c67164000 JavaThread "Java2D Disposer" daemon [_thread_blocked, id=3756, stack(0x000000f587b00000,0x000000f587c00000)]
  0x0000029c67166000 JavaThread "pool-1-thread-1" [_thread_blocked, id=17948, stack(0x000000f587c00000,0x000000f587d00000)]
  0x0000029c67332800 JavaThread "pool-1-thread-2" [_thread_blocked, id=18508, stack(0x000000f587d00000,0x000000f587e00000)]
  0x0000029c67333800 JavaThread "pool-1-thread-3" [_thread_blocked, id=15120, stack(0x000000f587e00000,0x000000f587f00000)]
  0x0000029c6733f000 JavaThread "pool-1-thread-4" [_thread_blocked, id=20300, stack(0x000000f587f00000,0x000000f588000000)]
  0x0000029c67361000 JavaThread "Java Sound Event Dispatcher" daemon [_thread_blocked, id=12960, stack(0x000000f588300000,0x000000f588400000)]
  0x0000029c67396000 JavaThread "Direct Clip" daemon [_thread_blocked, id=14368, stack(0x000000f588600000,0x000000f588700000)]
  0x0000029c67264000 JavaThread "Direct Clip" daemon [_thread_blocked, id=12508, stack(0x000000f588700000,0x000000f588800000)]
  0x0000029c6746c000 JavaThread "Direct Clip" daemon [_thread_blocked, id=15396, stack(0x000000f588800000,0x000000f588900000)]
  0x0000029c6755d000 JavaThread "Direct Clip" daemon [_thread_blocked, id=2436, stack(0x000000f588900000,0x000000f588a00000)]
  0x0000029c679ce000 JavaThread "Direct Clip" daemon [_thread_blocked, id=17208, stack(0x000000f588a00000,0x000000f588b00000)]
  0x0000029c679cb800 JavaThread "Direct Clip" daemon [_thread_blocked, id=16184, stack(0x000000f588b00000,0x000000f588c00000)]
  0x0000029c679cc800 JavaThread "Direct Clip" daemon [_thread_blocked, id=13812, stack(0x000000f588c00000,0x000000f588d00000)]
  0x0000029c679cd800 JavaThread "Direct Clip" daemon [_thread_blocked, id=19924, stack(0x000000f588d00000,0x000000f588e00000)]
  0x0000029c674f3800 JavaThread "Direct Clip" daemon [_thread_blocked, id=5864, stack(0x000000f588e00000,0x000000f588f00000)]
  0x0000029c674f1000 JavaThread "Direct Clip" daemon [_thread_blocked, id=12972, stack(0x000000f588f00000,0x000000f589000000)]
  0x0000029c674f2000 JavaThread "Direct Clip" daemon [_thread_blocked, id=15628, stack(0x000000f589000000,0x000000f589100000)]
  0x0000029c674f0000 JavaThread "Direct Clip" daemon [_thread_blocked, id=19488, stack(0x000000f589100000,0x000000f589200000)]
  0x0000029c674ee800 JavaThread "Direct Clip" daemon [_thread_blocked, id=18064, stack(0x000000f589200000,0x000000f589300000)]
  0x0000029c674f5000 JavaThread "Direct Clip" daemon [_thread_blocked, id=5920, stack(0x000000f589300000,0x000000f589400000)]
  0x0000029c674f2800 JavaThread "Thread-0" daemon [_thread_blocked, id=18428, stack(0x000000f589400000,0x000000f589500000)]

Other Threads:
  0x0000029c64907800 VMThread "VM Thread" [stack: 0x000000f586600000,0x000000f586700000] [id=11224]
  0x0000029c64b49800 WatcherThread [stack: 0x000000f587000000,0x000000f587100000] [id=13788]
  0x0000029c3e278000 GCTaskThread "GC Thread#0" [stack: 0x000000f586100000,0x000000f586200000] [id=19216]
  0x0000029c671cb800 GCTaskThread "GC Thread#1" [stack: 0x000000f587800000,0x000000f587900000] [id=16972]
  0x0000029c672e9000 GCTaskThread "GC Thread#2" [stack: 0x000000f587900000,0x000000f587a00000] [id=11436]
  0x0000029c672ea000 GCTaskThread "GC Thread#3" [stack: 0x000000f587a00000,0x000000f587b00000] [id=19124]
  0x0000029c3e2e9800 ConcurrentGCThread "G1 Main Marker" [stack: 0x000000f586200000,0x000000f586300000] [id=14516]
  0x0000029c3e2eb000 ConcurrentGCThread "G1 Conc#0" [stack: 0x000000f586300000,0x000000f586400000] [id=19196]
  0x0000029c63f62000 ConcurrentGCThread "G1 Refine#0" [stack: 0x000000f586400000,0x000000f586500000] [id=9836]
  0x0000029c63f65800 ConcurrentGCThread "G1 Young RemSet Sampling" [stack: 0x000000f586500000,0x000000f586600000] [id=17488]

Threads with active compile tasks:

VM state:not at safepoint (normal execution)

VM Mutex/Monitor currently owned by a thread: None

Heap address: 0x00000006c0e00000, size: 5106 MB, Compressed Oops mode: Zero based, Oop shift amount: 3
Narrow klass base: 0x0000000800000000, Narrow klass shift: 0
Compressed class space size: 1073741824 Address: 0x0000000800000000

Heap:
 garbage-first heap   total 327680K, used 63426K [0x00000006c0e00000, 0x0000000800000000)
  region size 1024K, 7 young (7168K), 5 survivors (5120K)
 Metaspace       used 19904K, capacity 20303K, committed 20608K, reserved 1069056K
  class space    used 1723K, capacity 1835K, committed 1920K, reserved 1048576K
Heap Regions: E=young(eden), S=young(survivor), O=old, HS=humongous(starts), HC=humongous(continues), CS=collection set, F=free, A=archive, TAMS=top-at-mark-start (previous, next)
|   0|0x00000006c0e00000, 0x00000006c0f00000, 0x00000006c0f00000|100%| O|  |TAMS 0x00000006c0e37200, 0x00000006c0e00000| Untracked 
|   1|0x00000006c0f00000, 0x00000006c1000000, 0x00000006c1000000|100%|HS|  |TAMS 0x00000006c1000000, 0x00000006c0f00000| Complete 
|   2|0x00000006c1000000, 0x00000006c1100000, 0x00000006c1100000|100%|HC|  |TAMS 0x00000006c1100000, 0x00000006c1000000| Complete 
|   3|0x00000006c1100000, 0x00000006c1200000, 0x00000006c1200000|100%|HS|  |TAMS 0x00000006c1200000, 0x00000006c1100000| Complete 
|   4|0x00000006c1200000, 0x00000006c1300000, 0x00000006c1300000|100%|HC|  |TAMS 0x00000006c1300000, 0x00000006c1200000| Complete 
|   5|0x00000006c1300000, 0x00000006c1400000, 0x00000006c1400000|100%| O|  |TAMS 0x00000006c1300000, 0x00000006c1300000| Untracked 
|   6|0x00000006c1400000, 0x00000006c1500000, 0x00000006c1500000|100%|HS|  |TAMS 0x00000006c1500000, 0x00000006c1400000| Complete 
|   7|0x00000006c1500000, 0x00000006c156e800, 0x00000006c1600000| 43%| O|  |TAMS 0x00000006c1500000, 0x00000006c1500000| Untracked 
|   8|0x00000006c1600000, 0x00000006c1600000, 0x00000006c1700000|  0%| F|  |TAMS 0x00000006c1600000, 0x00000006c1600000| Untracked 
|   9|0x00000006c1700000, 0x00000006c1700000, 0x00000006c1800000|  0%| F|  |TAMS 0x00000006c1700000, 0x00000006c1700000| Untracked 
|  10|0x00000006c1800000, 0x00000006c1800000, 0x00000006c1900000|  0%| F|  |TAMS 0x00000006c1800000, 0x00000006c1800000| Untracked 
|  11|0x00000006c1900000, 0x00000006c1a00000, 0x00000006c1a00000|100%| O|  |TAMS 0x00000006c1900000, 0x00000006c1900000| Untracked 
|  12|0x00000006c1a00000, 0x00000006c1b00000, 0x00000006c1b00000|100%| O|  |TAMS 0x00000006c1a00000, 0x00000006c1a00000| Untracked 
|  13|0x00000006c1b00000, 0x00000006c1c00000, 0x00000006c1c00000|100%| O|  |TAMS 0x00000006c1b00000, 0x00000006c1b00000| Untracked 
|  14|0x00000006c1c00000, 0x00000006c1d00000, 0x00000006c1d00000|100%| O|  |TAMS 0x00000006c1c00000, 0x00000006c1c00000| Untracked 
|  15|0x00000006c1d00000, 0x00000006c1e00000, 0x00000006c1e00000|100%| O|  |TAMS 0x00000006c1d00000, 0x00000006c1d00000| Untracked 
|  16|0x00000006c1e00000, 0x00000006c1f00000, 0x00000006c1f00000|100%| O|  |TAMS 0x00000006c1e00000, 0x00000006c1e00000| Untracked 
|  17|0x00000006c1f00000, 0x00000006c2000000, 0x00000006c2000000|100%| O|  |TAMS 0x00000006c1f00000, 0x00000006c1f00000| Untracked 
|  18|0x00000006c2000000, 0x00000006c2100000, 0x00000006c2100000|100%| O|  |TAMS 0x00000006c2000000, 0x00000006c2000000| Untracked 
|  19|0x00000006c2100000, 0x00000006c2100000, 0x00000006c2200000|  0%| F|  |TAMS 0x00000006c2100000, 0x00000006c2100000| Untracked 
|  20|0x00000006c2200000, 0x00000006c2200000, 0x00000006c2300000|  0%| F|  |TAMS 0x00000006c2200000, 0x00000006c2200000| Untracked 
|  21|0x00000006c2300000, 0x00000006c2300000, 0x00000006c2400000|  0%| F|  |TAMS 0x00000006c2300000, 0x00000006c2300000| Untracked 
|  22|0x00000006c2400000, 0x00000006c2400000, 0x00000006c2500000|  0%| F|  |TAMS 0x00000006c2400000, 0x00000006c2400000| Untracked 
|  23|0x00000006c2500000, 0x00000006c2500000, 0x00000006c2600000|  0%| F|  |TAMS 0x00000006c2500000, 0x00000006c2500000| Untracked 
|  24|0x00000006c2600000, 0x00000006c2700000, 0x00000006c2700000|100%|HS|  |TAMS 0x00000006c2700000, 0x00000006c2600000| Complete 
|  25|0x00000006c2700000, 0x00000006c2700000, 0x00000006c2800000|  0%| F|  |TAMS 0x00000006c2700000, 0x00000006c2700000| Untracked 
|  26|0x00000006c2800000, 0x00000006c2800000, 0x00000006c2900000|  0%| F|  |TAMS 0x00000006c2800000, 0x00000006c2800000| Untracked 
|  27|0x00000006c2900000, 0x00000006c2900000, 0x00000006c2a00000|  0%| F|  |TAMS 0x00000006c2900000, 0x00000006c2900000| Untracked 
|  28|0x00000006c2a00000, 0x00000006c2a00000, 0x00000006c2b00000|  0%| F|  |TAMS 0x00000006c2a00000, 0x00000006c2a00000| Untracked 
|  29|0x00000006c2b00000, 0x00000006c2b00000, 0x00000006c2c00000|  0%| F|  |TAMS 0x00000006c2b00000, 0x00000006c2b00000| Untracked 
|  30|0x00000006c2c00000, 0x00000006c2c00000, 0x00000006c2d00000|  0%| F|  |TAMS 0x00000006c2c00000, 0x00000006c2c00000| Untracked 
|  31|0x00000006c2d00000, 0x00000006c2d00000, 0x00000006c2e00000|  0%| F|  |TAMS 0x00000006c2d00000, 0x00000006c2d00000| Untracked 
|  32|0x00000006c2e00000, 0x00000006c2e00000, 0x00000006c2f00000|  0%| F|  |TAMS 0x00000006c2e00000, 0x00000006c2e00000| Untracked 
|  33|0x00000006c2f00000, 0x00000006c2f00000, 0x00000006c3000000|  0%| F|  |TAMS 0x00000006c2f00000, 0x00000006c2f00000| Untracked 
|  34|0x00000006c3000000, 0x00000006c3100000, 0x00000006c3100000|100%|HS|  |TAMS 0x00000006c3100000, 0x00000006c3000000| Complete 
|  35|0x00000006c3100000, 0x00000006c3100000, 0x00000006c3200000|  0%| F|  |TAMS 0x00000006c3100000, 0x00000006c3100000| Untracked 
|  36|0x00000006c3200000, 0x00000006c3200000, 0x00000006c3300000|  0%| F|  |TAMS 0x00000006c3200000, 0x00000006c3200000| Untracked 
|  37|0x00000006c3300000, 0x00000006c3300000, 0x00000006c3400000|  0%| F|  |TAMS 0x00000006c3300000, 0x00000006c3300000| Untracked 
|  38|0x00000006c3400000, 0x00000006c3400000, 0x00000006c3500000|  0%| F|  |TAMS 0x00000006c3400000, 0x00000006c3400000| Untracked 
|  39|0x00000006c3500000, 0x00000006c3600000, 0x00000006c3600000|100%|HS|  |TAMS 0x00000006c3600000, 0x00000006c3500000| Complete 
|  40|0x00000006c3600000, 0x00000006c3600000, 0x00000006c3700000|  0%| F|  |TAMS 0x00000006c3600000, 0x00000006c3600000| Untracked 
|  41|0x00000006c3700000, 0x00000006c3700000, 0x00000006c3800000|  0%| F|  |TAMS 0x00000006c3700000, 0x00000006c3700000| Untracked 
|  42|0x00000006c3800000, 0x00000006c3800000, 0x00000006c3900000|  0%| F|  |TAMS 0x00000006c3800000, 0x00000006c3800000| Untracked 
|  43|0x00000006c3900000, 0x00000006c3900000, 0x00000006c3a00000|  0%| F|  |TAMS 0x00000006c3900000, 0x00000006c3900000| Untracked 
|  44|0x00000006c3a00000, 0x00000006c3a00000, 0x00000006c3b00000|  0%| F|  |TAMS 0x00000006c3a00000, 0x00000006c3a00000| Untracked 
|  45|0x00000006c3b00000, 0x00000006c3b00000, 0x00000006c3c00000|  0%| F|  |TAMS 0x00000006c3b00000, 0x00000006c3b00000| Untracked 
|  46|0x00000006c3c00000, 0x00000006c3c00000, 0x00000006c3d00000|  0%| F|  |TAMS 0x00000006c3c00000, 0x00000006c3c00000| Untracked 
|  47|0x00000006c3d00000, 0x00000006c3d00000, 0x00000006c3e00000|  0%| F|  |TAMS 0x00000006c3d00000, 0x00000006c3d00000| Untracked 
|  48|0x00000006c3e00000, 0x00000006c3e00000, 0x00000006c3f00000|  0%| F|  |TAMS 0x00000006c3e00000, 0x00000006c3e00000| Untracked 
|  49|0x00000006c3f00000, 0x00000006c3f00000, 0x00000006c4000000|  0%| F|  |TAMS 0x00000006c3f00000, 0x00000006c3f00000| Untracked 
|  50|0x00000006c4000000, 0x00000006c4100000, 0x00000006c4100000|100%|HS|  |TAMS 0x00000006c4100000, 0x00000006c4000000| Complete 
|  51|0x00000006c4100000, 0x00000006c4100000, 0x00000006c4200000|  0%| F|  |TAMS 0x00000006c4100000, 0x00000006c4100000| Untracked 
|  52|0x00000006c4200000, 0x00000006c4200000, 0x00000006c4300000|  0%| F|  |TAMS 0x00000006c4200000, 0x00000006c4200000| Untracked 
|  53|0x00000006c4300000, 0x00000006c4300000, 0x00000006c4400000|  0%| F|  |TAMS 0x00000006c4300000, 0x00000006c4300000| Untracked 
|  54|0x00000006c4400000, 0x00000006c4400000, 0x00000006c4500000|  0%| F|  |TAMS 0x00000006c4400000, 0x00000006c4400000| Untracked 
|  55|0x00000006c4500000, 0x00000006c4600000, 0x00000006c4600000|100%|HS|  |TAMS 0x00000006c4600000, 0x00000006c4500000| Complete 
|  56|0x00000006c4600000, 0x00000006c4600000, 0x00000006c4700000|  0%| F|  |TAMS 0x00000006c4600000, 0x00000006c4600000| Untracked 
|  57|0x00000006c4700000, 0x00000006c4700000, 0x00000006c4800000|  0%| F|  |TAMS 0x00000006c4700000, 0x00000006c4700000| Untracked 
|  58|0x00000006c4800000, 0x00000006c4800000, 0x00000006c4900000|  0%| F|  |TAMS 0x00000006c4800000, 0x00000006c4800000| Untracked 
|  59|0x00000006c4900000, 0x00000006c4900000, 0x00000006c4a00000|  0%| F|  |TAMS 0x00000006c4900000, 0x00000006c4900000| Untracked 
|  60|0x00000006c4a00000, 0x00000006c4a00000, 0x00000006c4b00000|  0%| F|  |TAMS 0x00000006c4a00000, 0x00000006c4a00000| Untracked 
|  61|0x00000006c4b00000, 0x00000006c4b00000, 0x00000006c4c00000|  0%| F|  |TAMS 0x00000006c4b00000, 0x00000006c4b00000| Untracked 
|  62|0x00000006c4c00000, 0x00000006c4c00000, 0x00000006c4d00000|  0%| F|  |TAMS 0x00000006c4c00000, 0x00000006c4c00000| Untracked 
|  63|0x00000006c4d00000, 0x00000006c4d00000, 0x00000006c4e00000|  0%| F|  |TAMS 0x00000006c4d00000, 0x00000006c4d00000| Untracked 
|  64|0x00000006c4e00000, 0x00000006c4e00000, 0x00000006c4f00000|  0%| F|  |TAMS 0x00000006c4e00000, 0x00000006c4e00000| Untracked 
|  65|0x00000006c4f00000, 0x00000006c4f00000, 0x00000006c5000000|  0%| F|  |TAMS 0x00000006c4f00000, 0x00000006c4f00000| Untracked 
|  66|0x00000006c5000000, 0x00000006c5000000, 0x00000006c5100000|  0%| F|  |TAMS 0x00000006c5000000, 0x00000006c5000000| Untracked 
|  67|0x00000006c5100000, 0x00000006c5100000, 0x00000006c5200000|  0%| F|  |TAMS 0x00000006c5100000, 0x00000006c5100000| Untracked 
|  68|0x00000006c5200000, 0x00000006c5200000, 0x00000006c5300000|  0%| F|  |TAMS 0x00000006c5200000, 0x00000006c5200000| Untracked 
|  69|0x00000006c5300000, 0x00000006c5300000, 0x00000006c5400000|  0%| F|  |TAMS 0x00000006c5300000, 0x00000006c5300000| Untracked 
|  70|0x00000006c5400000, 0x00000006c5400000, 0x00000006c5500000|  0%| F|  |TAMS 0x00000006c5400000, 0x00000006c5400000| Untracked 
|  71|0x00000006c5500000, 0x00000006c5500000, 0x00000006c5600000|  0%| F|  |TAMS 0x00000006c5500000, 0x00000006c5500000| Untracked 
|  72|0x00000006c5600000, 0x00000006c5600000, 0x00000006c5700000|  0%| F|  |TAMS 0x00000006c5600000, 0x00000006c5600000| Untracked 
|  73|0x00000006c5700000, 0x00000006c5700000, 0x00000006c5800000|  0%| F|  |TAMS 0x00000006c5700000, 0x00000006c5700000| Untracked 
|  74|0x00000006c5800000, 0x00000006c5800000, 0x00000006c5900000|  0%| F|  |TAMS 0x00000006c5800000, 0x00000006c5800000| Untracked 
|  75|0x00000006c5900000, 0x00000006c5900000, 0x00000006c5a00000|  0%| F|  |TAMS 0x00000006c5900000, 0x00000006c5900000| Untracked 
|  76|0x00000006c5a00000, 0x00000006c5a00000, 0x00000006c5b00000|  0%| F|  |TAMS 0x00000006c5a00000, 0x00000006c5a00000| Untracked 
|  77|0x00000006c5b00000, 0x00000006c5b00000, 0x00000006c5c00000|  0%| F|  |TAMS 0x00000006c5b00000, 0x00000006c5b00000| Untracked 
|  78|0x00000006c5c00000, 0x00000006c5c00000, 0x00000006c5d00000|  0%| F|  |TAMS 0x00000006c5c00000, 0x00000006c5c00000| Untracked 
|  79|0x00000006c5d00000, 0x00000006c5d00000, 0x00000006c5e00000|  0%| F|  |TAMS 0x00000006c5d00000, 0x00000006c5d00000| Untracked 
|  80|0x00000006c5e00000, 0x00000006c5e00000, 0x00000006c5f00000|  0%| F|  |TAMS 0x00000006c5e00000, 0x00000006c5e00000| Untracked 
|  81|0x00000006c5f00000, 0x00000006c5f00000, 0x00000006c6000000|  0%| F|  |TAMS 0x00000006c5f00000, 0x00000006c5f00000| Untracked 
|  82|0x00000006c6000000, 0x00000006c6000000, 0x00000006c6100000|  0%| F|  |TAMS 0x00000006c6000000, 0x00000006c6000000| Untracked 
|  83|0x00000006c6100000, 0x00000006c6100000, 0x00000006c6200000|  0%| F|  |TAMS 0x00000006c6100000, 0x00000006c6100000| Untracked 
|  84|0x00000006c6200000, 0x00000006c6200000, 0x00000006c6300000|  0%| F|  |TAMS 0x00000006c6200000, 0x00000006c6200000| Untracked 
|  85|0x00000006c6300000, 0x00000006c6300000, 0x00000006c6400000|  0%| F|  |TAMS 0x00000006c6300000, 0x00000006c6300000| Untracked 
|  86|0x00000006c6400000, 0x00000006c6400000, 0x00000006c6500000|  0%| F|  |TAMS 0x00000006c6400000, 0x00000006c6400000| Untracked 
|  87|0x00000006c6500000, 0x00000006c6500000, 0x00000006c6600000|  0%| F|  |TAMS 0x00000006c6500000, 0x00000006c6500000| Untracked 
|  88|0x00000006c6600000, 0x00000006c6600000, 0x00000006c6700000|  0%| F|  |TAMS 0x00000006c6600000, 0x00000006c6600000| Untracked 
|  89|0x00000006c6700000, 0x00000006c6700000, 0x00000006c6800000|  0%| F|  |TAMS 0x00000006c6700000, 0x00000006c6700000| Untracked 
|  90|0x00000006c6800000, 0x00000006c6800000, 0x00000006c6900000|  0%| F|  |TAMS 0x00000006c6800000, 0x00000006c6800000| Untracked 
|  91|0x00000006c6900000, 0x00000006c6900000, 0x00000006c6a00000|  0%| F|  |TAMS 0x00000006c6900000, 0x00000006c6900000| Untracked 
|  92|0x00000006c6a00000, 0x00000006c6a00000, 0x00000006c6b00000|  0%| F|  |TAMS 0x00000006c6a00000, 0x00000006c6a00000| Untracked 
|  93|0x00000006c6b00000, 0x00000006c6b00000, 0x00000006c6c00000|  0%| F|  |TAMS 0x00000006c6b00000, 0x00000006c6b00000| Untracked 
|  94|0x00000006c6c00000, 0x00000006c6d00000, 0x00000006c6d00000|100%|HS|  |TAMS 0x00000006c6d00000, 0x00000006c6c00000| Complete 
|  95|0x00000006c6d00000, 0x00000006c6d00000, 0x00000006c6e00000|  0%| F|  |TAMS 0x00000006c6d00000, 0x00000006c6d00000| Untracked 
|  96|0x00000006c6e00000, 0x00000006c6e00000, 0x00000006c6f00000|  0%| F|  |TAMS 0x00000006c6e00000, 0x00000006c6e00000| Untracked 
|  97|0x00000006c6f00000, 0x00000006c6f00000, 0x00000006c7000000|  0%| F|  |TAMS 0x00000006c6f00000, 0x00000006c6f00000| Untracked 
|  98|0x00000006c7000000, 0x00000006c7000000, 0x00000006c7100000|  0%| F|  |TAMS 0x00000006c7000000, 0x00000006c7000000| Untracked 
|  99|0x00000006c7100000, 0x00000006c7100000, 0x00000006c7200000|  0%| F|  |TAMS 0x00000006c7100000, 0x00000006c7100000| Untracked 
| 100|0x00000006c7200000, 0x00000006c7200000, 0x00000006c7300000|  0%| F|  |TAMS 0x00000006c7200000, 0x00000006c7200000| Untracked 
| 101|0x00000006c7300000, 0x00000006c7300000, 0x00000006c7400000|  0%| F|  |TAMS 0x00000006c7300000, 0x00000006c7300000| Untracked 
| 102|0x00000006c7400000, 0x00000006c7400000, 0x00000006c7500000|  0%| F|  |TAMS 0x00000006c7400000, 0x00000006c7400000| Untracked 
| 103|0x00000006c7500000, 0x00000006c7500000, 0x00000006c7600000|  0%| F|  |TAMS 0x00000006c7500000, 0x00000006c7500000| Untracked 
| 104|0x00000006c7600000, 0x00000006c7600000, 0x00000006c7700000|  0%| F|  |TAMS 0x00000006c7600000, 0x00000006c7600000| Untracked 
| 105|0x00000006c7700000, 0x00000006c7700000, 0x00000006c7800000|  0%| F|  |TAMS 0x00000006c7700000, 0x00000006c7700000| Untracked 
| 106|0x00000006c7800000, 0x00000006c7800000, 0x00000006c7900000|  0%| F|  |TAMS 0x00000006c7800000, 0x00000006c7800000| Untracked 
| 107|0x00000006c7900000, 0x00000006c7900000, 0x00000006c7a00000|  0%| F|  |TAMS 0x00000006c7900000, 0x00000006c7900000| Untracked 
| 108|0x00000006c7a00000, 0x00000006c7a00000, 0x00000006c7b00000|  0%| F|  |TAMS 0x00000006c7a00000, 0x00000006c7a00000| Untracked 
| 109|0x00000006c7b00000, 0x00000006c7b00000, 0x00000006c7c00000|  0%| F|  |TAMS 0x00000006c7b00000, 0x00000006c7b00000| Untracked 
| 110|0x00000006c7c00000, 0x00000006c7c00000, 0x00000006c7d00000|  0%| F|  |TAMS 0x00000006c7c00000, 0x00000006c7c00000| Untracked 
| 111|0x00000006c7d00000, 0x00000006c7d00000, 0x00000006c7e00000|  0%| F|  |TAMS 0x00000006c7d00000, 0x00000006c7d00000| Untracked 
| 112|0x00000006c7e00000, 0x00000006c7e00000, 0x00000006c7f00000|  0%| F|  |TAMS 0x00000006c7e00000, 0x00000006c7e00000| Untracked 
| 113|0x00000006c7f00000, 0x00000006c7f00000, 0x00000006c8000000|  0%| F|  |TAMS 0x00000006c7f00000, 0x00000006c7f00000| Untracked 
| 114|0x00000006c8000000, 0x00000006c8000000, 0x00000006c8100000|  0%| F|  |TAMS 0x00000006c8000000, 0x00000006c8000000| Untracked 
| 115|0x00000006c8100000, 0x00000006c8100000, 0x00000006c8200000|  0%| F|  |TAMS 0x00000006c8100000, 0x00000006c8100000| Untracked 
| 116|0x00000006c8200000, 0x00000006c8200000, 0x00000006c8300000|  0%| F|  |TAMS 0x00000006c8200000, 0x00000006c8200000| Untracked 
| 117|0x00000006c8300000, 0x00000006c8300000, 0x00000006c8400000|  0%| F|  |TAMS 0x00000006c8300000, 0x00000006c8300000| Untracked 
| 118|0x00000006c8400000, 0x00000006c8400000, 0x00000006c8500000|  0%| F|  |TAMS 0x00000006c8400000, 0x00000006c8400000| Untracked 
| 119|0x00000006c8500000, 0x00000006c8600000, 0x00000006c8600000|100%|HS|  |TAMS 0x00000006c8500000, 0x00000006c8500000| Complete 
| 120|0x00000006c8600000, 0x00000006c8700000, 0x00000006c8700000|100%|HC|  |TAMS 0x00000006c8600000, 0x00000006c8600000| Complete 
| 121|0x00000006c8700000, 0x00000006c8800000, 0x00000006c8800000|100%|HC|  |TAMS 0x00000006c8700000, 0x00000006c8700000| Complete 
| 122|0x00000006c8800000, 0x00000006c8900000, 0x00000006c8900000|100%|HC|  |TAMS 0x00000006c8800000, 0x00000006c8800000| Complete 
| 123|0x00000006c8900000, 0x00000006c8a00000, 0x00000006c8a00000|100%|HC|  |TAMS 0x00000006c8900000, 0x00000006c8900000| Complete 
| 124|0x00000006c8a00000, 0x00000006c8b00000, 0x00000006c8b00000|100%|HC|  |TAMS 0x00000006c8a00000, 0x00000006c8a00000| Complete 
| 125|0x00000006c8b00000, 0x00000006c8c00000, 0x00000006c8c00000|100%|HC|  |TAMS 0x00000006c8b00000, 0x00000006c8b00000| Complete 
| 126|0x00000006c8c00000, 0x00000006c8d00000, 0x00000006c8d00000|100%|HC|  |TAMS 0x00000006c8c00000, 0x00000006c8c00000| Complete 
| 127|0x00000006c8d00000, 0x00000006c8e00000, 0x00000006c8e00000|100%|HC|  |TAMS 0x00000006c8d00000, 0x00000006c8d00000| Complete 
| 128|0x00000006c8e00000, 0x00000006c8f00000, 0x00000006c8f00000|100%|HC|  |TAMS 0x00000006c8e00000, 0x00000006c8e00000| Complete 
| 129|0x00000006c8f00000, 0x00000006c9000000, 0x00000006c9000000|100%|HC|  |TAMS 0x00000006c8f00000, 0x00000006c8f00000| Complete 
| 130|0x00000006c9000000, 0x00000006c9100000, 0x00000006c9100000|100%|HC|  |TAMS 0x00000006c9000000, 0x00000006c9000000| Complete 
| 131|0x00000006c9100000, 0x00000006c9200000, 0x00000006c9200000|100%|HC|  |TAMS 0x00000006c9100000, 0x00000006c9100000| Complete 
| 132|0x00000006c9200000, 0x00000006c9300000, 0x00000006c9300000|100%|HC|  |TAMS 0x00000006c9200000, 0x00000006c9200000| Complete 
| 133|0x00000006c9300000, 0x00000006c9400000, 0x00000006c9400000|100%|HC|  |TAMS 0x00000006c9300000, 0x00000006c9300000| Complete 
| 134|0x00000006c9400000, 0x00000006c9500000, 0x00000006c9500000|100%|HC|  |TAMS 0x00000006c9400000, 0x00000006c9400000| Complete 
| 135|0x00000006c9500000, 0x00000006c9600000, 0x00000006c9600000|100%|HC|  |TAMS 0x00000006c9500000, 0x00000006c9500000| Complete 
| 136|0x00000006c9600000, 0x00000006c9700000, 0x00000006c9700000|100%|HC|  |TAMS 0x00000006c9600000, 0x00000006c9600000| Complete 
| 137|0x00000006c9700000, 0x00000006c9800000, 0x00000006c9800000|100%|HC|  |TAMS 0x00000006c9700000, 0x00000006c9700000| Complete 
| 138|0x00000006c9800000, 0x00000006c9900000, 0x00000006c9900000|100%|HC|  |TAMS 0x00000006c9800000, 0x00000006c9800000| Complete 
| 139|0x00000006c9900000, 0x00000006c9a00000, 0x00000006c9a00000|100%|HC|  |TAMS 0x00000006c9900000, 0x00000006c9900000| Complete 
| 140|0x00000006c9a00000, 0x00000006c9b00000, 0x00000006c9b00000|100%|HC|  |TAMS 0x00000006c9a00000, 0x00000006c9a00000| Complete 
| 141|0x00000006c9b00000, 0x00000006c9c00000, 0x00000006c9c00000|100%|HC|  |TAMS 0x00000006c9b00000, 0x00000006c9b00000| Complete 
| 142|0x00000006c9c00000, 0x00000006c9d00000, 0x00000006c9d00000|100%|HC|  |TAMS 0x00000006c9c00000, 0x00000006c9c00000| Complete 
| 143|0x00000006c9d00000, 0x00000006c9e00000, 0x00000006c9e00000|100%|HC|  |TAMS 0x00000006c9d00000, 0x00000006c9d00000| Complete 
| 144|0x00000006c9e00000, 0x00000006c9f00000, 0x00000006c9f00000|100%|HC|  |TAMS 0x00000006c9e00000, 0x00000006c9e00000| Complete 
| 145|0x00000006c9f00000, 0x00000006ca000000, 0x00000006ca000000|100%|HC|  |TAMS 0x00000006c9f00000, 0x00000006c9f00000| Complete 
| 146|0x00000006ca000000, 0x00000006ca100000, 0x00000006ca100000|100%|HC|  |TAMS 0x00000006ca000000, 0x00000006ca000000| Complete 
| 147|0x00000006ca100000, 0x00000006ca200000, 0x00000006ca200000|100%|HC|  |TAMS 0x00000006ca100000, 0x00000006ca100000| Complete 
| 148|0x00000006ca200000, 0x00000006ca300000, 0x00000006ca300000|100%|HC|  |TAMS 0x00000006ca200000, 0x00000006ca200000| Complete 
| 149|0x00000006ca300000, 0x00000006ca400000, 0x00000006ca400000|100%|HC|  |TAMS 0x00000006ca300000, 0x00000006ca300000| Complete 
| 150|0x00000006ca400000, 0x00000006ca500000, 0x00000006ca500000|100%|HC|  |TAMS 0x00000006ca400000, 0x00000006ca400000| Complete 
| 151|0x00000006ca500000, 0x00000006ca600000, 0x00000006ca600000|100%|HC|  |TAMS 0x00000006ca500000, 0x00000006ca500000| Complete 
| 152|0x00000006ca600000, 0x00000006ca700000, 0x00000006ca700000|100%|HC|  |TAMS 0x00000006ca600000, 0x00000006ca600000| Complete 
| 153|0x00000006ca700000, 0x00000006ca800000, 0x00000006ca800000|100%|HC|  |TAMS 0x00000006ca700000, 0x00000006ca700000| Complete 
| 154|0x00000006ca800000, 0x00000006ca800000, 0x00000006ca900000|  0%| F|  |TAMS 0x00000006ca800000, 0x00000006ca800000| Untracked 
| 155|0x00000006ca900000, 0x00000006ca900000, 0x00000006caa00000|  0%| F|  |TAMS 0x00000006ca900000, 0x00000006ca900000| Untracked 
| 156|0x00000006caa00000, 0x00000006caa00000, 0x00000006cab00000|  0%| F|  |TAMS 0x00000006caa00000, 0x00000006caa00000| Untracked 
| 157|0x00000006cab00000, 0x00000006cab00000, 0x00000006cac00000|  0%| F|  |TAMS 0x00000006cab00000, 0x00000006cab00000| Untracked 
| 158|0x00000006cac00000, 0x00000006cac00000, 0x00000006cad00000|  0%| F|  |TAMS 0x00000006cac00000, 0x00000006cac00000| Untracked 
| 159|0x00000006cad00000, 0x00000006cad00000, 0x00000006cae00000|  0%| F|  |TAMS 0x00000006cad00000, 0x00000006cad00000| Untracked 
| 160|0x00000006cae00000, 0x00000006cae00000, 0x00000006caf00000|  0%| F|  |TAMS 0x00000006cae00000, 0x00000006cae00000| Untracked 
| 161|0x00000006caf00000, 0x00000006caf00000, 0x00000006cb000000|  0%| F|  |TAMS 0x00000006caf00000, 0x00000006caf00000| Untracked 
| 162|0x00000006cb000000, 0x00000006cb000000, 0x00000006cb100000|  0%| F|  |TAMS 0x00000006cb000000, 0x00000006cb000000| Untracked 
| 163|0x00000006cb100000, 0x00000006cb100000, 0x00000006cb200000|  0%| F|  |TAMS 0x00000006cb100000, 0x00000006cb100000| Untracked 
| 164|0x00000006cb200000, 0x00000006cb200000, 0x00000006cb300000|  0%| F|  |TAMS 0x00000006cb200000, 0x00000006cb200000| Untracked 
| 165|0x00000006cb300000, 0x00000006cb300000, 0x00000006cb400000|  0%| F|  |TAMS 0x00000006cb300000, 0x00000006cb300000| Untracked 
| 166|0x00000006cb400000, 0x00000006cb400000, 0x00000006cb500000|  0%| F|  |TAMS 0x00000006cb400000, 0x00000006cb400000| Untracked 
| 167|0x00000006cb500000, 0x00000006cb500000, 0x00000006cb600000|  0%| F|  |TAMS 0x00000006cb500000, 0x00000006cb500000| Untracked 
| 168|0x00000006cb600000, 0x00000006cb600000, 0x00000006cb700000|  0%| F|  |TAMS 0x00000006cb600000, 0x00000006cb600000| Untracked 
| 169|0x00000006cb700000, 0x00000006cb700000, 0x00000006cb800000|  0%| F|  |TAMS 0x00000006cb700000, 0x00000006cb700000| Untracked 
| 170|0x00000006cb800000, 0x00000006cb800000, 0x00000006cb900000|  0%| F|  |TAMS 0x00000006cb800000, 0x00000006cb800000| Untracked 
| 171|0x00000006cb900000, 0x00000006cb900000, 0x00000006cba00000|  0%| F|  |TAMS 0x00000006cb900000, 0x00000006cb900000| Untracked 
| 172|0x00000006cba00000, 0x00000006cba00000, 0x00000006cbb00000|  0%| F|  |TAMS 0x00000006cba00000, 0x00000006cba00000| Untracked 
| 173|0x00000006cbb00000, 0x00000006cbb00000, 0x00000006cbc00000|  0%| F|  |TAMS 0x00000006cbb00000, 0x00000006cbb00000| Untracked 
| 174|0x00000006cbc00000, 0x00000006cbc00000, 0x00000006cbd00000|  0%| F|  |TAMS 0x00000006cbc00000, 0x00000006cbc00000| Untracked 
| 175|0x00000006cbd00000, 0x00000006cbd00000, 0x00000006cbe00000|  0%| F|  |TAMS 0x00000006cbd00000, 0x00000006cbd00000| Untracked 
| 176|0x00000006cbe00000, 0x00000006cbe00000, 0x00000006cbf00000|  0%| F|  |TAMS 0x00000006cbe00000, 0x00000006cbe00000| Untracked 
| 177|0x00000006cbf00000, 0x00000006cbf00000, 0x00000006cc000000|  0%| F|  |TAMS 0x00000006cbf00000, 0x00000006cbf00000| Untracked 
| 178|0x00000006cc000000, 0x00000006cc000000, 0x00000006cc100000|  0%| F|  |TAMS 0x00000006cc000000, 0x00000006cc000000| Untracked 
| 179|0x00000006cc100000, 0x00000006cc100000, 0x00000006cc200000|  0%| F|  |TAMS 0x00000006cc100000, 0x00000006cc100000| Untracked 
| 180|0x00000006cc200000, 0x00000006cc200000, 0x00000006cc300000|  0%| F|  |TAMS 0x00000006cc200000, 0x00000006cc200000| Untracked 
| 181|0x00000006cc300000, 0x00000006cc300000, 0x00000006cc400000|  0%| F|  |TAMS 0x00000006cc300000, 0x00000006cc300000| Untracked 
| 182|0x00000006cc400000, 0x00000006cc400000, 0x00000006cc500000|  0%| F|  |TAMS 0x00000006cc400000, 0x00000006cc400000| Untracked 
| 183|0x00000006cc500000, 0x00000006cc500000, 0x00000006cc600000|  0%| F|  |TAMS 0x00000006cc500000, 0x00000006cc500000| Untracked 
| 184|0x00000006cc600000, 0x00000006cc600000, 0x00000006cc700000|  0%| F|  |TAMS 0x00000006cc600000, 0x00000006cc600000| Untracked 
| 185|0x00000006cc700000, 0x00000006cc700000, 0x00000006cc800000|  0%| F|  |TAMS 0x00000006cc700000, 0x00000006cc700000| Untracked 
| 186|0x00000006cc800000, 0x00000006cc800000, 0x00000006cc900000|  0%| F|  |TAMS 0x00000006cc800000, 0x00000006cc800000| Untracked 
| 187|0x00000006cc900000, 0x00000006cc900000, 0x00000006cca00000|  0%| F|  |TAMS 0x00000006cc900000, 0x00000006cc900000| Untracked 
| 188|0x00000006cca00000, 0x00000006cca00000, 0x00000006ccb00000|  0%| F|  |TAMS 0x00000006cca00000, 0x00000006cca00000| Untracked 
| 189|0x00000006ccb00000, 0x00000006ccb00000, 0x00000006ccc00000|  0%| F|  |TAMS 0x00000006ccb00000, 0x00000006ccb00000| Untracked 
| 190|0x00000006ccc00000, 0x00000006ccc00000, 0x00000006ccd00000|  0%| F|  |TAMS 0x00000006ccc00000, 0x00000006ccc00000| Untracked 
| 191|0x00000006ccd00000, 0x00000006ccd00000, 0x00000006cce00000|  0%| F|  |TAMS 0x00000006ccd00000, 0x00000006ccd00000| Untracked 
| 192|0x00000006cce00000, 0x00000006cce00000, 0x00000006ccf00000|  0%| F|  |TAMS 0x00000006cce00000, 0x00000006cce00000| Untracked 
| 193|0x00000006ccf00000, 0x00000006ccf00000, 0x00000006cd000000|  0%| F|  |TAMS 0x00000006ccf00000, 0x00000006ccf00000| Untracked 
| 194|0x00000006cd000000, 0x00000006cd000000, 0x00000006cd100000|  0%| F|  |TAMS 0x00000006cd000000, 0x00000006cd000000| Untracked 
| 195|0x00000006cd100000, 0x00000006cd100000, 0x00000006cd200000|  0%| F|  |TAMS 0x00000006cd100000, 0x00000006cd100000| Untracked 
| 196|0x00000006cd200000, 0x00000006cd200000, 0x00000006cd300000|  0%| F|  |TAMS 0x00000006cd200000, 0x00000006cd200000| Untracked 
| 197|0x00000006cd300000, 0x00000006cd300000, 0x00000006cd400000|  0%| F|  |TAMS 0x00000006cd300000, 0x00000006cd300000| Untracked 
| 198|0x00000006cd400000, 0x00000006cd400000, 0x00000006cd500000|  0%| F|  |TAMS 0x00000006cd400000, 0x00000006cd400000| Untracked 
| 199|0x00000006cd500000, 0x00000006cd500000, 0x00000006cd600000|  0%| F|  |TAMS 0x00000006cd500000, 0x00000006cd500000| Untracked 
| 200|0x00000006cd600000, 0x00000006cd600000, 0x00000006cd700000|  0%| F|  |TAMS 0x00000006cd600000, 0x00000006cd600000| Untracked 
| 201|0x00000006cd700000, 0x00000006cd700000, 0x00000006cd800000|  0%| F|  |TAMS 0x00000006cd700000, 0x00000006cd700000| Untracked 
| 202|0x00000006cd800000, 0x00000006cd800000, 0x00000006cd900000|  0%| F|  |TAMS 0x00000006cd800000, 0x00000006cd800000| Untracked 
| 203|0x00000006cd900000, 0x00000006cd900000, 0x00000006cda00000|  0%| F|  |TAMS 0x00000006cd900000, 0x00000006cd900000| Untracked 
| 204|0x00000006cda00000, 0x00000006cda00000, 0x00000006cdb00000|  0%| F|  |TAMS 0x00000006cda00000, 0x00000006cda00000| Untracked 
| 205|0x00000006cdb00000, 0x00000006cdb00000, 0x00000006cdc00000|  0%| F|  |TAMS 0x00000006cdb00000, 0x00000006cdb00000| Untracked 
| 206|0x00000006cdc00000, 0x00000006cdc00000, 0x00000006cdd00000|  0%| F|  |TAMS 0x00000006cdc00000, 0x00000006cdc00000| Untracked 
| 207|0x00000006cdd00000, 0x00000006cdd00000, 0x00000006cde00000|  0%| F|  |TAMS 0x00000006cdd00000, 0x00000006cdd00000| Untracked 
| 208|0x00000006cde00000, 0x00000006cde00000, 0x00000006cdf00000|  0%| F|  |TAMS 0x00000006cde00000, 0x00000006cde00000| Untracked 
| 209|0x00000006cdf00000, 0x00000006cdf00000, 0x00000006ce000000|  0%| F|  |TAMS 0x00000006cdf00000, 0x00000006cdf00000| Untracked 
| 210|0x00000006ce000000, 0x00000006ce000000, 0x00000006ce100000|  0%| F|  |TAMS 0x00000006ce000000, 0x00000006ce000000| Untracked 
| 211|0x00000006ce100000, 0x00000006ce100000, 0x00000006ce200000|  0%| F|  |TAMS 0x00000006ce100000, 0x00000006ce100000| Untracked 
| 212|0x00000006ce200000, 0x00000006ce200000, 0x00000006ce300000|  0%| F|  |TAMS 0x00000006ce200000, 0x00000006ce200000| Untracked 
| 213|0x00000006ce300000, 0x00000006ce300000, 0x00000006ce400000|  0%| F|  |TAMS 0x00000006ce300000, 0x00000006ce300000| Untracked 
| 214|0x00000006ce400000, 0x00000006ce400000, 0x00000006ce500000|  0%| F|  |TAMS 0x00000006ce400000, 0x00000006ce400000| Untracked 
| 215|0x00000006ce500000, 0x00000006ce500000, 0x00000006ce600000|  0%| F|  |TAMS 0x00000006ce500000, 0x00000006ce500000| Untracked 
| 216|0x00000006ce600000, 0x00000006ce600000, 0x00000006ce700000|  0%| F|  |TAMS 0x00000006ce600000, 0x00000006ce600000| Untracked 
| 217|0x00000006ce700000, 0x00000006ce700000, 0x00000006ce800000|  0%| F|  |TAMS 0x00000006ce700000, 0x00000006ce700000| Untracked 
| 218|0x00000006ce800000, 0x00000006ce800000, 0x00000006ce900000|  0%| F|  |TAMS 0x00000006ce800000, 0x00000006ce800000| Untracked 
| 219|0x00000006ce900000, 0x00000006ce900000, 0x00000006cea00000|  0%| F|  |TAMS 0x00000006ce900000, 0x00000006ce900000| Untracked 
| 220|0x00000006cea00000, 0x00000006cea00000, 0x00000006ceb00000|  0%| F|  |TAMS 0x00000006cea00000, 0x00000006cea00000| Untracked 
| 221|0x00000006ceb00000, 0x00000006ceb00000, 0x00000006cec00000|  0%| F|  |TAMS 0x00000006ceb00000, 0x00000006ceb00000| Untracked 
| 222|0x00000006cec00000, 0x00000006cec00000, 0x00000006ced00000|  0%| F|  |TAMS 0x00000006cec00000, 0x00000006cec00000| Untracked 
| 223|0x00000006ced00000, 0x00000006ced00000, 0x00000006cee00000|  0%| F|  |TAMS 0x00000006ced00000, 0x00000006ced00000| Untracked 
| 224|0x00000006cee00000, 0x00000006cee00000, 0x00000006cef00000|  0%| F|  |TAMS 0x00000006cee00000, 0x00000006cee00000| Untracked 
| 225|0x00000006cef00000, 0x00000006cef00000, 0x00000006cf000000|  0%| F|  |TAMS 0x00000006cef00000, 0x00000006cef00000| Untracked 
| 226|0x00000006cf000000, 0x00000006cf000000, 0x00000006cf100000|  0%| F|  |TAMS 0x00000006cf000000, 0x00000006cf000000| Untracked 
| 227|0x00000006cf100000, 0x00000006cf100000, 0x00000006cf200000|  0%| F|  |TAMS 0x00000006cf100000, 0x00000006cf100000| Untracked 
| 228|0x00000006cf200000, 0x00000006cf200000, 0x00000006cf300000|  0%| F|  |TAMS 0x00000006cf200000, 0x00000006cf200000| Untracked 
| 229|0x00000006cf300000, 0x00000006cf300000, 0x00000006cf400000|  0%| F|  |TAMS 0x00000006cf300000, 0x00000006cf300000| Untracked 
| 230|0x00000006cf400000, 0x00000006cf400000, 0x00000006cf500000|  0%| F|  |TAMS 0x00000006cf400000, 0x00000006cf400000| Untracked 
| 231|0x00000006cf500000, 0x00000006cf500000, 0x00000006cf600000|  0%| F|  |TAMS 0x00000006cf500000, 0x00000006cf500000| Untracked 
| 232|0x00000006cf600000, 0x00000006cf600000, 0x00000006cf700000|  0%| F|  |TAMS 0x00000006cf600000, 0x00000006cf600000| Untracked 
| 233|0x00000006cf700000, 0x00000006cf700000, 0x00000006cf800000|  0%| F|  |TAMS 0x00000006cf700000, 0x00000006cf700000| Untracked 
| 234|0x00000006cf800000, 0x00000006cf800000, 0x00000006cf900000|  0%| F|  |TAMS 0x00000006cf800000, 0x00000006cf800000| Untracked 
| 235|0x00000006cf900000, 0x00000006cf900000, 0x00000006cfa00000|  0%| F|  |TAMS 0x00000006cf900000, 0x00000006cf900000| Untracked 
| 236|0x00000006cfa00000, 0x00000006cfa00000, 0x00000006cfb00000|  0%| F|  |TAMS 0x00000006cfa00000, 0x00000006cfa00000| Untracked 
| 237|0x00000006cfb00000, 0x00000006cfb00000, 0x00000006cfc00000|  0%| F|  |TAMS 0x00000006cfb00000, 0x00000006cfb00000| Untracked 
| 238|0x00000006cfc00000, 0x00000006cfc00000, 0x00000006cfd00000|  0%| F|  |TAMS 0x00000006cfc00000, 0x00000006cfc00000| Untracked 
| 239|0x00000006cfd00000, 0x00000006cfd00000, 0x00000006cfe00000|  0%| F|  |TAMS 0x00000006cfd00000, 0x00000006cfd00000| Untracked 
| 240|0x00000006cfe00000, 0x00000006cfe00000, 0x00000006cff00000|  0%| F|  |TAMS 0x00000006cfe00000, 0x00000006cfe00000| Untracked 
| 241|0x00000006cff00000, 0x00000006cff00000, 0x00000006d0000000|  0%| F|  |TAMS 0x00000006cff00000, 0x00000006cff00000| Untracked 
| 242|0x00000006d0000000, 0x00000006d0000000, 0x00000006d0100000|  0%| F|  |TAMS 0x00000006d0000000, 0x00000006d0000000| Untracked 
| 243|0x00000006d0100000, 0x00000006d0100000, 0x00000006d0200000|  0%| F|  |TAMS 0x00000006d0100000, 0x00000006d0100000| Untracked 
| 244|0x00000006d0200000, 0x00000006d0200000, 0x00000006d0300000|  0%| F|  |TAMS 0x00000006d0200000, 0x00000006d0200000| Untracked 
| 245|0x00000006d0300000, 0x00000006d0300000, 0x00000006d0400000|  0%| F|  |TAMS 0x00000006d0300000, 0x00000006d0300000| Untracked 
| 246|0x00000006d0400000, 0x00000006d0400000, 0x00000006d0500000|  0%| F|  |TAMS 0x00000006d0400000, 0x00000006d0400000| Untracked 
| 247|0x00000006d0500000, 0x00000006d0500000, 0x00000006d0600000|  0%| F|  |TAMS 0x00000006d0500000, 0x00000006d0500000| Untracked 
| 248|0x00000006d0600000, 0x00000006d0600000, 0x00000006d0700000|  0%| F|  |TAMS 0x00000006d0600000, 0x00000006d0600000| Untracked 
| 249|0x00000006d0700000, 0x00000006d0700000, 0x00000006d0800000|  0%| F|  |TAMS 0x00000006d0700000, 0x00000006d0700000| Untracked 
| 250|0x00000006d0800000, 0x00000006d0800000, 0x00000006d0900000|  0%| F|  |TAMS 0x00000006d0800000, 0x00000006d0800000| Untracked 
| 251|0x00000006d0900000, 0x00000006d0900000, 0x00000006d0a00000|  0%| F|  |TAMS 0x00000006d0900000, 0x00000006d0900000| Untracked 
| 252|0x00000006d0a00000, 0x00000006d0a00000, 0x00000006d0b00000|  0%| F|  |TAMS 0x00000006d0a00000, 0x00000006d0a00000| Untracked 
| 253|0x00000006d0b00000, 0x00000006d0b00000, 0x00000006d0c00000|  0%| F|  |TAMS 0x00000006d0b00000, 0x00000006d0b00000| Untracked 
| 254|0x00000006d0c00000, 0x00000006d0c00000, 0x00000006d0d00000|  0%| F|  |TAMS 0x00000006d0c00000, 0x00000006d0c00000| Untracked 
| 255|0x00000006d0d00000, 0x00000006d0d00000, 0x00000006d0e00000|  0%| F|  |TAMS 0x00000006d0d00000, 0x00000006d0d00000| Untracked 
| 256|0x00000006d0e00000, 0x00000006d0e00000, 0x00000006d0f00000|  0%| F|  |TAMS 0x00000006d0e00000, 0x00000006d0e00000| Untracked 
| 257|0x00000006d0f00000, 0x00000006d0f00000, 0x00000006d1000000|  0%| F|  |TAMS 0x00000006d0f00000, 0x00000006d0f00000| Untracked 
| 258|0x00000006d1000000, 0x00000006d1000000, 0x00000006d1100000|  0%| F|  |TAMS 0x00000006d1000000, 0x00000006d1000000| Untracked 
| 259|0x00000006d1100000, 0x00000006d1100000, 0x00000006d1200000|  0%| F|  |TAMS 0x00000006d1100000, 0x00000006d1100000| Untracked 
| 260|0x00000006d1200000, 0x00000006d1200000, 0x00000006d1300000|  0%| F|  |TAMS 0x00000006d1200000, 0x00000006d1200000| Untracked 
| 261|0x00000006d1300000, 0x00000006d1300000, 0x00000006d1400000|  0%| F|  |TAMS 0x00000006d1300000, 0x00000006d1300000| Untracked 
| 262|0x00000006d1400000, 0x00000006d1400000, 0x00000006d1500000|  0%| F|  |TAMS 0x00000006d1400000, 0x00000006d1400000| Untracked 
| 263|0x00000006d1500000, 0x00000006d1500000, 0x00000006d1600000|  0%| F|  |TAMS 0x00000006d1500000, 0x00000006d1500000| Untracked 
| 264|0x00000006d1600000, 0x00000006d16821d0, 0x00000006d1700000| 50%| S|CS|TAMS 0x00000006d1600000, 0x00000006d1600000| Complete 
| 265|0x00000006d1700000, 0x00000006d1800000, 0x00000006d1800000|100%| S|CS|TAMS 0x00000006d1700000, 0x00000006d1700000| Complete 
| 266|0x00000006d1800000, 0x00000006d1900000, 0x00000006d1900000|100%| S|CS|TAMS 0x00000006d1800000, 0x00000006d1800000| Complete 
| 267|0x00000006d1900000, 0x00000006d1a00000, 0x00000006d1a00000|100%| S|CS|TAMS 0x00000006d1900000, 0x00000006d1900000| Complete 
| 268|0x00000006d1a00000, 0x00000006d1b00000, 0x00000006d1b00000|100%| S|CS|TAMS 0x00000006d1a00000, 0x00000006d1a00000| Complete 
| 269|0x00000006d1b00000, 0x00000006d1b00000, 0x00000006d1c00000|  0%| F|  |TAMS 0x00000006d1b00000, 0x00000006d1b00000| Untracked 
| 270|0x00000006d1c00000, 0x00000006d1c00000, 0x00000006d1d00000|  0%| F|  |TAMS 0x00000006d1c00000, 0x00000006d1c00000| Untracked 
| 271|0x00000006d1d00000, 0x00000006d1d00000, 0x00000006d1e00000|  0%| F|  |TAMS 0x00000006d1d00000, 0x00000006d1d00000| Untracked 
| 272|0x00000006d1e00000, 0x00000006d1e00000, 0x00000006d1f00000|  0%| F|  |TAMS 0x00000006d1e00000, 0x00000006d1e00000| Untracked 
| 273|0x00000006d1f00000, 0x00000006d1f00000, 0x00000006d2000000|  0%| F|  |TAMS 0x00000006d1f00000, 0x00000006d1f00000| Untracked 
| 274|0x00000006d2000000, 0x00000006d2000000, 0x00000006d2100000|  0%| F|  |TAMS 0x00000006d2000000, 0x00000006d2000000| Untracked 
| 275|0x00000006d2100000, 0x00000006d2100000, 0x00000006d2200000|  0%| F|  |TAMS 0x00000006d2100000, 0x00000006d2100000| Untracked 
| 276|0x00000006d2200000, 0x00000006d2200000, 0x00000006d2300000|  0%| F|  |TAMS 0x00000006d2200000, 0x00000006d2200000| Untracked 
| 277|0x00000006d2300000, 0x00000006d2300000, 0x00000006d2400000|  0%| F|  |TAMS 0x00000006d2300000, 0x00000006d2300000| Untracked 
| 278|0x00000006d2400000, 0x00000006d2400000, 0x00000006d2500000|  0%| F|  |TAMS 0x00000006d2400000, 0x00000006d2400000| Untracked 
| 279|0x00000006d2500000, 0x00000006d2500000, 0x00000006d2600000|  0%| F|  |TAMS 0x00000006d2500000, 0x00000006d2500000| Untracked 
| 280|0x00000006d2600000, 0x00000006d2600000, 0x00000006d2700000|  0%| F|  |TAMS 0x00000006d2600000, 0x00000006d2600000| Untracked 
| 281|0x00000006d2700000, 0x00000006d2700000, 0x00000006d2800000|  0%| F|  |TAMS 0x00000006d2700000, 0x00000006d2700000| Untracked 
| 282|0x00000006d2800000, 0x00000006d2800000, 0x00000006d2900000|  0%| F|  |TAMS 0x00000006d2800000, 0x00000006d2800000| Untracked 
| 283|0x00000006d2900000, 0x00000006d2900000, 0x00000006d2a00000|  0%| F|  |TAMS 0x00000006d2900000, 0x00000006d2900000| Untracked 
| 284|0x00000006d2a00000, 0x00000006d2a00000, 0x00000006d2b00000|  0%| F|  |TAMS 0x00000006d2a00000, 0x00000006d2a00000| Untracked 
| 285|0x00000006d2b00000, 0x00000006d2b00000, 0x00000006d2c00000|  0%| F|  |TAMS 0x00000006d2b00000, 0x00000006d2b00000| Untracked 
| 286|0x00000006d2c00000, 0x00000006d2c00000, 0x00000006d2d00000|  0%| F|  |TAMS 0x00000006d2c00000, 0x00000006d2c00000| Untracked 
| 287|0x00000006d2d00000, 0x00000006d2d00000, 0x00000006d2e00000|  0%| F|  |TAMS 0x00000006d2d00000, 0x00000006d2d00000| Untracked 
| 288|0x00000006d2e00000, 0x00000006d2e00000, 0x00000006d2f00000|  0%| F|  |TAMS 0x00000006d2e00000, 0x00000006d2e00000| Untracked 
| 289|0x00000006d2f00000, 0x00000006d2f00000, 0x00000006d3000000|  0%| F|  |TAMS 0x00000006d2f00000, 0x00000006d2f00000| Untracked 
| 290|0x00000006d3000000, 0x00000006d3000000, 0x00000006d3100000|  0%| F|  |TAMS 0x00000006d3000000, 0x00000006d3000000| Untracked 
| 291|0x00000006d3100000, 0x00000006d3100000, 0x00000006d3200000|  0%| F|  |TAMS 0x00000006d3100000, 0x00000006d3100000| Untracked 
| 292|0x00000006d3200000, 0x00000006d3200000, 0x00000006d3300000|  0%| F|  |TAMS 0x00000006d3200000, 0x00000006d3200000| Untracked 
| 293|0x00000006d3300000, 0x00000006d3300000, 0x00000006d3400000|  0%| F|  |TAMS 0x00000006d3300000, 0x00000006d3300000| Untracked 
| 294|0x00000006d3400000, 0x00000006d3400000, 0x00000006d3500000|  0%| F|  |TAMS 0x00000006d3400000, 0x00000006d3400000| Untracked 
| 295|0x00000006d3500000, 0x00000006d3500000, 0x00000006d3600000|  0%| F|  |TAMS 0x00000006d3500000, 0x00000006d3500000| Untracked 
| 296|0x00000006d3600000, 0x00000006d3600000, 0x00000006d3700000|  0%| F|  |TAMS 0x00000006d3600000, 0x00000006d3600000| Untracked 
| 297|0x00000006d3700000, 0x00000006d3700000, 0x00000006d3800000|  0%| F|  |TAMS 0x00000006d3700000, 0x00000006d3700000| Untracked 
| 298|0x00000006d3800000, 0x00000006d3800000, 0x00000006d3900000|  0%| F|  |TAMS 0x00000006d3800000, 0x00000006d3800000| Untracked 
| 299|0x00000006d3900000, 0x00000006d3900000, 0x00000006d3a00000|  0%| F|  |TAMS 0x00000006d3900000, 0x00000006d3900000| Untracked 
| 300|0x00000006d3a00000, 0x00000006d3a00000, 0x00000006d3b00000|  0%| F|  |TAMS 0x00000006d3a00000, 0x00000006d3a00000| Untracked 
| 301|0x00000006d3b00000, 0x00000006d3b00000, 0x00000006d3c00000|  0%| F|  |TAMS 0x00000006d3b00000, 0x00000006d3b00000| Untracked 
| 302|0x00000006d3c00000, 0x00000006d3c00000, 0x00000006d3d00000|  0%| F|  |TAMS 0x00000006d3c00000, 0x00000006d3c00000| Untracked 
| 303|0x00000006d3d00000, 0x00000006d3d00000, 0x00000006d3e00000|  0%| F|  |TAMS 0x00000006d3d00000, 0x00000006d3d00000| Untracked 
| 304|0x00000006d3e00000, 0x00000006d3e00000, 0x00000006d3f00000|  0%| F|  |TAMS 0x00000006d3e00000, 0x00000006d3e00000| Untracked 
| 305|0x00000006d3f00000, 0x00000006d3f00000, 0x00000006d4000000|  0%| F|  |TAMS 0x00000006d3f00000, 0x00000006d3f00000| Untracked 
| 306|0x00000006d4000000, 0x00000006d4000000, 0x00000006d4100000|  0%| F|  |TAMS 0x00000006d4000000, 0x00000006d4000000| Untracked 
| 307|0x00000006d4100000, 0x00000006d4100000, 0x00000006d4200000|  0%| F|  |TAMS 0x00000006d4100000, 0x00000006d4100000| Untracked 
| 308|0x00000006d4200000, 0x00000006d4200000, 0x00000006d4300000|  0%| F|  |TAMS 0x00000006d4200000, 0x00000006d4200000| Untracked 
| 309|0x00000006d4300000, 0x00000006d4300000, 0x00000006d4400000|  0%| F|  |TAMS 0x00000006d4300000, 0x00000006d4300000| Untracked 
| 310|0x00000006d4400000, 0x00000006d4400000, 0x00000006d4500000|  0%| F|  |TAMS 0x00000006d4400000, 0x00000006d4400000| Untracked 
| 311|0x00000006d4500000, 0x00000006d4500000, 0x00000006d4600000|  0%| F|  |TAMS 0x00000006d4500000, 0x00000006d4500000| Untracked 
| 312|0x00000006d4600000, 0x00000006d4600000, 0x00000006d4700000|  0%| F|  |TAMS 0x00000006d4600000, 0x00000006d4600000| Untracked 
| 313|0x00000006d4700000, 0x00000006d4700000, 0x00000006d4800000|  0%| F|  |TAMS 0x00000006d4700000, 0x00000006d4700000| Untracked 
| 314|0x00000006d4800000, 0x00000006d4800000, 0x00000006d4900000|  0%| F|  |TAMS 0x00000006d4800000, 0x00000006d4800000| Untracked 
| 315|0x00000006d4900000, 0x00000006d4900000, 0x00000006d4a00000|  0%| F|  |TAMS 0x00000006d4900000, 0x00000006d4900000| Untracked 
| 316|0x00000006d4a00000, 0x00000006d4a00000, 0x00000006d4b00000|  0%| F|  |TAMS 0x00000006d4a00000, 0x00000006d4a00000| Untracked 
| 317|0x00000006d4b00000, 0x00000006d4b00000, 0x00000006d4c00000|  0%| F|  |TAMS 0x00000006d4b00000, 0x00000006d4b00000| Untracked 
| 318|0x00000006d4c00000, 0x00000006d4d00000, 0x00000006d4d00000|100%| E|  |TAMS 0x00000006d4c00000, 0x00000006d4c00000| Complete 
| 319|0x00000006d4d00000, 0x00000006d4e00000, 0x00000006d4e00000|100%| E|CS|TAMS 0x00000006d4d00000, 0x00000006d4d00000| Complete 

Card table byte_map: [0x0000029c565e0000,0x0000029c56fe0000] _byte_map_base: 0x0000029c52fd9000

Marking Bits (Prev, Next): (CMBitMap*) 0x0000029c3e2d4fe0, (CMBitMap*) 0x0000029c3e2d4fa8
 Prev Bits: [0x0000029c5c9b0000, 0x0000029c61978000)
 Next Bits: [0x0000029c579e0000, 0x0000029c5c9a8000)

Polling page: 0x0000029c3e230000

Metaspace:

Usage:
  Non-class:     18.04 MB capacity,    17.75 MB ( 98%) used,   248.84 KB (  1%) free+waste,    38.88 KB ( <1%) overhead. 
      Class:      1.79 MB capacity,     1.68 MB ( 94%) used,    94.67 KB (  5%) free+waste,    16.56 KB ( <1%) overhead. 
       Both:     19.83 MB capacity,    19.44 MB ( 98%) used,   343.51 KB (  2%) free+waste,    55.44 KB ( <1%) overhead. 

Virtual space:
  Non-class space:       20.00 MB reserved,      18.25 MB ( 91%) committed 
      Class space:        1.00 GB reserved,       1.88 MB ( <1%) committed 
             Both:        1.02 GB reserved,      20.13 MB (  2%) committed 

Chunk freelists:
   Non-Class:  3.50 KB
       Class:  2.63 KB
        Both:  6.13 KB

CodeHeap 'non-profiled nmethods': size=120064Kb used=1691Kb max_used=1691Kb free=118372Kb
 bounds [0x0000029c4e060000, 0x0000029c4e2d0000, 0x0000029c555a0000]
CodeHeap 'profiled nmethods': size=120000Kb used=5148Kb max_used=5148Kb free=114851Kb
 bounds [0x0000029c46b30000, 0x0000029c47040000, 0x0000029c4e060000]
CodeHeap 'non-nmethods': size=5696Kb used=1567Kb max_used=1604Kb free=4128Kb
 bounds [0x0000029c465a0000, 0x0000029c46810000, 0x0000029c46b30000]
 total_blobs=4722 nmethods=2618 adapters=1031
 compilation: enabled
              stopped_count=0, restarted_count=0
 full_count=0

Compilation events (10 events):
Event: 10.179 Thread 0x0000029c6498d800 2729       4       java.text.AttributedCharacterIterator$Attribute::hashCode (5 bytes)
Event: 10.180 Thread 0x0000029c6498d800 nmethod 2729 0x0000029c4e206490 code [0x0000029c4e206620, 0x0000029c4e2066c8]
Event: 10.290 Thread 0x0000029c6498d800 2730       4       java.lang.Object::equals (11 bytes)
Event: 10.290 Thread 0x0000029c6498d800 nmethod 2730 0x0000029c4e206790 code [0x0000029c4e206920, 0x0000029c4e206998]
Event: 10.296 Thread 0x0000029c6499b800 2731   !   3       java.lang.ref.Finalizer::runFinalizer (117 bytes)
Event: 10.297 Thread 0x0000029c6498d800 2732       4       java.lang.System$2::invokeFinalize (5 bytes)
Event: 10.297 Thread 0x0000029c6499b800 nmethod 2731 0x0000029c47037610 code [0x0000029c47037840, 0x0000029c47038330]
Event: 10.297 Thread 0x0000029c6498d800 nmethod 2732 0x0000029c4e206a10 code [0x0000029c4e206ba0, 0x0000029c4e206c18]
Event: 10.297 Thread 0x0000029c6498d800 2733       4       playn.core.Texture::finalize (16 bytes)
Event: 10.297 Thread 0x0000029c6498d800 nmethod 2733 0x0000029c4e206c90 code [0x0000029c4e206e20, 0x0000029c4e206e98]

GC Heap History (8 events):
Event: 1.525 GC heap before
{Heap before GC invocations=0 (full 0):
 garbage-first heap   total 327680K, used 15360K [0x00000006c0e00000, 0x0000000800000000)
  region size 1024K, 16 young (16384K), 0 survivors (0K)
 Metaspace       used 13454K, capacity 13694K, committed 14080K, reserved 1062912K
  class space    used 1086K, capacity 1164K, committed 1280K, reserved 1048576K
}
Event: 1.528 GC heap after
{Heap after GC invocations=1 (full 0):
 garbage-first heap   total 327680K, used 2268K [0x00000006c0e00000, 0x0000000800000000)
  region size 1024K, 2 young (2048K), 2 survivors (2048K)
 Metaspace       used 13454K, capacity 13694K, committed 14080K, reserved 1062912K
  class space    used 1086K, capacity 1164K, committed 1280K, reserved 1048576K
}
Event: 2.885 GC heap before
{Heap before GC invocations=1 (full 0):
 garbage-first heap   total 327680K, used 163036K [0x00000006c0e00000, 0x0000000800000000)
  region size 1024K, 43 young (44032K), 2 survivors (2048K)
 Metaspace       used 17970K, capacity 18248K, committed 18432K, reserved 1067008K
  class space    used 1576K, capacity 1684K, committed 1792K, reserved 1048576K
}
Event: 2.891 GC heap after
{Heap after GC invocations=2 (full 0):
 garbage-first heap   total 327680K, used 45613K [0x00000006c0e00000, 0x0000000800000000)
  region size 1024K, 11 young (11264K), 11 survivors (11264K)
 Metaspace       used 17970K, capacity 18248K, committed 18432K, reserved 1067008K
  class space    used 1576K, capacity 1684K, committed 1792K, reserved 1048576K
}
Event: 6.463 GC heap before
{Heap before GC invocations=3 (full 0):
 garbage-first heap   total 327680K, used 153133K [0x00000006c0e00000, 0x0000000800000000)
  region size 1024K, 41 young (41984K), 11 survivors (11264K)
 Metaspace       used 19845K, capacity 20175K, committed 20352K, reserved 1067008K
  class space    used 1723K, capacity 1835K, committed 1920K, reserved 1048576K
}
Event: 6.469 GC heap after
{Heap after GC invocations=4 (full 0):
 garbage-first heap   total 327680K, used 61173K [0x00000006c0e00000, 0x0000000800000000)
  region size 1024K, 4 young (4096K), 4 survivors (4096K)
 Metaspace       used 19845K, capacity 20175K, committed 20352K, reserved 1067008K
  class space    used 1723K, capacity 1835K, committed 1920K, reserved 1048576K
}
Event: 10.284 GC heap before
{Heap before GC invocations=4 (full 0):
 garbage-first heap   total 327680K, used 109301K [0x00000006c0e00000, 0x0000000800000000)
  region size 1024K, 51 young (52224K), 4 survivors (4096K)
 Metaspace       used 19904K, capacity 20303K, committed 20608K, reserved 1069056K
  class space    used 1723K, capacity 1835K, committed 1920K, reserved 1048576K
}
Event: 10.289 GC heap after
{Heap after GC invocations=5 (full 0):
 garbage-first heap   total 327680K, used 62402K [0x00000006c0e00000, 0x0000000800000000)
  region size 1024K, 5 young (5120K), 5 survivors (5120K)
 Metaspace       used 19904K, capacity 20303K, committed 20608K, reserved 1069056K
  class space    used 1723K, capacity 1835K, committed 1920K, reserved 1048576K
}

Deoptimization events (10 events):
Event: 4.480 Thread 0x0000029c3e25e800 Uncommon trap: reason=unstable_if action=reinterpret pc=0x0000029c4e0df31c method=java.util.HashMap.putVal(ILjava/lang/Object;Ljava/lang/Object;ZZ)Ljava/lang/Object; @ 181 c2
Event: 4.497 Thread 0x0000029c3e25e800 Uncommon trap: reason=unstable_if action=reinterpret pc=0x0000029c4e06c364 method=java.lang.CharacterData.of(I)Ljava/lang/CharacterData; @ 4 c2
Event: 4.503 Thread 0x0000029c3e25e800 Uncommon trap: reason=unstable_if action=reinterpret pc=0x0000029c4e0a2a04 method=java.util.HashMap.putVal(ILjava/lang/Object;Ljava/lang/Object;ZZ)Ljava/lang/Object; @ 181 c2
Event: 4.505 Thread 0x0000029c3e25e800 Uncommon trap: reason=unstable_if action=reinterpret pc=0x0000029c4e184bfc method=java.util.ArrayList.fastRemove([Ljava/lang/Object;I)V @ 19 c2
Event: 4.530 Thread 0x0000029c3e25e800 Uncommon trap: reason=class_check action=maybe_recompile pc=0x0000029c4e16dd20 method=java.io.BufferedInputStream.read1([BII)I @ 39 c2
Event: 6.714 Thread 0x0000029c3e25e800 Uncommon trap: reason=intrinsic_or_type_checked_inlining action=make_not_entrant pc=0x0000029c4e1cda78 method=java.util.ArrayList.toArray([Ljava/lang/Object;)[Ljava/lang/Object; @ 36 c2
Event: 6.912 Thread 0x0000029c3e25e800 Uncommon trap: reason=unstable_if action=reinterpret pc=0x0000029c4e1c5d9c method=sun.font.FileFontStrike.getGlyphImagePtr(I)J @ 21 c2
Event: 6.912 Thread 0x0000029c3e25e800 Uncommon trap: reason=null_check action=make_not_entrant pc=0x0000029c4e1c39ec method=sun.font.FileFontStrike.getGlyphOutlineBounds(I)Ljava/awt/geom/Rectangle2D$Float; @ 31 c2
Event: 6.913 Thread 0x0000029c3e25e800 Uncommon trap: reason=unstable_if action=reinterpret pc=0x0000029c4e1c6650 method=sun.font.FileFontStrike.getGlyphImagePtr(I)J @ 21 c2
Event: 10.296 Thread 0x0000029c64936000 Uncommon trap: reason=unstable_if action=reinterpret pc=0x0000029c4e0a04b0 method=java.lang.ref.Finalizer.runFinalizer(Ljdk/internal/misc/JavaLangAccess;)V @ 21 c2

Classes redefined (0 events):
No events

Internal exceptions (10 events):
Event: 1.547 Thread 0x0000029c3e25e800 Exception <a 'java/lang/NoSuchMethodError'{0x00000006d4c46b40}: java.lang.invoke.DirectMethodHandle$Holder.invokeStatic(Ljava/lang/Object;Ljava/lang/Object;Ljava/lang/Object;Ljava/lang/Object;Ljava/lang/Object;Ljava/lang/Object;Ljava/lang/Object;Ljava/lan
Event: 1.548 Thread 0x0000029c3e25e800 Exception <a 'java/lang/NoSuchMethodError'{0x00000006d4c54b30}: java.lang.invoke.DirectMethodHandle$Holder.invokeSpecial(Ljava/lang/Object;Ljava/lang/Object;IILjava/lang/Object;Ljava/lang/Object;Ljava/lang/Object;)Ljava/lang/Object;> (0x00000006d4c54b30) 
Event: 1.548 Thread 0x0000029c3e25e800 Exception <a 'java/lang/NoSuchMethodError'{0x00000006d4c580b8}: java.lang.invoke.DelegatingMethodHandle$Holder.reinvoke_L(Ljava/lang/Object;IILjava/lang/Object;Ljava/lang/Object;Ljava/lang/Object;)Ljava/lang/Object;> (0x00000006d4c580b8) thrown at [t:/wor
Event: 1.549 Thread 0x0000029c3e25e800 Exception <a 'java/lang/NoSuchMethodError'{0x00000006d4c5c340}: java.lang.invoke.DirectMethodHandle$Holder.invokeStatic(Ljava/lang/Object;Ljava/lang/Object;Ljava/lang/Object;Ljava/lang/Object;I)Ljava/lang/Object;> (0x00000006d4c5c340) thrown at [t:/worksp
Event: 1.555 Thread 0x0000029c3e25e800 Exception <a 'java/io/FileNotFoundException'{0x00000006d4cbee78}> (0x00000006d4cbee78) thrown at [t:/workspace/open/src/hotspot/share/prims/jni.cpp, line 615]
Event: 1.656 Thread 0x0000029c6733f000 Implicit null exception at 0x0000029c4e0b95a4 to 0x0000029c4e0b9816
Event: 4.491 Thread 0x0000029c3e25e800 Exception <a 'java/lang/NoSuchMethodError'{0x00000006d49ea7d8}: java.lang.invoke.DirectMethodHandle$Holder.invokeStatic(Ljava/lang/Object;Ljava/lang/Object;Ljava/lang/Object;Ljava/lang/Object;Ljava/lang/Object;Ljava/lang/Object;Ljava/lang/Object;Ljava/lan
Event: 4.492 Thread 0x0000029c3e25e800 Exception <a 'java/lang/NoSuchMethodError'{0x00000006d4808e88}: java.lang.invoke.DirectMethodHandle$Holder.invokeStatic(Ljava/lang/Object;Ljava/lang/Object;Ljava/lang/Object;Ljava/lang/Object;Ljava/lang/Object;Ljava/lang/Object;Ljava/lang/Object;Ljava/lan
Event: 4.493 Thread 0x0000029c3e25e800 Exception <a 'java/lang/NoSuchMethodError'{0x00000006d4827eb8}: java.lang.invoke.DirectMethodHandle$Holder.invokeStatic(Ljava/lang/Object;Ljava/lang/Object;Ljava/lang/Object;Ljava/lang/Object;Ljava/lang/Object;Ljava/lang/Object;Ljava/lang/Object;Ljava/lan
Event: 4.495 Thread 0x0000029c3e25e800 Exception <a 'java/lang/NoSuchMethodError'{0x00000006d4848570}: java.lang.invoke.DirectMethodHandle$Holder.invokeStatic(Ljava/lang/Object;Ljava/lang/Object;Ljava/lang/Object;Ljava/lang/Object;Ljava/lang/Object;Ljava/lang/Object;Ljava/lang/Object;Ljava/lan

Events (10 events):
Event: 6.912 Thread 0x0000029c3e25e800 DEOPT PACKING pc=0x0000029c4e1c39ec sp=0x000000f5860fdcb0
Event: 6.912 Thread 0x0000029c3e25e800 DEOPT UNPACKING pc=0x0000029c465c91af sp=0x000000f5860fdb20 mode 2
Event: 6.913 Thread 0x0000029c3e25e800 Uncommon trap: trap_request=0xffffff4d fr.pc=0x0000029c4e1c6650 relative=0x0000000000000290
Event: 6.913 Thread 0x0000029c3e25e800 DEOPT PACKING pc=0x0000029c4e1c6650 sp=0x000000f5860fce70
Event: 6.913 Thread 0x0000029c3e25e800 DEOPT UNPACKING pc=0x0000029c465c91af sp=0x000000f5860fcd70 mode 2
Event: 10.284 Executing VM operation: G1CollectForAllocation
Event: 10.289 Executing VM operation: G1CollectForAllocation done
Event: 10.296 Thread 0x0000029c64936000 Uncommon trap: trap_request=0xffffff4d fr.pc=0x0000029c4e0a04b0 relative=0x00000000000006d0
Event: 10.296 Thread 0x0000029c64936000 DEOPT PACKING pc=0x0000029c4e0a04b0 sp=0x000000f5868ff2a0
Event: 10.296 Thread 0x0000029c64936000 DEOPT UNPACKING pc=0x0000029c465c91af sp=0x000000f5868ff248 mode 2


Dynamic libraries:
0x00007ff7e92d0000 - 0x00007ff7e9315000 	G:\jdk-11.0.2\bin\java.exe
0x00007ffcd90d0000 - 0x00007ffcd92c6000 	C:\Windows\SYSTEM32\ntdll.dll
0x00007ffcd8790000 - 0x00007ffcd884d000 	C:\Windows\System32\KERNEL32.DLL
0x00007ffcd69c0000 - 0x00007ffcd6c89000 	C:\Windows\System32\KERNELBASE.dll
0x00007ffcd7a70000 - 0x00007ffcd7c10000 	C:\Windows\System32\USER32.dll
0x00007ffcd7100000 - 0x00007ffcd7122000 	C:\Windows\System32\win32u.dll
0x00007ffcd8a20000 - 0x00007ffcd8a4a000 	C:\Windows\System32\GDI32.dll
0x00007ffcd6c90000 - 0x00007ffcd6d9b000 	C:\Windows\System32\gdi32full.dll
0x00007ffcd6f30000 - 0x00007ffcd6fcd000 	C:\Windows\System32\msvcp_win.dll
0x00007ffcd6da0000 - 0x00007ffcd6ea0000 	C:\Windows\System32\ucrtbase.dll
0x00007ffcbfcb0000 - 0x00007ffcbff4b000 	C:\Windows\WinSxS\amd64_microsoft.windows.common-controls_6595b64144ccf1df_6.0.19041.746_none_ca02b4b61b8320a4\COMCTL32.dll
0x00007ffcd8a50000 - 0x00007ffcd8aee000 	C:\Windows\System32\msvcrt.dll
0x00007ffcd7190000 - 0x00007ffcd71c0000 	C:\Windows\System32\IMM32.DLL
0x00007ffcc6c20000 - 0x00007ffcc6c36000 	G:\jdk-11.0.2\bin\vcruntime140.dll
0x00007ffcab6c0000 - 0x00007ffcab76a000 	G:\jdk-11.0.2\bin\msvcp140.dll
0x00007ffc787b0000 - 0x00007ffc792d3000 	G:\jdk-11.0.2\bin\server\jvm.dll
0x00007ffcd8970000 - 0x00007ffcd8a1c000 	C:\Windows\System32\ADVAPI32.dll
0x00007ffcd84e0000 - 0x00007ffcd857c000 	C:\Windows\System32\sechost.dll
0x00007ffcd7280000 - 0x00007ffcd73ab000 	C:\Windows\System32\RPCRT4.dll
0x00007ffcd71c0000 - 0x00007ffcd71c8000 	C:\Windows\System32\PSAPI.DLL
0x00007ffcd23e0000 - 0x00007ffcd23e9000 	C:\Windows\SYSTEM32\WSOCK32.dll
0x00007ffcd78f0000 - 0x00007ffcd795b000 	C:\Windows\System32\WS2_32.dll
0x00007ffcc6060000 - 0x00007ffcc6087000 	C:\Windows\SYSTEM32\WINMM.dll
0x00007ffccf7a0000 - 0x00007ffccf7aa000 	C:\Windows\SYSTEM32\VERSION.dll
0x00007ffcd4790000 - 0x00007ffcd47a2000 	C:\Windows\SYSTEM32\kernel.appcore.dll
0x00007ffcc6bd0000 - 0x00007ffcc6be1000 	G:\jdk-11.0.2\bin\verify.dll
0x00007ffcb9450000 - 0x00007ffcb9634000 	C:\Windows\SYSTEM32\DBGHELP.DLL
0x00007ffccea50000 - 0x00007ffccea7c000 	C:\Windows\SYSTEM32\dbgcore.DLL
0x00007ffcd6fd0000 - 0x00007ffcd7050000 	C:\Windows\System32\bcryptPrimitives.dll
0x00007ffcc6ba0000 - 0x00007ffcc6bc8000 	G:\jdk-11.0.2\bin\java.dll
0x00007ffcba950000 - 0x00007ffcba966000 	G:\jdk-11.0.2\bin\zip.dll
0x00007ffcd05f0000 - 0x00007ffcd05fa000 	G:\jdk-11.0.2\bin\jimage.dll
0x00007ffcd7ce0000 - 0x00007ffcd8423000 	C:\Windows\System32\SHELL32.dll
0x00007ffcd4990000 - 0x00007ffcd511f000 	C:\Windows\SYSTEM32\windows.storage.dll
0x00007ffcd7510000 - 0x00007ffcd7866000 	C:\Windows\System32\combase.dll
0x00007ffcd61a0000 - 0x00007ffcd61cc000 	C:\Windows\SYSTEM32\Wldp.dll
0x00007ffcd8430000 - 0x00007ffcd84de000 	C:\Windows\System32\SHCORE.dll
0x00007ffcd73b0000 - 0x00007ffcd7405000 	C:\Windows\System32\shlwapi.dll
0x00007ffcd6740000 - 0x00007ffcd6766000 	C:\Windows\SYSTEM32\profapi.dll
0x00007ffcba930000 - 0x00007ffcba949000 	G:\jdk-11.0.2\bin\net.dll
0x00007ffcc90f0000 - 0x00007ffcc92dd000 	C:\Windows\SYSTEM32\urlmon.dll
0x00007ffccedb0000 - 0x00007ffcceeb0000 	C:\Windows\SYSTEM32\WINHTTP.dll
0x00007ffccaa60000 - 0x00007ffccad10000 	C:\Windows\SYSTEM32\iertutil.dll
0x00007ffcd5f20000 - 0x00007ffcd5f8a000 	C:\Windows\system32\mswsock.dll
0x00007ffcba4c0000 - 0x00007ffcba4d3000 	G:\jdk-11.0.2\bin\nio.dll
0x00007ffcca530000 - 0x00007ffcca539000 	G:\jdk-11.0.2\bin\prefs.dll
0x00007ffcb1ea0000 - 0x00007ffcb1ef7000 	C:\Users\manta\AppData\Local\Temp\lwjglmanta\3.1.2-build-29\lwjgl.dll
0x00007ffcb9c60000 - 0x00007ffcb9c9d000 	C:\Users\manta\AppData\Local\Temp\lwjglmanta\3.1.2-build-29\glfw.dll
0x00007ffcd42d0000 - 0x00007ffcd436e000 	C:\Windows\system32\uxtheme.dll
0x00007ffcaf210000 - 0x00007ffcaf255000 	C:\Windows\SYSTEM32\dinput8.dll
0x00007ffc8f320000 - 0x00007ffc8f331000 	C:\Windows\SYSTEM32\xinput1_4.dll
0x00007ffcd6970000 - 0x00007ffcd69be000 	C:\Windows\System32\cfgmgr32.dll
0x00007ffcd64e0000 - 0x00007ffcd650c000 	C:\Windows\SYSTEM32\DEVOBJ.dll
0x00007ffcd45b0000 - 0x00007ffcd45df000 	C:\Windows\SYSTEM32\dwmapi.dll
0x00007ffccd1e0000 - 0x00007ffccd332000 	C:\Windows\SYSTEM32\inputhost.dll
0x00007ffcd7c10000 - 0x00007ffcd7cdd000 	C:\Windows\System32\OLEAUT32.dll
0x00007ffcd3fa0000 - 0x00007ffcd4092000 	C:\Windows\SYSTEM32\CoreMessaging.dll
0x00007ffcd2490000 - 0x00007ffcd2587000 	C:\Windows\SYSTEM32\PROPSYS.dll
0x00007ffcd3a70000 - 0x00007ffcd3bc4000 	C:\Windows\SYSTEM32\wintypes.dll
0x00007ffcd3c40000 - 0x00007ffcd3f9e000 	C:\Windows\SYSTEM32\CoreUIComponents.dll
0x00007ffcd5550000 - 0x00007ffcd5583000 	C:\Windows\SYSTEM32\ntmarta.dll
0x00007ffcd8850000 - 0x00007ffcd8966000 	C:\Windows\System32\MSCTF.dll
0x00007ffcd5120000 - 0x00007ffcd512d000 	C:\Windows\SYSTEM32\HID.DLL
0x00007ffcd8c20000 - 0x00007ffcd9087000 	C:\Windows\System32\SETUPAPI.DLL
0x00007ffcd6f00000 - 0x00007ffcd6f27000 	C:\Windows\System32\bcrypt.dll
0x00007ffcd6ea0000 - 0x00007ffcd6f00000 	C:\Windows\System32\WINTRUST.dll
0x00007ffcd6810000 - 0x00007ffcd6966000 	C:\Windows\System32\CRYPT32.dll
0x00007ffcd6320000 - 0x00007ffcd6332000 	C:\Windows\SYSTEM32\MSASN1.dll
0x00007ffc91280000 - 0x00007ffc913a5000 	C:\Windows\SYSTEM32\opengl32.dll
0x00007ffcba180000 - 0x00007ffcba1ac000 	C:\Windows\SYSTEM32\GLU32.dll
0x00007ffcd71d0000 - 0x00007ffcd7279000 	C:\Windows\System32\clbcatq.dll
0x00007ffc70be0000 - 0x00007ffc735bc000 	C:\Windows\System32\DriverStore\FileRepository\nv_dispi.inf_amd64_3784df9edffd3314\nvoglv64.dll
0x00007ffcd8af0000 - 0x00007ffcd8c1a000 	C:\Windows\System32\ole32.dll
0x00007ffcd0e10000 - 0x00007ffcd0e24000 	C:\Windows\SYSTEM32\WTSAPI32.dll
0x00007ffccf720000 - 0x00007ffccf751000 	C:\Windows\SYSTEM32\cryptnet.dll
0x00007ffcd60f0000 - 0x00007ffcd60fc000 	C:\Windows\SYSTEM32\cryptbase.dll
0x00007ffcc6590000 - 0x00007ffcc65cb000 	C:\Windows\SYSTEM32\dxcore.dll
0x00007ffc973f0000 - 0x00007ffc976a9000 	C:\Windows\system32\nvspcap64.dll
0x00007ffcd6670000 - 0x00007ffcd66bb000 	C:\Windows\SYSTEM32\powrprof.dll
0x00007ffcd6650000 - 0x00007ffcd6662000 	C:\Windows\SYSTEM32\UMPDC.dll
0x00007ffcd6540000 - 0x00007ffcd659a000 	C:\Windows\SYSTEM32\WINSTA.dll
0x00007ffccd3f0000 - 0x00007ffccd4eb000 	C:\Windows\SYSTEM32\textinputframework.dll
0x00007ffcca060000 - 0x00007ffcca0bc000 	C:\Users\manta\AppData\Local\Temp\lwjglmanta\3.1.2-build-29\lwjgl_opengl.dll
0x00007ffc8f160000 - 0x00007ffc8f2fe000 	G:\jdk-11.0.2\bin\awt.dll
0x00007ffcd2b90000 - 0x00007ffcd3150000 	C:\Windows\SYSTEM32\d2d1.dll
0x00007ffcd41d0000 - 0x00007ffcd4260000 	C:\Windows\SYSTEM32\apphelp.dll
0x00007ffcca430000 - 0x00007ffcca442000 	G:\jdk-11.0.2\bin\jsound.dll
0x00007ffc8e5d0000 - 0x00007ffc8e66c000 	C:\Windows\SYSTEM32\DSOUND.dll
0x00007ffcb1380000 - 0x00007ffcb13a6000 	C:\Windows\SYSTEM32\winmmbase.dll
0x00007ffcd0bc0000 - 0x00007ffcd0c45000 	C:\Windows\System32\MMDevApi.dll
0x00007ffcbd880000 - 0x00007ffcbd8c6000 	C:\Windows\SYSTEM32\wdmaud.drv
0x00007ffcd09b0000 - 0x00007ffcd09ba000 	C:\Windows\SYSTEM32\AVRT.dll
0x00007ffcd1b90000 - 0x00007ffcd1b99000 	C:\Windows\SYSTEM32\ksuser.dll
0x00007ffcd0ea0000 - 0x00007ffcd1023000 	C:\Windows\SYSTEM32\AUDIOSES.DLL
0x00007ffcbd870000 - 0x00007ffcbd87d000 	C:\Windows\SYSTEM32\msacm32.drv
0x00007ffcbc060000 - 0x00007ffcbc07e000 	C:\Windows\SYSTEM32\MSACM32.dll
0x00007ffcbb590000 - 0x00007ffcbb59b000 	C:\Windows\SYSTEM32\midimap.dll
0x00007ffcd43b0000 - 0x00007ffcd43c4000 	C:\Windows\SYSTEM32\resourcepolicyclient.dll
0x00007ffccd4f0000 - 0x00007ffccd631000 	C:\Windows\System32\Windows.UI.dll
0x00007ffccd340000 - 0x00007ffccd3e1000 	C:\Windows\System32\WindowManagementAPI.dll
0x00007ffccf7b0000 - 0x00007ffccf9b1000 	C:\Windows\System32\twinapi.appcore.dll
0x00007ffcc9fe0000 - 0x00007ffcca060000 	G:\jdk-11.0.2\bin\freetype.dll
0x00007ffc91210000 - 0x00007ffc9127f000 	G:\jdk-11.0.2\bin\fontmanager.dll

dbghelp: loaded successfully - version: 4.0.5 - missing functions: none
symbol engine: initialized successfully - sym options: 0x614 - pdb path: .;G:\jdk-11.0.2\bin;C:\Windows\SYSTEM32;C:\Windows\WinSxS\amd64_microsoft.windows.common-controls_6595b64144ccf1df_6.0.19041.746_none_ca02b4b61b8320a4;G:\jdk-11.0.2\bin\server;C:\Users\manta\AppData\Local\Temp\lwjglmanta\3.1.2-build-29;C:\Windows\System32\DriverStore\FileRepository\nv_dispi.inf_amd64_3784df9edffd3314

VM Arguments:
jvm_args: -Dfoo=bar 
java_command: playn.sample.hello.java.HelloGameJava
java_class_path (initial): C:\Users\manta\OneDrive\Документы\GitHub\warpdeath\playn-samples-master\hello\java\target\classes;C:\Users\manta\OneDrive\Документы\GitHub\warpdeath\playn-samples-master\hello\core\target\classes;C:\Users\manta\.m2\repository\io\playn\playn-scene\2.0\playn-scene-2.0.jar;C:\Users\manta\.m2\repository\io\playn\playn-core\2.0\playn-core-2.0.jar;C:\Users\manta\.m2\repository\com\samskivert\pythagoras\1.4.3\pythagoras-1.4.3.jar;C:\Users\manta\.m2\repository\com\threerings\react\1.5.3\react-1.5.3.jar;C:\Users\manta\OneDrive\Документы\GitHub\warpdeath\playn-samples-master\hello\assets\target\classes;C:\Users\manta\.m2\repository\io\playn\playn-java-lwjgl\2.0\playn-java-lwjgl-2.0.jar;C:\Users\manta\.m2\repository\io\playn\playn-java-base\2.0\playn-java-base-2.0.jar;C:\Users\manta\.m2\repository\com\googlecode\soundlibs\mp3spi\1.9.5-1\mp3spi-1.9.5-1.jar;C:\Users\manta\.m2\repository\com\googlecode\soundlibs\jlayer\1.0.1-1\jlayer-1.0.1-1.jar;C:\Users\manta\.m2\repository\com\googlecode\soundlibs\tritonus-share\0.3.7-1\tritonus-share-0.3.7-1.jar;C:\Users\manta\.m2\repository\org\java-websocket\Java-WebSocket\1.3.0\Java-WebSocket-1.3.0.jar;C:\Users\manta\.m2\repository\org\lwjgl\lwjgl\3.1.2\lwjgl-3.1.2.jar;C:\Users\manta\.m2\repository\org\lwjgl\lwjgl\3.1.2\lwjgl-3.1.2-natives-linux.jar;C:\Users\manta\.m2\repository\org\lwjgl\lwjgl\3.1.2\lwjgl-3.1.2-natives-windows.jar;C:\Users\manta\.m2\repository\org\lwjgl\lwjgl\3.1.2\lwjgl-3.1.2-natives-macos.jar;C:\Users\manta\.m2\repository\org\lwjgl\lwjgl-opengl\3.1.2\lwjgl-opengl-3.1.2.jar;C:\Users\manta\.m2\repository\org\lwjgl\lwjgl-opengl\3.1.2\lwjgl-opengl-3.1.2-natives-linux.jar;C:\Users\manta\.m2\repository\org\lwjgl\lwjgl-opengl\3.1.2\lwjgl-opengl-3.1.2-natives-windows.jar;C:\Users\manta\.m2\repository\org\lwjgl\lwjgl-opengl\3.1.2\lwjgl-opengl-3.1.2-natives-macos.jar;C:\Users\manta\.m2\repository\org\lwjgl\lwjgl-glfw\3.1.2\lwjgl-glfw-3.1.2.jar;C:\Users\manta\.m2\repository\org\lwjgl\lwjgl-glfw\3.1.2\lw
Launcher Type: SUN_STANDARD

[Global flags]
     intx CICompilerCount                          = 3                                         {product} {ergonomic}
     uint ConcGCThreads                            = 1                                         {product} {ergonomic}
     uint G1ConcRefinementThreads                  = 4                                         {product} {ergonomic}
   size_t G1HeapRegionSize                         = 1048576                                   {product} {ergonomic}
    uintx GCDrainStackTargetSize                   = 64                                        {product} {ergonomic}
   size_t InitialHeapSize                          = 335544320                                 {product} {ergonomic}
   size_t MarkStackSize                            = 4194304                                   {product} {ergonomic}
   size_t MaxHeapSize                              = 5354029056                                {product} {ergonomic}
   size_t MaxNewSize                               = 3211788288                                {product} {ergonomic}
   size_t MinHeapDeltaBytes                        = 1048576                                   {product} {ergonomic}
    uintx NonNMethodCodeHeapSize                   = 5830092                                {pd product} {ergonomic}
    uintx NonProfiledCodeHeapSize                  = 122914074                              {pd product} {ergonomic}
    uintx ProfiledCodeHeapSize                     = 122914074                              {pd product} {ergonomic}
    uintx ReservedCodeCacheSize                    = 251658240                              {pd product} {ergonomic}
     bool SegmentedCodeCache                       = true                                      {product} {ergonomic}
     bool UseCompressedClassPointers               = true                                 {lp64_product} {ergonomic}
     bool UseCompressedOops                        = true                                 {lp64_product} {ergonomic}
     bool UseG1GC                                  = true                                      {product} {ergonomic}
     bool UseLargePagesIndividualAllocation        = false                                  {pd product} {ergonomic}

Logging:
Log output configuration:
 #0: stdout all=warning uptime,level,tags
 #1: stderr all=off uptime,level,tags

Environment Variables:
PATH=C:\Windows\system32;C:\Windows;C:\Windows\System32\Wbem;C:\Windows\System32\WindowsPowerShell\v1.0\;C:\Windows\System32\OpenSSH\;C:\Program Files (x86)\NVIDIA Corporation\PhysX\Common;C:\Program Files\NVIDIA Corporation\NVIDIA NvDLISR;C:\Program Files\Polyspace\R2020b\bin;C:\Users\manta\AppData\Local\Microsoft\WindowsApps;C:\Users\manta\AppData\Local\atom\bin;C:\Users\manta\AppData\Local\GitHubDesktop\bin;G:\jdk-11.0.2\bin;G:\apache-maven-3.8.1\bin;
USERNAME=manta
OS=Windows_NT
PROCESSOR_IDENTIFIER=Intel64 Family 6 Model 60 Stepping 3, GenuineIntel



---------------  S Y S T E M  ---------------

OS: Windows 10 , 64 bit Build 19041 (10.0.19041.662)

CPU:total 4 (initial active 4) (4 cores per cpu, 1 threads per core) family 6 model 60 stepping 3, cmov, cx8, fxsr, mmx, sse, sse2, sse3, ssse3, sse4.1, sse4.2, popcnt, avx, avx2, aes, clmul, erms, lzcnt, tsc, tscinvbit, bmi1, bmi2, fma

Memory: 4k page, system-wide physical 20419M (5782M free)
TotalPageFile size 40770M (AvailPageFile size 5584M)
current process WorkingSet (physical memory assigned to process): 330M, peak: 370M
current process commit charge ("private bytes"): 501M, peak: 549M

vm_info: OpenJDK 64-Bit Server VM (11.0.2+9) for windows-amd64 JRE (11.0.2+9), built on Jan 18 2019 05:23:22 by "mach5one" with MS VC++ 15.5 (VS2017)

END.
