#
# A fatal error has been detected by the Java Runtime Environment:
#
#  EXCEPTION_ACCESS_VIOLATION (0xc0000005) at pc=0x00007ffc1be9ecfd, pid=31140, tid=0x0000000000007b14
#
# JRE version: OpenJDK Runtime Environment (8.0_282-b08) (build 1.8.0_282-b08)
# Java VM: OpenJDK 64-Bit Server VM (25.282-b08 mixed mode windows-amd64 compressed oops)
# Problematic frame:
# C  [lwjgl_opengl.dll+0xecfd]
#
# Failed to write core dump. Minidumps are not enabled by default on client versions of Windows
#
# If you would like to submit a bug report, please visit:
#   https://github.com/AdoptOpenJDK/openjdk-support/issues
# The crash happened outside the Java Virtual Machine in native code.
# See problematic frame for where to report the bug.
#

---------------  T H R E A D  ---------------

Current thread (0x0000014c0a08a800):  JavaThread "Finalizer" daemon [_thread_in_native, id=31508, stack(0x000000441c300000,0x000000441c400000)]

siginfo: ExceptionCode=0xc0000005, reading address 0x00000000000009d8

Registers:
RAX=0x00000000766f9660, RBX=0x0000014c7fdec850, RCX=0x0000000000000001, RDX=0x0000014c0bba2540
RSP=0x000000441c3ff0e8, RBP=0x000000441c3ff168, RSI=0x0000014c0bba2540, RDI=0x0000000000000118
R8 =0x0000000000000001, R9 =0x0000014c0bba2540, R10=0x0000000000000000, R11=0x0000000076181670
R12=0x0000000000000000, R13=0x0000014c7fdec850, R14=0x000000441c3ff198, R15=0x0000014c0a08a800
RIP=0x00007ffc1be9ecfd, EFLAGS=0x0000000000010202

Top of Stack: (sp=0x000000441c3ff0e8)
0x000000441c3ff0e8:   0000014c6e889c8e 000000441c3ff138
0x000000441c3ff0f8:   0000014c7fbc5358 0000000000000000
0x000000441c3ff108:   0000014c7fbc0368 0000000000000000
0x000000441c3ff118:   000000441c3ff130 000000441c3ff180
0x000000441c3ff128:   000000441c3ff128 0000000000000000
0x000000441c3ff138:   000000441c3ff198 0000014c7fe0a0b8
0x000000441c3ff148:   0000000000000000 0000014c7fdec850
0x000000441c3ff158:   0000000000000000 000000441c3ff188
0x000000441c3ff168:   000000441c3ff1e0 0000014c6e8780bd
0x000000441c3ff178:   000000075ab3b718 0000014c6e882ab8
0x000000441c3ff188:   0000014c0bba2540 000000075aa9df48
0x000000441c3ff198:   0000000000000001 000000441c3ff1a0
0x000000441c3ff1a8:   0000014c7fdec8f0 000000441c3ff1f0
0x000000441c3ff1b8:   0000014c7fe0a0b8 0000000000000000
0x000000441c3ff1c8:   0000014c7fdec908 000000441c3ff188
0x000000441c3ff1d8:   000000441c3ff1f0 000000441c3ff238 

Instructions: (pc=0x00007ffc1be9ecfd)
0x00007ffc1be9ecdd:   49 ff a2 00 0f 00 00 cc cc cc cc cc cc cc cc cc
0x00007ffc1be9eced:   cc cc cc 48 8b 01 49 8b d1 41 8b c8 4c 8b 50 18
0x00007ffc1be9ecfd:   49 ff a2 d8 09 00 00 cc cc cc cc cc cc cc cc cc
0x00007ffc1be9ed0d:   cc cc cc 48 8b 01 49 8b d1 41 8b c8 4c 8b 50 18 


Register to memory mapping:

RAX=0x00000000766f9660 is an unknown value
RBX={method} {0x0000014c7fdec858} 'nglDeleteTextures' '(IJ)V' in 'org/lwjgl/opengl/GL11'
RCX=0x0000000000000001 is an unknown value
RDX=0x0000014c0bba2540 is an unknown value
RSP=0x000000441c3ff0e8 is pointing into the stack for thread: 0x0000014c0a08a800
RBP=0x000000441c3ff168 is pointing into the stack for thread: 0x0000014c0a08a800
RSI=0x0000014c0bba2540 is an unknown value
RDI=0x0000000000000118 is an unknown value
R8 =0x0000000000000001 is an unknown value
R9 =0x0000014c0bba2540 is an unknown value
R10=0x0000000000000000 is an unknown value
R11=0x0000000076181670 is an unknown value
R12=0x0000000000000000 is an unknown value
R13={method} {0x0000014c7fdec858} 'nglDeleteTextures' '(IJ)V' in 'org/lwjgl/opengl/GL11'
R14=0x000000441c3ff198 is pointing into the stack for thread: 0x0000014c0a08a800
R15=0x0000014c0a08a800 is a thread


Stack: [0x000000441c300000,0x000000441c400000],  sp=0x000000441c3ff0e8,  free space=1020k
Native frames: (J=compiled Java code, j=interpreted, Vv=VM code, C=native code)
C  [net.dll+0xecfd]

Java frames: (J=compiled Java code, j=interpreted, Vv=VM code)
j  org.lwjgl.opengl.GL11.nglDeleteTextures(IJ)V+0
j  org.lwjgl.opengl.GL11.glDeleteTextures(Ljava/nio/IntBuffer;)V+8
j  playn.java.LWJGLGL20.glDeleteTextures(ILjava/nio/IntBuffer;)V+1
j  playn.core.GL20.glDeleteTexture(I)V+17
j  playn.core.Texture.close()V+23
j  playn.core.Texture.release()V+48
J 1188 C1 playn.scene.ImageLayer.setTile(Lplayn/core/Tile;)Lplayn/scene/ImageLayer; (47 bytes) @ 0x0000014c6eccf484 [0x0000014c6eccf2c0+0x1c4]
j  playn.scene.ImageLayer.finalize()V+5
j  java.lang.System$2.invokeFinalize(Ljava/lang/Object;)V+1
j  java.lang.ref.Finalizer.runFinalizer(Lsun/misc/JavaLangAccess;)V+46
j  java.lang.ref.Finalizer.access$100(Ljava/lang/ref/Finalizer;Lsun/misc/JavaLangAccess;)V+2
j  java.lang.ref.Finalizer$FinalizerThread.run()V+45
v  ~StubRoutines::call_stub

---------------  P R O C E S S  ---------------

Java Threads: ( => current thread )
  0x0000014c11aed000 JavaThread "pool-1-thread-4" [_thread_in_native, id=30588, stack(0x000000441d500000,0x000000441d600000)]
  0x0000014c118c9800 JavaThread "pool-1-thread-3" [_thread_in_native, id=31324, stack(0x000000441d400000,0x000000441d500000)]
  0x0000014c119f2000 JavaThread "pool-1-thread-2" [_thread_in_native, id=30880, stack(0x000000441d300000,0x000000441d400000)]
  0x0000014c119f1000 JavaThread "pool-1-thread-1" [_thread_in_native, id=5964, stack(0x000000441d200000,0x000000441d300000)]
  0x0000014c11be3000 JavaThread "Java2D Disposer" daemon [_thread_blocked, id=15672, stack(0x000000441d100000,0x000000441d200000)]
  0x0000014c0a87d800 JavaThread "Service Thread" daemon [_thread_blocked, id=4920, stack(0x000000441c900000,0x000000441ca00000)]
  0x0000014c0a7f9800 JavaThread "C1 CompilerThread2" daemon [_thread_blocked, id=30592, stack(0x000000441c800000,0x000000441c900000)]
  0x0000014c0a7ed800 JavaThread "C2 CompilerThread1" daemon [_thread_in_native, id=30700, stack(0x000000441c700000,0x000000441c800000)]
  0x0000014c0a7e9000 JavaThread "C2 CompilerThread0" daemon [_thread_in_native, id=31956, stack(0x000000441c600000,0x000000441c700000)]
  0x0000014c0a7e3000 JavaThread "Attach Listener" daemon [_thread_blocked, id=24560, stack(0x000000441c500000,0x000000441c600000)]
  0x0000014c0a7de000 JavaThread "Signal Dispatcher" daemon [_thread_blocked, id=33272, stack(0x000000441c400000,0x000000441c500000)]
=>0x0000014c0a08a800 JavaThread "Finalizer" daemon [_thread_in_native, id=31508, stack(0x000000441c300000,0x000000441c400000)]
  0x0000014c0a7b6000 JavaThread "Reference Handler" daemon [_thread_blocked, id=2816, stack(0x000000441c200000,0x000000441c300000)]
  0x0000014c6d008800 JavaThread "main" [_thread_in_vm, id=31412, stack(0x000000441bc00000,0x000000441bd00000)]

Other Threads:
  0x0000014c0a793000 VMThread [stack: 0x000000441c100000,0x000000441c200000] [id=25652]
  0x0000014c0a880800 WatcherThread [stack: 0x000000441ca00000,0x000000441cb00000] [id=21860]

VM state:not at safepoint (normal execution)

VM Mutex/Monitor currently owned by a thread:  ([mutex/lock_event])
[0x0000014c6d005d40] AdapterHandlerLibrary_lock - owner thread: 0x0000014c6d008800

heap address: 0x0000000680e00000, size: 5106 MB, Compressed Oops mode: Zero based, Oop shift amount: 3
Narrow klass base: 0x0000000000000000, Narrow klass shift: 3
Compressed class space size: 1073741824 Address: 0x00000007c0000000

Heap:
 PSYoungGen      total 95744K, used 20657K [0x0000000755a00000, 0x000000075c480000, 0x00000007c0000000)
  eden space 82432K, 8% used [0x0000000755a00000,0x0000000756130b20,0x000000075aa80000)
  from space 13312K, 99% used [0x000000075aa80000,0x000000075b77bb48,0x000000075b780000)
  to   space 13312K, 0% used [0x000000075b780000,0x000000075b780000,0x000000075c480000)
 ParOldGen       total 218624K, used 12600K [0x0000000680e00000, 0x000000068e380000, 0x0000000755a00000)
  object space 218624K, 5% used [0x0000000680e00000,0x0000000681a4e358,0x000000068e380000)
 Metaspace       used 13029K, capacity 13277K, committed 13440K, reserved 1060864K
  class space    used 1238K, capacity 1327K, committed 1408K, reserved 1048576K

Card table byte_map: [0x0000014c7dc30000,0x0000014c7e630000] byte_map_base: 0x0000014c7a829000

Marking Bits: (ParMarkBitMap*) 0x000000007676b810
 Begin Bits: [0x0000014c00000000, 0x0000014c04fc8000)
 End Bits:   [0x0000014c04fc8000, 0x0000014c09f90000)

Polling page: 0x0000014c6cf70000

CodeCache: size=245760Kb used=4746Kb max_used=4756Kb free=241013Kb
 bounds [0x0000014c6e870000, 0x0000014c6ed20000, 0x0000014c7d870000]
 total_blobs=2236 nmethods=1239 adapters=910
 compilation: enabled

Compilation events (10 events):
Event: 2.925 Thread 0x0000014c0a7f9800 1223       3       com.sun.imageio.plugins.png.PNGImageReader::setInput (20 bytes)
Event: 2.925 Thread 0x0000014c0a7f9800 nmethod 1223 0x0000014c6ed0a790 code [0x0000014c6ed0a900, 0x0000014c6ed0ac70]
Event: 2.930 Thread 0x0000014c0a7ed800 nmethod 1210 0x0000014c6ed0e050 code [0x0000014c6ed0e200, 0x0000014c6ed0e8c8]
Event: 2.930 Thread 0x0000014c0a7ed800 1224       4       java.util.HashMap$HashIterator::nextNode (100 bytes)
Event: 2.932 Thread 0x0000014c0a7ed800 nmethod 1224 0x0000014c6ed0ad50 code [0x0000014c6ed0aea0, 0x0000014c6ed0b0f8]
Event: 2.932 Thread 0x0000014c0a7ed800 1211       4       java.lang.Integer::valueOf (32 bytes)
Event: 2.933 Thread 0x0000014c0a7ed800 nmethod 1211 0x0000014c6ece26d0 code [0x0000014c6ece2800, 0x0000014c6ece2898]
Event: 2.947 Thread 0x0000014c0a7f9800 1225   !   3       java.lang.ref.Reference::tryHandlePending (115 bytes)
Event: 2.948 Thread 0x0000014c0a7f9800 nmethod 1225 0x0000014c6ed0c890 code [0x0000014c6ed0cac0, 0x0000014c6ed0d790]
Event: 2.948 Thread 0x0000014c0a7f9800 1229  s    3       java.util.Hashtable::remove (133 bytes)

GC Heap History (2 events):
Event: 2.936 GC heap before
{Heap before GC invocations=1 (full 0):
 PSYoungGen      total 95744K, used 82432K [0x0000000755a00000, 0x000000075c480000, 0x00000007c0000000)
  eden space 82432K, 100% used [0x0000000755a00000,0x000000075aa80000,0x000000075aa80000)
  from space 13312K, 0% used [0x000000075b780000,0x000000075b780000,0x000000075c480000)
  to   space 13312K, 0% used [0x000000075aa80000,0x000000075aa80000,0x000000075b780000)
 ParOldGen       total 218624K, used 0K [0x0000000680e00000, 0x000000068e380000, 0x0000000755a00000)
  object space 218624K, 0% used [0x0000000680e00000,0x0000000680e00000,0x000000068e380000)
 Metaspace       used 13019K, capacity 13277K, committed 13440K, reserved 1060864K
  class space    used 1238K, capacity 1327K, committed 1408K, reserved 1048576K
Event: 2.947 GC heap after
Heap after GC invocations=1 (full 0):
 PSYoungGen      total 95744K, used 13294K [0x0000000755a00000, 0x000000075c480000, 0x00000007c0000000)
  eden space 82432K, 0% used [0x0000000755a00000,0x0000000755a00000,0x000000075aa80000)
  from space 13312K, 99% used [0x000000075aa80000,0x000000075b77bb48,0x000000075b780000)
  to   space 13312K, 0% used [0x000000075b780000,0x000000075b780000,0x000000075c480000)
 ParOldGen       total 218624K, used 12600K [0x0000000680e00000, 0x000000068e380000, 0x0000000755a00000)
  object space 218624K, 5% used [0x0000000680e00000,0x0000000681a4e358,0x000000068e380000)
 Metaspace       used 13019K, capacity 13277K, committed 13440K, reserved 1060864K
  class space    used 1238K, capacity 1327K, committed 1408K, reserved 1048576K
}

Deoptimization events (5 events):
Event: 0.188 Thread 0x0000014c6d008800 Uncommon trap: reason=unstable_if action=reinterpret pc=0x0000014c6e9eba44 method=java.lang.String.indexOf([CII[CIII)I @ 123
Event: 0.345 Thread 0x0000014c6d008800 Uncommon trap: reason=unstable_if action=reinterpret pc=0x0000014c6ea7136c method=java.lang.String.indexOf([CII[CIII)I @ 3
Event: 1.492 Thread 0x0000014c6d008800 Uncommon trap: reason=unstable_if action=reinterpret pc=0x0000014c6ebb41d0 method=playn.core.Game.onFrame()V @ 28
Event: 2.737 Thread 0x0000014c119f2000 Uncommon trap: reason=unstable_if action=reinterpret pc=0x0000014c6ec2b75c method=java.awt.image.ComponentColorModel.coerceData(Ljava/awt/image/WritableRaster;Z)Ljava/awt/image/ColorModel; @ 178
Event: 2.737 Thread 0x0000014c118c9800 Uncommon trap: reason=unstable_if action=reinterpret pc=0x0000014c6ec10188 method=java.awt.image.ComponentColorModel.coerceData(Ljava/awt/image/WritableRaster;Z)Ljava/awt/image/ColorModel; @ 178

Classes redefined (0 events):
No events

Internal exceptions (10 events):
Event: 0.171 Thread 0x0000014c6d008800 Exception <a 'java/security/PrivilegedActionException'> (0x0000000755e2f888) thrown at [J:\jenkins\tmp\workspace\build\src\hotspot\src\share\vm\prims\jvm.cpp, line 1523]
Event: 0.171 Thread 0x0000014c6d008800 Exception <a 'java/security/PrivilegedActionException'> (0x0000000755e2fa98) thrown at [J:\jenkins\tmp\workspace\build\src\hotspot\src\share\vm\prims\jvm.cpp, line 1523]
Event: 0.198 Thread 0x0000014c6d008800 Exception <a 'java/lang/NoSuchMethodError': java.lang.Object.lambda$static$0(Ljava/lang/String;)Ljava/lang/Boolean;> (0x0000000755ece9b8) thrown at [J:\jenkins\tmp\workspace\build\src\hotspot\src\share\vm\interpreter\linkResolver.cpp, line 620]
Event: 0.208 Thread 0x0000014c6d008800 Exception <a 'java/lang/NoSuchFieldError': method resolution failed> (0x0000000755f46760) thrown at [J:\jenkins\tmp\workspace\build\src\hotspot\src\share\vm\prims\methodHandles.cpp, line 1169]
Event: 0.209 Thread 0x0000014c6d008800 Exception <a 'java/lang/NoSuchFieldError': method resolution failed> (0x0000000755f53b90) thrown at [J:\jenkins\tmp\workspace\build\src\hotspot\src\share\vm\prims\methodHandles.cpp, line 1169]
Event: 1.008 Thread 0x0000014c6d008800 Exception <a 'sun/nio/fs/WindowsException'> (0x000000075643b298) thrown at [J:\jenkins\tmp\workspace\build\src\hotspot\src\share\vm\prims\jni.cpp, line 711]
Event: 1.008 Thread 0x0000014c6d008800 Exception <a 'sun/nio/fs/WindowsException'> (0x000000075643bad0) thrown at [J:\jenkins\tmp\workspace\build\src\hotspot\src\share\vm\prims\jni.cpp, line 711]
Event: 1.423 Thread 0x0000014c6d008800 Exception <a 'java/io/FileNotFoundException'> (0x0000000756d723b8) thrown at [J:\jenkins\tmp\workspace\build\src\hotspot\src\share\vm\prims\jni.cpp, line 711]
Event: 1.437 Thread 0x0000014c6d008800 Exception <a 'java/lang/ClassNotFoundException': sun/dc/DuctusRenderingEngine> (0x0000000756dc6010) thrown at [J:\jenkins\tmp\workspace\build\src\hotspot\src\share\vm\classfile\systemDictionary.cpp, line 217]
Event: 1.452 Thread 0x0000014c6d008800 Exception <a 'java/io/FileNotFoundException'> (0x0000000756dd97d8) thrown at [J:\jenkins\tmp\workspace\build\src\hotspot\src\share\vm\prims\jni.cpp, line 711]

Events (10 events):
Event: 2.737 Thread 0x0000014c119f2000 Uncommon trap: trap_request=0xffffff65 fr.pc=0x0000014c6ec2b75c
Event: 2.737 Thread 0x0000014c119f2000 DEOPT PACKING pc=0x0000014c6ec2b75c sp=0x000000441d3fed30
Event: 2.737 Thread 0x0000014c119f2000 DEOPT UNPACKING pc=0x0000014c6e8b5583 sp=0x000000441d3fecd8 mode 2
Event: 2.737 Thread 0x0000014c118c9800 Uncommon trap: trap_request=0xffffff65 fr.pc=0x0000014c6ec10188
Event: 2.737 Thread 0x0000014c118c9800 DEOPT PACKING pc=0x0000014c6ec10188 sp=0x000000441d4feba0
Event: 2.737 Thread 0x0000014c118c9800 DEOPT UNPACKING pc=0x0000014c6e8b5583 sp=0x000000441d4feb48 mode 2
Event: 2.847 Thread 0x0000014c119f1000 DEOPT PACKING pc=0x0000014c6e9f149c sp=0x000000441d2fec20
Event: 2.847 Thread 0x0000014c119f1000 DEOPT UNPACKING pc=0x0000014c6e8b75d8 sp=0x000000441d2fea98 mode 0
Event: 2.935 Executing VM operation: ParallelGCFailedAllocation
Event: 2.947 Executing VM operation: ParallelGCFailedAllocation done


Dynamic libraries:
0x00007ff73fa90000 - 0x00007ff73faca000 	G:\adopt\jre\bin\java.exe
0x00007ffc4ebb0000 - 0x00007ffc4ed91000 	C:\WINDOWS\SYSTEM32\ntdll.dll
0x00007ffc4c7a0000 - 0x00007ffc4c851000 	C:\WINDOWS\System32\KERNEL32.DLL
0x00007ffc4b130000 - 0x00007ffc4b3a3000 	C:\WINDOWS\System32\KERNELBASE.dll
0x00007ffc4c100000 - 0x00007ffc4c1a1000 	C:\WINDOWS\System32\ADVAPI32.dll
0x00007ffc4ea30000 - 0x00007ffc4eace000 	C:\WINDOWS\System32\OLEAUT32.dll
0x00007ffc4e5b0000 - 0x00007ffc4e60b000 	C:\WINDOWS\System32\sechost.dll
0x00007ffc4c220000 - 0x00007ffc4c344000 	C:\WINDOWS\System32\RPCRT4.dll
0x00007ffc4e890000 - 0x00007ffc4ea21000 	C:\WINDOWS\System32\USER32.dll
0x00007ffc4b500000 - 0x00007ffc4b520000 	C:\WINDOWS\System32\win32u.dll
0x00007ffc4e860000 - 0x00007ffc4e888000 	C:\WINDOWS\System32\GDI32.dll
0x00007ffc4b710000 - 0x00007ffc4b8a3000 	C:\WINDOWS\System32\gdi32full.dll
0x00007ffc4b460000 - 0x00007ffc4b4ff000 	C:\WINDOWS\System32\msvcp_win.dll
0x00007ffc4af50000 - 0x00007ffc4b048000 	C:\WINDOWS\System32\ucrtbase.dll
0x00007ffc38a60000 - 0x00007ffc38cc9000 	C:\WINDOWS\WinSxS\amd64_microsoft.windows.common-controls_6595b64144ccf1df_6.0.17134.1902_none_d3fc12d37c93a894\COMCTL32.dll
0x00007ffc4dee0000 - 0x00007ffc4e201000 	C:\WINDOWS\System32\combase.dll
0x00007ffc4b0b0000 - 0x00007ffc4b129000 	C:\WINDOWS\System32\bcryptPrimitives.dll
0x00007ffc4e360000 - 0x00007ffc4e38d000 	C:\WINDOWS\System32\IMM32.DLL
0x00007ffc1d350000 - 0x00007ffc1d43f000 	G:\adopt\jre\bin\msvcr120.dll
0x00007ffc1e790000 - 0x00007ffc1e836000 	G:\adopt\jre\bin\msvcp120.dll
0x0000000075f80000 - 0x00000000767ea000 	G:\adopt\jre\bin\server\jvm.dll
0x00007ffc4e850000 - 0x00007ffc4e858000 	C:\WINDOWS\System32\PSAPI.DLL
0x00007ffc3c100000 - 0x00007ffc3c109000 	C:\WINDOWS\SYSTEM32\WSOCK32.dll
0x00007ffc49150000 - 0x00007ffc49173000 	C:\WINDOWS\SYSTEM32\WINMM.dll
0x00007ffc4c1b0000 - 0x00007ffc4c21c000 	C:\WINDOWS\System32\WS2_32.dll
0x00007ffc46a10000 - 0x00007ffc46a1a000 	C:\WINDOWS\SYSTEM32\VERSION.dll
0x00007ffc49120000 - 0x00007ffc4914a000 	C:\WINDOWS\SYSTEM32\winmmbase.dll
0x00007ffc4bfd0000 - 0x00007ffc4c019000 	C:\WINDOWS\System32\cfgmgr32.dll
0x00007ffc3bc90000 - 0x00007ffc3bc9f000 	G:\adopt\jre\bin\verify.dll
0x00007ffc3bbf0000 - 0x00007ffc3bc19000 	G:\adopt\jre\bin\java.dll
0x00007ffc3aad0000 - 0x00007ffc3aae6000 	G:\adopt\jre\bin\zip.dll
0x00007ffc4c860000 - 0x00007ffc4dca5000 	C:\WINDOWS\System32\SHELL32.dll
0x00007ffc4ead0000 - 0x00007ffc4eb79000 	C:\WINDOWS\System32\shcore.dll
0x00007ffc4b8b0000 - 0x00007ffc4bfc5000 	C:\WINDOWS\System32\windows.storage.dll
0x00007ffc4de50000 - 0x00007ffc4dea1000 	C:\WINDOWS\System32\shlwapi.dll
0x00007ffc4aeb0000 - 0x00007ffc4aec1000 	C:\WINDOWS\System32\kernel.appcore.dll
0x00007ffc4ae90000 - 0x00007ffc4aeaf000 	C:\WINDOWS\System32\profapi.dll
0x00007ffc4af00000 - 0x00007ffc4af4c000 	C:\WINDOWS\System32\powrprof.dll
0x00007ffc4aed0000 - 0x00007ffc4aeda000 	C:\WINDOWS\System32\FLTLIB.DLL
0x00007ffc3a580000 - 0x00007ffc3a59a000 	G:\adopt\jre\bin\net.dll
0x00007ffc4a6b0000 - 0x00007ffc4a716000 	C:\WINDOWS\system32\mswsock.dll
0x00007ffc38d60000 - 0x00007ffc38d72000 	G:\adopt\jre\bin\nio.dll
0x00007ffc1c730000 - 0x00007ffc1c787000 	C:\Users\VovanJapan\AppData\Local\Temp\lwjglVovanJapan\3.1.2-build-29\lwjgl.dll
0x00007ffc38d20000 - 0x00007ffc38d5d000 	C:\Users\VOVANJ~1\AppData\Local\Temp\lwjglVovanJapan\3.1.2-build-29\glfw.dll
0x00007ffc492f0000 - 0x00007ffc49388000 	C:\WINDOWS\system32\uxtheme.dll
0x00007ffc1bef0000 - 0x00007ffc1bf33000 	C:\WINDOWS\SYSTEM32\dinput8.dll
0x00007ffc3a710000 - 0x00007ffc3a720000 	C:\WINDOWS\SYSTEM32\xinput1_4.dll
0x00007ffc4aab0000 - 0x00007ffc4aad7000 	C:\WINDOWS\SYSTEM32\DEVOBJ.dll
0x00007ffc3cb00000 - 0x00007ffc3cb79000 	C:\WINDOWS\SYSTEM32\inputhost.dll
0x00007ffc46860000 - 0x00007ffc469ad000 	C:\WINDOWS\SYSTEM32\wintypes.dll
0x00007ffc48fd0000 - 0x00007ffc490aa000 	C:\WINDOWS\SYSTEM32\CoreMessaging.dll
0x00007ffc46350000 - 0x00007ffc4666e000 	C:\WINDOWS\SYSTEM32\CoreUIComponents.dll
0x00007ffc49f80000 - 0x00007ffc49fb1000 	C:\WINDOWS\SYSTEM32\ntmarta.dll
0x00007ffc49540000 - 0x00007ffc49569000 	C:\WINDOWS\SYSTEM32\dwmapi.dll
0x00007ffc4e430000 - 0x00007ffc4e5a4000 	C:\WINDOWS\System32\MSCTF.dll
0x00007ffc4e610000 - 0x00007ffc4e6d2000 	C:\WINDOWS\System32\OLEAUT32.dll
0x00007ffc49ad0000 - 0x00007ffc49adc000 	C:\WINDOWS\SYSTEM32\HID.DLL
0x00007ffc4c350000 - 0x00007ffc4c79b000 	C:\WINDOWS\System32\SETUPAPI.DLL
0x00007ffc4b050000 - 0x00007ffc4b0a7000 	C:\WINDOWS\System32\WINTRUST.dll
0x00007ffc4aee0000 - 0x00007ffc4aef2000 	C:\WINDOWS\System32\MSASN1.dll
0x00007ffc4b520000 - 0x00007ffc4b702000 	C:\WINDOWS\System32\CRYPT32.dll
0x00007ffc1ae60000 - 0x00007ffc1af80000 	C:\WINDOWS\SYSTEM32\opengl32.dll
0x00007ffc362d0000 - 0x00007ffc362fc000 	C:\WINDOWS\SYSTEM32\GLU32.dll
0x00007ffbf4bd0000 - 0x00007ffbf7558000 	C:\WINDOWS\System32\DriverStore\FileRepository\nv_dispi.inf_amd64_e44a509137af5639\nvoglv64.dll
0x00007ffc4e6e0000 - 0x00007ffc4e832000 	C:\WINDOWS\System32\ole32.dll
0x00007ffc47ab0000 - 0x00007ffc47ac3000 	C:\WINDOWS\SYSTEM32\WTSAPI32.dll
0x00007ffc46690000 - 0x00007ffc466be000 	C:\WINDOWS\SYSTEM32\cryptnet.dll
0x00007ffc4a860000 - 0x00007ffc4a86b000 	C:\WINDOWS\SYSTEM32\cryptbase.dll
0x00007ffc04090000 - 0x00007ffc04349000 	C:\WINDOWS\system32\nvspcap64.dll
0x00007ffc4ac90000 - 0x00007ffc4ace6000 	C:\WINDOWS\SYSTEM32\WINSTA.dll
0x00007ffc3cbb0000 - 0x00007ffc3cc46000 	C:\WINDOWS\System32\TextInputFramework.dll
0x00007ffc1be90000 - 0x00007ffc1beec000 	C:\Users\VovanJapan\AppData\Local\Temp\lwjglVovanJapan\3.1.2-build-29\lwjgl_opengl.dll
0x00007ffc1acc0000 - 0x00007ffc1ae55000 	G:\adopt\jre\bin\awt.dll
0x00007ffc49180000 - 0x00007ffc4920b000 	C:\WINDOWS\SYSTEM32\apphelp.dll
0x00007ffc306c0000 - 0x00007ffc30889000 	C:\WINDOWS\SYSTEM32\dbghelp.dll

VM Arguments:
jvm_args: -Dfoo=bar 
java_command: playn.sample.hello.java.HelloGameJava
java_class_path (initial): G:\GitHub\warpdeath\playn-samples-master\hello\java\target\classes;G:\GitHub\warpdeath\playn-samples-master\hello\core\target\classes;C:\Users\VovanJapan\.m2\repository\io\playn\playn-scene\2.0\playn-scene-2.0.jar;C:\Users\VovanJapan\.m2\repository\io\playn\playn-core\2.0\playn-core-2.0.jar;C:\Users\VovanJapan\.m2\repository\com\samskivert\pythagoras\1.4.3\pythagoras-1.4.3.jar;C:\Users\VovanJapan\.m2\repository\com\threerings\react\1.5.3\react-1.5.3.jar;G:\GitHub\warpdeath\playn-samples-master\hello\assets\target\classes;C:\Users\VovanJapan\.m2\repository\io\playn\playn-java-lwjgl\2.0\playn-java-lwjgl-2.0.jar;C:\Users\VovanJapan\.m2\repository\io\playn\playn-java-base\2.0\playn-java-base-2.0.jar;C:\Users\VovanJapan\.m2\repository\com\googlecode\soundlibs\mp3spi\1.9.5-1\mp3spi-1.9.5-1.jar;C:\Users\VovanJapan\.m2\repository\com\googlecode\soundlibs\jlayer\1.0.1-1\jlayer-1.0.1-1.jar;C:\Users\VovanJapan\.m2\repository\com\googlecode\soundlibs\tritonus-share\0.3.7-1\tritonus-share-0.3.7-1.jar;C:\Users\VovanJapan\.m2\repository\org\java-websocket\Java-WebSocket\1.3.0\Java-WebSocket-1.3.0.jar;C:\Users\VovanJapan\.m2\repository\org\lwjgl\lwjgl\3.1.2\lwjgl-3.1.2.jar;C:\Users\VovanJapan\.m2\repository\org\lwjgl\lwjgl\3.1.2\lwjgl-3.1.2-natives-linux.jar;C:\Users\VovanJapan\.m2\repository\org\lwjgl\lwjgl\3.1.2\lwjgl-3.1.2-natives-windows.jar;C:\Users\VovanJapan\.m2\repository\org\lwjgl\lwjgl\3.1.2\lwjgl-3.1.2-natives-macos.jar;C:\Users\VovanJapan\.m2\repository\org\lwjgl\lwjgl-opengl\3.1.2\lwjgl-opengl-3.1.2.jar;C:\Users\VovanJapan\.m2\repository\org\lwjgl\lwjgl-opengl\3.1.2\lwjgl-opengl-3.1.2-natives-linux.jar;C:\Users\VovanJapan\.m2\repository\org\lwjgl\lwjgl-opengl\3.1.2\lwjgl-opengl-3.1.2-natives-windows.jar;C:\Users\VovanJapan\.m2\repository\org\lwjgl\lwjgl-opengl\3.1.2\lwjgl-opengl-3.1.2-natives-macos.jar;C:\Users\VovanJapan\.m2\repository\org\lwjgl\lwjgl-glfw\3.1.2\lwjgl-glfw-3.1.2.jar;C:\Users\VovanJapan\.m2\repository\org\lwjgl\lwjgl-glfw\3
Launcher Type: SUN_STANDARD

Environment Variables:
PATH=G:\adopt\bin;C:\Program Files (x86)\Common Files\Oracle\Java\javapath;C:\Windows\system32;C:\Windows;C:\Windows\System32\Wbem;C:\Windows\System32\WindowsPowerShell\v1.0\;C:\Program Files\NVIDIA Corporation\NVIDIA NvDLISR;C:\Program Files (x86)\NVIDIA Corporation\PhysX\Common;C:\WINDOWS\system32;C:\WINDOWS;C:\WINDOWS\System32\Wbem;C:\WINDOWS\System32\WindowsPowerShell\v1.0\;C:\WINDOWS\System32\OpenSSH\;C:\Program Files\TortoiseSVN\bin;G:\gtksharp\bin;C:\Users\VovanJapan\AppData\Local\Microsoft\WindowsApps;C:\Users\VovanJapan\AppData\Local\atom\bin;E:\code\bin;C:\mingw-w64\mingw64\bin;G:\IntelliJ\IntelliJ IDEA Community Edition 2020.2.3\bin;;G:\javatest\apache-maven-3.6.3\bin;C:\Users\VovanJapan\AppData\Local\GitHubDesktop\bin
USERNAME=VovanJapan
OS=Windows_NT
PROCESSOR_IDENTIFIER=Intel64 Family 6 Model 60 Stepping 3, GenuineIntel



---------------  S Y S T E M  ---------------

OS: Windows 10.0 , 64 bit Build 17134 (10.0.17134.1425)

CPU:total 4 (initial active 4) (4 cores per cpu, 1 threads per core) family 6 model 60 stepping 3, cmov, cx8, fxsr, mmx, sse, sse2, sse3, ssse3, sse4.1, sse4.2, popcnt, avx, avx2, aes, clmul, erms, lzcnt, tsc, tscinvbit, bmi1, bmi2

Memory: 4k page, physical 20909416k(9379960k free), swap 33648660k(7681892k free)

vm_info: OpenJDK 64-Bit Server VM (25.282-b08) for windows-amd64 JRE (1.8.0_282-b08), built on Jan 20 2021 11:42:17 by "jenkins" with MS VC++ 12.0 (VS2013)

time: Mon Mar 29 01:23:43 2021
timezone: RTZ 2 (ceia)
elapsed time: 2.992550 seconds (0d 0h 0m 2s)

