#
# A fatal error has been detected by the Java Runtime Environment:
#
#  EXCEPTION_ACCESS_VIOLATION (0xc0000005) at pc=0x00007ffc1b89ecfd, pid=32508, tid=0x0000000000006124
#
# JRE version: OpenJDK Runtime Environment (8.0_282-b08) (build 1.8.0_282-b08)
# Java VM: OpenJDK 64-Bit Server VM (25.282-b08 mixed mode windows-amd64 compressed oops)
# Problematic frame:
# C  [lwjgl_opengl.dll+0xecfd]
#
# Failed to write core dump. Minidumps are not enabled by default on client versions of Windows
#
# If you would like to submit a bug report, please visit:
#   https://github.com/AdoptOpenJDK/openjdk-support/issues
# The crash happened outside the Java Virtual Machine in native code.
# See problematic frame for where to report the bug.
#

---------------  T H R E A D  ---------------

Current thread (0x000002466500e800):  JavaThread "Finalizer" daemon [_thread_in_native, id=24868, stack(0x000000a647e00000,0x000000a647f00000)]

siginfo: ExceptionCode=0xc0000005, reading address 0x00000000000009d8

Registers:
RAX=0x00000000766f9660, RBX=0x0000024664dab8f8, RCX=0x0000000000000001, RDX=0x00000246667551b0
RSP=0x000000a647eff088, RBP=0x000000a647eff108, RSI=0x0000000000000010, RDI=0x00000246667551b0
R8 =0x0000000000000001, R9 =0x00000246667551b0, R10=0x0000000000000000, R11=0x0000000076181670
R12=0x0000000000000000, R13=0x0000024664dab8f8, R14=0x000000a647eff138, R15=0x000002466500e800
RIP=0x00007ffc1b89ecfd, EFLAGS=0x0000000000010202

Top of Stack: (sp=0x000000a647eff088)
0x000000a647eff088:   0000024649929c8e 0000000000000000
0x000000a647eff098:   0000000000000000 0000000000000000
0x000000a647eff0a8:   0000000000000000 0000000000000000
0x000000a647eff0b8:   0000000000000000 0000000000000000
0x000000a647eff0c8:   000000a647eff0c8 0000000000000000
0x000000a647eff0d8:   000000a647eff138 0000024664dc91b0
0x000000a647eff0e8:   0000000000000000 0000024664dab8f8
0x000000a647eff0f8:   0000000000000000 000000a647eff128
0x000000a647eff108:   000000a647eff180 00000246499180bd
0x000000a647eff118:   000000075aa95ec8 0000024649922ab8
0x000000a647eff128:   00000246667551b0 000000075aaf98a8
0x000000a647eff138:   0000000000000001 000000a647eff140
0x000000a647eff148:   0000024664dab998 000000a647eff190
0x000000a647eff158:   0000024664dc91b0 0000000000000000
0x000000a647eff168:   0000024664dab9b0 000000a647eff128
0x000000a647eff178:   000000a647eff190 000000a647eff1d8 

Instructions: (pc=0x00007ffc1b89ecfd)
0x00007ffc1b89ecdd:   49 ff a2 00 0f 00 00 cc cc cc cc cc cc cc cc cc
0x00007ffc1b89eced:   cc cc cc 48 8b 01 49 8b d1 41 8b c8 4c 8b 50 18
0x00007ffc1b89ecfd:   49 ff a2 d8 09 00 00 cc cc cc cc cc cc cc cc cc
0x00007ffc1b89ed0d:   cc cc cc 48 8b 01 49 8b d1 41 8b c8 4c 8b 50 18 


Register to memory mapping:

RAX=0x00000000766f9660 is an unknown value
RBX={method} {0x0000024664dab900} 'nglDeleteTextures' '(IJ)V' in 'org/lwjgl/opengl/GL11'
RCX=0x0000000000000001 is an unknown value
RDX=0x00000246667551b0 is an unknown value
RSP=0x000000a647eff088 is pointing into the stack for thread: 0x000002466500e800
RBP=0x000000a647eff108 is pointing into the stack for thread: 0x000002466500e800
RSI=0x0000000000000010 is an unknown value
RDI=0x00000246667551b0 is an unknown value
R8 =0x0000000000000001 is an unknown value
R9 =0x00000246667551b0 is an unknown value
R10=0x0000000000000000 is an unknown value
R11=0x0000000076181670 is an unknown value
R12=0x0000000000000000 is an unknown value
R13={method} {0x0000024664dab900} 'nglDeleteTextures' '(IJ)V' in 'org/lwjgl/opengl/GL11'
R14=0x000000a647eff138 is pointing into the stack for thread: 0x000002466500e800
R15=0x000002466500e800 is a thread


Stack: [0x000000a647e00000,0x000000a647f00000],  sp=0x000000a647eff088,  free space=1020k
Native frames: (J=compiled Java code, j=interpreted, Vv=VM code, C=native code)
C  [lwjgl_opengl.dll+0xecfd]

Java frames: (J=compiled Java code, j=interpreted, Vv=VM code)
j  org.lwjgl.opengl.GL11.nglDeleteTextures(IJ)V+0
j  org.lwjgl.opengl.GL11.glDeleteTextures(Ljava/nio/IntBuffer;)V+8
j  playn.java.LWJGLGL20.glDeleteTextures(ILjava/nio/IntBuffer;)V+1
J 1301 C1 playn.core.Texture.release()V (52 bytes) @ 0x0000024649db5924 [0x0000024649db52c0+0x664]
J 1229 C1 playn.scene.ImageLayer.setTile(Lplayn/core/Tile;)Lplayn/scene/ImageLayer; (47 bytes) @ 0x0000024649d74784 [0x0000024649d745c0+0x1c4]
j  playn.scene.ImageLayer.finalize()V+5
j  java.lang.System$2.invokeFinalize(Ljava/lang/Object;)V+1
j  java.lang.ref.Finalizer.runFinalizer(Lsun/misc/JavaLangAccess;)V+46
j  java.lang.ref.Finalizer.access$100(Ljava/lang/ref/Finalizer;Lsun/misc/JavaLangAccess;)V+2
j  java.lang.ref.Finalizer$FinalizerThread.run()V+45
v  ~StubRoutines::call_stub

---------------  P R O C E S S  ---------------

Java Threads: ( => current thread )
  0x0000024665789800 JavaThread "pool-1-thread-4" [_thread_in_native, id=23308, stack(0x000000a649100000,0x000000a649200000)]
  0x0000024665788800 JavaThread "pool-1-thread-3" [_thread_in_native, id=30564, stack(0x000000a649000000,0x000000a649100000)]
  0x0000024665788000 JavaThread "pool-1-thread-2" [_thread_in_native, id=20488, stack(0x000000a648f00000,0x000000a649000000)]
  0x000002466c83f000 JavaThread "pool-1-thread-1" [_thread_in_native, id=27312, stack(0x000000a648e00000,0x000000a648f00000)]
  0x000002466c81d000 JavaThread "Java2D Disposer" daemon [_thread_blocked, id=8312, stack(0x000000a648d00000,0x000000a648e00000)]
  0x000002466580d000 JavaThread "Service Thread" daemon [_thread_blocked, id=29020, stack(0x000000a648400000,0x000000a648500000)]
  0x0000024665795800 JavaThread "C1 CompilerThread2" daemon [_thread_in_vm, id=25372, stack(0x000000a648300000,0x000000a648400000)]
  0x000002466576d000 JavaThread "C2 CompilerThread1" daemon [_thread_blocked, id=21392, stack(0x000000a648200000,0x000000a648300000)]
  0x000002466577a000 JavaThread "C2 CompilerThread0" daemon [_thread_blocked, id=27776, stack(0x000000a648100000,0x000000a648200000)]
  0x0000024665763000 JavaThread "Attach Listener" daemon [_thread_blocked, id=30524, stack(0x000000a648000000,0x000000a648100000)]
  0x000002466575e000 JavaThread "Signal Dispatcher" daemon [_thread_blocked, id=23996, stack(0x000000a647f00000,0x000000a648000000)]
=>0x000002466500e800 JavaThread "Finalizer" daemon [_thread_in_native, id=24868, stack(0x000000a647e00000,0x000000a647f00000)]
  0x0000024665736000 JavaThread "Reference Handler" daemon [_thread_blocked, id=3464, stack(0x000000a647d00000,0x000000a647e00000)]
  0x0000024647ed8800 JavaThread "main" [_thread_in_native, id=7416, stack(0x000000a647600000,0x000000a647700000)]

Other Threads:
  0x0000024665712800 VMThread [stack: 0x000000a647c00000,0x000000a647d00000] [id=28940]
  0x0000024665810000 WatcherThread [stack: 0x000000a648500000,0x000000a648600000] [id=28144]

VM state:not at safepoint (normal execution)

VM Mutex/Monitor currently owned by a thread: None

heap address: 0x0000000680e00000, size: 5106 MB, Compressed Oops mode: Zero based, Oop shift amount: 3
Narrow klass base: 0x0000000000000000, Narrow klass shift: 3
Compressed class space size: 1073741824 Address: 0x00000007c0000000

Heap:
 PSYoungGen      total 95744K, used 23274K [0x0000000755a00000, 0x000000075c480000, 0x00000007c0000000)
  eden space 82432K, 17% used [0x0000000755a00000,0x00000007567c1c00,0x000000075aa80000)
  from space 13312K, 69% used [0x000000075aa80000,0x000000075b378fd8,0x000000075b780000)
  to   space 13312K, 0% used [0x000000075b780000,0x000000075b780000,0x000000075c480000)
 ParOldGen       total 218624K, used 16K [0x0000000680e00000, 0x000000068e380000, 0x0000000755a00000)
  object space 218624K, 0% used [0x0000000680e00000,0x0000000680e04090,0x000000068e380000)
 Metaspace       used 13128K, capacity 13337K, committed 13696K, reserved 1060864K
  class space    used 1241K, capacity 1327K, committed 1408K, reserved 1048576K

Card table byte_map: [0x0000024658cd0000,0x00000246596d0000] byte_map_base: 0x00000246558c9000

Marking Bits: (ParMarkBitMap*) 0x000000007676b810
 Begin Bits: [0x0000024659d80000, 0x000002465ed48000)
 End Bits:   [0x000002465ed48000, 0x0000024663d10000)

Polling page: 0x0000024647ff0000

CodeCache: size=245760Kb used=5307Kb max_used=5318Kb free=240452Kb
 bounds [0x0000024649910000, 0x0000024649e50000, 0x0000024658910000]
 total_blobs=2460 nmethods=1461 adapters=911
 compilation: enabled

Compilation events (10 events):
Event: 65.992 Thread 0x000002466576d000 1413       4       java.awt.Rectangle::<init> (26 bytes)
Event: 65.993 Thread 0x000002466576d000 nmethod 1413 0x0000024649e02250 code [0x0000024649e02380, 0x0000024649e023f8]
Event: 66.002 Thread 0x000002466577a000 nmethod 1410 0x0000024649e16850 code [0x0000024649e16a00, 0x0000024649e17188]
Event: 66.003 Thread 0x0000024665795800 1414   !   3       java.lang.ref.Reference::tryHandlePending (115 bytes)
Event: 66.004 Thread 0x0000024665795800 nmethod 1414 0x0000024649e17e90 code [0x0000024649e180c0, 0x0000024649e18d90]
Event: 66.005 Thread 0x0000024665795800 1416   !   3       java.lang.ref.ReferenceQueue::enqueue (119 bytes)
Event: 66.006 Thread 0x0000024665795800 nmethod 1416 0x0000024649e1d5d0 code [0x0000024649e1d760, 0x0000024649e1def0]
Event: 66.006 Thread 0x0000024665795800 1417  s!   3       com.sun.imageio.stream.CloseableDisposerRecord::dispose (42 bytes)
Event: 66.006 Thread 0x0000024665795800 nmethod 1417 0x0000024649e21290 code [0x0000024649e21400, 0x0000024649e218b0]
Event: 66.006 Thread 0x0000024665795800 1418       3       sun.misc.VM::addFinalRefCount (24 bytes)

GC Heap History (2 events):
Event: 65.993 GC heap before
{Heap before GC invocations=1 (full 0):
 PSYoungGen      total 95744K, used 82432K [0x0000000755a00000, 0x000000075c480000, 0x00000007c0000000)
  eden space 82432K, 100% used [0x0000000755a00000,0x000000075aa80000,0x000000075aa80000)
  from space 13312K, 0% used [0x000000075b780000,0x000000075b780000,0x000000075c480000)
  to   space 13312K, 0% used [0x000000075aa80000,0x000000075aa80000,0x000000075b780000)
 ParOldGen       total 218624K, used 0K [0x0000000680e00000, 0x000000068e380000, 0x0000000755a00000)
  object space 218624K, 0% used [0x0000000680e00000,0x0000000680e00090,0x000000068e380000)
 Metaspace       used 13106K, capacity 13337K, committed 13696K, reserved 1060864K
  class space    used 1241K, capacity 1327K, committed 1408K, reserved 1048576K
Event: 66.001 GC heap after
Heap after GC invocations=1 (full 0):
 PSYoungGen      total 95744K, used 9187K [0x0000000755a00000, 0x000000075c480000, 0x00000007c0000000)
  eden space 82432K, 0% used [0x0000000755a00000,0x0000000755a00000,0x000000075aa80000)
  from space 13312K, 69% used [0x000000075aa80000,0x000000075b378fd8,0x000000075b780000)
  to   space 13312K, 0% used [0x000000075b780000,0x000000075b780000,0x000000075c480000)
 ParOldGen       total 218624K, used 16K [0x0000000680e00000, 0x000000068e380000, 0x0000000755a00000)
  object space 218624K, 0% used [0x0000000680e00000,0x0000000680e04090,0x000000068e380000)
 Metaspace       used 13106K, capacity 13337K, committed 13696K, reserved 1060864K
  class space    used 1241K, capacity 1327K, committed 1408K, reserved 1048576K
}

Deoptimization events (6 events):
Event: 0.201 Thread 0x0000024647ed8800 Uncommon trap: reason=unstable_if action=reinterpret pc=0x0000024649a60f84 method=java.lang.String.indexOf([CII[CIII)I @ 123
Event: 0.348 Thread 0x0000024647ed8800 Uncommon trap: reason=unstable_if action=reinterpret pc=0x0000024649aee62c method=java.lang.String.indexOf([CII[CIII)I @ 3
Event: 0.351 Thread 0x0000024647ed8800 Uncommon trap: reason=unstable_if action=reinterpret pc=0x0000024649a63c7c method=java.lang.String.indexOf([CII[CIII)I @ 123
Event: 8.437 Thread 0x0000024665788000 Uncommon trap: reason=unstable_if action=reinterpret pc=0x0000024649ccb380 method=java.awt.image.ComponentColorModel.coerceData(Ljava/awt/image/WritableRaster;Z)Ljava/awt/image/ColorModel; @ 178
Event: 62.399 Thread 0x0000024647ed8800 Uncommon trap: reason=unstable_if action=reinterpret pc=0x0000024649d0518c method=playn.core.UniformQuadBatch.flush()V @ 8
Event: 62.449 Thread 0x0000024665788000 Uncommon trap: reason=unstable_if action=reinterpret pc=0x0000024649cdc3c8 method=java.awt.image.ComponentColorModel.coerceData(Ljava/awt/image/WritableRaster;Z)Ljava/awt/image/ColorModel; @ 178

Classes redefined (0 events):
No events

Internal exceptions (10 events):
Event: 0.204 Thread 0x0000024647ed8800 Exception <a 'java/security/PrivilegedActionException'> (0x0000000755e2f800) thrown at [J:\jenkins\tmp\workspace\build\src\hotspot\src\share\vm\prims\jvm.cpp, line 1523]
Event: 0.204 Thread 0x0000024647ed8800 Exception <a 'java/security/PrivilegedActionException'> (0x0000000755e2fa10) thrown at [J:\jenkins\tmp\workspace\build\src\hotspot\src\share\vm\prims\jvm.cpp, line 1523]
Event: 0.231 Thread 0x0000024647ed8800 Exception <a 'java/lang/NoSuchMethodError': java.lang.Object.lambda$static$0(Ljava/lang/String;)Ljava/lang/Boolean;> (0x0000000755ece930) thrown at [J:\jenkins\tmp\workspace\build\src\hotspot\src\share\vm\interpreter\linkResolver.cpp, line 620]
Event: 0.242 Thread 0x0000024647ed8800 Exception <a 'java/lang/NoSuchFieldError': method resolution failed> (0x0000000755f46920) thrown at [J:\jenkins\tmp\workspace\build\src\hotspot\src\share\vm\prims\methodHandles.cpp, line 1169]
Event: 0.244 Thread 0x0000024647ed8800 Exception <a 'java/lang/NoSuchFieldError': method resolution failed> (0x0000000755f53d50) thrown at [J:\jenkins\tmp\workspace\build\src\hotspot\src\share\vm\prims\methodHandles.cpp, line 1169]
Event: 1.028 Thread 0x0000024647ed8800 Exception <a 'sun/nio/fs/WindowsException'> (0x000000075643b1b0) thrown at [J:\jenkins\tmp\workspace\build\src\hotspot\src\share\vm\prims\jni.cpp, line 711]
Event: 1.029 Thread 0x0000024647ed8800 Exception <a 'sun/nio/fs/WindowsException'> (0x000000075643b9e8) thrown at [J:\jenkins\tmp\workspace\build\src\hotspot\src\share\vm\prims\jni.cpp, line 711]
Event: 1.405 Thread 0x0000024647ed8800 Exception <a 'java/io/FileNotFoundException'> (0x0000000756d72400) thrown at [J:\jenkins\tmp\workspace\build\src\hotspot\src\share\vm\prims\jni.cpp, line 711]
Event: 1.423 Thread 0x0000024647ed8800 Exception <a 'java/lang/ClassNotFoundException': sun/dc/DuctusRenderingEngine> (0x0000000756dc6058) thrown at [J:\jenkins\tmp\workspace\build\src\hotspot\src\share\vm\classfile\systemDictionary.cpp, line 217]
Event: 1.445 Thread 0x0000024647ed8800 Exception <a 'java/io/FileNotFoundException'> (0x0000000756dd9820) thrown at [J:\jenkins\tmp\workspace\build\src\hotspot\src\share\vm\prims\jni.cpp, line 711]

Events (10 events):
Event: 66.005 Executing VM operation: RevokeBias
Event: 66.005 Executing VM operation: RevokeBias done
Event: 66.006 Executing VM operation: RevokeBias
Event: 66.006 Executing VM operation: RevokeBias done
Event: 66.006 Executing VM operation: RevokeBias
Event: 66.006 Executing VM operation: RevokeBias done
Event: 66.006 Executing VM operation: BulkRevokeBias
Event: 66.006 Executing VM operation: BulkRevokeBias done
Event: 66.006 Executing VM operation: RevokeBias
Event: 66.006 Executing VM operation: RevokeBias done


Dynamic libraries:
0x00007ff73fa90000 - 0x00007ff73faca000 	G:\adopt\jre\bin\java.exe
0x00007ffc4ebb0000 - 0x00007ffc4ed91000 	C:\WINDOWS\SYSTEM32\ntdll.dll
0x00007ffc4c7a0000 - 0x00007ffc4c851000 	C:\WINDOWS\System32\KERNEL32.DLL
0x00007ffc4b130000 - 0x00007ffc4b3a3000 	C:\WINDOWS\System32\KERNELBASE.dll
0x00007ffc4c100000 - 0x00007ffc4c1a1000 	C:\WINDOWS\System32\ADVAPI32.dll
0x00007ffc4ea30000 - 0x00007ffc4eace000 	C:\WINDOWS\System32\msvcrt.dll
0x00007ffc4e5b0000 - 0x00007ffc4e60b000 	C:\WINDOWS\System32\sechost.dll
0x00007ffc4c220000 - 0x00007ffc4c344000 	C:\WINDOWS\System32\RPCRT4.dll
0x00007ffc4e890000 - 0x00007ffc4ea21000 	C:\WINDOWS\System32\USER32.dll
0x00007ffc4b500000 - 0x00007ffc4b520000 	C:\WINDOWS\System32\win32u.dll
0x00007ffc4e860000 - 0x00007ffc4e888000 	C:\WINDOWS\System32\GDI32.dll
0x00007ffc4b710000 - 0x00007ffc4b8a3000 	C:\WINDOWS\System32\gdi32full.dll
0x00007ffc4b460000 - 0x00007ffc4b4ff000 	C:\WINDOWS\System32\msvcp_win.dll
0x00007ffc4af50000 - 0x00007ffc4b048000 	C:\WINDOWS\System32\ucrtbase.dll
0x00007ffc38a60000 - 0x00007ffc38cc9000 	C:\WINDOWS\WinSxS\amd64_microsoft.windows.common-controls_6595b64144ccf1df_6.0.17134.1902_none_d3fc12d37c93a894\COMCTL32.dll
0x00007ffc4dee0000 - 0x00007ffc4e201000 	C:\WINDOWS\System32\combase.dll
0x00007ffc4b0b0000 - 0x00007ffc4b129000 	C:\WINDOWS\System32\bcryptPrimitives.dll
0x00007ffc4e360000 - 0x00007ffc4e38d000 	C:\WINDOWS\System32\IMM32.DLL
0x00007ffc1d390000 - 0x00007ffc1d47f000 	G:\adopt\jre\bin\msvcr120.dll
0x00007ffc1be90000 - 0x00007ffc1bf36000 	G:\adopt\jre\bin\msvcp120.dll
0x0000000075f80000 - 0x00000000767ea000 	G:\adopt\jre\bin\server\jvm.dll
0x00007ffc4e850000 - 0x00007ffc4e858000 	C:\WINDOWS\System32\PSAPI.DLL
0x00007ffc3c100000 - 0x00007ffc3c109000 	C:\WINDOWS\SYSTEM32\WSOCK32.dll
0x00007ffc4c1b0000 - 0x00007ffc4c21c000 	C:\WINDOWS\System32\WS2_32.dll
0x00007ffc49150000 - 0x00007ffc49173000 	C:\WINDOWS\SYSTEM32\WINMM.dll
0x00007ffc46a10000 - 0x00007ffc46a1a000 	C:\WINDOWS\SYSTEM32\VERSION.dll
0x00007ffc49120000 - 0x00007ffc4914a000 	C:\WINDOWS\SYSTEM32\WINMMBASE.dll
0x00007ffc4bfd0000 - 0x00007ffc4c019000 	C:\WINDOWS\System32\cfgmgr32.dll
0x00007ffc3bc80000 - 0x00007ffc3bc8f000 	G:\adopt\jre\bin\verify.dll
0x00007ffc362d0000 - 0x00007ffc362f9000 	G:\adopt\jre\bin\java.dll
0x00007ffc3aad0000 - 0x00007ffc3aae6000 	G:\adopt\jre\bin\zip.dll
0x00007ffc4c860000 - 0x00007ffc4dca5000 	C:\WINDOWS\System32\SHELL32.dll
0x00007ffc4ead0000 - 0x00007ffc4eb79000 	C:\WINDOWS\System32\shcore.dll
0x00007ffc4b8b0000 - 0x00007ffc4bfc5000 	C:\WINDOWS\System32\windows.storage.dll
0x00007ffc4de50000 - 0x00007ffc4dea1000 	C:\WINDOWS\System32\shlwapi.dll
0x00007ffc4aeb0000 - 0x00007ffc4aec1000 	C:\WINDOWS\System32\kernel.appcore.dll
0x00007ffc4ae90000 - 0x00007ffc4aeaf000 	C:\WINDOWS\System32\profapi.dll
0x00007ffc4af00000 - 0x00007ffc4af4c000 	C:\WINDOWS\System32\powrprof.dll
0x00007ffc4aed0000 - 0x00007ffc4aeda000 	C:\WINDOWS\System32\FLTLIB.DLL
0x00007ffc3a580000 - 0x00007ffc3a59a000 	G:\adopt\jre\bin\net.dll
0x00007ffc4a6b0000 - 0x00007ffc4a716000 	C:\WINDOWS\system32\mswsock.dll
0x00007ffc2d6e0000 - 0x00007ffc2d6f2000 	G:\adopt\jre\bin\nio.dll
0x00007ffc1c730000 - 0x00007ffc1c787000 	C:\Users\VovanJapan\AppData\Local\Temp\lwjglVovanJapan\3.1.2-build-29\lwjgl.dll
0x00007ffc1e7a0000 - 0x00007ffc1e7dd000 	C:\Users\VOVANJ~1\AppData\Local\Temp\lwjglVovanJapan\3.1.2-build-29\glfw.dll
0x00007ffc492f0000 - 0x00007ffc49388000 	C:\WINDOWS\system32\uxtheme.dll
0x00007ffc1be40000 - 0x00007ffc1be83000 	C:\WINDOWS\SYSTEM32\dinput8.dll
0x00007ffc3a710000 - 0x00007ffc3a720000 	C:\WINDOWS\SYSTEM32\xinput1_4.dll
0x00007ffc4aab0000 - 0x00007ffc4aad7000 	C:\WINDOWS\SYSTEM32\DEVOBJ.dll
0x00007ffc3cb00000 - 0x00007ffc3cb79000 	C:\WINDOWS\SYSTEM32\inputhost.dll
0x00007ffc46860000 - 0x00007ffc469ad000 	C:\WINDOWS\SYSTEM32\wintypes.dll
0x00007ffc48fd0000 - 0x00007ffc490aa000 	C:\WINDOWS\SYSTEM32\CoreMessaging.dll
0x00007ffc46350000 - 0x00007ffc4666e000 	C:\WINDOWS\SYSTEM32\CoreUIComponents.dll
0x00007ffc49f80000 - 0x00007ffc49fb1000 	C:\WINDOWS\SYSTEM32\ntmarta.dll
0x00007ffc49540000 - 0x00007ffc49569000 	C:\WINDOWS\SYSTEM32\dwmapi.dll
0x00007ffc4e430000 - 0x00007ffc4e5a4000 	C:\WINDOWS\System32\MSCTF.dll
0x00007ffc4e610000 - 0x00007ffc4e6d2000 	C:\WINDOWS\System32\OLEAUT32.dll
0x00007ffc49ad0000 - 0x00007ffc49adc000 	C:\WINDOWS\SYSTEM32\HID.DLL
0x00007ffc4c350000 - 0x00007ffc4c79b000 	C:\WINDOWS\System32\SETUPAPI.DLL
0x00007ffc4b050000 - 0x00007ffc4b0a7000 	C:\WINDOWS\System32\WINTRUST.dll
0x00007ffc4aee0000 - 0x00007ffc4aef2000 	C:\WINDOWS\System32\MSASN1.dll
0x00007ffc4b520000 - 0x00007ffc4b702000 	C:\WINDOWS\System32\CRYPT32.dll
0x00007ffc1ac20000 - 0x00007ffc1ad40000 	C:\WINDOWS\SYSTEM32\opengl32.dll
0x00007ffc26520000 - 0x00007ffc2654c000 	C:\WINDOWS\SYSTEM32\GLU32.dll
0x00007ffbf4bd0000 - 0x00007ffbf7558000 	C:\WINDOWS\System32\DriverStore\FileRepository\nv_dispi.inf_amd64_e44a509137af5639\nvoglv64.dll
0x00007ffc4e6e0000 - 0x00007ffc4e832000 	C:\WINDOWS\System32\ole32.dll
0x00007ffc47ab0000 - 0x00007ffc47ac3000 	C:\WINDOWS\SYSTEM32\WTSAPI32.dll
0x00007ffc46690000 - 0x00007ffc466be000 	C:\WINDOWS\SYSTEM32\cryptnet.dll
0x00007ffc4a860000 - 0x00007ffc4a86b000 	C:\WINDOWS\SYSTEM32\cryptbase.dll
0x00007ffc04090000 - 0x00007ffc04349000 	C:\WINDOWS\system32\nvspcap64.dll
0x00007ffc4ac90000 - 0x00007ffc4ace6000 	C:\WINDOWS\SYSTEM32\WINSTA.dll
0x00007ffc3cbb0000 - 0x00007ffc3cc46000 	C:\WINDOWS\System32\TextInputFramework.dll
0x00007ffc1b890000 - 0x00007ffc1b8ec000 	C:\Users\VovanJapan\AppData\Local\Temp\lwjglVovanJapan\3.1.2-build-29\lwjgl_opengl.dll
0x00007ffc16a60000 - 0x00007ffc16bf5000 	G:\adopt\jre\bin\awt.dll
0x00007ffc49180000 - 0x00007ffc4920b000 	C:\WINDOWS\SYSTEM32\apphelp.dll
0x00007ffc306c0000 - 0x00007ffc30889000 	C:\WINDOWS\SYSTEM32\dbghelp.dll

VM Arguments:
jvm_args: -Dfoo=bar 
java_command: playn.sample.hello.java.HelloGameJava
java_class_path (initial): G:\GitHub\warpdeath\playn-samples-master\hello\java\target\classes;G:\GitHub\warpdeath\playn-samples-master\hello\core\target\classes;C:\Users\VovanJapan\.m2\repository\io\playn\playn-scene\2.0\playn-scene-2.0.jar;C:\Users\VovanJapan\.m2\repository\io\playn\playn-core\2.0\playn-core-2.0.jar;C:\Users\VovanJapan\.m2\repository\com\samskivert\pythagoras\1.4.3\pythagoras-1.4.3.jar;C:\Users\VovanJapan\.m2\repository\com\threerings\react\1.5.3\react-1.5.3.jar;G:\GitHub\warpdeath\playn-samples-master\hello\assets\target\classes;C:\Users\VovanJapan\.m2\repository\io\playn\playn-java-lwjgl\2.0\playn-java-lwjgl-2.0.jar;C:\Users\VovanJapan\.m2\repository\io\playn\playn-java-base\2.0\playn-java-base-2.0.jar;C:\Users\VovanJapan\.m2\repository\com\googlecode\soundlibs\mp3spi\1.9.5-1\mp3spi-1.9.5-1.jar;C:\Users\VovanJapan\.m2\repository\com\googlecode\soundlibs\jlayer\1.0.1-1\jlayer-1.0.1-1.jar;C:\Users\VovanJapan\.m2\repository\com\googlecode\soundlibs\tritonus-share\0.3.7-1\tritonus-share-0.3.7-1.jar;C:\Users\VovanJapan\.m2\repository\org\java-websocket\Java-WebSocket\1.3.0\Java-WebSocket-1.3.0.jar;C:\Users\VovanJapan\.m2\repository\org\lwjgl\lwjgl\3.1.2\lwjgl-3.1.2.jar;C:\Users\VovanJapan\.m2\repository\org\lwjgl\lwjgl\3.1.2\lwjgl-3.1.2-natives-linux.jar;C:\Users\VovanJapan\.m2\repository\org\lwjgl\lwjgl\3.1.2\lwjgl-3.1.2-natives-windows.jar;C:\Users\VovanJapan\.m2\repository\org\lwjgl\lwjgl\3.1.2\lwjgl-3.1.2-natives-macos.jar;C:\Users\VovanJapan\.m2\repository\org\lwjgl\lwjgl-opengl\3.1.2\lwjgl-opengl-3.1.2.jar;C:\Users\VovanJapan\.m2\repository\org\lwjgl\lwjgl-opengl\3.1.2\lwjgl-opengl-3.1.2-natives-linux.jar;C:\Users\VovanJapan\.m2\repository\org\lwjgl\lwjgl-opengl\3.1.2\lwjgl-opengl-3.1.2-natives-windows.jar;C:\Users\VovanJapan\.m2\repository\org\lwjgl\lwjgl-opengl\3.1.2\lwjgl-opengl-3.1.2-natives-macos.jar;C:\Users\VovanJapan\.m2\repository\org\lwjgl\lwjgl-glfw\3.1.2\lwjgl-glfw-3.1.2.jar;C:\Users\VovanJapan\.m2\repository\org\lwjgl\lwjgl-glfw\3
Launcher Type: SUN_STANDARD

Environment Variables:
PATH=G:\adopt\bin;C:\Program Files (x86)\Common Files\Oracle\Java\javapath;C:\Windows\system32;C:\Windows;C:\Windows\System32\Wbem;C:\Windows\System32\WindowsPowerShell\v1.0\;C:\Program Files\NVIDIA Corporation\NVIDIA NvDLISR;C:\Program Files (x86)\NVIDIA Corporation\PhysX\Common;C:\WINDOWS\system32;C:\WINDOWS;C:\WINDOWS\System32\Wbem;C:\WINDOWS\System32\WindowsPowerShell\v1.0\;C:\WINDOWS\System32\OpenSSH\;C:\Program Files\TortoiseSVN\bin;G:\gtksharp\bin;C:\Users\VovanJapan\AppData\Local\Microsoft\WindowsApps;C:\Users\VovanJapan\AppData\Local\atom\bin;E:\code\bin;C:\mingw-w64\mingw64\bin;G:\IntelliJ\IntelliJ IDEA Community Edition 2020.2.3\bin;;G:\javatest\apache-maven-3.6.3\bin;C:\Users\VovanJapan\AppData\Local\GitHubDesktop\bin
USERNAME=VovanJapan
OS=Windows_NT
PROCESSOR_IDENTIFIER=Intel64 Family 6 Model 60 Stepping 3, GenuineIntel



---------------  S Y S T E M  ---------------

OS: Windows 10.0 , 64 bit Build 17134 (10.0.17134.1425)

CPU:total 4 (initial active 4) (4 cores per cpu, 1 threads per core) family 6 model 60 stepping 3, cmov, cx8, fxsr, mmx, sse, sse2, sse3, ssse3, sse4.1, sse4.2, popcnt, avx, avx2, aes, clmul, erms, lzcnt, tsc, tscinvbit, bmi1, bmi2

Memory: 4k page, physical 20909416k(7808144k free), swap 33661408k(7489444k free)

vm_info: OpenJDK 64-Bit Server VM (25.282-b08) for windows-amd64 JRE (1.8.0_282-b08), built on Jan 20 2021 11:42:17 by "jenkins" with MS VC++ 12.0 (VS2013)

time: Mon Mar 29 00:35:08 2021
timezone: RTZ 2 (ceia)
elapsed time: 66.066495 seconds (0d 0h 1m 6s)

