#
# A fatal error has been detected by the Java Runtime Environment:
#
#  EXCEPTION_ACCESS_VIOLATION (0xc0000005) at pc=0x00007ffc1b11ecfd, pid=28988, tid=0x0000000000002094
#
# JRE version: OpenJDK Runtime Environment (8.0_282-b08) (build 1.8.0_282-b08)
# Java VM: OpenJDK 64-Bit Server VM (25.282-b08 mixed mode windows-amd64 compressed oops)
# Problematic frame:
# C  [lwjgl_opengl.dll+0xecfd]
#
# Failed to write core dump. Minidumps are not enabled by default on client versions of Windows
#
# If you would like to submit a bug report, please visit:
#   https://github.com/AdoptOpenJDK/openjdk-support/issues
# The crash happened outside the Java Virtual Machine in native code.
# See problematic frame for where to report the bug.
#

---------------  T H R E A D  ---------------

Current thread (0x000001d14fb97000):  JavaThread "Finalizer" daemon [_thread_in_native, id=8340, stack(0x000000942c200000,0x000000942c300000)]

siginfo: ExceptionCode=0xc0000005, reading address 0x00000000000009d8

Registers:
RAX=0x00000000766f9660, RBX=0x000001d14f1fa970, RCX=0x0000000000000001, RDX=0x000001d150b22670
RSP=0x000000942c2ff138, RBP=0x000000942c2ff1b8, RSI=0x000001d150b22670, RDI=0x0000000000000118
R8 =0x0000000000000001, R9 =0x000001d150b22670, R10=0x0000000000000000, R11=0x0000000076181670
R12=0x0000000000000000, R13=0x000001d14f1fa970, R14=0x000000942c2ff1e8, R15=0x000001d14fb97000
RIP=0x00007ffc1b11ecfd, EFLAGS=0x0000000000010202

Top of Stack: (sp=0x000000942c2ff138)
0x000000942c2ff138:   000001d133d09c8e 000000942c2ff188
0x000000942c2ff148:   000001d14efd4b78 0000000000000000
0x000000942c2ff158:   000001d14efcfb88 0000000000000000
0x000000942c2ff168:   000000942c2ff180 000000942c2ff1d0
0x000000942c2ff178:   000000942c2ff178 0000000000000000
0x000000942c2ff188:   000000942c2ff1e8 000001d14f2181b0
0x000000942c2ff198:   0000000000000000 000001d14f1fa970
0x000000942c2ff1a8:   0000000000000000 000000942c2ff1d8
0x000000942c2ff1b8:   000000942c2ff230 000001d133cf80bd
0x000000942c2ff1c8:   000000075b040e08 000001d133d02ab8
0x000000942c2ff1d8:   000001d150b22670 000000075aa81150
0x000000942c2ff1e8:   0000000000000001 000000942c2ff1f0
0x000000942c2ff1f8:   000001d14f1faa10 000000942c2ff240
0x000000942c2ff208:   000001d14f2181b0 0000000000000000
0x000000942c2ff218:   000001d14f1faa28 000000942c2ff1d8
0x000000942c2ff228:   000000942c2ff240 000000942c2ff288 

Instructions: (pc=0x00007ffc1b11ecfd)
0x00007ffc1b11ecdd:   49 ff a2 00 0f 00 00 cc cc cc cc cc cc cc cc cc
0x00007ffc1b11eced:   cc cc cc 48 8b 01 49 8b d1 41 8b c8 4c 8b 50 18
0x00007ffc1b11ecfd:   49 ff a2 d8 09 00 00 cc cc cc cc cc cc cc cc cc
0x00007ffc1b11ed0d:   cc cc cc 48 8b 01 49 8b d1 41 8b c8 4c 8b 50 18 


Register to memory mapping:

RAX=0x00000000766f9660 is an unknown value
RBX={method} {0x000001d14f1fa978} 'nglDeleteTextures' '(IJ)V' in 'org/lwjgl/opengl/GL11'
RCX=0x0000000000000001 is an unknown value
RDX=0x000001d150b22670 is an unknown value
RSP=0x000000942c2ff138 is pointing into the stack for thread: 0x000001d14fb97000
RBP=0x000000942c2ff1b8 is pointing into the stack for thread: 0x000001d14fb97000
RSI=0x000001d150b22670 is an unknown value
RDI=0x0000000000000118 is an unknown value
R8 =0x0000000000000001 is an unknown value
R9 =0x000001d150b22670 is an unknown value
R10=0x0000000000000000 is an unknown value
R11=0x0000000076181670 is an unknown value
R12=0x0000000000000000 is an unknown value
R13={method} {0x000001d14f1fa978} 'nglDeleteTextures' '(IJ)V' in 'org/lwjgl/opengl/GL11'
R14=0x000000942c2ff1e8 is pointing into the stack for thread: 0x000001d14fb97000
R15=0x000001d14fb97000 is a thread


Stack: [0x000000942c200000,0x000000942c300000],  sp=0x000000942c2ff138,  free space=1020k
Native frames: (J=compiled Java code, j=interpreted, Vv=VM code, C=native code)
C  [lwjgl_opengl.dll+0xecfd]

Java frames: (J=compiled Java code, j=interpreted, Vv=VM code)
j  org.lwjgl.opengl.GL11.nglDeleteTextures(IJ)V+0
j  org.lwjgl.opengl.GL11.glDeleteTextures(Ljava/nio/IntBuffer;)V+8
j  playn.java.LWJGLGL20.glDeleteTextures(ILjava/nio/IntBuffer;)V+1
J 1047 C1 playn.core.Texture.release()V (52 bytes) @ 0x000001d1341662e4 [0x000001d134165c80+0x664]
J 1017 C1 playn.scene.ImageLayer.setTile(Lplayn/core/Tile;)Lplayn/scene/ImageLayer; (47 bytes) @ 0x000001d1341520c4 [0x000001d134151f00+0x1c4]
j  playn.scene.ImageLayer.finalize()V+5
J 1137 C1 java.lang.System$2.invokeFinalize(Ljava/lang/Object;)V (5 bytes) @ 0x000001d1341b60c4 [0x000001d1341b5fc0+0x104]
j  java.lang.ref.Finalizer.runFinalizer(Lsun/misc/JavaLangAccess;)V+46
J 1133 C1 java.lang.ref.Finalizer.access$100(Ljava/lang/ref/Finalizer;Lsun/misc/JavaLangAccess;)V (6 bytes) @ 0x000001d1341b679c [0x000001d1341b6740+0x5c]
j  java.lang.ref.Finalizer$FinalizerThread.run()V+45
v  ~StubRoutines::call_stub

---------------  P R O C E S S  ---------------

Java Threads: ( => current thread )
  0x000001d157740000 JavaThread "Direct Clip" daemon [_thread_new, id=30484, stack(0x0000000000000000,0x0000000000000000)]
  0x000001d157f9c000 JavaThread "Direct Clip" daemon [_thread_blocked, id=13932, stack(0x000000942dc00000,0x000000942dd00000)]
  0x000001d157fd0000 JavaThread "Direct Clip" daemon [_thread_blocked, id=35452, stack(0x000000942db00000,0x000000942dc00000)]
  0x000001d157ded800 JavaThread "Direct Clip" daemon [_thread_blocked, id=31540, stack(0x000000942da00000,0x000000942db00000)]
  0x000001d157b67000 JavaThread "Java Sound Event Dispatcher" daemon [_thread_blocked, id=29608, stack(0x000000942d700000,0x000000942d800000)]
  0x000001d15760d800 JavaThread "pool-1-thread-4" [_thread_blocked, id=31620, stack(0x000000942d400000,0x000000942d500000)]
  0x000001d157679800 JavaThread "pool-1-thread-3" [_thread_in_Java, id=20412, stack(0x000000942d300000,0x000000942d400000)]
  0x000001d157679000 JavaThread "pool-1-thread-2" [_thread_in_Java, id=34704, stack(0x000000942d200000,0x000000942d300000)]
  0x000001d157678000 JavaThread "pool-1-thread-1" [_thread_blocked, id=33948, stack(0x000000942d100000,0x000000942d200000)]
  0x000001d157633000 JavaThread "Java2D Disposer" daemon [_thread_blocked, id=29956, stack(0x000000942d000000,0x000000942d100000)]
  0x000001d14fbd9800 JavaThread "Service Thread" daemon [_thread_blocked, id=24336, stack(0x000000942c800000,0x000000942c900000)]
  0x000001d14fbd4800 JavaThread "C1 CompilerThread2" daemon [_thread_blocked, id=15632, stack(0x000000942c700000,0x000000942c800000)]
  0x000001d14fbcd000 JavaThread "C2 CompilerThread1" daemon [_thread_in_native, id=35748, stack(0x000000942c600000,0x000000942c700000)]
  0x000001d14fbc8800 JavaThread "C2 CompilerThread0" daemon [_thread_blocked, id=20720, stack(0x000000942c500000,0x000000942c600000)]
  0x000001d14fbb6800 JavaThread "Attach Listener" daemon [_thread_blocked, id=34184, stack(0x000000942c400000,0x000000942c500000)]
  0x000001d14fbbf000 JavaThread "Signal Dispatcher" daemon [_thread_blocked, id=13960, stack(0x000000942c300000,0x000000942c400000)]
=>0x000001d14fb97000 JavaThread "Finalizer" daemon [_thread_in_native, id=8340, stack(0x000000942c200000,0x000000942c300000)]
  0x000001d14fb96800 JavaThread "Reference Handler" daemon [_thread_blocked, id=29860, stack(0x000000942c100000,0x000000942c200000)]
  0x000001d132448800 JavaThread "main" [_thread_in_native, id=28820, stack(0x000000942bb00000,0x000000942bc00000)]

Other Threads:
  0x000001d14fb71800 VMThread [stack: 0x000000942c000000,0x000000942c100000] [id=34752]
  0x000001d14fbdd000 WatcherThread [stack: 0x000000942c900000,0x000000942ca00000] [id=35072]

VM state:not at safepoint (normal execution)

VM Mutex/Monitor currently owned by a thread: None

heap address: 0x0000000680e00000, size: 5106 MB, Compressed Oops mode: Zero based, Oop shift amount: 3
Narrow klass base: 0x0000000000000000, Narrow klass shift: 3
Compressed class space size: 1073741824 Address: 0x00000007c0000000

Heap:
 PSYoungGen      total 95744K, used 30645K [0x0000000755a00000, 0x000000075c480000, 0x00000007c0000000)
  eden space 82432K, 21% used [0x0000000755a00000,0x0000000756af2800,0x000000075aa80000)
  from space 13312K, 99% used [0x000000075aa80000,0x000000075b77ae60,0x000000075b780000)
  to   space 13312K, 0% used [0x000000075b780000,0x000000075b780000,0x000000075c480000)
 ParOldGen       total 218624K, used 3373K [0x0000000680e00000, 0x000000068e380000, 0x0000000755a00000)
  object space 218624K, 1% used [0x0000000680e00000,0x000000068114b7f8,0x000000068e380000)
 Metaspace       used 13803K, capacity 14023K, committed 14336K, reserved 1062912K
  class space    used 1357K, capacity 1430K, committed 1536K, reserved 1048576K

Card table byte_map: [0x000001d1430b0000,0x000001d143ab0000] byte_map_base: 0x000001d13fca9000

Marking Bits: (ParMarkBitMap*) 0x000000007676b810
 Begin Bits: [0x000001d144160000, 0x000001d149128000)
 End Bits:   [0x000001d149128000, 0x000001d14e0f0000)

Polling page: 0x000001d132400000

CodeCache: size=245760Kb used=4922Kb max_used=4923Kb free=240837Kb
 bounds [0x000001d133cf0000, 0x000001d1341d0000, 0x000001d142cf0000]
 total_blobs=2153 nmethods=1142 adapters=922
 compilation: enabled

Compilation events (10 events):
Event: 1.887 Thread 0x000001d14fbd4800 nmethod 1132 0x000001d1341b62d0 code [0x000001d1341b6420, 0x000001d1341b6578]
Event: 1.887 Thread 0x000001d14fbd4800 1133       3       java.lang.ref.Finalizer::access$100 (6 bytes)
Event: 1.887 Thread 0x000001d14fbd4800 nmethod 1133 0x000001d1341b65d0 code [0x000001d1341b6740, 0x000001d1341b68b0]
Event: 1.887 Thread 0x000001d14fbd4800 1129       3       java.lang.ref.ReferenceQueue::reallyPoll (65 bytes)
Event: 1.888 Thread 0x000001d14fbd4800 nmethod 1129 0x000001d1341b6990 code [0x000001d1341b6b00, 0x000001d1341b6f98]
Event: 1.888 Thread 0x000001d14fbd4800 1140       1       java.lang.ref.Reference::clear (6 bytes)
Event: 1.888 Thread 0x000001d14fbd4800 nmethod 1140 0x000001d1341b7090 code [0x000001d1341b71e0, 0x000001d1341b7318]
Event: 1.888 Thread 0x000001d14fbd4800 1141       1       java.lang.ref.Finalizer::access$000 (4 bytes)
Event: 1.888 Thread 0x000001d14fbd4800 nmethod 1141 0x000001d1341b7390 code [0x000001d1341b74e0, 0x000001d1341b75d8]
Event: 1.888 Thread 0x000001d14fbd4800 1130       3       java.lang.ref.ReferenceQueue::remove (6 bytes)

GC Heap History (2 events):
Event: 1.878 GC heap before
{Heap before GC invocations=1 (full 0):
 PSYoungGen      total 95744K, used 81491K [0x0000000755a00000, 0x000000075c480000, 0x00000007c0000000)
  eden space 82432K, 98% used [0x0000000755a00000,0x000000075a994de0,0x000000075aa80000)
  from space 13312K, 0% used [0x000000075b780000,0x000000075b780000,0x000000075c480000)
  to   space 13312K, 0% used [0x000000075aa80000,0x000000075aa80000,0x000000075b780000)
 ParOldGen       total 218624K, used 0K [0x0000000680e00000, 0x000000068e380000, 0x0000000755a00000)
  object space 218624K, 0% used [0x0000000680e00000,0x0000000680e00000,0x000000068e380000)
 Metaspace       used 13795K, capacity 14023K, committed 14336K, reserved 1062912K
  class space    used 1357K, capacity 1430K, committed 1536K, reserved 1048576K
Event: 1.886 GC heap after
Heap after GC invocations=1 (full 0):
 PSYoungGen      total 95744K, used 13291K [0x0000000755a00000, 0x000000075c480000, 0x00000007c0000000)
  eden space 82432K, 0% used [0x0000000755a00000,0x0000000755a00000,0x000000075aa80000)
  from space 13312K, 99% used [0x000000075aa80000,0x000000075b77ae60,0x000000075b780000)
  to   space 13312K, 0% used [0x000000075b780000,0x000000075b780000,0x000000075c480000)
 ParOldGen       total 218624K, used 3373K [0x0000000680e00000, 0x000000068e380000, 0x0000000755a00000)
  object space 218624K, 1% used [0x0000000680e00000,0x000000068114b7f8,0x000000068e380000)
 Metaspace       used 13795K, capacity 14023K, committed 14336K, reserved 1062912K
  class space    used 1357K, capacity 1430K, committed 1536K, reserved 1048576K
}

Deoptimization events (6 events):
Event: 0.162 Thread 0x000001d132448800 Uncommon trap: reason=unstable_if action=reinterpret pc=0x000001d133e6b610 method=java.lang.String.indexOf([CII[CIII)I @ 123
Event: 0.162 Thread 0x000001d132448800 Uncommon trap: reason=unstable_if action=reinterpret pc=0x000001d133e384fc method=java.lang.String.indexOf([CII[CIII)I @ 123
Event: 0.304 Thread 0x000001d132448800 Uncommon trap: reason=unstable_if action=reinterpret pc=0x000001d133ec7630 method=java.lang.String.indexOf([CII[CIII)I @ 3
Event: 1.673 Thread 0x000001d157679800 Uncommon trap: reason=unstable_if action=reinterpret pc=0x000001d1340ce360 method=javazoom.jl.decoder.BitReserve.hgetbits(I)I @ 22
Event: 1.677 Thread 0x000001d157679800 Uncommon trap: reason=unstable_if action=reinterpret pc=0x000001d134095d48 method=javazoom.jl.decoder.BitReserve.hgetbits(I)I @ 22
Event: 1.764 Thread 0x000001d157679000 Uncommon trap: reason=unstable_if action=reinterpret pc=0x000001d13413cf7c method=javazoom.jl.decoder.huffcodetab.huffman_decoder(Ljavazoom/jl/decoder/huffcodetab;[I[I[I[ILjavazoom/jl/decoder/BitReserve;)I @ 31

Classes redefined (0 events):
No events

Internal exceptions (10 events):
Event: 0.165 Thread 0x000001d132448800 Exception <a 'java/security/PrivilegedActionException'> (0x0000000755e2f800) thrown at [J:\jenkins\tmp\workspace\build\src\hotspot\src\share\vm\prims\jvm.cpp, line 1523]
Event: 0.165 Thread 0x000001d132448800 Exception <a 'java/security/PrivilegedActionException'> (0x0000000755e2fa10) thrown at [J:\jenkins\tmp\workspace\build\src\hotspot\src\share\vm\prims\jvm.cpp, line 1523]
Event: 0.191 Thread 0x000001d132448800 Exception <a 'java/lang/NoSuchMethodError': java.lang.Object.lambda$static$0(Ljava/lang/String;)Ljava/lang/Boolean;> (0x0000000755ece930) thrown at [J:\jenkins\tmp\workspace\build\src\hotspot\src\share\vm\interpreter\linkResolver.cpp, line 620]
Event: 0.201 Thread 0x000001d132448800 Exception <a 'java/lang/NoSuchFieldError': method resolution failed> (0x0000000755f466d8) thrown at [J:\jenkins\tmp\workspace\build\src\hotspot\src\share\vm\prims\methodHandles.cpp, line 1169]
Event: 0.202 Thread 0x000001d132448800 Exception <a 'java/lang/NoSuchFieldError': method resolution failed> (0x0000000755f53b08) thrown at [J:\jenkins\tmp\workspace\build\src\hotspot\src\share\vm\prims\methodHandles.cpp, line 1169]
Event: 0.945 Thread 0x000001d132448800 Exception <a 'sun/nio/fs/WindowsException'> (0x000000075643b200) thrown at [J:\jenkins\tmp\workspace\build\src\hotspot\src\share\vm\prims\jni.cpp, line 711]
Event: 0.945 Thread 0x000001d132448800 Exception <a 'sun/nio/fs/WindowsException'> (0x000000075643ba38) thrown at [J:\jenkins\tmp\workspace\build\src\hotspot\src\share\vm\prims\jni.cpp, line 711]
Event: 1.309 Thread 0x000001d132448800 Exception <a 'java/io/FileNotFoundException'> (0x0000000756d730d8) thrown at [J:\jenkins\tmp\workspace\build\src\hotspot\src\share\vm\prims\jni.cpp, line 711]
Event: 1.322 Thread 0x000001d132448800 Exception <a 'java/lang/ClassNotFoundException': sun/dc/DuctusRenderingEngine> (0x0000000756dc6d30) thrown at [J:\jenkins\tmp\workspace\build\src\hotspot\src\share\vm\classfile\systemDictionary.cpp, line 217]
Event: 1.333 Thread 0x000001d132448800 Exception <a 'java/io/FileNotFoundException'> (0x0000000756dda4f8) thrown at [J:\jenkins\tmp\workspace\build\src\hotspot\src\share\vm\prims\jni.cpp, line 711]

Events (10 events):
Event: 1.849 Thread 0x000001d157679000 DEOPT UNPACKING pc=0x000001d133d375d8 sp=0x000000942d2fe5e0 mode 0
Event: 1.864 Thread 0x000001d157f9c000 Thread added: 0x000001d157f9c000
Event: 1.867 loading class com/sun/media/sound/RIFFReader
Event: 1.868 loading class com/sun/media/sound/RIFFReader done
Event: 1.868 loading class sun/nio/cs/US_ASCII$Decoder
Event: 1.868 loading class sun/nio/cs/US_ASCII$Decoder done
Event: 1.868 loading class com/sun/media/sound/WaveFileFormat
Event: 1.868 loading class com/sun/media/sound/WaveFileFormat done
Event: 1.878 Executing VM operation: ParallelGCFailedAllocation
Event: 1.886 Executing VM operation: ParallelGCFailedAllocation done


Dynamic libraries:
0x00007ff73fa90000 - 0x00007ff73faca000 	G:\adopt\jre\bin\java.exe
0x00007ffc4ebb0000 - 0x00007ffc4ed91000 	C:\WINDOWS\SYSTEM32\ntdll.dll
0x00007ffc4c7a0000 - 0x00007ffc4c851000 	C:\WINDOWS\System32\KERNEL32.DLL
0x00007ffc4b130000 - 0x00007ffc4b3a3000 	C:\WINDOWS\System32\KERNELBASE.dll
0x00007ffc4c100000 - 0x00007ffc4c1a1000 	C:\WINDOWS\System32\ADVAPI32.dll
0x00007ffc4ea30000 - 0x00007ffc4eace000 	C:\WINDOWS\System32\msvcrt.dll
0x00007ffc4e5b0000 - 0x00007ffc4e60b000 	C:\WINDOWS\System32\sechost.dll
0x00007ffc4c220000 - 0x00007ffc4c344000 	C:\WINDOWS\System32\RPCRT4.dll
0x00007ffc4e890000 - 0x00007ffc4ea21000 	C:\WINDOWS\System32\USER32.dll
0x00007ffc4b500000 - 0x00007ffc4b520000 	C:\WINDOWS\System32\win32u.dll
0x00007ffc4e860000 - 0x00007ffc4e888000 	C:\WINDOWS\System32\GDI32.dll
0x00007ffc4b710000 - 0x00007ffc4b8a3000 	C:\WINDOWS\System32\gdi32full.dll
0x00007ffc4b460000 - 0x00007ffc4b4ff000 	C:\WINDOWS\System32\msvcp_win.dll
0x00007ffc4af50000 - 0x00007ffc4b048000 	C:\WINDOWS\System32\ucrtbase.dll
0x00007ffc38a60000 - 0x00007ffc38cc9000 	C:\WINDOWS\WinSxS\amd64_microsoft.windows.common-controls_6595b64144ccf1df_6.0.17134.1902_none_d3fc12d37c93a894\COMCTL32.dll
0x00007ffc4dee0000 - 0x00007ffc4e201000 	C:\WINDOWS\System32\combase.dll
0x00007ffc4b0b0000 - 0x00007ffc4b129000 	C:\WINDOWS\System32\bcryptPrimitives.dll
0x00007ffc4e360000 - 0x00007ffc4e38d000 	C:\WINDOWS\System32\IMM32.DLL
0x00007ffc1b310000 - 0x00007ffc1b3ff000 	G:\adopt\jre\bin\msvcr120.dll
0x00007ffc1ece0000 - 0x00007ffc1ed86000 	G:\adopt\jre\bin\msvcp120.dll
0x0000000075f80000 - 0x00000000767ea000 	G:\adopt\jre\bin\server\jvm.dll
0x00007ffc4e850000 - 0x00007ffc4e858000 	C:\WINDOWS\System32\PSAPI.DLL
0x00007ffc46a10000 - 0x00007ffc46a1a000 	C:\WINDOWS\SYSTEM32\VERSION.dll
0x00007ffc49150000 - 0x00007ffc49173000 	C:\WINDOWS\SYSTEM32\WINMM.dll
0x00007ffc46280000 - 0x00007ffc46289000 	C:\WINDOWS\SYSTEM32\WSOCK32.dll
0x00007ffc4c1b0000 - 0x00007ffc4c21c000 	C:\WINDOWS\System32\WS2_32.dll
0x00007ffc49120000 - 0x00007ffc4914a000 	C:\WINDOWS\SYSTEM32\winmmbase.dll
0x00007ffc4bfd0000 - 0x00007ffc4c019000 	C:\WINDOWS\System32\cfgmgr32.dll
0x00007ffc3bfc0000 - 0x00007ffc3bfcf000 	G:\adopt\jre\bin\verify.dll
0x00007ffc1f500000 - 0x00007ffc1f529000 	G:\adopt\jre\bin\java.dll
0x00007ffc28ec0000 - 0x00007ffc28ed6000 	G:\adopt\jre\bin\zip.dll
0x00007ffc4c860000 - 0x00007ffc4dca5000 	C:\WINDOWS\System32\SHELL32.dll
0x00007ffc4ead0000 - 0x00007ffc4eb79000 	C:\WINDOWS\System32\shcore.dll
0x00007ffc4b8b0000 - 0x00007ffc4bfc5000 	C:\WINDOWS\System32\windows.storage.dll
0x00007ffc4de50000 - 0x00007ffc4dea1000 	C:\WINDOWS\System32\shlwapi.dll
0x00007ffc4aeb0000 - 0x00007ffc4aec1000 	C:\WINDOWS\System32\kernel.appcore.dll
0x00007ffc4ae90000 - 0x00007ffc4aeaf000 	C:\WINDOWS\System32\profapi.dll
0x00007ffc4af00000 - 0x00007ffc4af4c000 	C:\WINDOWS\System32\powrprof.dll
0x00007ffc4aed0000 - 0x00007ffc4aeda000 	C:\WINDOWS\System32\FLTLIB.DLL
0x00007ffc27030000 - 0x00007ffc2704a000 	G:\adopt\jre\bin\net.dll
0x00007ffc4a6b0000 - 0x00007ffc4a716000 	C:\WINDOWS\system32\mswsock.dll
0x00007ffc1f690000 - 0x00007ffc1f6a2000 	G:\adopt\jre\bin\nio.dll
0x00007ffc1c490000 - 0x00007ffc1c4e7000 	C:\Users\VovanJapan\AppData\Local\Temp\lwjglVovanJapan\3.1.2-build-29\lwjgl.dll
0x00007ffc1d360000 - 0x00007ffc1d39d000 	C:\Users\VOVANJ~1\AppData\Local\Temp\lwjglVovanJapan\3.1.2-build-29\glfw.dll
0x00007ffc492f0000 - 0x00007ffc49388000 	C:\WINDOWS\system32\uxtheme.dll
0x00007ffc1b2c0000 - 0x00007ffc1b303000 	C:\WINDOWS\SYSTEM32\dinput8.dll
0x00007ffc3a710000 - 0x00007ffc3a720000 	C:\WINDOWS\SYSTEM32\xinput1_4.dll
0x00007ffc4aab0000 - 0x00007ffc4aad7000 	C:\WINDOWS\SYSTEM32\DEVOBJ.dll
0x00007ffc3cb00000 - 0x00007ffc3cb79000 	C:\WINDOWS\SYSTEM32\inputhost.dll
0x00007ffc46860000 - 0x00007ffc469ad000 	C:\WINDOWS\SYSTEM32\wintypes.dll
0x00007ffc48fd0000 - 0x00007ffc490aa000 	C:\WINDOWS\SYSTEM32\CoreMessaging.dll
0x00007ffc46350000 - 0x00007ffc4666e000 	C:\WINDOWS\SYSTEM32\CoreUIComponents.dll
0x00007ffc49f80000 - 0x00007ffc49fb1000 	C:\WINDOWS\SYSTEM32\ntmarta.dll
0x00007ffc49540000 - 0x00007ffc49569000 	C:\WINDOWS\SYSTEM32\dwmapi.dll
0x00007ffc4e430000 - 0x00007ffc4e5a4000 	C:\WINDOWS\System32\MSCTF.dll
0x00007ffc4e610000 - 0x00007ffc4e6d2000 	C:\WINDOWS\System32\OLEAUT32.dll
0x00007ffc49ad0000 - 0x00007ffc49adc000 	C:\WINDOWS\SYSTEM32\HID.DLL
0x00007ffc4c350000 - 0x00007ffc4c79b000 	C:\WINDOWS\System32\SETUPAPI.DLL
0x00007ffc4b050000 - 0x00007ffc4b0a7000 	C:\WINDOWS\System32\WINTRUST.dll
0x00007ffc4aee0000 - 0x00007ffc4aef2000 	C:\WINDOWS\System32\MSASN1.dll
0x00007ffc4b520000 - 0x00007ffc4b702000 	C:\WINDOWS\System32\CRYPT32.dll
0x00007ffc1abf0000 - 0x00007ffc1ad10000 	C:\WINDOWS\SYSTEM32\opengl32.dll
0x00007ffc1d4a0000 - 0x00007ffc1d4cc000 	C:\WINDOWS\SYSTEM32\GLU32.dll
0x00007ffbf3eb0000 - 0x00007ffbf6838000 	C:\WINDOWS\System32\DriverStore\FileRepository\nv_dispi.inf_amd64_e44a509137af5639\nvoglv64.dll
0x00007ffc4e6e0000 - 0x00007ffc4e832000 	C:\WINDOWS\System32\ole32.dll
0x00007ffc47ab0000 - 0x00007ffc47ac3000 	C:\WINDOWS\SYSTEM32\WTSAPI32.dll
0x00007ffc46690000 - 0x00007ffc466be000 	C:\WINDOWS\SYSTEM32\cryptnet.dll
0x00007ffc4a860000 - 0x00007ffc4a86b000 	C:\WINDOWS\SYSTEM32\cryptbase.dll
0x00007ffc04090000 - 0x00007ffc04349000 	C:\WINDOWS\system32\nvspcap64.dll
0x00007ffc4ac90000 - 0x00007ffc4ace6000 	C:\WINDOWS\SYSTEM32\WINSTA.dll
0x00007ffc3cbb0000 - 0x00007ffc3cc46000 	C:\WINDOWS\System32\TextInputFramework.dll
0x00007ffc1b110000 - 0x00007ffc1b16c000 	C:\Users\VovanJapan\AppData\Local\Temp\lwjglVovanJapan\3.1.2-build-29\lwjgl_opengl.dll
0x00007ffc15300000 - 0x00007ffc15495000 	G:\adopt\jre\bin\awt.dll
0x00007ffc49180000 - 0x00007ffc4920b000 	C:\WINDOWS\SYSTEM32\apphelp.dll
0x00007ffc38e80000 - 0x00007ffc38e8c000 	G:\adopt\jre\bin\jsound.dll
0x00007ffc38dd0000 - 0x00007ffc38ddb000 	G:\adopt\jre\bin\jsoundds.dll
0x00007ffc18a90000 - 0x00007ffc18b1f000 	C:\WINDOWS\SYSTEM32\DSOUND.dll
0x00007ffc44110000 - 0x00007ffc44186000 	C:\WINDOWS\SYSTEM32\MMDevAPI.DLL
0x00007ffc47880000 - 0x00007ffc47a35000 	C:\WINDOWS\SYSTEM32\PROPSYS.dll
0x00007ffc3a6a0000 - 0x00007ffc3a6e4000 	C:\WINDOWS\SYSTEM32\wdmaud.drv
0x00007ffc37ca0000 - 0x00007ffc37ca9000 	C:\WINDOWS\SYSTEM32\ksuser.dll
0x00007ffc469b0000 - 0x00007ffc469ba000 	C:\WINDOWS\SYSTEM32\AVRT.dll
0x00007ffc29710000 - 0x00007ffc2983c000 	C:\WINDOWS\SYSTEM32\AUDIOSES.DLL
0x00007ffc3a690000 - 0x00007ffc3a69d000 	C:\WINDOWS\SYSTEM32\msacm32.drv
0x00007ffc278d0000 - 0x00007ffc278ec000 	C:\WINDOWS\SYSTEM32\MSACM32.dll
0x00007ffc3a680000 - 0x00007ffc3a68a000 	C:\WINDOWS\SYSTEM32\midimap.dll
0x00007ffc4e390000 - 0x00007ffc4e430000 	C:\WINDOWS\System32\clbcatq.dll
0x00007ffc306c0000 - 0x00007ffc30889000 	C:\WINDOWS\SYSTEM32\dbghelp.dll

VM Arguments:
jvm_args: -Dfoo=bar 
java_command: playn.sample.hello.java.HelloGameJava
java_class_path (initial): G:\GitHub\warpdeath\playn-samples-master\hello\java\target\classes;G:\GitHub\warpdeath\playn-samples-master\hello\core\target\classes;C:\Users\VovanJapan\.m2\repository\io\playn\playn-scene\2.0\playn-scene-2.0.jar;C:\Users\VovanJapan\.m2\repository\io\playn\playn-core\2.0\playn-core-2.0.jar;C:\Users\VovanJapan\.m2\repository\com\samskivert\pythagoras\1.4.3\pythagoras-1.4.3.jar;C:\Users\VovanJapan\.m2\repository\com\threerings\react\1.5.3\react-1.5.3.jar;G:\GitHub\warpdeath\playn-samples-master\hello\assets\target\classes;C:\Users\VovanJapan\.m2\repository\io\playn\playn-java-lwjgl\2.0\playn-java-lwjgl-2.0.jar;C:\Users\VovanJapan\.m2\repository\io\playn\playn-java-base\2.0\playn-java-base-2.0.jar;C:\Users\VovanJapan\.m2\repository\com\googlecode\soundlibs\mp3spi\1.9.5-1\mp3spi-1.9.5-1.jar;C:\Users\VovanJapan\.m2\repository\com\googlecode\soundlibs\jlayer\1.0.1-1\jlayer-1.0.1-1.jar;C:\Users\VovanJapan\.m2\repository\com\googlecode\soundlibs\tritonus-share\0.3.7-1\tritonus-share-0.3.7-1.jar;C:\Users\VovanJapan\.m2\repository\org\java-websocket\Java-WebSocket\1.3.0\Java-WebSocket-1.3.0.jar;C:\Users\VovanJapan\.m2\repository\org\lwjgl\lwjgl\3.1.2\lwjgl-3.1.2.jar;C:\Users\VovanJapan\.m2\repository\org\lwjgl\lwjgl\3.1.2\lwjgl-3.1.2-natives-linux.jar;C:\Users\VovanJapan\.m2\repository\org\lwjgl\lwjgl\3.1.2\lwjgl-3.1.2-natives-windows.jar;C:\Users\VovanJapan\.m2\repository\org\lwjgl\lwjgl\3.1.2\lwjgl-3.1.2-natives-macos.jar;C:\Users\VovanJapan\.m2\repository\org\lwjgl\lwjgl-opengl\3.1.2\lwjgl-opengl-3.1.2.jar;C:\Users\VovanJapan\.m2\repository\org\lwjgl\lwjgl-opengl\3.1.2\lwjgl-opengl-3.1.2-natives-linux.jar;C:\Users\VovanJapan\.m2\repository\org\lwjgl\lwjgl-opengl\3.1.2\lwjgl-opengl-3.1.2-natives-windows.jar;C:\Users\VovanJapan\.m2\repository\org\lwjgl\lwjgl-opengl\3.1.2\lwjgl-opengl-3.1.2-natives-macos.jar;C:\Users\VovanJapan\.m2\repository\org\lwjgl\lwjgl-glfw\3.1.2\lwjgl-glfw-3.1.2.jar;C:\Users\VovanJapan\.m2\repository\org\lwjgl\lwjgl-glfw\3
Launcher Type: SUN_STANDARD

Environment Variables:
PATH=G:\adopt\bin;C:\Program Files (x86)\Common Files\Oracle\Java\javapath;C:\Windows\system32;C:\Windows;C:\Windows\System32\Wbem;C:\Windows\System32\WindowsPowerShell\v1.0\;C:\Program Files\NVIDIA Corporation\NVIDIA NvDLISR;C:\Program Files (x86)\NVIDIA Corporation\PhysX\Common;C:\WINDOWS\system32;C:\WINDOWS;C:\WINDOWS\System32\Wbem;C:\WINDOWS\System32\WindowsPowerShell\v1.0\;C:\WINDOWS\System32\OpenSSH\;C:\Program Files\TortoiseSVN\bin;G:\gtksharp\bin;C:\Users\VovanJapan\AppData\Local\Microsoft\WindowsApps;C:\Users\VovanJapan\AppData\Local\atom\bin;E:\code\bin;C:\mingw-w64\mingw64\bin;G:\IntelliJ\IntelliJ IDEA Community Edition 2020.2.3\bin;;G:\javatest\apache-maven-3.6.3\bin;C:\Users\VovanJapan\AppData\Local\GitHubDesktop\bin
USERNAME=VovanJapan
OS=Windows_NT
PROCESSOR_IDENTIFIER=Intel64 Family 6 Model 60 Stepping 3, GenuineIntel



---------------  S Y S T E M  ---------------

OS: Windows 10.0 , 64 bit Build 17134 (10.0.17134.1425)

CPU:total 4 (initial active 4) (4 cores per cpu, 1 threads per core) family 6 model 60 stepping 3, cmov, cx8, fxsr, mmx, sse, sse2, sse3, ssse3, sse4.1, sse4.2, popcnt, avx, avx2, aes, clmul, erms, lzcnt, tsc, tscinvbit, bmi1, bmi2

Memory: 4k page, physical 20909416k(9161600k free), swap 33647492k(9190104k free)

vm_info: OpenJDK 64-Bit Server VM (25.282-b08) for windows-amd64 JRE (1.8.0_282-b08), built on Jan 20 2021 11:42:17 by "jenkins" with MS VC++ 12.0 (VS2013)

time: Tue Mar 30 14:58:43 2021
timezone: RTZ 2 (ceia)
elapsed time: 1.940162 seconds (0d 0h 0m 1s)

