#
# A fatal error has been detected by the Java Runtime Environment:
#
#  EXCEPTION_ACCESS_VIOLATION (0xc0000005) at pc=0x00007ff88c6fecfd, pid=11784, tid=0x0000000000002b4c
#
# JRE version: OpenJDK Runtime Environment (8.0_282-b08) (build 1.8.0_282-b08)
# Java VM: OpenJDK 64-Bit Server VM (25.282-b08 mixed mode windows-amd64 compressed oops)
# Problematic frame:
# C  [lwjgl_opengl.dll+0xecfd]
#
# Failed to write core dump. Minidumps are not enabled by default on client versions of Windows
#
# If you would like to submit a bug report, please visit:
#   https://github.com/AdoptOpenJDK/openjdk-support/issues
# The crash happened outside the Java Virtual Machine in native code.
# See problematic frame for where to report the bug.
#

---------------  T H R E A D  ---------------

Current thread (0x0000019558f0a000):  JavaThread "Finalizer" daemon [_thread_in_native, id=11084, stack(0x00000032f7400000,0x00000032f7500000)]

siginfo: ExceptionCode=0xc0000005, reading address 0x00000000000009d8

Registers:
RAX=0x00000000650d9660, RBX=0x0000019558caaa38, RCX=0x0000000000000001, RDX=0x000001955a7b1270
RSP=0x00000032f74ff068, RBP=0x00000032f74ff0d0, RSI=0x0000000000000001, RDI=0x0000000760a40828
R8 =0x0000000000000001, R9 =0x000001955a7b1270, R10=0x0000000000000000, R11=0x000001955a7b1270
R12=0x0000000000000000, R13=0x00000032f74ff1d0, R14=0x00000032f74ff0c0, R15=0x0000019558f0a000
RIP=0x00007ff88c6fecfd, EFLAGS=0x0000000000010246

Top of Stack: (sp=0x00000032f74ff068)
0x00000032f74ff068:   000001953dd55be1 0000000000000001
0x00000032f74ff078:   000001955a7b1270 0000000760a40828
0x00000032f74ff088:   0000000000000001 00000032f74ff0d0
0x00000032f74ff098:   00000032f74ff0c0 0000019558caaa38
0x00000032f74ff0a8:   0000000000000001 00000000ec148105
0x00000032f74ff0b8:   000001953dd55b18 0000000760925e30
0x00000032f74ff0c8:   0000000000000202 00000006887da9c0
0x00000032f74ff0d8:   000001953dfb1554 00000006887da9c0
0x00000032f74ff0e8:   0000019558f0a000 00000032f74ff1b0
0x00000032f74ff0f8:   00000032f74ff138 0000019559621890
0x00000032f74ff108:   0000000064b5bbf9 0000000760814048
0x00000032f74ff118:   0000000755c25058 00000032f74ff140
0x00000032f74ff128:   0000000000000000 0000000000000000
0x00000032f74ff138:   000001953dd5469c 0000019558f0a000
0x00000032f74ff148:   00000000649f6b7c 00000007610a6f80
0x00000032f74ff158:   00000032f74ff1b0 00000000ec116584 

Instructions: (pc=0x00007ff88c6fecfd)
0x00007ff88c6fecdd:   49 ff a2 00 0f 00 00 cc cc cc cc cc cc cc cc cc
0x00007ff88c6feced:   cc cc cc 48 8b 01 49 8b d1 41 8b c8 4c 8b 50 18
0x00007ff88c6fecfd:   49 ff a2 d8 09 00 00 cc cc cc cc cc cc cc cc cc
0x00007ff88c6fed0d:   cc cc cc 48 8b 01 49 8b d1 41 8b c8 4c 8b 50 18 


Register to memory mapping:

RAX=0x00000000650d9660 is an unknown value
RBX={method} {0x0000019558caaa40} 'nglDeleteTextures' '(IJ)V' in 'org/lwjgl/opengl/GL11'
RCX=0x0000000000000001 is an unknown value
RDX=0x000001955a7b1270 is an unknown value
RSP=0x00000032f74ff068 is pointing into the stack for thread: 0x0000019558f0a000
RBP=0x00000032f74ff0d0 is pointing into the stack for thread: 0x0000019558f0a000
RSI=0x0000000000000001 is an unknown value
RDI=0x0000000760a40828 is an oop
java.nio.DirectIntBufferU 
 - klass: 'java/nio/DirectIntBufferU'
R8 =0x0000000000000001 is an unknown value
R9 =0x000001955a7b1270 is an unknown value
R10=0x0000000000000000 is an unknown value
R11=0x000001955a7b1270 is an unknown value
R12=0x0000000000000000 is an unknown value
R13=0x00000032f74ff1d0 is pointing into the stack for thread: 0x0000019558f0a000
R14=0x00000032f74ff0c0 is pointing into the stack for thread: 0x0000019558f0a000
R15=0x0000019558f0a000 is a thread


Stack: [0x00000032f7400000,0x00000032f7500000],  sp=0x00000032f74ff068,  free space=1020k
Native frames: (J=compiled Java code, j=interpreted, Vv=VM code, C=native code)
C  [lwjgl_opengl.dll+0xecfd]

Java frames: (J=compiled Java code, j=interpreted, Vv=VM code)
J 1404  org.lwjgl.opengl.GL11.nglDeleteTextures(IJ)V (0 bytes) @ 0x000001953dd55b44 [0x000001953dd55b00+0x44]
J 2239 C2 playn.scene.ImageLayer.finalize()V (10 bytes) @ 0x000001953dfb1554 [0x000001953dfb1400+0x154]
J 1387 C2 java.lang.ref.Finalizer.access$100(Ljava/lang/ref/Finalizer;Lsun/misc/JavaLangAccess;)V (6 bytes) @ 0x000001953dd5469c [0x000001953dd544c0+0x1dc]
j  java.lang.ref.Finalizer$FinalizerThread.run()V+45
v  ~StubRoutines::call_stub

---------------  P R O C E S S  ---------------

Java Threads: ( => current thread )
  0x0000019560ef8800 JavaThread "Thread-12" daemon [_thread_blocked, id=4204, stack(0x00000032f9700000,0x00000032f9800000)]
  0x0000019560ef7800 JavaThread "Direct Clip" daemon [_thread_blocked, id=5416, stack(0x00000032f9600000,0x00000032f9700000)]
  0x0000019560ef7000 JavaThread "Direct Clip" daemon [_thread_blocked, id=6388, stack(0x00000032f9500000,0x00000032f9600000)]
  0x0000019560efa000 JavaThread "Direct Clip" daemon [_thread_blocked, id=12220, stack(0x00000032f9400000,0x00000032f9500000)]
  0x0000019560951000 JavaThread "Direct Clip" daemon [_thread_blocked, id=11836, stack(0x00000032f9300000,0x00000032f9400000)]
  0x000001956094f800 JavaThread "Direct Clip" daemon [_thread_blocked, id=7224, stack(0x00000032f9200000,0x00000032f9300000)]
  0x0000019560952800 JavaThread "Direct Clip" daemon [_thread_blocked, id=4232, stack(0x00000032f9100000,0x00000032f9200000)]
  0x000001956094e800 JavaThread "Direct Clip" daemon [_thread_blocked, id=4860, stack(0x00000032f9000000,0x00000032f9100000)]
  0x000001956094e000 JavaThread "Direct Clip" daemon [_thread_blocked, id=10280, stack(0x00000032f8f00000,0x00000032f9000000)]
  0x0000019560950000 JavaThread "Direct Clip" daemon [_thread_blocked, id=11872, stack(0x00000032f8e00000,0x00000032f8f00000)]
  0x000001956094d000 JavaThread "Direct Clip" daemon [_thread_blocked, id=9304, stack(0x00000032f8d00000,0x00000032f8e00000)]
  0x0000019560953800 JavaThread "Direct Clip" daemon [_thread_blocked, id=11380, stack(0x00000032f8c00000,0x00000032f8d00000)]
  0x0000019560954000 JavaThread "Java Sound Event Dispatcher" daemon [_thread_blocked, id=7624, stack(0x00000032f8900000,0x00000032f8a00000)]
  0x0000019560952000 JavaThread "pool-1-thread-4" [_thread_blocked, id=6492, stack(0x00000032f8600000,0x00000032f8700000)]
  0x00000195608c1000 JavaThread "pool-1-thread-3" [_thread_blocked, id=10312, stack(0x00000032f8500000,0x00000032f8600000)]
  0x00000195608bd800 JavaThread "pool-1-thread-2" [_thread_blocked, id=10268, stack(0x00000032f8400000,0x00000032f8500000)]
  0x00000195608bd000 JavaThread "pool-1-thread-1" [_thread_blocked, id=6900, stack(0x00000032f8300000,0x00000032f8400000)]
  0x0000019560a4d000 JavaThread "Java2D Disposer" daemon [_thread_blocked, id=10248, stack(0x00000032f8200000,0x00000032f8300000)]
  0x0000019559708000 JavaThread "Service Thread" daemon [_thread_blocked, id=8972, stack(0x00000032f7a00000,0x00000032f7b00000)]
  0x000001955967b000 JavaThread "C1 CompilerThread2" daemon [_thread_blocked, id=6384, stack(0x00000032f7900000,0x00000032f7a00000)]
  0x0000019559675800 JavaThread "C2 CompilerThread1" daemon [_thread_blocked, id=3008, stack(0x00000032f7800000,0x00000032f7900000)]
  0x0000019559679800 JavaThread "C2 CompilerThread0" daemon [_thread_blocked, id=10440, stack(0x00000032f7700000,0x00000032f7800000)]
  0x000001955966d000 JavaThread "Attach Listener" daemon [_thread_blocked, id=6108, stack(0x00000032f7600000,0x00000032f7700000)]
  0x000001955966b800 JavaThread "Signal Dispatcher" daemon [_thread_blocked, id=1840, stack(0x00000032f7500000,0x00000032f7600000)]
=>0x0000019558f0a000 JavaThread "Finalizer" daemon [_thread_in_native, id=11084, stack(0x00000032f7400000,0x00000032f7500000)]
  0x0000019559646000 JavaThread "Reference Handler" daemon [_thread_blocked, id=7296, stack(0x00000032f7300000,0x00000032f7400000)]
  0x000001953bf39000 JavaThread "main" [_thread_in_native, id=11600, stack(0x00000032f6d00000,0x00000032f6e00000)]

Other Threads:
  0x0000019559622800 VMThread [stack: 0x00000032f7200000,0x00000032f7300000] [id=12112]
  0x000001955970e000 WatcherThread [stack: 0x00000032f7b00000,0x00000032f7c00000] [id=9192]

VM state:not at safepoint (normal execution)

VM Mutex/Monitor currently owned by a thread: None

heap address: 0x0000000680e00000, size: 5106 MB, Compressed Oops mode: Zero based, Oop shift amount: 3
Narrow klass base: 0x0000000000000000, Narrow klass shift: 3
Compressed class space size: 1073741824 Address: 0x00000007c0000000

Heap:
 PSYoungGen      total 178176K, used 20409K [0x0000000755a00000, 0x0000000761500000, 0x00000007c0000000)
  eden space 164864K, 4% used [0x0000000755a00000,0x00000007560efda8,0x000000075fb00000)
  from space 13312K, 99% used [0x0000000760800000,0x00000007614fe830,0x0000000761500000)
  to   space 13312K, 0% used [0x000000075fb00000,0x000000075fb00000,0x0000000760800000)
 ParOldGen       total 218624K, used 129016K [0x0000000680e00000, 0x000000068e380000, 0x0000000755a00000)
  object space 218624K, 59% used [0x0000000680e00000,0x0000000688bfe118,0x000000068e380000)
 Metaspace       used 15400K, capacity 15631K, committed 16000K, reserved 1062912K
  class space    used 1466K, capacity 1558K, committed 1664K, reserved 1048576K

Card table byte_map: [0x000001954cb60000,0x000001954d560000] byte_map_base: 0x0000019549759000

Marking Bits: (ParMarkBitMap*) 0x000000006514b810
 Begin Bits: [0x000001954dc10000, 0x0000019552bd8000)
 End Bits:   [0x0000019552bd8000, 0x0000019557ba0000)

Polling page: 0x000001953bea0000

CodeCache: size=245760Kb used=8225Kb max_used=8236Kb free=237534Kb
 bounds [0x000001953d7a0000, 0x000001953dfc0000, 0x000001954c7a0000]
 total_blobs=3285 nmethods=2241 adapters=956
 compilation: enabled

Compilation events (10 events):
Event: 11.837 Thread 0x0000019559675800 2234  s    4       java.util.Vector::addElement (38 bytes)
Event: 11.839 Thread 0x0000019559675800 nmethod 2234 0x000001953dfad750 code [0x000001953dfad8a0, 0x000001953dfadc68]
Event: 12.027 Thread 0x000001955967b000 2235  s    3       java.util.Hashtable::remove (133 bytes)
Event: 12.028 Thread 0x000001955967b000 nmethod 2235 0x000001953dfaca10 code [0x000001953dfacbc0, 0x000001953dfad420]
Event: 12.028 Thread 0x000001955967b000 2236   !   3       sun.java2d.Disposer::clearDeferredRecords (70 bytes)
Event: 12.028 Thread 0x0000019559679800 2239       4       playn.scene.ImageLayer::finalize (10 bytes)
Event: 12.028 Thread 0x000001955967b000 nmethod 2236 0x000001953dfae190 code [0x000001953dfae3c0, 0x000001953dfaf180]
Event: 12.028 Thread 0x000001955967b000 2237       3       sun.java2d.DefaultDisposerRecord::dispose (12 bytes)
Event: 12.028 Thread 0x000001955967b000 nmethod 2237 0x000001953dfabe10 code [0x000001953dfabf80, 0x000001953dfac130]
Event: 12.031 Thread 0x0000019559679800 nmethod 2239 0x000001953dfb1290 code [0x000001953dfb1400, 0x000001953dfb16a8]

GC Heap History (8 events):
Event: 2.251 GC heap before
{Heap before GC invocations=1 (full 0):
 PSYoungGen      total 95744K, used 79863K [0x0000000755a00000, 0x000000075c480000, 0x00000007c0000000)
  eden space 82432K, 96% used [0x0000000755a00000,0x000000075a7fdd08,0x000000075aa80000)
  from space 13312K, 0% used [0x000000075b780000,0x000000075b780000,0x000000075c480000)
  to   space 13312K, 0% used [0x000000075aa80000,0x000000075aa80000,0x000000075b780000)
 ParOldGen       total 218624K, used 0K [0x0000000680e00000, 0x000000068e380000, 0x0000000755a00000)
  object space 218624K, 0% used [0x0000000680e00000,0x0000000680e00000,0x000000068e380000)
 Metaspace       used 13746K, capacity 13963K, committed 14336K, reserved 1062912K
  class space    used 1354K, capacity 1430K, committed 1536K, reserved 1048576K
Event: 2.260 GC heap after
Heap after GC invocations=1 (full 0):
 PSYoungGen      total 95744K, used 13285K [0x0000000755a00000, 0x000000075c480000, 0x00000007c0000000)
  eden space 82432K, 0% used [0x0000000755a00000,0x0000000755a00000,0x000000075aa80000)
  from space 13312K, 99% used [0x000000075aa80000,0x000000075b7796d8,0x000000075b780000)
  to   space 13312K, 0% used [0x000000075b780000,0x000000075b780000,0x000000075c480000)
 ParOldGen       total 218624K, used 7013K [0x0000000680e00000, 0x000000068e380000, 0x0000000755a00000)
  object space 218624K, 3% used [0x0000000680e00000,0x00000006814d9408,0x000000068e380000)
 Metaspace       used 13746K, capacity 13963K, committed 14336K, reserved 1062912K
  class space    used 1354K, capacity 1430K, committed 1536K, reserved 1048576K
}
Event: 2.848 GC heap before
{Heap before GC invocations=2 (full 0):
 PSYoungGen      total 95744K, used 95007K [0x0000000755a00000, 0x000000075c480000, 0x00000007c0000000)
  eden space 82432K, 99% used [0x0000000755a00000,0x000000075a9ce608,0x000000075aa80000)
  from space 13312K, 99% used [0x000000075aa80000,0x000000075b7796d8,0x000000075b780000)
  to   space 13312K, 0% used [0x000000075b780000,0x000000075b780000,0x000000075c480000)
 ParOldGen       total 218624K, used 7013K [0x0000000680e00000, 0x000000068e380000, 0x0000000755a00000)
  object space 218624K, 3% used [0x0000000680e00000,0x00000006814d9408,0x000000068e380000)
 Metaspace       used 13875K, capacity 14091K, committed 14592K, reserved 1062912K
  class space    used 1360K, capacity 1430K, committed 1536K, reserved 1048576K
Event: 2.862 GC heap after
Heap after GC invocations=2 (full 0):
 PSYoungGen      total 95744K, used 12958K [0x0000000755a00000, 0x0000000761500000, 0x00000007c0000000)
  eden space 82432K, 0% used [0x0000000755a00000,0x0000000755a00000,0x000000075aa80000)
  from space 13312K, 97% used [0x000000075b780000,0x000000075c427b20,0x000000075c480000)
  to   space 13312K, 0% used [0x000000075aa80000,0x000000075aa80000,0x000000075b780000)
 ParOldGen       total 218624K, used 27493K [0x0000000680e00000, 0x000000068e380000, 0x0000000755a00000)
  object space 218624K, 12% used [0x0000000680e00000,0x00000006828d9428,0x000000068e380000)
 Metaspace       used 13875K, capacity 14091K, committed 14592K, reserved 1062912K
  class space    used 1360K, capacity 1430K, committed 1536K, reserved 1048576K
}
Event: 3.367 GC heap before
{Heap before GC invocations=3 (full 0):
 PSYoungGen      total 95744K, used 95390K [0x0000000755a00000, 0x0000000761500000, 0x00000007c0000000)
  eden space 82432K, 100% used [0x0000000755a00000,0x000000075aa80000,0x000000075aa80000)
  from space 13312K, 97% used [0x000000075b780000,0x000000075c427b20,0x000000075c480000)
  to   space 13312K, 0% used [0x000000075aa80000,0x000000075aa80000,0x000000075b780000)
 ParOldGen       total 218624K, used 27493K [0x0000000680e00000, 0x000000068e380000, 0x0000000755a00000)
  object space 218624K, 12% used [0x0000000680e00000,0x00000006828d9428,0x000000068e380000)
 Metaspace       used 13909K, capacity 14091K, committed 14592K, reserved 1062912K
  class space    used 1360K, capacity 1430K, committed 1536K, reserved 1048576K
Event: 3.403 GC heap after
Heap after GC invocations=3 (full 0):
 PSYoungGen      total 95744K, used 13309K [0x0000000755a00000, 0x0000000761500000, 0x00000007c0000000)
  eden space 82432K, 0% used [0x0000000755a00000,0x0000000755a00000,0x000000075aa80000)
  from space 13312K, 99% used [0x000000075aa80000,0x000000075b77f438,0x000000075b780000)
  to   space 13312K, 0% used [0x0000000760800000,0x0000000760800000,0x0000000761500000)
 ParOldGen       total 218624K, used 99351K [0x0000000680e00000, 0x000000068e380000, 0x0000000755a00000)
  object space 218624K, 45% used [0x0000000680e00000,0x0000000686f05c48,0x000000068e380000)
 Metaspace       used 13909K, capacity 14091K, committed 14592K, reserved 1062912K
  class space    used 1360K, capacity 1430K, committed 1536K, reserved 1048576K
}
Event: 11.988 GC heap before
{Heap before GC invocations=4 (full 0):
 PSYoungGen      total 95744K, used 95741K [0x0000000755a00000, 0x0000000761500000, 0x00000007c0000000)
  eden space 82432K, 100% used [0x0000000755a00000,0x000000075aa80000,0x000000075aa80000)
  from space 13312K, 99% used [0x000000075aa80000,0x000000075b77f438,0x000000075b780000)
  to   space 13312K, 0% used [0x0000000760800000,0x0000000760800000,0x0000000761500000)
 ParOldGen       total 218624K, used 99351K [0x0000000680e00000, 0x000000068e380000, 0x0000000755a00000)
  object space 218624K, 45% used [0x0000000680e00000,0x0000000686f05c48,0x000000068e380000)
 Metaspace       used 15391K, capacity 15631K, committed 16000K, reserved 1062912K
  class space    used 1464K, capacity 1558K, committed 1664K, reserved 1048576K
Event: 12.027 GC heap after
Heap after GC invocations=4 (full 0):
 PSYoungGen      total 178176K, used 13306K [0x0000000755a00000, 0x0000000761500000, 0x00000007c0000000)
  eden space 164864K, 0% used [0x0000000755a00000,0x0000000755a00000,0x000000075fb00000)
  from space 13312K, 99% used [0x0000000760800000,0x00000007614fe830,0x0000000761500000)
  to   space 13312K, 0% used [0x000000075fb00000,0x000000075fb00000,0x0000000760800000)
 ParOldGen       total 218624K, used 129016K [0x0000000680e00000, 0x000000068e380000, 0x0000000755a00000)
  object space 218624K, 59% used [0x0000000680e00000,0x0000000688bfe118,0x000000068e380000)
 Metaspace       used 15391K, capacity 15631K, committed 16000K, reserved 1062912K
  class space    used 1464K, capacity 1558K, committed 1664K, reserved 1048576K
}

Deoptimization events (10 events):
Event: 2.176 Thread 0x00000195608bd000 Uncommon trap: reason=unstable_if action=reinterpret pc=0x000001953dc1fa3c method=javazoom.jl.decoder.huffcodetab.huffman_decoder(Ljavazoom/jl/decoder/huffcodetab;[I[I[I[ILjavazoom/jl/decoder/BitReserve;)I @ 31
Event: 2.307 Thread 0x00000195608bd000 Uncommon trap: reason=unstable_if action=reinterpret pc=0x000001953db85bac method=javazoom.jl.decoder.Obuffer.clip(F)S @ 17
Event: 2.357 Thread 0x00000195608bd000 Uncommon trap: reason=unstable_if action=reinterpret pc=0x000001953dc84bf4 method=javazoom.jl.decoder.Obuffer.clip(F)S @ 4
Event: 2.412 Thread 0x00000195608c1000 Uncommon trap: reason=unstable_if action=reinterpret pc=0x000001953dc88d00 method=javazoom.jl.decoder.Header.calculate_framesize()I @ 125
Event: 2.413 Thread 0x00000195608c1000 Uncommon trap: reason=unstable_if action=reinterpret pc=0x000001953dc711f0 method=javazoom.jl.decoder.LayerIIIDecoder.decode()V @ 210
Event: 2.413 Thread 0x00000195608c1000 Uncommon trap: reason=unstable_if action=reinterpret pc=0x000001953dc6ec94 method=javazoom.jl.decoder.LayerIIIDecoder.stereo(I)V @ 5
Event: 7.701 Thread 0x000001953bf39000 Uncommon trap: reason=unstable_if action=reinterpret pc=0x000001953d90b600 method=java.lang.CharacterData.of(I)Ljava/lang/CharacterData; @ 4
Event: 7.759 Thread 0x000001953bf39000 Uncommon trap: reason=class_check action=maybe_recompile pc=0x000001953db446a8 method=java.io.DataInputStream.readFully([BII)V @ 34
Event: 7.759 Thread 0x000001953bf39000 Uncommon trap: reason=class_check action=maybe_recompile pc=0x000001953db446a8 method=java.io.DataInputStream.readFully([BII)V @ 34
Event: 7.759 Thread 0x000001953bf39000 Uncommon trap: reason=class_check action=maybe_recompile pc=0x000001953db446a8 method=java.io.DataInputStream.readFully([BII)V @ 34

Classes redefined (0 events):
No events

Internal exceptions (10 events):
Event: 0.171 Thread 0x000001953bf39000 Exception <a 'java/lang/NoSuchFieldError': method resolution failed> (0x0000000755f54708) thrown at [J:\jenkins\tmp\workspace\build\src\hotspot\src\share\vm\prims\methodHandles.cpp, line 1169]
Event: 1.250 Thread 0x000001953bf39000 Exception <a 'sun/nio/fs/WindowsException'> (0x000000075643bff0) thrown at [J:\jenkins\tmp\workspace\build\src\hotspot\src\share\vm\prims\jni.cpp, line 711]
Event: 1.251 Thread 0x000001953bf39000 Exception <a 'sun/nio/fs/WindowsException'> (0x000000075643c828) thrown at [J:\jenkins\tmp\workspace\build\src\hotspot\src\share\vm\prims\jni.cpp, line 711]
Event: 1.676 Thread 0x000001953bf39000 Exception <a 'java/io/FileNotFoundException'> (0x0000000756d80010) thrown at [J:\jenkins\tmp\workspace\build\src\hotspot\src\share\vm\prims\jni.cpp, line 711]
Event: 1.689 Thread 0x000001953bf39000 Exception <a 'java/lang/ClassNotFoundException': sun/dc/DuctusRenderingEngine> (0x0000000756dd4000) thrown at [J:\jenkins\tmp\workspace\build\src\hotspot\src\share\vm\classfile\systemDictionary.cpp, line 217]
Event: 1.700 Thread 0x000001953bf39000 Exception <a 'java/io/FileNotFoundException'> (0x0000000756de77c8) thrown at [J:\jenkins\tmp\workspace\build\src\hotspot\src\share\vm\prims\jni.cpp, line 711]
Event: 7.722 Thread 0x000001953bf39000 Exception <a 'java/io/FileNotFoundException'> (0x0000000756cd5810) thrown at [J:\jenkins\tmp\workspace\build\src\hotspot\src\share\vm\prims\jni.cpp, line 711]
Event: 7.731 Thread 0x000001953bf39000 Exception <a 'java/io/FileNotFoundException'> (0x0000000756d384c8) thrown at [J:\jenkins\tmp\workspace\build\src\hotspot\src\share\vm\prims\jni.cpp, line 711]
Event: 7.741 Thread 0x000001953bf39000 Exception <a 'java/io/FileNotFoundException'> (0x0000000756dd9448) thrown at [J:\jenkins\tmp\workspace\build\src\hotspot\src\share\vm\prims\jni.cpp, line 711]
Event: 7.747 Thread 0x000001953bf39000 Exception <a 'java/io/FileNotFoundException'> (0x0000000756e3d228) thrown at [J:\jenkins\tmp\workspace\build\src\hotspot\src\share\vm\prims\jni.cpp, line 711]

Events (10 events):
Event: 12.042 Executing VM operation: RevokeBias done
Event: 12.042 Executing VM operation: RevokeBias
Event: 12.042 Executing VM operation: RevokeBias done
Event: 12.042 Executing VM operation: RevokeBias
Event: 12.042 Executing VM operation: RevokeBias done
Event: 12.042 Executing VM operation: RevokeBias
Event: 12.042 Executing VM operation: RevokeBias done
Event: 12.042 Executing VM operation: RevokeBias
Event: 12.042 Executing VM operation: RevokeBias done
Event: 12.042 Executing VM operation: RevokeBias


Dynamic libraries:
0x00007ff7d2700000 - 0x00007ff7d273a000 	G:\adopt\jre\bin\java.exe
0x00007ff8af950000 - 0x00007ff8afb46000 	C:\WINDOWS\SYSTEM32\ntdll.dll
0x00007ff8ae410000 - 0x00007ff8ae4cd000 	C:\WINDOWS\System32\KERNEL32.DLL
0x00007ff8ad140000 - 0x00007ff8ad409000 	C:\WINDOWS\System32\KERNELBASE.dll
0x00007ff8ae760000 - 0x00007ff8ae80c000 	C:\WINDOWS\System32\ADVAPI32.dll
0x00007ff8af220000 - 0x00007ff8af2be000 	C:\WINDOWS\System32\msvcrt.dll
0x00007ff8ad9b0000 - 0x00007ff8ada4c000 	C:\WINDOWS\System32\sechost.dll
0x00007ff8af590000 - 0x00007ff8af6bb000 	C:\WINDOWS\System32\RPCRT4.dll
0x00007ff8ae810000 - 0x00007ff8ae9b0000 	C:\WINDOWS\System32\USER32.dll
0x00007ff8ad6c0000 - 0x00007ff8ad6e2000 	C:\WINDOWS\System32\win32u.dll
0x00007ff8adb80000 - 0x00007ff8adbaa000 	C:\WINDOWS\System32\GDI32.dll
0x00007ff8ad8a0000 - 0x00007ff8ad9ab000 	C:\WINDOWS\System32\gdi32full.dll
0x00007ff8ad6f0000 - 0x00007ff8ad78d000 	C:\WINDOWS\System32\msvcp_win.dll
0x00007ff8ad5c0000 - 0x00007ff8ad6c0000 	C:\WINDOWS\System32\ucrtbase.dll
0x00007ff8ac440000 - 0x00007ff8ac6db000 	C:\WINDOWS\WinSxS\amd64_microsoft.windows.common-controls_6595b64144ccf1df_6.0.19041.746_none_ca02b4b61b8320a4\COMCTL32.dll
0x00007ff8ae9b0000 - 0x00007ff8ae9e0000 	C:\WINDOWS\System32\IMM32.DLL
0x00007ff8986f0000 - 0x00007ff8987df000 	G:\adopt\jre\bin\msvcr120.dll
0x00007ff898640000 - 0x00007ff8986e6000 	G:\adopt\jre\bin\msvcp120.dll
0x0000000064960000 - 0x00000000651ca000 	G:\adopt\jre\bin\server\jvm.dll
0x00007ff8adf90000 - 0x00007ff8adf98000 	C:\WINDOWS\System32\PSAPI.DLL
0x00007ff8a8590000 - 0x00007ff8a8599000 	C:\WINDOWS\SYSTEM32\WSOCK32.dll
0x00007ff89cbc0000 - 0x00007ff89cbe7000 	C:\WINDOWS\SYSTEM32\WINMM.dll
0x00007ff8af6c0000 - 0x00007ff8af72b000 	C:\WINDOWS\System32\WS2_32.dll
0x00007ff8a4b50000 - 0x00007ff8a4b5a000 	C:\WINDOWS\SYSTEM32\VERSION.dll
0x00007ff899a50000 - 0x00007ff899a5f000 	G:\adopt\jre\bin\verify.dll
0x00007ff898610000 - 0x00007ff898639000 	G:\adopt\jre\bin\java.dll
0x00007ff88ca90000 - 0x00007ff88caa6000 	G:\adopt\jre\bin\zip.dll
0x00007ff8aead0000 - 0x00007ff8af213000 	C:\WINDOWS\System32\SHELL32.dll
0x00007ff8aabc0000 - 0x00007ff8ab34f000 	C:\WINDOWS\SYSTEM32\windows.storage.dll
0x00007ff8adbc0000 - 0x00007ff8adf16000 	C:\WINDOWS\System32\combase.dll
0x00007ff8ac3a0000 - 0x00007ff8ac3cc000 	C:\WINDOWS\SYSTEM32\Wldp.dll
0x00007ff8af730000 - 0x00007ff8af7de000 	C:\WINDOWS\System32\SHCORE.dll
0x00007ff8ae9e0000 - 0x00007ff8aea35000 	C:\WINDOWS\System32\shlwapi.dll
0x00007ff8acfc0000 - 0x00007ff8acfe6000 	C:\WINDOWS\SYSTEM32\profapi.dll
0x00007ff88ca70000 - 0x00007ff88ca8a000 	G:\adopt\jre\bin\net.dll
0x00007ff8ac140000 - 0x00007ff8ac1aa000 	C:\WINDOWS\system32\mswsock.dll
0x00007ff88c8f0000 - 0x00007ff88c902000 	G:\adopt\jre\bin\nio.dll
0x00007ff88c840000 - 0x00007ff88c897000 	C:\Users\VovanJapan\AppData\Local\Temp\lwjglVovanJapan\3.1.2-build-29\lwjgl.dll
0x00007ff88c800000 - 0x00007ff88c83d000 	C:\Users\VOVANJ~1\AppData\Local\Temp\lwjglVovanJapan\3.1.2-build-29\glfw.dll
0x00007ff8aa500000 - 0x00007ff8aa59e000 	C:\WINDOWS\system32\uxtheme.dll
0x00007ff88c7b0000 - 0x00007ff88c7f5000 	C:\WINDOWS\SYSTEM32\dinput8.dll
0x00007ff854770000 - 0x00007ff854781000 	C:\WINDOWS\SYSTEM32\xinput1_4.dll
0x00007ff8ad570000 - 0x00007ff8ad5be000 	C:\WINDOWS\System32\cfgmgr32.dll
0x00007ff8acd60000 - 0x00007ff8acd8c000 	C:\WINDOWS\SYSTEM32\DEVOBJ.dll
0x00007ff8aa6f0000 - 0x00007ff8aa71f000 	C:\WINDOWS\SYSTEM32\dwmapi.dll
0x00007ff89b510000 - 0x00007ff89b662000 	C:\WINDOWS\SYSTEM32\inputhost.dll
0x00007ff8af2c0000 - 0x00007ff8af38d000 	C:\WINDOWS\System32\OLEAUT32.dll
0x00007ff8aa040000 - 0x00007ff8aa132000 	C:\WINDOWS\SYSTEM32\CoreMessaging.dll
0x00007ff8a86e0000 - 0x00007ff8a87d7000 	C:\WINDOWS\SYSTEM32\PROPSYS.dll
0x00007ff8a9800000 - 0x00007ff8a9954000 	C:\WINDOWS\SYSTEM32\wintypes.dll
0x00007ff8a9ce0000 - 0x00007ff8aa03e000 	C:\WINDOWS\SYSTEM32\CoreUIComponents.dll
0x00007ff8ad820000 - 0x00007ff8ad8a0000 	C:\WINDOWS\System32\bcryptPrimitives.dll
0x00007ff8acd00000 - 0x00007ff8acd33000 	C:\WINDOWS\SYSTEM32\ntmarta.dll
0x00007ff8aaa50000 - 0x00007ff8aaa62000 	C:\WINDOWS\SYSTEM32\kernel.appcore.dll
0x00007ff8af470000 - 0x00007ff8af586000 	C:\WINDOWS\System32\MSCTF.dll
0x00007ff8ab350000 - 0x00007ff8ab35d000 	C:\WINDOWS\SYSTEM32\HID.DLL
0x00007ff8adfa0000 - 0x00007ff8ae407000 	C:\WINDOWS\System32\SETUPAPI.DLL
0x00007ff8ad790000 - 0x00007ff8ad7b7000 	C:\WINDOWS\System32\bcrypt.dll
0x00007ff8ad7c0000 - 0x00007ff8ad820000 	C:\WINDOWS\System32\WINTRUST.dll
0x00007ff8ad410000 - 0x00007ff8ad566000 	C:\WINDOWS\System32\CRYPT32.dll
0x00007ff8ac7c0000 - 0x00007ff8ac7d2000 	C:\WINDOWS\SYSTEM32\MSASN1.dll
0x00007ff88c380000 - 0x00007ff88c4a5000 	C:\WINDOWS\SYSTEM32\opengl32.dll
0x00007ff88c8c0000 - 0x00007ff88c8ec000 	C:\WINDOWS\SYSTEM32\GLU32.dll
0x00007ff8af7e0000 - 0x00007ff8af889000 	C:\WINDOWS\System32\clbcatq.dll
0x00007ff851c30000 - 0x00007ff8545b8000 	C:\WINDOWS\System32\DriverStore\FileRepository\nv_dispi.inf_amd64_e44a509137af5639\nvoglv64.dll
0x00007ff8ada50000 - 0x00007ff8adb7a000 	C:\WINDOWS\System32\ole32.dll
0x00007ff8a6560000 - 0x00007ff8a6574000 	C:\WINDOWS\SYSTEM32\WTSAPI32.dll
0x00007ff8a36b0000 - 0x00007ff8a36e1000 	C:\WINDOWS\SYSTEM32\cryptnet.dll
0x00007ff8ac310000 - 0x00007ff8ac31c000 	C:\WINDOWS\SYSTEM32\cryptbase.dll
0x00007ff8a36f0000 - 0x00007ff8a372b000 	C:\WINDOWS\SYSTEM32\dxcore.dll
0x00007ff88f310000 - 0x00007ff88f5c9000 	C:\WINDOWS\system32\nvspcap64.dll
0x00007ff8acef0000 - 0x00007ff8acf3b000 	C:\WINDOWS\SYSTEM32\powrprof.dll
0x00007ff8aced0000 - 0x00007ff8acee2000 	C:\WINDOWS\SYSTEM32\UMPDC.dll
0x00007ff8acdc0000 - 0x00007ff8ace1a000 	C:\WINDOWS\SYSTEM32\WINSTA.dll
0x00007ff89b670000 - 0x00007ff89b76b000 	C:\WINDOWS\SYSTEM32\textinputframework.dll
0x00007ff88c6f0000 - 0x00007ff88c74c000 	C:\Users\VovanJapan\AppData\Local\Temp\lwjglVovanJapan\3.1.2-build-29\lwjgl_opengl.dll
0x00007ff885460000 - 0x00007ff8855f5000 	G:\adopt\jre\bin\awt.dll
0x00007ff8aa360000 - 0x00007ff8aa3f0000 	C:\WINDOWS\SYSTEM32\apphelp.dll
0x00007ff8941d0000 - 0x00007ff8941dc000 	G:\adopt\jre\bin\jsound.dll
0x00007ff88cca0000 - 0x00007ff88ccab000 	G:\adopt\jre\bin\jsoundds.dll
0x00007ff87a490000 - 0x00007ff87a52c000 	C:\WINDOWS\SYSTEM32\DSOUND.dll
0x00007ff899150000 - 0x00007ff899176000 	C:\WINDOWS\SYSTEM32\winmmbase.dll
0x00007ff8a54c0000 - 0x00007ff8a5545000 	C:\WINDOWS\SYSTEM32\MMDevAPI.DLL
0x00007ff85a0a0000 - 0x00007ff85a0e6000 	C:\WINDOWS\SYSTEM32\wdmaud.drv
0x00007ff899a60000 - 0x00007ff899a69000 	C:\WINDOWS\SYSTEM32\ksuser.dll
0x00007ff8a74d0000 - 0x00007ff8a74da000 	C:\WINDOWS\SYSTEM32\AVRT.dll
0x00007ff8a5550000 - 0x00007ff8a56d3000 	C:\WINDOWS\SYSTEM32\AUDIOSES.DLL
0x00007ff899af0000 - 0x00007ff899afd000 	C:\WINDOWS\SYSTEM32\msacm32.drv
0x00007ff899ad0000 - 0x00007ff899aee000 	C:\WINDOWS\SYSTEM32\MSACM32.dll
0x00007ff899ac0000 - 0x00007ff899acb000 	C:\WINDOWS\SYSTEM32\midimap.dll
0x00007ff8aa600000 - 0x00007ff8aa614000 	C:\WINDOWS\SYSTEM32\resourcepolicyclient.dll
0x00007ff89b770000 - 0x00007ff89b8b1000 	C:\Windows\System32\Windows.UI.dll
0x00007ff8a4ff0000 - 0x00007ff8a5091000 	C:\Windows\System32\WindowManagementAPI.dll
0x00007ff8a66e0000 - 0x00007ff8a68e1000 	C:\WINDOWS\SYSTEM32\twinapi.appcore.dll
0x00007ff886920000 - 0x00007ff8869b3000 	G:\adopt\jre\bin\freetype.dll
0x00007ff87bb70000 - 0x00007ff87bc2d000 	G:\adopt\jre\bin\fontmanager.dll
0x00007ff8ac9b0000 - 0x00007ff8acb94000 	C:\WINDOWS\SYSTEM32\dbghelp.dll

VM Arguments:
jvm_args: -Dfoo=bar 
java_command: playn.sample.hello.java.HelloGameJava
java_class_path (initial): G:\GitHub\warpdeath\playn-samples-master\hello\java\target\classes;G:\GitHub\warpdeath\playn-samples-master\hello\core\target\classes;C:\Users\VovanJapan\.m2\repository\io\playn\playn-scene\2.0\playn-scene-2.0.jar;C:\Users\VovanJapan\.m2\repository\io\playn\playn-core\2.0\playn-core-2.0.jar;C:\Users\VovanJapan\.m2\repository\com\samskivert\pythagoras\1.4.3\pythagoras-1.4.3.jar;C:\Users\VovanJapan\.m2\repository\com\threerings\react\1.5.3\react-1.5.3.jar;G:\GitHub\warpdeath\playn-samples-master\hello\assets\target\classes;C:\Users\VovanJapan\.m2\repository\io\playn\playn-java-lwjgl\2.0\playn-java-lwjgl-2.0.jar;C:\Users\VovanJapan\.m2\repository\io\playn\playn-java-base\2.0\playn-java-base-2.0.jar;C:\Users\VovanJapan\.m2\repository\com\googlecode\soundlibs\mp3spi\1.9.5-1\mp3spi-1.9.5-1.jar;C:\Users\VovanJapan\.m2\repository\com\googlecode\soundlibs\jlayer\1.0.1-1\jlayer-1.0.1-1.jar;C:\Users\VovanJapan\.m2\repository\com\googlecode\soundlibs\tritonus-share\0.3.7-1\tritonus-share-0.3.7-1.jar;C:\Users\VovanJapan\.m2\repository\org\java-websocket\Java-WebSocket\1.3.0\Java-WebSocket-1.3.0.jar;C:\Users\VovanJapan\.m2\repository\org\lwjgl\lwjgl\3.1.2\lwjgl-3.1.2.jar;C:\Users\VovanJapan\.m2\repository\org\lwjgl\lwjgl\3.1.2\lwjgl-3.1.2-natives-linux.jar;C:\Users\VovanJapan\.m2\repository\org\lwjgl\lwjgl\3.1.2\lwjgl-3.1.2-natives-windows.jar;C:\Users\VovanJapan\.m2\repository\org\lwjgl\lwjgl\3.1.2\lwjgl-3.1.2-natives-macos.jar;C:\Users\VovanJapan\.m2\repository\org\lwjgl\lwjgl-opengl\3.1.2\lwjgl-opengl-3.1.2.jar;C:\Users\VovanJapan\.m2\repository\org\lwjgl\lwjgl-opengl\3.1.2\lwjgl-opengl-3.1.2-natives-linux.jar;C:\Users\VovanJapan\.m2\repository\org\lwjgl\lwjgl-opengl\3.1.2\lwjgl-opengl-3.1.2-natives-windows.jar;C:\Users\VovanJapan\.m2\repository\org\lwjgl\lwjgl-opengl\3.1.2\lwjgl-opengl-3.1.2-natives-macos.jar;C:\Users\VovanJapan\.m2\repository\org\lwjgl\lwjgl-glfw\3.1.2\lwjgl-glfw-3.1.2.jar;C:\Users\VovanJapan\.m2\repository\org\lwjgl\lwjgl-glfw\3
Launcher Type: SUN_STANDARD

Environment Variables:
PATH=G:\adopt\bin;C:\Program Files (x86)\Common Files\Oracle\Java\javapath;C:\Windows\system32;C:\Windows;C:\Windows\System32\Wbem;C:\Windows\System32\WindowsPowerShell\v1.0\;C:\Program Files\NVIDIA Corporation\NVIDIA NvDLISR;C:\Program Files (x86)\NVIDIA Corporation\PhysX\Common;C:\WINDOWS\system32;C:\WINDOWS;C:\WINDOWS\System32\Wbem;C:\WINDOWS\System32\WindowsPowerShell\v1.0\;C:\WINDOWS\System32\OpenSSH\;C:\Program Files\TortoiseSVN\bin;G:\gtksharp\bin;C:\Users\VovanJapan\AppData\Local\Microsoft\WindowsApps;C:\Users\VovanJapan\AppData\Local\atom\bin;E:\code\bin;C:\mingw-w64\mingw64\bin;G:\IntelliJ\IntelliJ IDEA Community Edition 2020.2.3\bin;;G:\javatest\apache-maven-3.6.3\bin;C:\Users\VovanJapan\AppData\Local\GitHubDesktop\bin;C:\Users\VovanJapan\AppData\Local\Microsoft\WindowsApps;
USERNAME=VovanJapan
OS=Windows_NT
PROCESSOR_IDENTIFIER=Intel64 Family 6 Model 60 Stepping 3, GenuineIntel



---------------  S Y S T E M  ---------------

OS: Windows 10.0 , 64 bit Build 19041 (10.0.19041.662)

CPU:total 4 (initial active 4) (4 cores per cpu, 1 threads per core) family 6 model 60 stepping 3, cmov, cx8, fxsr, mmx, sse, sse2, sse3, ssse3, sse4.1, sse4.2, popcnt, avx, avx2, aes, clmul, erms, lzcnt, tsc, tscinvbit, bmi1, bmi2

Memory: 4k page, physical 20909416k(14927060k free), swap 29822312k(20218040k free)

vm_info: OpenJDK 64-Bit Server VM (25.282-b08) for windows-amd64 JRE (1.8.0_282-b08), built on Jan 20 2021 11:42:17 by "jenkins" with MS VC++ 12.0 (VS2013)

time: Sat Apr 03 15:44:28 2021
timezone: RTZ 2 (ceia)
elapsed time: 12.066685 seconds (0d 0h 0m 12s)

